nohup: ignoring input
/home/sjhbxs/anaconda3/lib/python3.6/site-packages/h5py/__init__.py:36: FutureWarning: Conversion of the second argument of issubdtype from `float` to `np.floating` is deprecated. In future, it will be treated as `np.float64 == np.dtype(float).type`.
  from ._conv import register_converters as _register_converters
###########################################################
SparseTensor(indices=Tensor("BLSTM/Placeholder_2:0", shape=(?, ?), dtype=int64), values=Tensor("BLSTM/Placeholder_1:0", shape=(?,), dtype=int32), dense_shape=Tensor("BLSTM/Placeholder:0", shape=(?,), dtype=int64))
Tensor("transpose:0", shape=(?, ?, 102), dtype=float32)
Tensor("BLSTM/Placeholder_3:0", shape=(?,), dtype=int32)
loading train data, please wait--------------------- end= 
get image:  544534
loading validation data, please wait--------------------- end= 
get image:  486
2018-04-27 06:03:37.223945: W tensorflow/core/platform/cpu_feature_guard.cc:45] The TensorFlow library wasn't compiled to use SSE4.1 instructions, but these are available on your machine and could speed up CPU computations.
2018-04-27 06:03:37.223988: W tensorflow/core/platform/cpu_feature_guard.cc:45] The TensorFlow library wasn't compiled to use SSE4.2 instructions, but these are available on your machine and could speed up CPU computations.
2018-04-27 06:03:37.223996: W tensorflow/core/platform/cpu_feature_guard.cc:45] The TensorFlow library wasn't compiled to use AVX instructions, but these are available on your machine and could speed up CPU computations.
2018-04-27 06:03:37.334088: I tensorflow/stream_executor/cuda/cuda_gpu_executor.cc:893] successful NUMA node read from SysFS had negative value (-1), but there must be at least one NUMA node, so returning NUMA node zero
2018-04-27 06:03:37.334453: I tensorflow/core/common_runtime/gpu/gpu_device.cc:940] Found device 0 with properties: 
name: Tesla K80
major: 3 minor: 7 memoryClockRate (GHz) 0.8235
pciBusID 0000:00:04.0
Total memory: 11.17GiB
Free memory: 11.09GiB
2018-04-27 06:03:37.334477: I tensorflow/core/common_runtime/gpu/gpu_device.cc:961] DMA: 0 
2018-04-27 06:03:37.334485: I tensorflow/core/common_runtime/gpu/gpu_device.cc:971] 0:   Y 
2018-04-27 06:03:37.334498: I tensorflow/core/common_runtime/gpu/gpu_device.cc:1030] Creating TensorFlow device (/gpu:0) -> (device: 0, name: Tesla K80, pci bus id: 0000:00:04.0)
restore is true
restore from the checkpoint../checkpoint/ocr-model-26900
=============================begin training=============================
2018-04-27 06:03:44.472808: I tensorflow/core/common_runtime/gpu/pool_allocator.cc:247] PoolAllocator: After 4563 get requests, put_count=3099 evicted_count=1000 eviction_rate=0.322685 and unsatisfied allocation rate=0.561911
2018-04-27 06:03:44.472885: I tensorflow/core/common_runtime/gpu/pool_allocator.cc:259] Raising pool_size_limit_ from 100 to 110
cur_epoch==== 0 cur_batch---- 0 g_step**** 26901 cost 36.306145
cur_epoch==== 0 cur_batch---- 1 g_step**** 26902 cost 36.21047
cur_epoch==== 0 cur_batch---- 2 g_step**** 26903 cost 34.99573
cur_epoch==== 0 cur_batch---- 3 g_step**** 26904 cost 34.564625
2018-04-27 06:03:54.838495: I tensorflow/core/common_runtime/gpu/pool_allocator.cc:247] PoolAllocator: After 645 get requests, put_count=1660 evicted_count=1000 eviction_rate=0.60241 and unsatisfied allocation rate=0.00155039
cur_epoch==== 0 cur_batch---- 4 g_step**** 26905 cost 35.945557
cur_epoch==== 0 cur_batch---- 5 g_step**** 26906 cost 36.044388
cur_epoch==== 0 cur_batch---- 6 g_step**** 26907 cost 35.228203
cur_epoch==== 0 cur_batch---- 7 g_step**** 26908 cost 36.072258
2018-04-27 06:04:00.525586: I tensorflow/core/common_runtime/gpu/pool_allocator.cc:247] PoolAllocator: After 643 get requests, put_count=1671 evicted_count=1000 eviction_rate=0.598444 and unsatisfied allocation rate=0
cur_epoch==== 0 cur_batch---- 8 g_step**** 26909 cost 35.26954
cur_epoch==== 0 cur_batch---- 9 g_step**** 26910 cost 35.878494
cur_epoch==== 0 cur_batch---- 10 g_step**** 26911 cost 36.01243
cur_epoch==== 0 cur_batch---- 11 g_step**** 26912 cost 36.1391
cur_epoch==== 0 cur_batch---- 12 g_step**** 26913 cost 35.469604
2018-04-27 06:04:07.548564: I tensorflow/core/common_runtime/gpu/pool_allocator.cc:247] PoolAllocator: After 5028 get requests, put_count=3982 evicted_count=1000 eviction_rate=0.25113 and unsatisfied allocation rate=0.415672
2018-04-27 06:04:07.548647: I tensorflow/core/common_runtime/gpu/pool_allocator.cc:259] Raising pool_size_limit_ from 493 to 542
cur_epoch==== 0 cur_batch---- 13 g_step**** 26914 cost 37.5352
cur_epoch==== 0 cur_batch---- 14 g_step**** 26915 cost 35.296803
cur_epoch==== 0 cur_batch---- 15 g_step**** 26916 cost 35.654
cur_epoch==== 0 cur_batch---- 16 g_step**** 26917 cost 35.686157
cur_epoch==== 0 cur_batch---- 17 g_step**** 26918 cost 35.684074
cur_epoch==== 0 cur_batch---- 18 g_step**** 26919 cost 36.49487
2018-04-27 06:04:15.995918: I tensorflow/core/common_runtime/gpu/pool_allocator.cc:247] PoolAllocator: After 4802 get requests, put_count=4281 evicted_count=1000 eviction_rate=0.23359 and unsatisfied allocation rate=0.33486
2018-04-27 06:04:15.996020: I tensorflow/core/common_runtime/gpu/pool_allocator.cc:259] Raising pool_size_limit_ from 958 to 1053
cur_epoch==== 0 cur_batch---- 19 g_step**** 26920 cost 34.367912
cur_epoch==== 0 cur_batch---- 20 g_step**** 26921 cost 36.742302
cur_epoch==== 0 cur_batch---- 21 g_step**** 26922 cost 36.272057
cur_epoch==== 0 cur_batch---- 22 g_step**** 26923 cost 34.606213
cur_epoch==== 0 cur_batch---- 23 g_step**** 26924 cost 35.690758
cur_epoch==== 0 cur_batch---- 24 g_step**** 26925 cost 35.223824
cur_epoch==== 0 cur_batch---- 25 g_step**** 26926 cost 36.91825
cur_epoch==== 0 cur_batch---- 26 g_step**** 26927 cost 34.77208
cur_epoch==== 0 cur_batch---- 27 g_step**** 26928 cost 35.91459
cur_epoch==== 0 cur_batch---- 28 g_step**** 26929 cost 35.445503
2018-04-27 06:04:30.222826: I tensorflow/core/common_runtime/gpu/pool_allocator.cc:247] PoolAllocator: After 10650 get requests, put_count=10802 evicted_count=1000 eviction_rate=0.0925754 and unsatisfied allocation rate=0.0970892
2018-04-27 06:04:30.222884: I tensorflow/core/common_runtime/gpu/pool_allocator.cc:259] Raising pool_size_limit_ from 2049 to 2253
cur_epoch==== 0 cur_batch---- 29 g_step**** 26930 cost 35.538235
cur_epoch==== 0 cur_batch---- 30 g_step**** 26931 cost 35.257904
cur_epoch==== 0 cur_batch---- 31 g_step**** 26932 cost 36.157997
cur_epoch==== 0 cur_batch---- 32 g_step**** 26933 cost 34.918766
cur_epoch==== 0 cur_batch---- 33 g_step**** 26934 cost 35.75605
cur_epoch==== 0 cur_batch---- 34 g_step**** 26935 cost 36.456707
cur_epoch==== 0 cur_batch---- 35 g_step**** 26936 cost 35.100903
cur_epoch==== 0 cur_batch---- 36 g_step**** 26937 cost 36.96827
cur_epoch==== 0 cur_batch---- 37 g_step**** 26938 cost 35.5561
cur_epoch==== 0 cur_batch---- 38 g_step**** 26939 cost 34.463196
cur_epoch==== 0 cur_batch---- 39 g_step**** 26940 cost 37.297394
cur_epoch==== 0 cur_batch---- 40 g_step**** 26941 cost 36.896465
cur_epoch==== 0 cur_batch---- 41 g_step**** 26942 cost 35.686043
cur_epoch==== 0 cur_batch---- 42 g_step**** 26943 cost 35.399242
cur_epoch==== 0 cur_batch---- 43 g_step**** 26944 cost 35.17264
cur_epoch==== 0 cur_batch---- 44 g_step**** 26945 cost 36.20493
cur_epoch==== 0 cur_batch---- 45 g_step**** 26946 cost 34.467896
cur_epoch==== 0 cur_batch---- 46 g_step**** 26947 cost 37.586185
cur_epoch==== 0 cur_batch---- 47 g_step**** 26948 cost 36.64659
cur_epoch==== 0 cur_batch---- 48 g_step**** 26949 cost 35.38534
cur_epoch==== 0 cur_batch---- 49 g_step**** 26950 cost 36.663876
cur_epoch==== 0 cur_batch---- 50 g_step**** 26951 cost 35.870476
cur_epoch==== 0 cur_batch---- 51 g_step**** 26952 cost 35.26435
cur_epoch==== 0 cur_batch---- 52 g_step**** 26953 cost 35.445244
cur_epoch==== 0 cur_batch---- 53 g_step**** 26954 cost 34.94753
cur_epoch==== 0 cur_batch---- 54 g_step**** 26955 cost 34.845497
cur_epoch==== 0 cur_batch---- 55 g_step**** 26956 cost 34.82022
cur_epoch==== 0 cur_batch---- 56 g_step**** 26957 cost 35.858154
cur_epoch==== 0 cur_batch---- 57 g_step**** 26958 cost 34.749012
cur_epoch==== 0 cur_batch---- 58 g_step**** 26959 cost 34.579586
cur_epoch==== 0 cur_batch---- 59 g_step**** 26960 cost 34.64603
cur_epoch==== 0 cur_batch---- 60 g_step**** 26961 cost 35.683712
cur_epoch==== 0 cur_batch---- 61 g_step**** 26962 cost 35.4844
cur_epoch==== 0 cur_batch---- 62 g_step**** 26963 cost 36.28265
cur_epoch==== 0 cur_batch---- 63 g_step**** 26964 cost 36.25688
cur_epoch==== 0 cur_batch---- 64 g_step**** 26965 cost 34.658405
cur_epoch==== 0 cur_batch---- 65 g_step**** 26966 cost 36.501385
cur_epoch==== 0 cur_batch---- 66 g_step**** 26967 cost 35.009396
cur_epoch==== 0 cur_batch---- 67 g_step**** 26968 cost 35.430298
cur_epoch==== 0 cur_batch---- 68 g_step**** 26969 cost 36.10006
cur_epoch==== 0 cur_batch---- 69 g_step**** 26970 cost 34.592464
cur_epoch==== 0 cur_batch---- 70 g_step**** 26971 cost 34.947693
cur_epoch==== 0 cur_batch---- 71 g_step**** 26972 cost 36.6598
cur_epoch==== 0 cur_batch---- 72 g_step**** 26973 cost 34.776592
cur_epoch==== 0 cur_batch---- 73 g_step**** 26974 cost 36.85805
cur_epoch==== 0 cur_batch---- 74 g_step**** 26975 cost 36.211758
cur_epoch==== 0 cur_batch---- 75 g_step**** 26976 cost 35.516766
cur_epoch==== 0 cur_batch---- 76 g_step**** 26977 cost 35.23785
cur_epoch==== 0 cur_batch---- 77 g_step**** 26978 cost 35.401184
cur_epoch==== 0 cur_batch---- 78 g_step**** 26979 cost 34.731457
cur_epoch==== 0 cur_batch---- 79 g_step**** 26980 cost 35.712902
cur_epoch==== 0 cur_batch---- 80 g_step**** 26981 cost 35.711582
cur_epoch==== 0 cur_batch---- 81 g_step**** 26982 cost 36.40993
cur_epoch==== 0 cur_batch---- 82 g_step**** 26983 cost 35.888023
cur_epoch==== 0 cur_batch---- 83 g_step**** 26984 cost 35.396545
cur_epoch==== 0 cur_batch---- 84 g_step**** 26985 cost 36.358414
cur_epoch==== 0 cur_batch---- 85 g_step**** 26986 cost 34.89766
cur_epoch==== 0 cur_batch---- 86 g_step**** 26987 cost 35.60379
cur_epoch==== 0 cur_batch---- 87 g_step**** 26988 cost 36.018723
cur_epoch==== 0 cur_batch---- 88 g_step**** 26989 cost 35.40596
cur_epoch==== 0 cur_batch---- 89 g_step**** 26990 cost 35.89855
cur_epoch==== 0 cur_batch---- 90 g_step**** 26991 cost 36.08471
cur_epoch==== 0 cur_batch---- 91 g_step**** 26992 cost 35.965878
cur_epoch==== 0 cur_batch---- 92 g_step**** 26993 cost 35.884872
cur_epoch==== 0 cur_batch---- 93 g_step**** 26994 cost 35.289165
cur_epoch==== 0 cur_batch---- 94 g_step**** 26995 cost 35.26788
cur_epoch==== 0 cur_batch---- 95 g_step**** 26996 cost 35.23902
cur_epoch==== 0 cur_batch---- 96 g_step**** 26997 cost 34.225243
cur_epoch==== 0 cur_batch---- 97 g_step**** 26998 cost 36.11083
cur_epoch==== 0 cur_batch---- 98 g_step**** 26999 cost 35.22117
batch 99 : time 1.4134016036987305
cur_epoch==== 0 cur_batch---- 99 g_step**** 27000 cost 35.400787
save checkpoint 27000
seq   0: origin: [78, 85, 67, 76, 69, 73, 90, 69] decoded:[83]
seq   1: origin: [35, 79, 77, 75, 69] decoded:[83]
seq   2: origin: [44, 69, 76, 67, 89] decoded:[83]
seq   3: origin: [39, 34, 47, 39, 34, 47, 42] decoded:[83]
seq   4: origin: [85, 78, 69, 88, 84, 69, 82, 82, 73, 84, 79, 82, 73, 65, 76, 73, 84, 89] decoded:[83]
seq   5: origin: [57, 58, 45, 48, 53, 51, 58, 34] decoded:[83]
seq   6: origin: [52, 45, 34, 54, 47, 36, 41, 56, 34, 58, 52] decoded:[83]
seq   7: origin: [54, 47, 36, 34, 45, 45, 48, 56] decoded:[83]
seq   8: origin: [67, 79, 78, 86, 69, 78, 69, 68] decoded:[83]
seq   9: origin: [52, 49, 45, 34, 47, 36, 41, 47, 48, 45, 48, 40, 42, 52, 53] decoded:[83]
seq  10: origin: [68, 73, 83, 67, 73, 80, 76, 69, 83] decoded:[83]
seq  11: origin: [56, 65, 76, 76, 66, 65, 67, 75] decoded:[83]
seq  12: origin: [20, 22, 24, 22, 18, 18, 18, 20, 20] decoded:[83]
seq  13: origin: [72, 69, 77, 80, 72, 69, 82, 68, 83] decoded:[83]
seq  14: origin: [79, 82, 84, 72, 79, 80, 84, 73, 67, 83] decoded:[83]
seq  15: origin: [80, 69, 78, 84, 65, 80, 76, 79, 73, 68, 89] decoded:[83]
seq  16: origin: [78, 79, 78, 70, 79, 82, 69, 73, 71, 78] decoded:[83]
seq  17: origin: [65, 77, 69, 84, 82, 79, 77, 69, 84, 69, 82] decoded:[83]
4/27 6:6:18  step===27000, Epoch 1/1000, accuracy = 0.000,avg_train_cost = 35.654, lastbatch_err = 0.970, time = 159.659,lr=0.00762343

cur_epoch==== 0 cur_batch---- 100 g_step**** 27001 cost 34.173706
cur_epoch==== 0 cur_batch---- 101 g_step**** 27002 cost 37.713234
cur_epoch==== 0 cur_batch---- 102 g_step**** 27003 cost 35.67811
cur_epoch==== 0 cur_batch---- 103 g_step**** 27004 cost 36.428654
cur_epoch==== 0 cur_batch---- 104 g_step**** 27005 cost 35.99488
cur_epoch==== 0 cur_batch---- 105 g_step**** 27006 cost 35.35367
cur_epoch==== 0 cur_batch---- 106 g_step**** 27007 cost 36.2409
cur_epoch==== 0 cur_batch---- 107 g_step**** 27008 cost 36.6867
cur_epoch==== 0 cur_batch---- 108 g_step**** 27009 cost 35.29635
cur_epoch==== 0 cur_batch---- 109 g_step**** 27010 cost 36.36812
cur_epoch==== 0 cur_batch---- 110 g_step**** 27011 cost 35.496628
cur_epoch==== 0 cur_batch---- 111 g_step**** 27012 cost 35.910538
cur_epoch==== 0 cur_batch---- 112 g_step**** 27013 cost 35.90786
cur_epoch==== 0 cur_batch---- 113 g_step**** 27014 cost 36.758358
cur_epoch==== 0 cur_batch---- 114 g_step**** 27015 cost 35.954666
cur_epoch==== 0 cur_batch---- 115 g_step**** 27016 cost 36.216328
cur_epoch==== 0 cur_batch---- 116 g_step**** 27017 cost 35.419613
cur_epoch==== 0 cur_batch---- 117 g_step**** 27018 cost 36.311985
cur_epoch==== 0 cur_batch---- 118 g_step**** 27019 cost 35.7203
cur_epoch==== 0 cur_batch---- 119 g_step**** 27020 cost 35.497807
cur_epoch==== 0 cur_batch---- 120 g_step**** 27021 cost 35.283752
cur_epoch==== 0 cur_batch---- 121 g_step**** 27022 cost 35.55081
cur_epoch==== 0 cur_batch---- 122 g_step**** 27023 cost 35.276978
cur_epoch==== 0 cur_batch---- 123 g_step**** 27024 cost 35.55349
cur_epoch==== 0 cur_batch---- 124 g_step**** 27025 cost 36.27786
cur_epoch==== 0 cur_batch---- 125 g_step**** 27026 cost 34.948105
cur_epoch==== 0 cur_batch---- 126 g_step**** 27027 cost 34.545673
cur_epoch==== 0 cur_batch---- 127 g_step**** 27028 cost 35.73285
cur_epoch==== 0 cur_batch---- 128 g_step**** 27029 cost 35.4831
cur_epoch==== 0 cur_batch---- 129 g_step**** 27030 cost 35.668377
cur_epoch==== 0 cur_batch---- 130 g_step**** 27031 cost 36.01645
cur_epoch==== 0 cur_batch---- 131 g_step**** 27032 cost 34.474186
cur_epoch==== 0 cur_batch---- 132 g_step**** 27033 cost 34.560184
cur_epoch==== 0 cur_batch---- 133 g_step**** 27034 cost 35.56845
cur_epoch==== 0 cur_batch---- 134 g_step**** 27035 cost 35.59664
cur_epoch==== 0 cur_batch---- 135 g_step**** 27036 cost 35.099144
cur_epoch==== 0 cur_batch---- 136 g_step**** 27037 cost 34.745193
cur_epoch==== 0 cur_batch---- 137 g_step**** 27038 cost 34.903023
cur_epoch==== 0 cur_batch---- 138 g_step**** 27039 cost 35.28775
cur_epoch==== 0 cur_batch---- 139 g_step**** 27040 cost 36.29016
cur_epoch==== 0 cur_batch---- 140 g_step**** 27041 cost 36.02816
cur_epoch==== 0 cur_batch---- 141 g_step**** 27042 cost 36.95785
cur_epoch==== 0 cur_batch---- 142 g_step**** 27043 cost 34.065697
cur_epoch==== 0 cur_batch---- 143 g_step**** 27044 cost 36.013412
cur_epoch==== 0 cur_batch---- 144 g_step**** 27045 cost 36.765106
cur_epoch==== 0 cur_batch---- 145 g_step**** 27046 cost 35.98796
cur_epoch==== 0 cur_batch---- 146 g_step**** 27047 cost 34.05754
cur_epoch==== 0 cur_batch---- 147 g_step**** 27048 cost 35.990967
cur_epoch==== 0 cur_batch---- 148 g_step**** 27049 cost 35.251183
cur_epoch==== 0 cur_batch---- 149 g_step**** 27050 cost 34.797462
cur_epoch==== 0 cur_batch---- 150 g_step**** 27051 cost 35.41526
cur_epoch==== 0 cur_batch---- 151 g_step**** 27052 cost 35.47998
cur_epoch==== 0 cur_batch---- 152 g_step**** 27053 cost 34.53357
cur_epoch==== 0 cur_batch---- 153 g_step**** 27054 cost 35.45739
cur_epoch==== 0 cur_batch---- 154 g_step**** 27055 cost 35.457016
cur_epoch==== 0 cur_batch---- 155 g_step**** 27056 cost 35.547092
cur_epoch==== 0 cur_batch---- 156 g_step**** 27057 cost 35.855984
cur_epoch==== 0 cur_batch---- 157 g_step**** 27058 cost 35.054104
cur_epoch==== 0 cur_batch---- 158 g_step**** 27059 cost 35.739956
cur_epoch==== 0 cur_batch---- 159 g_step**** 27060 cost 34.78833
cur_epoch==== 0 cur_batch---- 160 g_step**** 27061 cost 36.456207
cur_epoch==== 0 cur_batch---- 161 g_step**** 27062 cost 35.185684
cur_epoch==== 0 cur_batch---- 162 g_step**** 27063 cost 35.76938
cur_epoch==== 0 cur_batch---- 163 g_step**** 27064 cost 36.552727
cur_epoch==== 0 cur_batch---- 164 g_step**** 27065 cost 35.474255
cur_epoch==== 0 cur_batch---- 165 g_step**** 27066 cost 35.96797
cur_epoch==== 0 cur_batch---- 166 g_step**** 27067 cost 34.830475
cur_epoch==== 0 cur_batch---- 167 g_step**** 27068 cost 36.067863
cur_epoch==== 0 cur_batch---- 168 g_step**** 27069 cost 35.673172
cur_epoch==== 0 cur_batch---- 169 g_step**** 27070 cost 35.43812
cur_epoch==== 0 cur_batch---- 170 g_step**** 27071 cost 35.0248
cur_epoch==== 0 cur_batch---- 171 g_step**** 27072 cost 34.444843
cur_epoch==== 0 cur_batch---- 172 g_step**** 27073 cost 34.654594
cur_epoch==== 0 cur_batch---- 173 g_step**** 27074 cost 35.054993
cur_epoch==== 0 cur_batch---- 174 g_step**** 27075 cost 35.702446
cur_epoch==== 0 cur_batch---- 175 g_step**** 27076 cost 35.756485
cur_epoch==== 0 cur_batch---- 176 g_step**** 27077 cost 36.545967
cur_epoch==== 0 cur_batch---- 177 g_step**** 27078 cost 35.23303
cur_epoch==== 0 cur_batch---- 178 g_step**** 27079 cost 35.608074
cur_epoch==== 0 cur_batch---- 179 g_step**** 27080 cost 35.505005
cur_epoch==== 0 cur_batch---- 180 g_step**** 27081 cost 34.68182
cur_epoch==== 0 cur_batch---- 181 g_step**** 27082 cost 36.440266
cur_epoch==== 0 cur_batch---- 182 g_step**** 27083 cost 36.182697
cur_epoch==== 0 cur_batch---- 183 g_step**** 27084 cost 35.485764
cur_epoch==== 0 cur_batch---- 184 g_step**** 27085 cost 35.74233
cur_epoch==== 0 cur_batch---- 185 g_step**** 27086 cost 35.206024
cur_epoch==== 0 cur_batch---- 186 g_step**** 27087 cost 34.92635
cur_epoch==== 0 cur_batch---- 187 g_step**** 27088 cost 35.69539
cur_epoch==== 0 cur_batch---- 188 g_step**** 27089 cost 34.803886
cur_epoch==== 0 cur_batch---- 189 g_step**** 27090 cost 36.209404
cur_epoch==== 0 cur_batch---- 190 g_step**** 27091 cost 36.07632
cur_epoch==== 0 cur_batch---- 191 g_step**** 27092 cost 35.38804
cur_epoch==== 0 cur_batch---- 192 g_step**** 27093 cost 35.109913
cur_epoch==== 0 cur_batch---- 193 g_step**** 27094 cost 35.088585
cur_epoch==== 0 cur_batch---- 194 g_step**** 27095 cost 35.553444
cur_epoch==== 0 cur_batch---- 195 g_step**** 27096 cost 35.30933
cur_epoch==== 0 cur_batch---- 196 g_step**** 27097 cost 35.36555
cur_epoch==== 0 cur_batch---- 197 g_step**** 27098 cost 36.386204
cur_epoch==== 0 cur_batch---- 198 g_step**** 27099 cost 36.346497
batch 199 : time 1.4212064743041992
cur_epoch==== 0 cur_batch---- 199 g_step**** 27100 cost 35.19098
save checkpoint 27100
cur_epoch==== 0 cur_batch---- 200 g_step**** 27101 cost 35.711136
cur_epoch==== 0 cur_batch---- 201 g_step**** 27102 cost 35.873917
cur_epoch==== 0 cur_batch---- 202 g_step**** 27103 cost 37.095253
cur_epoch==== 0 cur_batch---- 203 g_step**** 27104 cost 35.44139
cur_epoch==== 0 cur_batch---- 204 g_step**** 27105 cost 36.732914
cur_epoch==== 0 cur_batch---- 205 g_step**** 27106 cost 36.244812
cur_epoch==== 0 cur_batch---- 206 g_step**** 27107 cost 36.068886
cur_epoch==== 0 cur_batch---- 207 g_step**** 27108 cost 34.877853
cur_epoch==== 0 cur_batch---- 208 g_step**** 27109 cost 35.394306
cur_epoch==== 0 cur_batch---- 209 g_step**** 27110 cost 35.766075
cur_epoch==== 0 cur_batch---- 210 g_step**** 27111 cost 35.024643
cur_epoch==== 0 cur_batch---- 211 g_step**** 27112 cost 35.593765
cur_epoch==== 0 cur_batch---- 212 g_step**** 27113 cost 34.21346
cur_epoch==== 0 cur_batch---- 213 g_step**** 27114 cost 34.693165
cur_epoch==== 0 cur_batch---- 214 g_step**** 27115 cost 35.027775
cur_epoch==== 0 cur_batch---- 215 g_step**** 27116 cost 34.575275
cur_epoch==== 0 cur_batch---- 216 g_step**** 27117 cost 35.943806
cur_epoch==== 0 cur_batch---- 217 g_step**** 27118 cost 34.6459
cur_epoch==== 0 cur_batch---- 218 g_step**** 27119 cost 35.85165
cur_epoch==== 0 cur_batch---- 219 g_step**** 27120 cost 35.23703
cur_epoch==== 0 cur_batch---- 220 g_step**** 27121 cost 36.12821
cur_epoch==== 0 cur_batch---- 221 g_step**** 27122 cost 35.073456
cur_epoch==== 0 cur_batch---- 222 g_step**** 27123 cost 35.127205
cur_epoch==== 0 cur_batch---- 223 g_step**** 27124 cost 36.531166
cur_epoch==== 0 cur_batch---- 224 g_step**** 27125 cost 35.923756
cur_epoch==== 0 cur_batch---- 225 g_step**** 27126 cost 35.626446
cur_epoch==== 0 cur_batch---- 226 g_step**** 27127 cost 36.317936
cur_epoch==== 0 cur_batch---- 227 g_step**** 27128 cost 36.925518
cur_epoch==== 0 cur_batch---- 228 g_step**** 27129 cost 35.019142
cur_epoch==== 0 cur_batch---- 229 g_step**** 27130 cost 36.157547
cur_epoch==== 0 cur_batch---- 230 g_step**** 27131 cost 35.793808
cur_epoch==== 0 cur_batch---- 231 g_step**** 27132 cost 36.598663
cur_epoch==== 0 cur_batch---- 232 g_step**** 27133 cost 35.842987
cur_epoch==== 0 cur_batch---- 233 g_step**** 27134 cost 35.606644
cur_epoch==== 0 cur_batch---- 234 g_step**** 27135 cost 35.54289
cur_epoch==== 0 cur_batch---- 235 g_step**** 27136 cost 35.205093
cur_epoch==== 0 cur_batch---- 236 g_step**** 27137 cost 35.51816
cur_epoch==== 0 cur_batch---- 237 g_step**** 27138 cost 35.2568
cur_epoch==== 0 cur_batch---- 238 g_step**** 27139 cost 35.542698
cur_epoch==== 0 cur_batch---- 239 g_step**** 27140 cost 35.256485
cur_epoch==== 0 cur_batch---- 240 g_step**** 27141 cost 34.805832
cur_epoch==== 0 cur_batch---- 241 g_step**** 27142 cost 34.90441
cur_epoch==== 0 cur_batch---- 242 g_step**** 27143 cost 35.27784
cur_epoch==== 0 cur_batch---- 243 g_step**** 27144 cost 34.329754
cur_epoch==== 0 cur_batch---- 244 g_step**** 27145 cost 35.256214
cur_epoch==== 0 cur_batch---- 245 g_step**** 27146 cost 36.05756
cur_epoch==== 0 cur_batch---- 246 g_step**** 27147 cost 35.807213
cur_epoch==== 0 cur_batch---- 247 g_step**** 27148 cost 35.731724
cur_epoch==== 0 cur_batch---- 248 g_step**** 27149 cost 34.017258
cur_epoch==== 0 cur_batch---- 249 g_step**** 27150 cost 34.585148
cur_epoch==== 0 cur_batch---- 250 g_step**** 27151 cost 34.550316
cur_epoch==== 0 cur_batch---- 251 g_step**** 27152 cost 35.73115
cur_epoch==== 0 cur_batch---- 252 g_step**** 27153 cost 34.778748
cur_epoch==== 0 cur_batch---- 253 g_step**** 27154 cost 35.7698
cur_epoch==== 0 cur_batch---- 254 g_step**** 27155 cost 34.58165
cur_epoch==== 0 cur_batch---- 255 g_step**** 27156 cost 35.560474
cur_epoch==== 0 cur_batch---- 256 g_step**** 27157 cost 35.327984
cur_epoch==== 0 cur_batch---- 257 g_step**** 27158 cost 35.038654
cur_epoch==== 0 cur_batch---- 258 g_step**** 27159 cost 36.557945
cur_epoch==== 0 cur_batch---- 259 g_step**** 27160 cost 34.489143
cur_epoch==== 0 cur_batch---- 260 g_step**** 27161 cost 36.049145
cur_epoch==== 0 cur_batch---- 261 g_step**** 27162 cost 36.263493
cur_epoch==== 0 cur_batch---- 262 g_step**** 27163 cost 34.486652
cur_epoch==== 0 cur_batch---- 263 g_step**** 27164 cost 34.774807
cur_epoch==== 0 cur_batch---- 264 g_step**** 27165 cost 36.210503
cur_epoch==== 0 cur_batch---- 265 g_step**** 27166 cost 35.786404
cur_epoch==== 0 cur_batch---- 266 g_step**** 27167 cost 36.0995
cur_epoch==== 0 cur_batch---- 267 g_step**** 27168 cost 34.78404
cur_epoch==== 0 cur_batch---- 268 g_step**** 27169 cost 35.383194
cur_epoch==== 0 cur_batch---- 269 g_step**** 27170 cost 35.450233
cur_epoch==== 0 cur_batch---- 270 g_step**** 27171 cost 36.415054
cur_epoch==== 0 cur_batch---- 271 g_step**** 27172 cost 35.21316
cur_epoch==== 0 cur_batch---- 272 g_step**** 27173 cost 36.218445
cur_epoch==== 0 cur_batch---- 273 g_step**** 27174 cost 34.757454
cur_epoch==== 0 cur_batch---- 274 g_step**** 27175 cost 35.006004
cur_epoch==== 0 cur_batch---- 275 g_step**** 27176 cost 34.93136
cur_epoch==== 0 cur_batch---- 276 g_step**** 27177 cost 35.85913
cur_epoch==== 0 cur_batch---- 277 g_step**** 27178 cost 36.137024
cur_epoch==== 0 cur_batch---- 278 g_step**** 27179 cost 34.21527
cur_epoch==== 0 cur_batch---- 279 g_step**** 27180 cost 35.6613
cur_epoch==== 0 cur_batch---- 280 g_step**** 27181 cost 35.856472
cur_epoch==== 0 cur_batch---- 281 g_step**** 27182 cost 35.18805
cur_epoch==== 0 cur_batch---- 282 g_step**** 27183 cost 34.443405
cur_epoch==== 0 cur_batch---- 283 g_step**** 27184 cost 36.01732
cur_epoch==== 0 cur_batch---- 284 g_step**** 27185 cost 34.721878
cur_epoch==== 0 cur_batch---- 285 g_step**** 27186 cost 36.452126
cur_epoch==== 0 cur_batch---- 286 g_step**** 27187 cost 36.340828
cur_epoch==== 0 cur_batch---- 287 g_step**** 27188 cost 35.32409
cur_epoch==== 0 cur_batch---- 288 g_step**** 27189 cost 34.832085
cur_epoch==== 0 cur_batch---- 289 g_step**** 27190 cost 35.621037
cur_epoch==== 0 cur_batch---- 290 g_step**** 27191 cost 35.810043
cur_epoch==== 0 cur_batch---- 291 g_step**** 27192 cost 35.025555
cur_epoch==== 0 cur_batch---- 292 g_step**** 27193 cost 36.332962
cur_epoch==== 0 cur_batch---- 293 g_step**** 27194 cost 35.309116
cur_epoch==== 0 cur_batch---- 294 g_step**** 27195 cost 34.033333
cur_epoch==== 0 cur_batch---- 295 g_step**** 27196 cost 36.045708
cur_epoch==== 0 cur_batch---- 296 g_step**** 27197 cost 36.348965
cur_epoch==== 0 cur_batch---- 297 g_step**** 27198 cost 34.722126
cur_epoch==== 0 cur_batch---- 298 g_step**** 27199 cost 35.294174
batch 299 : time 1.4114410877227783
cur_epoch==== 0 cur_batch---- 299 g_step**** 27200 cost 36.26626
save checkpoint 27200
cur_epoch==== 0 cur_batch---- 300 g_step**** 27201 cost 36.32049
cur_epoch==== 0 cur_batch---- 301 g_step**** 27202 cost 34.734085
cur_epoch==== 0 cur_batch---- 302 g_step**** 27203 cost 36.003082
cur_epoch==== 0 cur_batch---- 303 g_step**** 27204 cost 35.74582
cur_epoch==== 0 cur_batch---- 304 g_step**** 27205 cost 35.985966
cur_epoch==== 0 cur_batch---- 305 g_step**** 27206 cost 35.20297
cur_epoch==== 0 cur_batch---- 306 g_step**** 27207 cost 34.235916
cur_epoch==== 0 cur_batch---- 307 g_step**** 27208 cost 36.102924
cur_epoch==== 0 cur_batch---- 308 g_step**** 27209 cost 35.12013
cur_epoch==== 0 cur_batch---- 309 g_step**** 27210 cost 36.116173
cur_epoch==== 0 cur_batch---- 310 g_step**** 27211 cost 34.53361
cur_epoch==== 0 cur_batch---- 311 g_step**** 27212 cost 35.033314
cur_epoch==== 0 cur_batch---- 312 g_step**** 27213 cost 35.067123
cur_epoch==== 0 cur_batch---- 313 g_step**** 27214 cost 35.70115
cur_epoch==== 0 cur_batch---- 314 g_step**** 27215 cost 36.00403
cur_epoch==== 0 cur_batch---- 315 g_step**** 27216 cost 35.74714
cur_epoch==== 0 cur_batch---- 316 g_step**** 27217 cost 36.51221
cur_epoch==== 0 cur_batch---- 317 g_step**** 27218 cost 34.20285
cur_epoch==== 0 cur_batch---- 318 g_step**** 27219 cost 36.593655
cur_epoch==== 0 cur_batch---- 319 g_step**** 27220 cost 36.15835
cur_epoch==== 0 cur_batch---- 320 g_step**** 27221 cost 35.967125
cur_epoch==== 0 cur_batch---- 321 g_step**** 27222 cost 35.3972
cur_epoch==== 0 cur_batch---- 322 g_step**** 27223 cost 33.666245
cur_epoch==== 0 cur_batch---- 323 g_step**** 27224 cost 36.04902
cur_epoch==== 0 cur_batch---- 324 g_step**** 27225 cost 35.63376
cur_epoch==== 0 cur_batch---- 325 g_step**** 27226 cost 34.38094
cur_epoch==== 0 cur_batch---- 326 g_step**** 27227 cost 33.85541
cur_epoch==== 0 cur_batch---- 327 g_step**** 27228 cost 33.787605
cur_epoch==== 0 cur_batch---- 328 g_step**** 27229 cost 34.492683
cur_epoch==== 0 cur_batch---- 329 g_step**** 27230 cost 35.109486
cur_epoch==== 0 cur_batch---- 330 g_step**** 27231 cost 36.743813
cur_epoch==== 0 cur_batch---- 331 g_step**** 27232 cost 34.67414
cur_epoch==== 0 cur_batch---- 332 g_step**** 27233 cost 35.780937
cur_epoch==== 0 cur_batch---- 333 g_step**** 27234 cost 35.62449
cur_epoch==== 0 cur_batch---- 334 g_step**** 27235 cost 35.183746
cur_epoch==== 0 cur_batch---- 335 g_step**** 27236 cost 35.866257
cur_epoch==== 0 cur_batch---- 336 g_step**** 27237 cost 36.880768
cur_epoch==== 0 cur_batch---- 337 g_step**** 27238 cost 35.836563
cur_epoch==== 0 cur_batch---- 338 g_step**** 27239 cost 35.965523
cur_epoch==== 0 cur_batch---- 339 g_step**** 27240 cost 34.79812
cur_epoch==== 0 cur_batch---- 340 g_step**** 27241 cost 35.98533
cur_epoch==== 0 cur_batch---- 341 g_step**** 27242 cost 35.979866
cur_epoch==== 0 cur_batch---- 342 g_step**** 27243 cost 35.228436
cur_epoch==== 0 cur_batch---- 343 g_step**** 27244 cost 36.129097
cur_epoch==== 0 cur_batch---- 344 g_step**** 27245 cost 36.215805
cur_epoch==== 0 cur_batch---- 345 g_step**** 27246 cost 36.21566
cur_epoch==== 0 cur_batch---- 346 g_step**** 27247 cost 34.91538
cur_epoch==== 0 cur_batch---- 347 g_step**** 27248 cost 35.132523
cur_epoch==== 0 cur_batch---- 348 g_step**** 27249 cost 34.28855
cur_epoch==== 0 cur_batch---- 349 g_step**** 27250 cost 35.374527
cur_epoch==== 0 cur_batch---- 350 g_step**** 27251 cost 34.88395
cur_epoch==== 0 cur_batch---- 351 g_step**** 27252 cost 36.07726
cur_epoch==== 0 cur_batch---- 352 g_step**** 27253 cost 35.0492
cur_epoch==== 0 cur_batch---- 353 g_step**** 27254 cost 34.753128
cur_epoch==== 0 cur_batch---- 354 g_step**** 27255 cost 34.998104
cur_epoch==== 0 cur_batch---- 355 g_step**** 27256 cost 34.927044
cur_epoch==== 0 cur_batch---- 356 g_step**** 27257 cost 35.401184
cur_epoch==== 0 cur_batch---- 357 g_step**** 27258 cost 35.03121
cur_epoch==== 0 cur_batch---- 358 g_step**** 27259 cost 35.384857
cur_epoch==== 0 cur_batch---- 359 g_step**** 27260 cost 34.419
cur_epoch==== 0 cur_batch---- 360 g_step**** 27261 cost 36.740288
cur_epoch==== 0 cur_batch---- 361 g_step**** 27262 cost 34.768513
cur_epoch==== 0 cur_batch---- 362 g_step**** 27263 cost 35.40407
cur_epoch==== 0 cur_batch---- 363 g_step**** 27264 cost 35.254402
cur_epoch==== 0 cur_batch---- 364 g_step**** 27265 cost 35.441628
cur_epoch==== 0 cur_batch---- 365 g_step**** 27266 cost 34.82467
cur_epoch==== 0 cur_batch---- 366 g_step**** 27267 cost 35.31063
cur_epoch==== 0 cur_batch---- 367 g_step**** 27268 cost 35.059647
cur_epoch==== 0 cur_batch---- 368 g_step**** 27269 cost 37.157112
cur_epoch==== 0 cur_batch---- 369 g_step**** 27270 cost 34.700886
cur_epoch==== 0 cur_batch---- 370 g_step**** 27271 cost 36.537533
cur_epoch==== 0 cur_batch---- 371 g_step**** 27272 cost 34.82753
cur_epoch==== 0 cur_batch---- 372 g_step**** 27273 cost 35.87884
cur_epoch==== 0 cur_batch---- 373 g_step**** 27274 cost 36.041756
cur_epoch==== 0 cur_batch---- 374 g_step**** 27275 cost 34.71349
cur_epoch==== 0 cur_batch---- 375 g_step**** 27276 cost 34.674812
cur_epoch==== 0 cur_batch---- 376 g_step**** 27277 cost 34.778526
cur_epoch==== 0 cur_batch---- 377 g_step**** 27278 cost 35.084396
cur_epoch==== 0 cur_batch---- 378 g_step**** 27279 cost 36.240448
cur_epoch==== 0 cur_batch---- 379 g_step**** 27280 cost 35.779873
cur_epoch==== 0 cur_batch---- 380 g_step**** 27281 cost 34.599003
cur_epoch==== 0 cur_batch---- 381 g_step**** 27282 cost 35.477367
cur_epoch==== 0 cur_batch---- 382 g_step**** 27283 cost 34.74875
cur_epoch==== 0 cur_batch---- 383 g_step**** 27284 cost 36.041813
cur_epoch==== 0 cur_batch---- 384 g_step**** 27285 cost 34.94902
cur_epoch==== 0 cur_batch---- 385 g_step**** 27286 cost 35.432125
cur_epoch==== 0 cur_batch---- 386 g_step**** 27287 cost 34.410397
cur_epoch==== 0 cur_batch---- 387 g_step**** 27288 cost 34.857277
cur_epoch==== 0 cur_batch---- 388 g_step**** 27289 cost 35.732456
cur_epoch==== 0 cur_batch---- 389 g_step**** 27290 cost 34.666252
cur_epoch==== 0 cur_batch---- 390 g_step**** 27291 cost 34.265507
cur_epoch==== 0 cur_batch---- 391 g_step**** 27292 cost 36.23918
cur_epoch==== 0 cur_batch---- 392 g_step**** 27293 cost 34.746483
cur_epoch==== 0 cur_batch---- 393 g_step**** 27294 cost 35.751816
cur_epoch==== 0 cur_batch---- 394 g_step**** 27295 cost 36.14675
cur_epoch==== 0 cur_batch---- 395 g_step**** 27296 cost 35.28667
cur_epoch==== 0 cur_batch---- 396 g_step**** 27297 cost 35.002895
cur_epoch==== 0 cur_batch---- 397 g_step**** 27298 cost 36.671303
cur_epoch==== 0 cur_batch---- 398 g_step**** 27299 cost 34.69928
batch 399 : time 1.4062788486480713
cur_epoch==== 0 cur_batch---- 399 g_step**** 27300 cost 36.041424
save checkpoint 27300
cur_epoch==== 0 cur_batch---- 400 g_step**** 27301 cost 35.3428
cur_epoch==== 0 cur_batch---- 401 g_step**** 27302 cost 35.2271
cur_epoch==== 0 cur_batch---- 402 g_step**** 27303 cost 35.790466
cur_epoch==== 0 cur_batch---- 403 g_step**** 27304 cost 34.631424
cur_epoch==== 0 cur_batch---- 404 g_step**** 27305 cost 36.474487
cur_epoch==== 0 cur_batch---- 405 g_step**** 27306 cost 34.767673
cur_epoch==== 0 cur_batch---- 406 g_step**** 27307 cost 35.89798
cur_epoch==== 0 cur_batch---- 407 g_step**** 27308 cost 36.040855
cur_epoch==== 0 cur_batch---- 408 g_step**** 27309 cost 35.326492
cur_epoch==== 0 cur_batch---- 409 g_step**** 27310 cost 35.33966
cur_epoch==== 0 cur_batch---- 410 g_step**** 27311 cost 34.20856
cur_epoch==== 0 cur_batch---- 411 g_step**** 27312 cost 36.310776
cur_epoch==== 0 cur_batch---- 412 g_step**** 27313 cost 35.290955
cur_epoch==== 0 cur_batch---- 413 g_step**** 27314 cost 35.046265
cur_epoch==== 0 cur_batch---- 414 g_step**** 27315 cost 33.92915
cur_epoch==== 0 cur_batch---- 415 g_step**** 27316 cost 36.904736
cur_epoch==== 0 cur_batch---- 416 g_step**** 27317 cost 35.721664
cur_epoch==== 0 cur_batch---- 417 g_step**** 27318 cost 34.210293
cur_epoch==== 0 cur_batch---- 418 g_step**** 27319 cost 34.743584
cur_epoch==== 0 cur_batch---- 419 g_step**** 27320 cost 35.61741
cur_epoch==== 0 cur_batch---- 420 g_step**** 27321 cost 35.58581
cur_epoch==== 0 cur_batch---- 421 g_step**** 27322 cost 35.655663
cur_epoch==== 0 cur_batch---- 422 g_step**** 27323 cost 35.531307
cur_epoch==== 0 cur_batch---- 423 g_step**** 27324 cost 34.20981
cur_epoch==== 0 cur_batch---- 424 g_step**** 27325 cost 33.886757
cur_epoch==== 0 cur_batch---- 425 g_step**** 27326 cost 34.497032
cur_epoch==== 0 cur_batch---- 426 g_step**** 27327 cost 34.257866
cur_epoch==== 0 cur_batch---- 427 g_step**** 27328 cost 34.776466
cur_epoch==== 0 cur_batch---- 428 g_step**** 27329 cost 36.066284
cur_epoch==== 0 cur_batch---- 429 g_step**** 27330 cost 35.83072
cur_epoch==== 0 cur_batch---- 430 g_step**** 27331 cost 36.289654
cur_epoch==== 0 cur_batch---- 431 g_step**** 27332 cost 35.715717
cur_epoch==== 0 cur_batch---- 432 g_step**** 27333 cost 34.79014
cur_epoch==== 0 cur_batch---- 433 g_step**** 27334 cost 34.740498
cur_epoch==== 0 cur_batch---- 434 g_step**** 27335 cost 35.328373
cur_epoch==== 0 cur_batch---- 435 g_step**** 27336 cost 36.896626
cur_epoch==== 0 cur_batch---- 436 g_step**** 27337 cost 35.58666
cur_epoch==== 0 cur_batch---- 437 g_step**** 27338 cost 36.577915
cur_epoch==== 0 cur_batch---- 438 g_step**** 27339 cost 35.890274
cur_epoch==== 0 cur_batch---- 439 g_step**** 27340 cost 35.33435
cur_epoch==== 0 cur_batch---- 440 g_step**** 27341 cost 35.23901
cur_epoch==== 0 cur_batch---- 441 g_step**** 27342 cost 35.29026
cur_epoch==== 0 cur_batch---- 442 g_step**** 27343 cost 34.67612
cur_epoch==== 0 cur_batch---- 443 g_step**** 27344 cost 35.863586
cur_epoch==== 0 cur_batch---- 444 g_step**** 27345 cost 35.687042
cur_epoch==== 0 cur_batch---- 445 g_step**** 27346 cost 35.37256
cur_epoch==== 0 cur_batch---- 446 g_step**** 27347 cost 34.71899
cur_epoch==== 0 cur_batch---- 447 g_step**** 27348 cost 35.82965
cur_epoch==== 0 cur_batch---- 448 g_step**** 27349 cost 35.91466
cur_epoch==== 0 cur_batch---- 449 g_step**** 27350 cost 35.049866
cur_epoch==== 0 cur_batch---- 450 g_step**** 27351 cost 35.1016
cur_epoch==== 0 cur_batch---- 451 g_step**** 27352 cost 36.163864
cur_epoch==== 0 cur_batch---- 452 g_step**** 27353 cost 35.865993
cur_epoch==== 0 cur_batch---- 453 g_step**** 27354 cost 34.671547
cur_epoch==== 0 cur_batch---- 454 g_step**** 27355 cost 33.49493
cur_epoch==== 0 cur_batch---- 455 g_step**** 27356 cost 34.87921
cur_epoch==== 0 cur_batch---- 456 g_step**** 27357 cost 35.522575
cur_epoch==== 0 cur_batch---- 457 g_step**** 27358 cost 36.013165
cur_epoch==== 0 cur_batch---- 458 g_step**** 27359 cost 35.17491
cur_epoch==== 0 cur_batch---- 459 g_step**** 27360 cost 34.230297
cur_epoch==== 0 cur_batch---- 460 g_step**** 27361 cost 35.29155
cur_epoch==== 0 cur_batch---- 461 g_step**** 27362 cost 33.8562
cur_epoch==== 0 cur_batch---- 462 g_step**** 27363 cost 34.06354
cur_epoch==== 0 cur_batch---- 463 g_step**** 27364 cost 34.644093
cur_epoch==== 0 cur_batch---- 464 g_step**** 27365 cost 35.392056
cur_epoch==== 0 cur_batch---- 465 g_step**** 27366 cost 34.316288
cur_epoch==== 0 cur_batch---- 466 g_step**** 27367 cost 35.447563
cur_epoch==== 0 cur_batch---- 467 g_step**** 27368 cost 35.719376
cur_epoch==== 0 cur_batch---- 468 g_step**** 27369 cost 35.474777
cur_epoch==== 0 cur_batch---- 469 g_step**** 27370 cost 33.46217
cur_epoch==== 0 cur_batch---- 470 g_step**** 27371 cost 34.55814
cur_epoch==== 0 cur_batch---- 471 g_step**** 27372 cost 34.61822
cur_epoch==== 0 cur_batch---- 472 g_step**** 27373 cost 35.623905
cur_epoch==== 0 cur_batch---- 473 g_step**** 27374 cost 35.79423
cur_epoch==== 0 cur_batch---- 474 g_step**** 27375 cost 34.845837
cur_epoch==== 0 cur_batch---- 475 g_step**** 27376 cost 35.244904
cur_epoch==== 0 cur_batch---- 476 g_step**** 27377 cost 35.43893
cur_epoch==== 0 cur_batch---- 477 g_step**** 27378 cost 34.90759
cur_epoch==== 0 cur_batch---- 478 g_step**** 27379 cost 34.30127
cur_epoch==== 0 cur_batch---- 479 g_step**** 27380 cost 34.93593
cur_epoch==== 0 cur_batch---- 480 g_step**** 27381 cost 36.174618
cur_epoch==== 0 cur_batch---- 481 g_step**** 27382 cost 35.68213
cur_epoch==== 0 cur_batch---- 482 g_step**** 27383 cost 35.770306
cur_epoch==== 0 cur_batch---- 483 g_step**** 27384 cost 35.85938
cur_epoch==== 0 cur_batch---- 484 g_step**** 27385 cost 37.52179
