nohup: ignoring input
/home/sjhbxs/anaconda3/lib/python3.6/site-packages/h5py/__init__.py:36: FutureWarning: Conversion of the second argument of issubdtype from `float` to `np.floating` is deprecated. In future, it will be treated as `np.float64 == np.dtype(float).type`.
  from ._conv import register_converters as _register_converters
###########################################################
SparseTensor(indices=Tensor("BLSTM/Placeholder_2:0", shape=(?, ?), dtype=int64), values=Tensor("BLSTM/Placeholder_1:0", shape=(?,), dtype=int32), dense_shape=Tensor("BLSTM/Placeholder:0", shape=(?,), dtype=int64))
Tensor("transpose:0", shape=(?, ?, 102), dtype=float32)
Tensor("BLSTM/Placeholder_3:0", shape=(?,), dtype=int32)
loading train data, please wait--------------------- end= 
len is 0 or too long 1101121
len is 0 or too long 1067138
len is 0 or too long 1085492
len is 0 or too long 1080026
len is 0 or too long 1148610
len is 0 or too long 1161134
len is 0 or too long 1091637
len is 0 or too long 1234345
len is 0 or too long 1157057
len is 0 or too long 1078701
len is 0 or too long 1199831
len is 0 or too long 1124130
get image:  42606
loading validation data, please wait--------------------- end= 
get image:  657
2018-05-02 14:13:54.389166: W tensorflow/core/platform/cpu_feature_guard.cc:45] The TensorFlow library wasn't compiled to use SSE4.1 instructions, but these are available on your machine and could speed up CPU computations.
2018-05-02 14:13:54.389207: W tensorflow/core/platform/cpu_feature_guard.cc:45] The TensorFlow library wasn't compiled to use SSE4.2 instructions, but these are available on your machine and could speed up CPU computations.
2018-05-02 14:13:54.389214: W tensorflow/core/platform/cpu_feature_guard.cc:45] The TensorFlow library wasn't compiled to use AVX instructions, but these are available on your machine and could speed up CPU computations.
2018-05-02 14:13:54.488830: I tensorflow/stream_executor/cuda/cuda_gpu_executor.cc:893] successful NUMA node read from SysFS had negative value (-1), but there must be at least one NUMA node, so returning NUMA node zero
2018-05-02 14:13:54.489184: I tensorflow/core/common_runtime/gpu/gpu_device.cc:940] Found device 0 with properties: 
name: Tesla K80
major: 3 minor: 7 memoryClockRate (GHz) 0.8235
pciBusID 0000:00:04.0
Total memory: 11.17GiB
Free memory: 11.09GiB
2018-05-02 14:13:54.489205: I tensorflow/core/common_runtime/gpu/gpu_device.cc:961] DMA: 0 
2018-05-02 14:13:54.489212: I tensorflow/core/common_runtime/gpu/gpu_device.cc:971] 0:   Y 
2018-05-02 14:13:54.489222: I tensorflow/core/common_runtime/gpu/gpu_device.cc:1030] Creating TensorFlow device (/gpu:0) -> (device: 0, name: Tesla K80, pci bus id: 0000:00:04.0)
restore is true
restore from the checkpoint/home/sjhbxs/checkout/ICDAR_task2/ICDAR_TASK2_new5/checkpoint/ocr-model-40500
=============================begin training=============================
2018-05-02 14:14:01.285841: I tensorflow/core/common_runtime/gpu/pool_allocator.cc:247] PoolAllocator: After 4563 get requests, put_count=3100 evicted_count=1000 eviction_rate=0.322581 and unsatisfied allocation rate=0.561692
2018-05-02 14:14:01.285938: I tensorflow/core/common_runtime/gpu/pool_allocator.cc:259] Raising pool_size_limit_ from 100 to 110
cur_epoch==== 0 cur_batch---- 0 g_step**** 40501 cost 0.04341703
cur_epoch==== 0 cur_batch---- 1 g_step**** 40502 cost 0.01672637
cur_epoch==== 0 cur_batch---- 2 g_step**** 40503 cost 0.0121056745
cur_epoch==== 0 cur_batch---- 3 g_step**** 40504 cost 0.018697549
2018-05-02 14:14:11.967044: I tensorflow/core/common_runtime/gpu/pool_allocator.cc:247] PoolAllocator: After 643 get requests, put_count=1658 evicted_count=1000 eviction_rate=0.603136 and unsatisfied allocation rate=0.00155521
cur_epoch==== 0 cur_batch---- 4 g_step**** 40505 cost 0.015167601
cur_epoch==== 0 cur_batch---- 5 g_step**** 40506 cost 0.017892644
cur_epoch==== 0 cur_batch---- 6 g_step**** 40507 cost 0.01566255
cur_epoch==== 0 cur_batch---- 7 g_step**** 40508 cost 0.033139337
2018-05-02 14:14:17.803913: I tensorflow/core/common_runtime/gpu/pool_allocator.cc:247] PoolAllocator: After 647 get requests, put_count=1674 evicted_count=1000 eviction_rate=0.597372 and unsatisfied allocation rate=0.0015456
cur_epoch==== 0 cur_batch---- 8 g_step**** 40509 cost 0.016067883
cur_epoch==== 0 cur_batch---- 9 g_step**** 40510 cost 0.016599948
cur_epoch==== 0 cur_batch---- 10 g_step**** 40511 cost 0.019703126
cur_epoch==== 0 cur_batch---- 11 g_step**** 40512 cost 0.021707881
cur_epoch==== 0 cur_batch---- 12 g_step**** 40513 cost 0.012254506
2018-05-02 14:14:24.987966: I tensorflow/core/common_runtime/gpu/pool_allocator.cc:247] PoolAllocator: After 5028 get requests, put_count=3986 evicted_count=1000 eviction_rate=0.250878 and unsatisfied allocation rate=0.414877
2018-05-02 14:14:24.988039: I tensorflow/core/common_runtime/gpu/pool_allocator.cc:259] Raising pool_size_limit_ from 493 to 542
cur_epoch==== 0 cur_batch---- 13 g_step**** 40514 cost 0.016488258
cur_epoch==== 0 cur_batch---- 14 g_step**** 40515 cost 0.017278906
cur_epoch==== 0 cur_batch---- 15 g_step**** 40516 cost 0.01692748
cur_epoch==== 0 cur_batch---- 16 g_step**** 40517 cost 0.013059301
cur_epoch==== 0 cur_batch---- 17 g_step**** 40518 cost 0.06354893
cur_epoch==== 0 cur_batch---- 18 g_step**** 40519 cost 0.014967049
2018-05-02 14:14:33.594996: I tensorflow/core/common_runtime/gpu/pool_allocator.cc:247] PoolAllocator: After 4800 get requests, put_count=4280 evicted_count=1000 eviction_rate=0.233645 and unsatisfied allocation rate=0.334792
2018-05-02 14:14:33.595069: I tensorflow/core/common_runtime/gpu/pool_allocator.cc:259] Raising pool_size_limit_ from 958 to 1053
cur_epoch==== 0 cur_batch---- 19 g_step**** 40520 cost 0.014531824
cur_epoch==== 0 cur_batch---- 20 g_step**** 40521 cost 0.02272258
cur_epoch==== 0 cur_batch---- 21 g_step**** 40522 cost 0.06366224
cur_epoch==== 0 cur_batch---- 22 g_step**** 40523 cost 0.041412555
cur_epoch==== 0 cur_batch---- 23 g_step**** 40524 cost 0.012898707
cur_epoch==== 0 cur_batch---- 24 g_step**** 40525 cost 0.02092146
cur_epoch==== 0 cur_batch---- 25 g_step**** 40526 cost 0.06433029
cur_epoch==== 0 cur_batch---- 26 g_step**** 40527 cost 0.014224592
cur_epoch==== 0 cur_batch---- 27 g_step**** 40528 cost 0.01712873
cur_epoch==== 0 cur_batch---- 28 g_step**** 40529 cost 0.01862432
2018-05-02 14:14:48.163457: I tensorflow/core/common_runtime/gpu/pool_allocator.cc:247] PoolAllocator: After 10649 get requests, put_count=10803 evicted_count=1000 eviction_rate=0.0925669 and unsatisfied allocation rate=0.0969105
2018-05-02 14:14:48.163526: I tensorflow/core/common_runtime/gpu/pool_allocator.cc:259] Raising pool_size_limit_ from 2049 to 2253
cur_epoch==== 0 cur_batch---- 29 g_step**** 40530 cost 0.04566724
cur_epoch==== 0 cur_batch---- 30 g_step**** 40531 cost 0.028403528
cur_epoch==== 0 cur_batch---- 31 g_step**** 40532 cost 0.013694046
cur_epoch==== 0 cur_batch---- 32 g_step**** 40533 cost 0.023606269
cur_epoch==== 0 cur_batch---- 33 g_step**** 40534 cost 0.017643882
cur_epoch==== 0 cur_batch---- 34 g_step**** 40535 cost 0.042061426
cur_epoch==== 0 cur_batch---- 35 g_step**** 40536 cost 0.016663648
cur_epoch==== 0 cur_batch---- 36 g_step**** 40537 cost 0.014276844
cur_epoch==== 0 cur_batch---- 37 g_step**** 40538 cost 0.014949244
cur_epoch==== 0 cur_batch---- 38 g_step**** 40539 cost 0.05425767
cur_epoch==== 0 cur_batch---- 39 g_step**** 40540 cost 0.032895185
cur_epoch==== 0 cur_batch---- 40 g_step**** 40541 cost 0.015535782
cur_epoch==== 0 cur_batch---- 41 g_step**** 40542 cost 0.01621395
cur_epoch==== 0 cur_batch---- 42 g_step**** 40543 cost 0.02739886
cur_epoch==== 0 cur_batch---- 43 g_step**** 40544 cost 0.019377153
cur_epoch==== 0 cur_batch---- 44 g_step**** 40545 cost 0.047677323
cur_epoch==== 0 cur_batch---- 45 g_step**** 40546 cost 0.06317694
cur_epoch==== 0 cur_batch---- 46 g_step**** 40547 cost 0.016892808
cur_epoch==== 0 cur_batch---- 47 g_step**** 40548 cost 0.04277604
cur_epoch==== 0 cur_batch---- 48 g_step**** 40549 cost 0.020176008
cur_epoch==== 0 cur_batch---- 49 g_step**** 40550 cost 0.024167025
cur_epoch==== 0 cur_batch---- 50 g_step**** 40551 cost 0.018731896
cur_epoch==== 0 cur_batch---- 51 g_step**** 40552 cost 0.02910089
cur_epoch==== 0 cur_batch---- 52 g_step**** 40553 cost 0.022791713
cur_epoch==== 0 cur_batch---- 53 g_step**** 40554 cost 0.014279912
cur_epoch==== 0 cur_batch---- 54 g_step**** 40555 cost 0.017732473
cur_epoch==== 0 cur_batch---- 55 g_step**** 40556 cost 0.028940074
cur_epoch==== 0 cur_batch---- 56 g_step**** 40557 cost 0.011569292
cur_epoch==== 0 cur_batch---- 57 g_step**** 40558 cost 0.012883591
cur_epoch==== 0 cur_batch---- 58 g_step**** 40559 cost 0.015535742
cur_epoch==== 0 cur_batch---- 59 g_step**** 40560 cost 0.036404643
cur_epoch==== 0 cur_batch---- 60 g_step**** 40561 cost 0.017402813
cur_epoch==== 0 cur_batch---- 61 g_step**** 40562 cost 0.024973363
cur_epoch==== 0 cur_batch---- 62 g_step**** 40563 cost 0.0214632
cur_epoch==== 0 cur_batch---- 63 g_step**** 40564 cost 0.016918084
cur_epoch==== 0 cur_batch---- 64 g_step**** 40565 cost 0.05399472
cur_epoch==== 0 cur_batch---- 65 g_step**** 40566 cost 0.014046929
cur_epoch==== 0 cur_batch---- 66 g_step**** 40567 cost 0.0447345
cur_epoch==== 0 cur_batch---- 67 g_step**** 40568 cost 0.013731211
cur_epoch==== 0 cur_batch---- 68 g_step**** 40569 cost 0.035178456
cur_epoch==== 0 cur_batch---- 69 g_step**** 40570 cost 0.018162476
cur_epoch==== 0 cur_batch---- 70 g_step**** 40571 cost 0.023195777
cur_epoch==== 0 cur_batch---- 71 g_step**** 40572 cost 0.07985303
cur_epoch==== 0 cur_batch---- 72 g_step**** 40573 cost 0.01562642
cur_epoch==== 0 cur_batch---- 73 g_step**** 40574 cost 0.029064842
cur_epoch==== 0 cur_batch---- 74 g_step**** 40575 cost 0.013133187
cur_epoch==== 0 cur_batch---- 75 g_step**** 40576 cost 0.019483253
cur_epoch==== 0 cur_batch---- 76 g_step**** 40577 cost 0.06653948
cur_epoch==== 0 cur_batch---- 77 g_step**** 40578 cost 0.040706832
cur_epoch==== 0 cur_batch---- 78 g_step**** 40579 cost 0.02563802
cur_epoch==== 0 cur_batch---- 79 g_step**** 40580 cost 0.014719779
cur_epoch==== 0 cur_batch---- 80 g_step**** 40581 cost 0.0121650435
cur_epoch==== 0 cur_batch---- 81 g_step**** 40582 cost 0.015793182
cur_epoch==== 0 cur_batch---- 82 g_step**** 40583 cost 0.015535453
cur_epoch==== 0 cur_batch---- 83 g_step**** 40584 cost 0.0351902
cur_epoch==== 0 cur_batch---- 84 g_step**** 40585 cost 0.029597715
cur_epoch==== 0 cur_batch---- 85 g_step**** 40586 cost 0.04140075
cur_epoch==== 0 cur_batch---- 86 g_step**** 40587 cost 0.03290948
cur_epoch==== 0 cur_batch---- 87 g_step**** 40588 cost 0.062261272
cur_epoch==== 0 cur_batch---- 88 g_step**** 40589 cost 0.024758467
cur_epoch==== 0 cur_batch---- 89 g_step**** 40590 cost 0.07895521
cur_epoch==== 0 cur_batch---- 90 g_step**** 40591 cost 0.014364848
cur_epoch==== 0 cur_batch---- 91 g_step**** 40592 cost 0.019941976
cur_epoch==== 0 cur_batch---- 92 g_step**** 40593 cost 0.020639656
cur_epoch==== 0 cur_batch---- 93 g_step**** 40594 cost 0.02457702
cur_epoch==== 0 cur_batch---- 94 g_step**** 40595 cost 0.016833689
cur_epoch==== 0 cur_batch---- 95 g_step**** 40596 cost 0.039641127
cur_epoch==== 0 cur_batch---- 96 g_step**** 40597 cost 0.028028816
cur_epoch==== 0 cur_batch---- 97 g_step**** 40598 cost 0.039601374
cur_epoch==== 0 cur_batch---- 98 g_step**** 40599 cost 0.022996327
batch 99 : time 1.4654364585876465
cur_epoch==== 0 cur_batch---- 99 g_step**** 40600 cost 0.015301029
save checkpoint 40600
cur_epoch==== 0 cur_batch---- 100 g_step**** 40601 cost 0.011910361
cur_epoch==== 0 cur_batch---- 101 g_step**** 40602 cost 0.012368519
cur_epoch==== 0 cur_batch---- 102 g_step**** 40603 cost 0.023258101
cur_epoch==== 0 cur_batch---- 103 g_step**** 40604 cost 0.021664508
cur_epoch==== 0 cur_batch---- 104 g_step**** 40605 cost 0.041000802
cur_epoch==== 0 cur_batch---- 105 g_step**** 40606 cost 0.016940255
cur_epoch==== 0 cur_batch---- 106 g_step**** 40607 cost 0.010199763
cur_epoch==== 0 cur_batch---- 107 g_step**** 40608 cost 0.013587882
cur_epoch==== 0 cur_batch---- 108 g_step**** 40609 cost 0.013680073
cur_epoch==== 0 cur_batch---- 109 g_step**** 40610 cost 0.017479973
cur_epoch==== 0 cur_batch---- 110 g_step**** 40611 cost 0.016399795
cur_epoch==== 0 cur_batch---- 111 g_step**** 40612 cost 0.013318598
cur_epoch==== 0 cur_batch---- 112 g_step**** 40613 cost 0.024880527
cur_epoch==== 0 cur_batch---- 113 g_step**** 40614 cost 0.030331455
cur_epoch==== 0 cur_batch---- 114 g_step**** 40615 cost 0.015910283
cur_epoch==== 0 cur_batch---- 115 g_step**** 40616 cost 0.019893236
cur_epoch==== 0 cur_batch---- 116 g_step**** 40617 cost 0.016026877
cur_epoch==== 0 cur_batch---- 117 g_step**** 40618 cost 0.029371519
cur_epoch==== 0 cur_batch---- 118 g_step**** 40619 cost 0.02289692
cur_epoch==== 0 cur_batch---- 119 g_step**** 40620 cost 0.018511703
cur_epoch==== 0 cur_batch---- 120 g_step**** 40621 cost 0.038566146
cur_epoch==== 0 cur_batch---- 121 g_step**** 40622 cost 0.0167557
cur_epoch==== 0 cur_batch---- 122 g_step**** 40623 cost 0.039725948
cur_epoch==== 0 cur_batch---- 123 g_step**** 40624 cost 0.033255726
cur_epoch==== 0 cur_batch---- 124 g_step**** 40625 cost 0.02064509
cur_epoch==== 0 cur_batch---- 125 g_step**** 40626 cost 0.06230398
cur_epoch==== 0 cur_batch---- 126 g_step**** 40627 cost 0.011324375
cur_epoch==== 0 cur_batch---- 127 g_step**** 40628 cost 0.013329735
cur_epoch==== 0 cur_batch---- 128 g_step**** 40629 cost 0.019556608
cur_epoch==== 0 cur_batch---- 129 g_step**** 40630 cost 0.024706338
cur_epoch==== 0 cur_batch---- 130 g_step**** 40631 cost 0.012177313
cur_epoch==== 0 cur_batch---- 131 g_step**** 40632 cost 0.023265122
cur_epoch==== 0 cur_batch---- 132 g_step**** 40633 cost 0.018976662
cur_epoch==== 0 cur_batch---- 133 g_step**** 40634 cost 0.05836909
cur_epoch==== 0 cur_batch---- 134 g_step**** 40635 cost 0.0496256
cur_epoch==== 0 cur_batch---- 135 g_step**** 40636 cost 0.03128866
cur_epoch==== 0 cur_batch---- 136 g_step**** 40637 cost 0.014462826
cur_epoch==== 0 cur_batch---- 137 g_step**** 40638 cost 0.013416668
cur_epoch==== 0 cur_batch---- 138 g_step**** 40639 cost 0.016442003
cur_epoch==== 0 cur_batch---- 139 g_step**** 40640 cost 0.03201486
cur_epoch==== 0 cur_batch---- 140 g_step**** 40641 cost 0.015127793
cur_epoch==== 0 cur_batch---- 141 g_step**** 40642 cost 0.019540682
cur_epoch==== 0 cur_batch---- 142 g_step**** 40643 cost 0.02058366
cur_epoch==== 0 cur_batch---- 143 g_step**** 40644 cost 0.034589037
cur_epoch==== 0 cur_batch---- 144 g_step**** 40645 cost 0.029110461
cur_epoch==== 0 cur_batch---- 145 g_step**** 40646 cost 0.011537109
cur_epoch==== 0 cur_batch---- 146 g_step**** 40647 cost 0.042095803
cur_epoch==== 0 cur_batch---- 147 g_step**** 40648 cost 0.04441243
cur_epoch==== 0 cur_batch---- 148 g_step**** 40649 cost 0.036133666
cur_epoch==== 0 cur_batch---- 149 g_step**** 40650 cost 0.023039993
cur_epoch==== 0 cur_batch---- 150 g_step**** 40651 cost 0.013815086
cur_epoch==== 0 cur_batch---- 151 g_step**** 40652 cost 0.013437381
cur_epoch==== 0 cur_batch---- 152 g_step**** 40653 cost 0.013854188
cur_epoch==== 0 cur_batch---- 153 g_step**** 40654 cost 0.042203754
cur_epoch==== 0 cur_batch---- 154 g_step**** 40655 cost 0.043610208
cur_epoch==== 0 cur_batch---- 155 g_step**** 40656 cost 0.025084784
cur_epoch==== 0 cur_batch---- 156 g_step**** 40657 cost 0.03709737
cur_epoch==== 0 cur_batch---- 157 g_step**** 40658 cost 0.011873655
cur_epoch==== 0 cur_batch---- 158 g_step**** 40659 cost 0.011718091
cur_epoch==== 0 cur_batch---- 159 g_step**** 40660 cost 0.019969508
cur_epoch==== 0 cur_batch---- 160 g_step**** 40661 cost 0.040454876
cur_epoch==== 0 cur_batch---- 161 g_step**** 40662 cost 0.04295802
cur_epoch==== 0 cur_batch---- 162 g_step**** 40663 cost 0.016202345
cur_epoch==== 0 cur_batch---- 163 g_step**** 40664 cost 0.015156804
cur_epoch==== 0 cur_batch---- 164 g_step**** 40665 cost 0.03352726
cur_epoch==== 0 cur_batch---- 165 g_step**** 40666 cost 0.029373676
cur_epoch==== 1 cur_batch---- 0 g_step**** 40667 cost 0.027122557
cur_epoch==== 1 cur_batch---- 1 g_step**** 40668 cost 0.011831681
cur_epoch==== 1 cur_batch---- 2 g_step**** 40669 cost 0.03035232
cur_epoch==== 1 cur_batch---- 3 g_step**** 40670 cost 0.012971995
cur_epoch==== 1 cur_batch---- 4 g_step**** 40671 cost 0.01650337
cur_epoch==== 1 cur_batch---- 5 g_step**** 40672 cost 0.016455285
cur_epoch==== 1 cur_batch---- 6 g_step**** 40673 cost 0.013732229
cur_epoch==== 1 cur_batch---- 7 g_step**** 40674 cost 0.03990764
cur_epoch==== 1 cur_batch---- 8 g_step**** 40675 cost 0.012462563
cur_epoch==== 1 cur_batch---- 9 g_step**** 40676 cost 0.01340357
cur_epoch==== 1 cur_batch---- 10 g_step**** 40677 cost 0.013088979
cur_epoch==== 1 cur_batch---- 11 g_step**** 40678 cost 0.03827067
cur_epoch==== 1 cur_batch---- 12 g_step**** 40679 cost 0.02252418
cur_epoch==== 1 cur_batch---- 13 g_step**** 40680 cost 0.014068648
cur_epoch==== 1 cur_batch---- 14 g_step**** 40681 cost 0.02070469
cur_epoch==== 1 cur_batch---- 15 g_step**** 40682 cost 0.016258892
cur_epoch==== 1 cur_batch---- 16 g_step**** 40683 cost 0.021873059
cur_epoch==== 1 cur_batch---- 17 g_step**** 40684 cost 0.020501612
cur_epoch==== 1 cur_batch---- 18 g_step**** 40685 cost 0.084722966
cur_epoch==== 1 cur_batch---- 19 g_step**** 40686 cost 0.019529587
cur_epoch==== 1 cur_batch---- 20 g_step**** 40687 cost 0.03431935
cur_epoch==== 1 cur_batch---- 21 g_step**** 40688 cost 0.023428708
cur_epoch==== 1 cur_batch---- 22 g_step**** 40689 cost 0.02061207
cur_epoch==== 1 cur_batch---- 23 g_step**** 40690 cost 0.024752531
cur_epoch==== 1 cur_batch---- 24 g_step**** 40691 cost 0.018262042
cur_epoch==== 1 cur_batch---- 25 g_step**** 40692 cost 0.023485074
cur_epoch==== 1 cur_batch---- 26 g_step**** 40693 cost 0.017066946
cur_epoch==== 1 cur_batch---- 27 g_step**** 40694 cost 0.034800738
cur_epoch==== 1 cur_batch---- 28 g_step**** 40695 cost 0.012947937
cur_epoch==== 1 cur_batch---- 29 g_step**** 40696 cost 0.021431332
cur_epoch==== 1 cur_batch---- 30 g_step**** 40697 cost 0.033389412
cur_epoch==== 1 cur_batch---- 31 g_step**** 40698 cost 0.021205422
cur_epoch==== 1 cur_batch---- 32 g_step**** 40699 cost 0.037197758
cur_epoch==== 1 cur_batch---- 33 g_step**** 40700 cost 0.015029734
save checkpoint 40700
cur_epoch==== 1 cur_batch---- 34 g_step**** 40701 cost 0.018093586
cur_epoch==== 1 cur_batch---- 35 g_step**** 40702 cost 0.029347705
cur_epoch==== 1 cur_batch---- 36 g_step**** 40703 cost 0.016657824
cur_epoch==== 1 cur_batch---- 37 g_step**** 40704 cost 0.015601156
cur_epoch==== 1 cur_batch---- 38 g_step**** 40705 cost 0.034103345
cur_epoch==== 1 cur_batch---- 39 g_step**** 40706 cost 0.018803578
cur_epoch==== 1 cur_batch---- 40 g_step**** 40707 cost 0.022764279
cur_epoch==== 1 cur_batch---- 41 g_step**** 40708 cost 0.02268183
cur_epoch==== 1 cur_batch---- 42 g_step**** 40709 cost 0.016013874
cur_epoch==== 1 cur_batch---- 43 g_step**** 40710 cost 0.024408687
cur_epoch==== 1 cur_batch---- 44 g_step**** 40711 cost 0.014889305
cur_epoch==== 1 cur_batch---- 45 g_step**** 40712 cost 0.024172487
cur_epoch==== 1 cur_batch---- 46 g_step**** 40713 cost 0.014917511
cur_epoch==== 1 cur_batch---- 47 g_step**** 40714 cost 0.0136589
cur_epoch==== 1 cur_batch---- 48 g_step**** 40715 cost 0.021125073
cur_epoch==== 1 cur_batch---- 49 g_step**** 40716 cost 0.013515883
cur_epoch==== 1 cur_batch---- 50 g_step**** 40717 cost 0.01250845
cur_epoch==== 1 cur_batch---- 51 g_step**** 40718 cost 0.01701179
cur_epoch==== 1 cur_batch---- 52 g_step**** 40719 cost 0.013794268
cur_epoch==== 1 cur_batch---- 53 g_step**** 40720 cost 0.011918024
cur_epoch==== 1 cur_batch---- 54 g_step**** 40721 cost 0.022866458
cur_epoch==== 1 cur_batch---- 55 g_step**** 40722 cost 0.012031211
cur_epoch==== 1 cur_batch---- 56 g_step**** 40723 cost 0.021960245
cur_epoch==== 1 cur_batch---- 57 g_step**** 40724 cost 0.048822418
cur_epoch==== 1 cur_batch---- 58 g_step**** 40725 cost 0.048352737
cur_epoch==== 1 cur_batch---- 59 g_step**** 40726 cost 0.016621025
cur_epoch==== 1 cur_batch---- 60 g_step**** 40727 cost 0.03999842
cur_epoch==== 1 cur_batch---- 61 g_step**** 40728 cost 0.042273942
cur_epoch==== 1 cur_batch---- 62 g_step**** 40729 cost 0.035469774
cur_epoch==== 1 cur_batch---- 63 g_step**** 40730 cost 0.014265674
cur_epoch==== 1 cur_batch---- 64 g_step**** 40731 cost 0.013579425
cur_epoch==== 1 cur_batch---- 65 g_step**** 40732 cost 0.0144509785
cur_epoch==== 1 cur_batch---- 66 g_step**** 40733 cost 0.039557885
cur_epoch==== 1 cur_batch---- 67 g_step**** 40734 cost 0.038638387
cur_epoch==== 1 cur_batch---- 68 g_step**** 40735 cost 0.024097603
cur_epoch==== 1 cur_batch---- 69 g_step**** 40736 cost 0.024810975
cur_epoch==== 1 cur_batch---- 70 g_step**** 40737 cost 0.014242351
cur_epoch==== 1 cur_batch---- 71 g_step**** 40738 cost 0.011004477
cur_epoch==== 1 cur_batch---- 72 g_step**** 40739 cost 0.036469195
cur_epoch==== 1 cur_batch---- 73 g_step**** 40740 cost 0.025932105
cur_epoch==== 1 cur_batch---- 74 g_step**** 40741 cost 0.011399079
cur_epoch==== 1 cur_batch---- 75 g_step**** 40742 cost 0.014508571
cur_epoch==== 1 cur_batch---- 76 g_step**** 40743 cost 0.015708746
cur_epoch==== 1 cur_batch---- 77 g_step**** 40744 cost 0.050249644
cur_epoch==== 1 cur_batch---- 78 g_step**** 40745 cost 0.015901538
cur_epoch==== 1 cur_batch---- 79 g_step**** 40746 cost 0.017192228
cur_epoch==== 1 cur_batch---- 80 g_step**** 40747 cost 0.020607913
cur_epoch==== 1 cur_batch---- 81 g_step**** 40748 cost 0.029356254
cur_epoch==== 1 cur_batch---- 82 g_step**** 40749 cost 0.037111312
cur_epoch==== 1 cur_batch---- 83 g_step**** 40750 cost 0.012401026
cur_epoch==== 1 cur_batch---- 84 g_step**** 40751 cost 0.013650205
cur_epoch==== 1 cur_batch---- 85 g_step**** 40752 cost 0.04996606
cur_epoch==== 1 cur_batch---- 86 g_step**** 40753 cost 0.017934963
cur_epoch==== 1 cur_batch---- 87 g_step**** 40754 cost 0.050220925
cur_epoch==== 1 cur_batch---- 88 g_step**** 40755 cost 0.012327955
cur_epoch==== 1 cur_batch---- 89 g_step**** 40756 cost 0.021281172
cur_epoch==== 1 cur_batch---- 90 g_step**** 40757 cost 0.021871414
cur_epoch==== 1 cur_batch---- 91 g_step**** 40758 cost 0.077786624
cur_epoch==== 1 cur_batch---- 92 g_step**** 40759 cost 0.016236098
cur_epoch==== 1 cur_batch---- 93 g_step**** 40760 cost 0.026525985
cur_epoch==== 1 cur_batch---- 94 g_step**** 40761 cost 0.016532773
cur_epoch==== 1 cur_batch---- 95 g_step**** 40762 cost 0.018226806
cur_epoch==== 1 cur_batch---- 96 g_step**** 40763 cost 0.07791961
cur_epoch==== 1 cur_batch---- 97 g_step**** 40764 cost 0.014852273
cur_epoch==== 1 cur_batch---- 98 g_step**** 40765 cost 0.019572012
batch 99 : time 1.4544990062713623
cur_epoch==== 1 cur_batch---- 99 g_step**** 40766 cost 0.026208812
cur_epoch==== 1 cur_batch---- 100 g_step**** 40767 cost 0.020286616
cur_epoch==== 1 cur_batch---- 101 g_step**** 40768 cost 0.013795987
cur_epoch==== 1 cur_batch---- 102 g_step**** 40769 cost 0.014499515
cur_epoch==== 1 cur_batch---- 103 g_step**** 40770 cost 0.01769513
cur_epoch==== 1 cur_batch---- 104 g_step**** 40771 cost 0.04039671
cur_epoch==== 1 cur_batch---- 105 g_step**** 40772 cost 0.073306896
cur_epoch==== 1 cur_batch---- 106 g_step**** 40773 cost 0.023817124
cur_epoch==== 1 cur_batch---- 107 g_step**** 40774 cost 0.015095172
cur_epoch==== 1 cur_batch---- 108 g_step**** 40775 cost 0.02405087
cur_epoch==== 1 cur_batch---- 109 g_step**** 40776 cost 0.036691852
cur_epoch==== 1 cur_batch---- 110 g_step**** 40777 cost 0.015884545
cur_epoch==== 1 cur_batch---- 111 g_step**** 40778 cost 0.016465921
cur_epoch==== 1 cur_batch---- 112 g_step**** 40779 cost 0.026650267
cur_epoch==== 1 cur_batch---- 113 g_step**** 40780 cost 0.013872957
cur_epoch==== 1 cur_batch---- 114 g_step**** 40781 cost 0.01356385
cur_epoch==== 1 cur_batch---- 115 g_step**** 40782 cost 0.015375217
cur_epoch==== 1 cur_batch---- 116 g_step**** 40783 cost 0.040536378
cur_epoch==== 1 cur_batch---- 117 g_step**** 40784 cost 0.0133136995
cur_epoch==== 1 cur_batch---- 118 g_step**** 40785 cost 0.019793367
cur_epoch==== 1 cur_batch---- 119 g_step**** 40786 cost 0.011471862
cur_epoch==== 1 cur_batch---- 120 g_step**** 40787 cost 0.031759646
cur_epoch==== 1 cur_batch---- 121 g_step**** 40788 cost 0.019231996
cur_epoch==== 1 cur_batch---- 122 g_step**** 40789 cost 0.02358653
cur_epoch==== 1 cur_batch---- 123 g_step**** 40790 cost 0.05168535
cur_epoch==== 1 cur_batch---- 124 g_step**** 40791 cost 0.013959446
cur_epoch==== 1 cur_batch---- 125 g_step**** 40792 cost 0.014518203
cur_epoch==== 1 cur_batch---- 126 g_step**** 40793 cost 0.024641868
cur_epoch==== 1 cur_batch---- 127 g_step**** 40794 cost 0.010746088
cur_epoch==== 1 cur_batch---- 128 g_step**** 40795 cost 0.021557905
cur_epoch==== 1 cur_batch---- 129 g_step**** 40796 cost 0.01987936
cur_epoch==== 1 cur_batch---- 130 g_step**** 40797 cost 0.013045179
cur_epoch==== 1 cur_batch---- 131 g_step**** 40798 cost 0.020149983
cur_epoch==== 1 cur_batch---- 132 g_step**** 40799 cost 0.023745075
cur_epoch==== 1 cur_batch---- 133 g_step**** 40800 cost 0.061308883
save checkpoint 40800
cur_epoch==== 1 cur_batch---- 134 g_step**** 40801 cost 0.013405589
cur_epoch==== 1 cur_batch---- 135 g_step**** 40802 cost 0.015783858
cur_epoch==== 1 cur_batch---- 136 g_step**** 40803 cost 0.057151556
cur_epoch==== 1 cur_batch---- 137 g_step**** 40804 cost 0.051062092
cur_epoch==== 1 cur_batch---- 138 g_step**** 40805 cost 0.026832089
cur_epoch==== 1 cur_batch---- 139 g_step**** 40806 cost 0.012240076
cur_epoch==== 1 cur_batch---- 140 g_step**** 40807 cost 0.035797805
cur_epoch==== 1 cur_batch---- 141 g_step**** 40808 cost 0.050926775
cur_epoch==== 1 cur_batch---- 142 g_step**** 40809 cost 0.04983183
cur_epoch==== 1 cur_batch---- 143 g_step**** 40810 cost 0.01335489
cur_epoch==== 1 cur_batch---- 144 g_step**** 40811 cost 0.015372407
cur_epoch==== 1 cur_batch---- 145 g_step**** 40812 cost 0.022237014
cur_epoch==== 1 cur_batch---- 146 g_step**** 40813 cost 0.024180153
cur_epoch==== 1 cur_batch---- 147 g_step**** 40814 cost 0.017405083
cur_epoch==== 1 cur_batch---- 148 g_step**** 40815 cost 0.03691016
cur_epoch==== 1 cur_batch---- 149 g_step**** 40816 cost 0.010433871
cur_epoch==== 1 cur_batch---- 150 g_step**** 40817 cost 0.04458155
cur_epoch==== 1 cur_batch---- 151 g_step**** 40818 cost 0.012636904
cur_epoch==== 1 cur_batch---- 152 g_step**** 40819 cost 0.019341303
cur_epoch==== 1 cur_batch---- 153 g_step**** 40820 cost 0.046466477
cur_epoch==== 1 cur_batch---- 154 g_step**** 40821 cost 0.041928507
cur_epoch==== 1 cur_batch---- 155 g_step**** 40822 cost 0.019641995
cur_epoch==== 1 cur_batch---- 156 g_step**** 40823 cost 0.022766016
cur_epoch==== 1 cur_batch---- 157 g_step**** 40824 cost 0.04494347
cur_epoch==== 1 cur_batch---- 158 g_step**** 40825 cost 0.012985133
cur_epoch==== 1 cur_batch---- 159 g_step**** 40826 cost 0.023253635
cur_epoch==== 1 cur_batch---- 160 g_step**** 40827 cost 0.014034116
cur_epoch==== 1 cur_batch---- 161 g_step**** 40828 cost 0.04116084
cur_epoch==== 1 cur_batch---- 162 g_step**** 40829 cost 0.02219575
cur_epoch==== 1 cur_batch---- 163 g_step**** 40830 cost 0.014033617
cur_epoch==== 1 cur_batch---- 164 g_step**** 40831 cost 0.042818528
cur_epoch==== 1 cur_batch---- 165 g_step**** 40832 cost 0.042774025
cur_epoch==== 2 cur_batch---- 0 g_step**** 40833 cost 0.015577125
cur_epoch==== 2 cur_batch---- 1 g_step**** 40834 cost 0.013855746
cur_epoch==== 2 cur_batch---- 2 g_step**** 40835 cost 0.017909946
cur_epoch==== 2 cur_batch---- 3 g_step**** 40836 cost 0.03819573
cur_epoch==== 2 cur_batch---- 4 g_step**** 40837 cost 0.021665065
cur_epoch==== 2 cur_batch---- 5 g_step**** 40838 cost 0.01640733
cur_epoch==== 2 cur_batch---- 6 g_step**** 40839 cost 0.015067722
cur_epoch==== 2 cur_batch---- 7 g_step**** 40840 cost 0.055656448
cur_epoch==== 2 cur_batch---- 8 g_step**** 40841 cost 0.018398367
cur_epoch==== 2 cur_batch---- 9 g_step**** 40842 cost 0.022789273
cur_epoch==== 2 cur_batch---- 10 g_step**** 40843 cost 0.047427036
cur_epoch==== 2 cur_batch---- 11 g_step**** 40844 cost 0.011424548
cur_epoch==== 2 cur_batch---- 12 g_step**** 40845 cost 0.013800411
cur_epoch==== 2 cur_batch---- 13 g_step**** 40846 cost 0.04006197
cur_epoch==== 2 cur_batch---- 14 g_step**** 40847 cost 0.030375965
cur_epoch==== 2 cur_batch---- 15 g_step**** 40848 cost 0.012856531
cur_epoch==== 2 cur_batch---- 16 g_step**** 40849 cost 0.05905701
cur_epoch==== 2 cur_batch---- 17 g_step**** 40850 cost 0.030345488
cur_epoch==== 2 cur_batch---- 18 g_step**** 40851 cost 0.015439852
cur_epoch==== 2 cur_batch---- 19 g_step**** 40852 cost 0.013978491
cur_epoch==== 2 cur_batch---- 20 g_step**** 40853 cost 0.039818905
cur_epoch==== 2 cur_batch---- 21 g_step**** 40854 cost 0.015734592
cur_epoch==== 2 cur_batch---- 22 g_step**** 40855 cost 0.04501397
cur_epoch==== 2 cur_batch---- 23 g_step**** 40856 cost 0.012896799
cur_epoch==== 2 cur_batch---- 24 g_step**** 40857 cost 0.016454786
cur_epoch==== 2 cur_batch---- 25 g_step**** 40858 cost 0.04509683
cur_epoch==== 2 cur_batch---- 26 g_step**** 40859 cost 0.013397045
cur_epoch==== 2 cur_batch---- 27 g_step**** 40860 cost 0.016397001
cur_epoch==== 2 cur_batch---- 28 g_step**** 40861 cost 0.044863403
cur_epoch==== 2 cur_batch---- 29 g_step**** 40862 cost 0.012779936
cur_epoch==== 2 cur_batch---- 30 g_step**** 40863 cost 0.033389196
cur_epoch==== 2 cur_batch---- 31 g_step**** 40864 cost 0.022217827
cur_epoch==== 2 cur_batch---- 32 g_step**** 40865 cost 0.012500813
cur_epoch==== 2 cur_batch---- 33 g_step**** 40866 cost 0.03007981
cur_epoch==== 2 cur_batch---- 34 g_step**** 40867 cost 0.024481475
cur_epoch==== 2 cur_batch---- 35 g_step**** 40868 cost 0.04234135
cur_epoch==== 2 cur_batch---- 36 g_step**** 40869 cost 0.021858806
cur_epoch==== 2 cur_batch---- 37 g_step**** 40870 cost 0.035893485
cur_epoch==== 2 cur_batch---- 38 g_step**** 40871 cost 0.058363933
cur_epoch==== 2 cur_batch---- 39 g_step**** 40872 cost 0.014684502
cur_epoch==== 2 cur_batch---- 40 g_step**** 40873 cost 0.019979695
cur_epoch==== 2 cur_batch---- 41 g_step**** 40874 cost 0.03876526
cur_epoch==== 2 cur_batch---- 42 g_step**** 40875 cost 0.025857829
cur_epoch==== 2 cur_batch---- 43 g_step**** 40876 cost 0.016049948
cur_epoch==== 2 cur_batch---- 44 g_step**** 40877 cost 0.022333175
cur_epoch==== 2 cur_batch---- 45 g_step**** 40878 cost 0.015828032
cur_epoch==== 2 cur_batch---- 46 g_step**** 40879 cost 0.017051982
cur_epoch==== 2 cur_batch---- 47 g_step**** 40880 cost 0.023951266
cur_epoch==== 2 cur_batch---- 48 g_step**** 40881 cost 0.02957907
cur_epoch==== 2 cur_batch---- 49 g_step**** 40882 cost 0.028543442
cur_epoch==== 2 cur_batch---- 50 g_step**** 40883 cost 0.056728363
cur_epoch==== 2 cur_batch---- 51 g_step**** 40884 cost 0.020532236
cur_epoch==== 2 cur_batch---- 52 g_step**** 40885 cost 0.012135873
cur_epoch==== 2 cur_batch---- 53 g_step**** 40886 cost 0.015508111
cur_epoch==== 2 cur_batch---- 54 g_step**** 40887 cost 0.013227722
cur_epoch==== 2 cur_batch---- 55 g_step**** 40888 cost 0.021459945
cur_epoch==== 2 cur_batch---- 56 g_step**** 40889 cost 0.042497437
cur_epoch==== 2 cur_batch---- 57 g_step**** 40890 cost 0.024393255
cur_epoch==== 2 cur_batch---- 58 g_step**** 40891 cost 0.015466721
cur_epoch==== 2 cur_batch---- 59 g_step**** 40892 cost 0.018213563
cur_epoch==== 2 cur_batch---- 60 g_step**** 40893 cost 0.066878214
cur_epoch==== 2 cur_batch---- 61 g_step**** 40894 cost 0.018235356
cur_epoch==== 2 cur_batch---- 62 g_step**** 40895 cost 0.015937055
cur_epoch==== 2 cur_batch---- 63 g_step**** 40896 cost 0.013059514
cur_epoch==== 2 cur_batch---- 64 g_step**** 40897 cost 0.018103724
cur_epoch==== 2 cur_batch---- 65 g_step**** 40898 cost 0.011748413
cur_epoch==== 2 cur_batch---- 66 g_step**** 40899 cost 0.014255941
cur_epoch==== 2 cur_batch---- 67 g_step**** 40900 cost 0.014863484
save checkpoint 40900
cur_epoch==== 2 cur_batch---- 68 g_step**** 40901 cost 0.015050279
cur_epoch==== 2 cur_batch---- 69 g_step**** 40902 cost 0.028845936
cur_epoch==== 2 cur_batch---- 70 g_step**** 40903 cost 0.011638306
cur_epoch==== 2 cur_batch---- 71 g_step**** 40904 cost 0.025180474
cur_epoch==== 2 cur_batch---- 72 g_step**** 40905 cost 0.017463215
cur_epoch==== 2 cur_batch---- 73 g_step**** 40906 cost 0.03295201
cur_epoch==== 2 cur_batch---- 74 g_step**** 40907 cost 0.01441013
cur_epoch==== 2 cur_batch---- 75 g_step**** 40908 cost 0.019559283
cur_epoch==== 2 cur_batch---- 76 g_step**** 40909 cost 0.012456687
cur_epoch==== 2 cur_batch---- 77 g_step**** 40910 cost 0.014156364
cur_epoch==== 2 cur_batch---- 78 g_step**** 40911 cost 0.01618571
cur_epoch==== 2 cur_batch---- 79 g_step**** 40912 cost 0.016127521
cur_epoch==== 2 cur_batch---- 80 g_step**** 40913 cost 0.01736304
cur_epoch==== 2 cur_batch---- 81 g_step**** 40914 cost 0.029274283
cur_epoch==== 2 cur_batch---- 82 g_step**** 40915 cost 0.014924888
cur_epoch==== 2 cur_batch---- 83 g_step**** 40916 cost 0.014207477
cur_epoch==== 2 cur_batch---- 84 g_step**** 40917 cost 0.03365804
cur_epoch==== 2 cur_batch---- 85 g_step**** 40918 cost 0.012112401
cur_epoch==== 2 cur_batch---- 86 g_step**** 40919 cost 0.013990998
cur_epoch==== 2 cur_batch---- 87 g_step**** 40920 cost 0.02155037
cur_epoch==== 2 cur_batch---- 88 g_step**** 40921 cost 0.053734973
cur_epoch==== 2 cur_batch---- 89 g_step**** 40922 cost 0.032454863
cur_epoch==== 2 cur_batch---- 90 g_step**** 40923 cost 0.019615471
cur_epoch==== 2 cur_batch---- 91 g_step**** 40924 cost 0.01715745
cur_epoch==== 2 cur_batch---- 92 g_step**** 40925 cost 0.01607109
cur_epoch==== 2 cur_batch---- 93 g_step**** 40926 cost 0.010434308
cur_epoch==== 2 cur_batch---- 94 g_step**** 40927 cost 0.03245986
cur_epoch==== 2 cur_batch---- 95 g_step**** 40928 cost 0.013199294
cur_epoch==== 2 cur_batch---- 96 g_step**** 40929 cost 0.049630366
cur_epoch==== 2 cur_batch---- 97 g_step**** 40930 cost 0.013228782
cur_epoch==== 2 cur_batch---- 98 g_step**** 40931 cost 0.021575265
batch 99 : time 1.4501502513885498
cur_epoch==== 2 cur_batch---- 99 g_step**** 40932 cost 0.04223549
cur_epoch==== 2 cur_batch---- 100 g_step**** 40933 cost 0.017092137
cur_epoch==== 2 cur_batch---- 101 g_step**** 40934 cost 0.017009232
cur_epoch==== 2 cur_batch---- 102 g_step**** 40935 cost 0.01543647
cur_epoch==== 2 cur_batch---- 103 g_step**** 40936 cost 0.01763239
cur_epoch==== 2 cur_batch---- 104 g_step**** 40937 cost 0.019458076
cur_epoch==== 2 cur_batch---- 105 g_step**** 40938 cost 0.041583616
cur_epoch==== 2 cur_batch---- 106 g_step**** 40939 cost 0.012316847
cur_epoch==== 2 cur_batch---- 107 g_step**** 40940 cost 0.032003473
cur_epoch==== 2 cur_batch---- 108 g_step**** 40941 cost 0.015478777
cur_epoch==== 2 cur_batch---- 109 g_step**** 40942 cost 0.018447364
cur_epoch==== 2 cur_batch---- 110 g_step**** 40943 cost 0.020623023
cur_epoch==== 2 cur_batch---- 111 g_step**** 40944 cost 0.05651203
cur_epoch==== 2 cur_batch---- 112 g_step**** 40945 cost 0.01291947
cur_epoch==== 2 cur_batch---- 113 g_step**** 40946 cost 0.03987869
cur_epoch==== 2 cur_batch---- 114 g_step**** 40947 cost 0.031829625
cur_epoch==== 2 cur_batch---- 115 g_step**** 40948 cost 0.018873628
cur_epoch==== 2 cur_batch---- 116 g_step**** 40949 cost 0.04216429
cur_epoch==== 2 cur_batch---- 117 g_step**** 40950 cost 0.021774767
cur_epoch==== 2 cur_batch---- 118 g_step**** 40951 cost 0.014190309
cur_epoch==== 2 cur_batch---- 119 g_step**** 40952 cost 0.04403289
cur_epoch==== 2 cur_batch---- 120 g_step**** 40953 cost 0.0180987
cur_epoch==== 2 cur_batch---- 121 g_step**** 40954 cost 0.014517496
cur_epoch==== 2 cur_batch---- 122 g_step**** 40955 cost 0.015808605
cur_epoch==== 2 cur_batch---- 123 g_step**** 40956 cost 0.012969185
cur_epoch==== 2 cur_batch---- 124 g_step**** 40957 cost 0.023546197
cur_epoch==== 2 cur_batch---- 125 g_step**** 40958 cost 0.014633184
cur_epoch==== 2 cur_batch---- 126 g_step**** 40959 cost 0.012560737
cur_epoch==== 2 cur_batch---- 127 g_step**** 40960 cost 0.024333537
cur_epoch==== 2 cur_batch---- 128 g_step**** 40961 cost 0.055697884
cur_epoch==== 2 cur_batch---- 129 g_step**** 40962 cost 0.020129224
cur_epoch==== 2 cur_batch---- 130 g_step**** 40963 cost 0.018121745
cur_epoch==== 2 cur_batch---- 131 g_step**** 40964 cost 0.024820393
cur_epoch==== 2 cur_batch---- 132 g_step**** 40965 cost 0.017318897
cur_epoch==== 2 cur_batch---- 133 g_step**** 40966 cost 0.035683077
cur_epoch==== 2 cur_batch---- 134 g_step**** 40967 cost 0.013817042
cur_epoch==== 2 cur_batch---- 135 g_step**** 40968 cost 0.029688757
cur_epoch==== 2 cur_batch---- 136 g_step**** 40969 cost 0.029050514
cur_epoch==== 2 cur_batch---- 137 g_step**** 40970 cost 0.02369064
cur_epoch==== 2 cur_batch---- 138 g_step**** 40971 cost 0.021438144
cur_epoch==== 2 cur_batch---- 139 g_step**** 40972 cost 0.017869083
cur_epoch==== 2 cur_batch---- 140 g_step**** 40973 cost 0.010134897
cur_epoch==== 2 cur_batch---- 141 g_step**** 40974 cost 0.02175313
cur_epoch==== 2 cur_batch---- 142 g_step**** 40975 cost 0.05650882
cur_epoch==== 2 cur_batch---- 143 g_step**** 40976 cost 0.047522932
cur_epoch==== 2 cur_batch---- 144 g_step**** 40977 cost 0.04236803
cur_epoch==== 2 cur_batch---- 145 g_step**** 40978 cost 0.013268465
cur_epoch==== 2 cur_batch---- 146 g_step**** 40979 cost 0.019737022
cur_epoch==== 2 cur_batch---- 147 g_step**** 40980 cost 0.035677604
cur_epoch==== 2 cur_batch---- 148 g_step**** 40981 cost 0.041847862
cur_epoch==== 2 cur_batch---- 149 g_step**** 40982 cost 0.047699347
cur_epoch==== 2 cur_batch---- 150 g_step**** 40983 cost 0.02313329
cur_epoch==== 2 cur_batch---- 151 g_step**** 40984 cost 0.017821645
cur_epoch==== 2 cur_batch---- 152 g_step**** 40985 cost 0.019454634
cur_epoch==== 2 cur_batch---- 153 g_step**** 40986 cost 0.013335111
cur_epoch==== 2 cur_batch---- 154 g_step**** 40987 cost 0.01344132
cur_epoch==== 2 cur_batch---- 155 g_step**** 40988 cost 0.03037268
cur_epoch==== 2 cur_batch---- 156 g_step**** 40989 cost 0.02780056
cur_epoch==== 2 cur_batch---- 157 g_step**** 40990 cost 0.014608304
cur_epoch==== 2 cur_batch---- 158 g_step**** 40991 cost 0.029844223
cur_epoch==== 2 cur_batch---- 159 g_step**** 40992 cost 0.05035714
cur_epoch==== 2 cur_batch---- 160 g_step**** 40993 cost 0.019282673
cur_epoch==== 2 cur_batch---- 161 g_step**** 40994 cost 0.028518537
cur_epoch==== 2 cur_batch---- 162 g_step**** 40995 cost 0.119835936
cur_epoch==== 2 cur_batch---- 163 g_step**** 40996 cost 0.029198784
cur_epoch==== 2 cur_batch---- 164 g_step**** 40997 cost 0.017524656
cur_epoch==== 2 cur_batch---- 165 g_step**** 40998 cost 0.016211303
cur_epoch==== 3 cur_batch---- 0 g_step**** 40999 cost 0.021963324
cur_epoch==== 3 cur_batch---- 1 g_step**** 41000 cost 0.019914687
save checkpoint 41000
seq   0: origin: [76, 65, 78, 75, 65] decoded:[76, 65, 78, 75, 65, 15]
seq   1: origin: [19, 17, 17, 23] decoded:[19, 17, 17, 23]
seq   2: origin: [40, 73, 82, 76] decoded:[71, 73, 67, 76]
seq   3: origin: [80, 69, 65, 67, 69] decoded:[80, 69, 65, 67, 69]
seq   4: origin: [35, 48, 51, 47, 58] decoded:[66, 79, 82, 78, 89]
seq   5: origin: [52, 41, 48, 49, 52] decoded:[83, 72, 79, 80, 80]
seq   6: origin: [75, 69, 69, 80] decoded:[41, 38, 38, 49]
seq   7: origin: [85, 83, 69, 68] decoded:[85, 83, 69, 68]
seq   8: origin: [76, 73, 86, 69] decoded:[45, 73, 55, 69]
seq   9: origin: [34, 42, 51, 52] decoded:[45, 53, 40, 52]
seq  10: origin: [49, 34, 54, 45, 34, 47, 38, 51] decoded:[40, 40, 41, 34, 43, 54, 34]
seq  11: origin: [83, 87, 69, 69, 84] decoded:[52, 85, 67, 69, 84]
seq  12: origin: [67, 72, 69, 69, 83, 69] decoded:[36, 72, 69, 69, 75, 69]
seq  13: origin: [80, 65, 68, 68, 73, 78, 71, 84, 79, 78] decoded:[80, 65, 68, 68, 73, 78, 71, 84, 79, 78]
seq  14: origin: [56, 38, 38, 39] decoded:[90, 69, 39]
seq  15: origin: [83, 69, 67, 85, 82, 73, 84, 89] decoded:[83, 69, 67, 85, 82, 73, 84, 89]
seq  16: origin: [45, 48, 47, 37, 48, 47] decoded:[76, 79, 78, 68, 79]
seq  17: origin: [79, 67, 76, 73, 80] decoded:[79, 67, 73, 79]
5/2 14:26:25  step===41000, Epoch 4/1000, accuracy = 0.333,avg_train_cost = 0.021, lastbatch_err = 0.362, time = 14.750,lr=0.00662282

cur_epoch==== 3 cur_batch---- 2 g_step**** 41001 cost 0.014501784
cur_epoch==== 3 cur_batch---- 3 g_step**** 41002 cost 0.010392355
cur_epoch==== 3 cur_batch---- 4 g_step**** 41003 cost 0.012881164
cur_epoch==== 3 cur_batch---- 5 g_step**** 41004 cost 0.013453173
cur_epoch==== 3 cur_batch---- 6 g_step**** 41005 cost 0.04917468
cur_epoch==== 3 cur_batch---- 7 g_step**** 41006 cost 0.023352947
cur_epoch==== 3 cur_batch---- 8 g_step**** 41007 cost 0.011838346
cur_epoch==== 3 cur_batch---- 9 g_step**** 41008 cost 0.012423701
cur_epoch==== 3 cur_batch---- 10 g_step**** 41009 cost 0.012258229
cur_epoch==== 3 cur_batch---- 11 g_step**** 41010 cost 0.01979008
cur_epoch==== 3 cur_batch---- 12 g_step**** 41011 cost 0.050606064
cur_epoch==== 3 cur_batch---- 13 g_step**** 41012 cost 0.014428581
cur_epoch==== 3 cur_batch---- 14 g_step**** 41013 cost 0.022163114
cur_epoch==== 3 cur_batch---- 15 g_step**** 41014 cost 0.01200825
cur_epoch==== 3 cur_batch---- 16 g_step**** 41015 cost 0.014988283
cur_epoch==== 3 cur_batch---- 17 g_step**** 41016 cost 0.03492843
cur_epoch==== 3 cur_batch---- 18 g_step**** 41017 cost 0.03216399
cur_epoch==== 3 cur_batch---- 19 g_step**** 41018 cost 0.030577105
cur_epoch==== 3 cur_batch---- 20 g_step**** 41019 cost 0.023616925
cur_epoch==== 3 cur_batch---- 21 g_step**** 41020 cost 0.04825623
cur_epoch==== 3 cur_batch---- 22 g_step**** 41021 cost 0.011149036
cur_epoch==== 3 cur_batch---- 23 g_step**** 41022 cost 0.024354914
cur_epoch==== 3 cur_batch---- 24 g_step**** 41023 cost 0.05245734
cur_epoch==== 3 cur_batch---- 25 g_step**** 41024 cost 0.013855388
cur_epoch==== 3 cur_batch---- 26 g_step**** 41025 cost 0.02576017
cur_epoch==== 3 cur_batch---- 27 g_step**** 41026 cost 0.011702663
cur_epoch==== 3 cur_batch---- 28 g_step**** 41027 cost 0.061417416
cur_epoch==== 3 cur_batch---- 29 g_step**** 41028 cost 0.016015384
cur_epoch==== 3 cur_batch---- 30 g_step**** 41029 cost 0.013851245
cur_epoch==== 3 cur_batch---- 31 g_step**** 41030 cost 0.035678346
cur_epoch==== 3 cur_batch---- 32 g_step**** 41031 cost 0.023713177
cur_epoch==== 3 cur_batch---- 33 g_step**** 41032 cost 0.015786802
cur_epoch==== 3 cur_batch---- 34 g_step**** 41033 cost 0.016202096
cur_epoch==== 3 cur_batch---- 35 g_step**** 41034 cost 0.014545234
cur_epoch==== 3 cur_batch---- 36 g_step**** 41035 cost 0.026201775
cur_epoch==== 3 cur_batch---- 37 g_step**** 41036 cost 0.017028833
cur_epoch==== 3 cur_batch---- 38 g_step**** 41037 cost 0.015112783
cur_epoch==== 3 cur_batch---- 39 g_step**** 41038 cost 0.012128754
cur_epoch==== 3 cur_batch---- 40 g_step**** 41039 cost 0.012170866
cur_epoch==== 3 cur_batch---- 41 g_step**** 41040 cost 0.019422881
cur_epoch==== 3 cur_batch---- 42 g_step**** 41041 cost 0.025577344
cur_epoch==== 3 cur_batch---- 43 g_step**** 41042 cost 0.02009524
cur_epoch==== 3 cur_batch---- 44 g_step**** 41043 cost 0.045128062
cur_epoch==== 3 cur_batch---- 45 g_step**** 41044 cost 0.034862593
cur_epoch==== 3 cur_batch---- 46 g_step**** 41045 cost 0.012199329
cur_epoch==== 3 cur_batch---- 47 g_step**** 41046 cost 0.020374054
cur_epoch==== 3 cur_batch---- 48 g_step**** 41047 cost 0.016232142
cur_epoch==== 3 cur_batch---- 49 g_step**** 41048 cost 0.109768555
cur_epoch==== 3 cur_batch---- 50 g_step**** 41049 cost 0.01781939
cur_epoch==== 3 cur_batch---- 51 g_step**** 41050 cost 0.04204744
cur_epoch==== 3 cur_batch---- 52 g_step**** 41051 cost 0.019249002
cur_epoch==== 3 cur_batch---- 53 g_step**** 41052 cost 0.023374362
cur_epoch==== 3 cur_batch---- 54 g_step**** 41053 cost 0.015965987
cur_epoch==== 3 cur_batch---- 55 g_step**** 41054 cost 0.012901844
cur_epoch==== 3 cur_batch---- 56 g_step**** 41055 cost 0.025770815
cur_epoch==== 3 cur_batch---- 57 g_step**** 41056 cost 0.021457577
cur_epoch==== 3 cur_batch---- 58 g_step**** 41057 cost 0.026414517
cur_epoch==== 3 cur_batch---- 59 g_step**** 41058 cost 0.022521066
cur_epoch==== 3 cur_batch---- 60 g_step**** 41059 cost 0.02908285
cur_epoch==== 3 cur_batch---- 61 g_step**** 41060 cost 0.013235314
cur_epoch==== 3 cur_batch---- 62 g_step**** 41061 cost 0.015531881
cur_epoch==== 3 cur_batch---- 63 g_step**** 41062 cost 0.07436286
cur_epoch==== 3 cur_batch---- 64 g_step**** 41063 cost 0.045986656
cur_epoch==== 3 cur_batch---- 65 g_step**** 41064 cost 0.014194904
cur_epoch==== 3 cur_batch---- 66 g_step**** 41065 cost 0.022877943
cur_epoch==== 3 cur_batch---- 67 g_step**** 41066 cost 0.010974273
cur_epoch==== 3 cur_batch---- 68 g_step**** 41067 cost 0.023858553
cur_epoch==== 3 cur_batch---- 69 g_step**** 41068 cost 0.042678274
cur_epoch==== 3 cur_batch---- 70 g_step**** 41069 cost 0.02680555
cur_epoch==== 3 cur_batch---- 71 g_step**** 41070 cost 0.0367769
cur_epoch==== 3 cur_batch---- 72 g_step**** 41071 cost 0.014717517
cur_epoch==== 3 cur_batch---- 73 g_step**** 41072 cost 0.046547808
cur_epoch==== 3 cur_batch---- 74 g_step**** 41073 cost 0.014992465
cur_epoch==== 3 cur_batch---- 75 g_step**** 41074 cost 0.022009805
cur_epoch==== 3 cur_batch---- 76 g_step**** 41075 cost 0.011898285
cur_epoch==== 3 cur_batch---- 77 g_step**** 41076 cost 0.022768574
cur_epoch==== 3 cur_batch---- 78 g_step**** 41077 cost 0.016138928
cur_epoch==== 3 cur_batch---- 79 g_step**** 41078 cost 0.027673941
cur_epoch==== 3 cur_batch---- 80 g_step**** 41079 cost 0.020070776
cur_epoch==== 3 cur_batch---- 81 g_step**** 41080 cost 0.013515975
cur_epoch==== 3 cur_batch---- 82 g_step**** 41081 cost 0.027461134
cur_epoch==== 3 cur_batch---- 83 g_step**** 41082 cost 0.016130356
cur_epoch==== 3 cur_batch---- 84 g_step**** 41083 cost 0.025029525
cur_epoch==== 3 cur_batch---- 85 g_step**** 41084 cost 0.013871592
cur_epoch==== 3 cur_batch---- 86 g_step**** 41085 cost 0.012223996
cur_epoch==== 3 cur_batch---- 87 g_step**** 41086 cost 0.018104415
cur_epoch==== 3 cur_batch---- 88 g_step**** 41087 cost 0.016532062
cur_epoch==== 3 cur_batch---- 89 g_step**** 41088 cost 0.049361028
cur_epoch==== 3 cur_batch---- 90 g_step**** 41089 cost 0.0352813
cur_epoch==== 3 cur_batch---- 91 g_step**** 41090 cost 0.022268377
cur_epoch==== 3 cur_batch---- 92 g_step**** 41091 cost 0.023541966
cur_epoch==== 3 cur_batch---- 93 g_step**** 41092 cost 0.018266948
cur_epoch==== 3 cur_batch---- 94 g_step**** 41093 cost 0.013312201
cur_epoch==== 3 cur_batch---- 95 g_step**** 41094 cost 0.016508482
cur_epoch==== 3 cur_batch---- 96 g_step**** 41095 cost 0.020259263
cur_epoch==== 3 cur_batch---- 97 g_step**** 41096 cost 0.019965434
cur_epoch==== 3 cur_batch---- 98 g_step**** 41097 cost 0.014612313
batch 99 : time 1.4517686367034912
cur_epoch==== 3 cur_batch---- 99 g_step**** 41098 cost 0.014915662
cur_epoch==== 3 cur_batch---- 100 g_step**** 41099 cost 0.017262304
cur_epoch==== 3 cur_batch---- 101 g_step**** 41100 cost 0.054879747
save checkpoint 41100
cur_epoch==== 3 cur_batch---- 102 g_step**** 41101 cost 0.04127463
cur_epoch==== 3 cur_batch---- 103 g_step**** 41102 cost 0.020789703
cur_epoch==== 3 cur_batch---- 104 g_step**** 41103 cost 0.01482045
cur_epoch==== 3 cur_batch---- 105 g_step**** 41104 cost 0.02325777
cur_epoch==== 3 cur_batch---- 106 g_step**** 41105 cost 0.01612562
cur_epoch==== 3 cur_batch---- 107 g_step**** 41106 cost 0.010620205
cur_epoch==== 3 cur_batch---- 108 g_step**** 41107 cost 0.019442745
cur_epoch==== 3 cur_batch---- 109 g_step**** 41108 cost 0.03312487
cur_epoch==== 3 cur_batch---- 110 g_step**** 41109 cost 0.024652885
cur_epoch==== 3 cur_batch---- 111 g_step**** 41110 cost 0.015452549
cur_epoch==== 3 cur_batch---- 112 g_step**** 41111 cost 0.022304095
cur_epoch==== 3 cur_batch---- 113 g_step**** 41112 cost 0.06392369
cur_epoch==== 3 cur_batch---- 114 g_step**** 41113 cost 0.022247752
cur_epoch==== 3 cur_batch---- 115 g_step**** 41114 cost 0.028495055
cur_epoch==== 3 cur_batch---- 116 g_step**** 41115 cost 0.014814299
cur_epoch==== 3 cur_batch---- 117 g_step**** 41116 cost 0.052136313
cur_epoch==== 3 cur_batch---- 118 g_step**** 41117 cost 0.029567001
cur_epoch==== 3 cur_batch---- 119 g_step**** 41118 cost 0.017831994
cur_epoch==== 3 cur_batch---- 120 g_step**** 41119 cost 0.041181073
cur_epoch==== 3 cur_batch---- 121 g_step**** 41120 cost 0.019156909
cur_epoch==== 3 cur_batch---- 122 g_step**** 41121 cost 0.014656263
cur_epoch==== 3 cur_batch---- 123 g_step**** 41122 cost 0.06520169
cur_epoch==== 3 cur_batch---- 124 g_step**** 41123 cost 0.012141222
cur_epoch==== 3 cur_batch---- 125 g_step**** 41124 cost 0.026241884
cur_epoch==== 3 cur_batch---- 126 g_step**** 41125 cost 0.07484566
cur_epoch==== 3 cur_batch---- 127 g_step**** 41126 cost 0.016392153
cur_epoch==== 3 cur_batch---- 128 g_step**** 41127 cost 0.04261871
cur_epoch==== 3 cur_batch---- 129 g_step**** 41128 cost 0.039142385
cur_epoch==== 3 cur_batch---- 130 g_step**** 41129 cost 0.01168944
cur_epoch==== 3 cur_batch---- 131 g_step**** 41130 cost 0.034494054
cur_epoch==== 3 cur_batch---- 132 g_step**** 41131 cost 0.02609473
cur_epoch==== 3 cur_batch---- 133 g_step**** 41132 cost 0.02336642
cur_epoch==== 3 cur_batch---- 134 g_step**** 41133 cost 0.012338424
cur_epoch==== 3 cur_batch---- 135 g_step**** 41134 cost 0.016417088
cur_epoch==== 3 cur_batch---- 136 g_step**** 41135 cost 0.0151902465
cur_epoch==== 3 cur_batch---- 137 g_step**** 41136 cost 0.014024403
cur_epoch==== 3 cur_batch---- 138 g_step**** 41137 cost 0.037615698
cur_epoch==== 3 cur_batch---- 139 g_step**** 41138 cost 0.012456234
cur_epoch==== 3 cur_batch---- 140 g_step**** 41139 cost 0.010334022
cur_epoch==== 3 cur_batch---- 141 g_step**** 41140 cost 0.012507297
cur_epoch==== 3 cur_batch---- 142 g_step**** 41141 cost 0.016510399
cur_epoch==== 3 cur_batch---- 143 g_step**** 41142 cost 0.016983643
cur_epoch==== 3 cur_batch---- 144 g_step**** 41143 cost 0.020943638
cur_epoch==== 3 cur_batch---- 145 g_step**** 41144 cost 0.014422906
cur_epoch==== 3 cur_batch---- 146 g_step**** 41145 cost 0.01132445
cur_epoch==== 3 cur_batch---- 147 g_step**** 41146 cost 0.08634934
cur_epoch==== 3 cur_batch---- 148 g_step**** 41147 cost 0.02324092
cur_epoch==== 3 cur_batch---- 149 g_step**** 41148 cost 0.03786563
cur_epoch==== 3 cur_batch---- 150 g_step**** 41149 cost 0.014678043
cur_epoch==== 3 cur_batch---- 151 g_step**** 41150 cost 0.015150242
cur_epoch==== 3 cur_batch---- 152 g_step**** 41151 cost 0.013615888
cur_epoch==== 3 cur_batch---- 153 g_step**** 41152 cost 0.029519372
cur_epoch==== 3 cur_batch---- 154 g_step**** 41153 cost 0.015357619
cur_epoch==== 3 cur_batch---- 155 g_step**** 41154 cost 0.0154703
cur_epoch==== 3 cur_batch---- 156 g_step**** 41155 cost 0.0116506945
cur_epoch==== 3 cur_batch---- 157 g_step**** 41156 cost 0.016169105
cur_epoch==== 3 cur_batch---- 158 g_step**** 41157 cost 0.020593723
cur_epoch==== 3 cur_batch---- 159 g_step**** 41158 cost 0.012533376
cur_epoch==== 3 cur_batch---- 160 g_step**** 41159 cost 0.03680927
cur_epoch==== 3 cur_batch---- 161 g_step**** 41160 cost 0.045125592
cur_epoch==== 3 cur_batch---- 162 g_step**** 41161 cost 0.022636842
cur_epoch==== 3 cur_batch---- 163 g_step**** 41162 cost 0.04858251
cur_epoch==== 3 cur_batch---- 164 g_step**** 41163 cost 0.020769631
cur_epoch==== 3 cur_batch---- 165 g_step**** 41164 cost 0.017974282
cur_epoch==== 4 cur_batch---- 0 g_step**** 41165 cost 0.018207125
cur_epoch==== 4 cur_batch---- 1 g_step**** 41166 cost 0.016971817
cur_epoch==== 4 cur_batch---- 2 g_step**** 41167 cost 0.033584423
cur_epoch==== 4 cur_batch---- 3 g_step**** 41168 cost 0.033795163
cur_epoch==== 4 cur_batch---- 4 g_step**** 41169 cost 0.016599849
cur_epoch==== 4 cur_batch---- 5 g_step**** 41170 cost 0.027352361
cur_epoch==== 4 cur_batch---- 6 g_step**** 41171 cost 0.028436085
cur_epoch==== 4 cur_batch---- 7 g_step**** 41172 cost 0.022814572
cur_epoch==== 4 cur_batch---- 8 g_step**** 41173 cost 0.018435635
cur_epoch==== 4 cur_batch---- 9 g_step**** 41174 cost 0.010857423
cur_epoch==== 4 cur_batch---- 10 g_step**** 41175 cost 0.023279782
cur_epoch==== 4 cur_batch---- 11 g_step**** 41176 cost 0.06212867
cur_epoch==== 4 cur_batch---- 12 g_step**** 41177 cost 0.036169372
cur_epoch==== 4 cur_batch---- 13 g_step**** 41178 cost 0.029647024
cur_epoch==== 4 cur_batch---- 14 g_step**** 41179 cost 0.011240253
cur_epoch==== 4 cur_batch---- 15 g_step**** 41180 cost 0.028166989
cur_epoch==== 4 cur_batch---- 16 g_step**** 41181 cost 0.034283504
cur_epoch==== 4 cur_batch---- 17 g_step**** 41182 cost 0.023112593
cur_epoch==== 4 cur_batch---- 18 g_step**** 41183 cost 0.016640404
cur_epoch==== 4 cur_batch---- 19 g_step**** 41184 cost 0.05718283
cur_epoch==== 4 cur_batch---- 20 g_step**** 41185 cost 0.013728167
cur_epoch==== 4 cur_batch---- 21 g_step**** 41186 cost 0.057955973
cur_epoch==== 4 cur_batch---- 22 g_step**** 41187 cost 0.02179986
cur_epoch==== 4 cur_batch---- 23 g_step**** 41188 cost 0.01807895
cur_epoch==== 4 cur_batch---- 24 g_step**** 41189 cost 0.051595137
cur_epoch==== 4 cur_batch---- 25 g_step**** 41190 cost 0.033344187
cur_epoch==== 4 cur_batch---- 26 g_step**** 41191 cost 0.016060151
cur_epoch==== 4 cur_batch---- 27 g_step**** 41192 cost 0.012605705
cur_epoch==== 4 cur_batch---- 28 g_step**** 41193 cost 0.024100905
cur_epoch==== 4 cur_batch---- 29 g_step**** 41194 cost 0.019801449
cur_epoch==== 4 cur_batch---- 30 g_step**** 41195 cost 0.03022192
cur_epoch==== 4 cur_batch---- 31 g_step**** 41196 cost 0.015043321
cur_epoch==== 4 cur_batch---- 32 g_step**** 41197 cost 0.017101912
cur_epoch==== 4 cur_batch---- 33 g_step**** 41198 cost 0.040013585
cur_epoch==== 4 cur_batch---- 34 g_step**** 41199 cost 0.024832947
cur_epoch==== 4 cur_batch---- 35 g_step**** 41200 cost 0.02378144
save checkpoint 41200
cur_epoch==== 4 cur_batch---- 36 g_step**** 41201 cost 0.016314754
cur_epoch==== 4 cur_batch---- 37 g_step**** 41202 cost 0.013895616
cur_epoch==== 4 cur_batch---- 38 g_step**** 41203 cost 0.017571403
cur_epoch==== 4 cur_batch---- 39 g_step**** 41204 cost 0.043721966
cur_epoch==== 4 cur_batch---- 40 g_step**** 41205 cost 0.011121732
cur_epoch==== 4 cur_batch---- 41 g_step**** 41206 cost 0.012715489
cur_epoch==== 4 cur_batch---- 42 g_step**** 41207 cost 0.035494734
cur_epoch==== 4 cur_batch---- 43 g_step**** 41208 cost 0.014331868
cur_epoch==== 4 cur_batch---- 44 g_step**** 41209 cost 0.034752168
cur_epoch==== 4 cur_batch---- 45 g_step**** 41210 cost 0.031111911
cur_epoch==== 4 cur_batch---- 46 g_step**** 41211 cost 0.017552894
cur_epoch==== 4 cur_batch---- 47 g_step**** 41212 cost 0.01398118
cur_epoch==== 4 cur_batch---- 48 g_step**** 41213 cost 0.079217434
cur_epoch==== 4 cur_batch---- 49 g_step**** 41214 cost 0.04705409
cur_epoch==== 4 cur_batch---- 50 g_step**** 41215 cost 0.04810072
cur_epoch==== 4 cur_batch---- 51 g_step**** 41216 cost 0.022589102
cur_epoch==== 4 cur_batch---- 52 g_step**** 41217 cost 0.015917715
cur_epoch==== 4 cur_batch---- 53 g_step**** 41218 cost 0.01346001
cur_epoch==== 4 cur_batch---- 54 g_step**** 41219 cost 0.026511064
cur_epoch==== 4 cur_batch---- 55 g_step**** 41220 cost 0.014618407
cur_epoch==== 4 cur_batch---- 56 g_step**** 41221 cost 0.013866049
cur_epoch==== 4 cur_batch---- 57 g_step**** 41222 cost 0.043638315
cur_epoch==== 4 cur_batch---- 58 g_step**** 41223 cost 0.012824701
cur_epoch==== 4 cur_batch---- 59 g_step**** 41224 cost 0.019180467
cur_epoch==== 4 cur_batch---- 60 g_step**** 41225 cost 0.010852026
cur_epoch==== 4 cur_batch---- 61 g_step**** 41226 cost 0.012602428
cur_epoch==== 4 cur_batch---- 62 g_step**** 41227 cost 0.056083873
cur_epoch==== 4 cur_batch---- 63 g_step**** 41228 cost 0.015325126
cur_epoch==== 4 cur_batch---- 64 g_step**** 41229 cost 0.0267703
cur_epoch==== 4 cur_batch---- 65 g_step**** 41230 cost 0.027401282
cur_epoch==== 4 cur_batch---- 66 g_step**** 41231 cost 0.0143096
cur_epoch==== 4 cur_batch---- 67 g_step**** 41232 cost 0.01678475
cur_epoch==== 4 cur_batch---- 68 g_step**** 41233 cost 0.051773783
cur_epoch==== 4 cur_batch---- 69 g_step**** 41234 cost 0.017181847
cur_epoch==== 4 cur_batch---- 70 g_step**** 41235 cost 0.022759652
cur_epoch==== 4 cur_batch---- 71 g_step**** 41236 cost 0.016275238
cur_epoch==== 4 cur_batch---- 72 g_step**** 41237 cost 0.01583755
cur_epoch==== 4 cur_batch---- 73 g_step**** 41238 cost 0.011721332
cur_epoch==== 4 cur_batch---- 74 g_step**** 41239 cost 0.034476265
cur_epoch==== 4 cur_batch---- 75 g_step**** 41240 cost 0.031189015
cur_epoch==== 4 cur_batch---- 76 g_step**** 41241 cost 0.026822178
cur_epoch==== 4 cur_batch---- 77 g_step**** 41242 cost 0.018372122
cur_epoch==== 4 cur_batch---- 78 g_step**** 41243 cost 0.019694306
cur_epoch==== 4 cur_batch---- 79 g_step**** 41244 cost 0.022093456
cur_epoch==== 4 cur_batch---- 80 g_step**** 41245 cost 0.032210924
cur_epoch==== 4 cur_batch---- 81 g_step**** 41246 cost 0.011262523
cur_epoch==== 4 cur_batch---- 82 g_step**** 41247 cost 0.023328653
cur_epoch==== 4 cur_batch---- 83 g_step**** 41248 cost 0.0128625855
cur_epoch==== 4 cur_batch---- 84 g_step**** 41249 cost 0.047845945
cur_epoch==== 4 cur_batch---- 85 g_step**** 41250 cost 0.017040629
cur_epoch==== 4 cur_batch---- 86 g_step**** 41251 cost 0.019252365
cur_epoch==== 4 cur_batch---- 87 g_step**** 41252 cost 0.022067357
cur_epoch==== 4 cur_batch---- 88 g_step**** 41253 cost 0.012377632
cur_epoch==== 4 cur_batch---- 89 g_step**** 41254 cost 0.053431284
cur_epoch==== 4 cur_batch---- 90 g_step**** 41255 cost 0.030413741
cur_epoch==== 4 cur_batch---- 91 g_step**** 41256 cost 0.015946994
cur_epoch==== 4 cur_batch---- 92 g_step**** 41257 cost 0.034060434
cur_epoch==== 4 cur_batch---- 93 g_step**** 41258 cost 0.012151875
cur_epoch==== 4 cur_batch---- 94 g_step**** 41259 cost 0.016881295
cur_epoch==== 4 cur_batch---- 95 g_step**** 41260 cost 0.017973613
cur_epoch==== 4 cur_batch---- 96 g_step**** 41261 cost 0.021261396
cur_epoch==== 4 cur_batch---- 97 g_step**** 41262 cost 0.050106954
cur_epoch==== 4 cur_batch---- 98 g_step**** 41263 cost 0.01527292
batch 99 : time 1.4464259147644043
cur_epoch==== 4 cur_batch---- 99 g_step**** 41264 cost 0.014326892
cur_epoch==== 4 cur_batch---- 100 g_step**** 41265 cost 0.03199058
cur_epoch==== 4 cur_batch---- 101 g_step**** 41266 cost 0.035579037
cur_epoch==== 4 cur_batch---- 102 g_step**** 41267 cost 0.020778678
cur_epoch==== 4 cur_batch---- 103 g_step**** 41268 cost 0.053635824
cur_epoch==== 4 cur_batch---- 104 g_step**** 41269 cost 0.06184212
cur_epoch==== 4 cur_batch---- 105 g_step**** 41270 cost 0.013909756
cur_epoch==== 4 cur_batch---- 106 g_step**** 41271 cost 0.024454296
cur_epoch==== 4 cur_batch---- 107 g_step**** 41272 cost 0.013924761
cur_epoch==== 4 cur_batch---- 108 g_step**** 41273 cost 0.014901875
cur_epoch==== 4 cur_batch---- 109 g_step**** 41274 cost 0.0140763465
cur_epoch==== 4 cur_batch---- 110 g_step**** 41275 cost 0.01857683
cur_epoch==== 4 cur_batch---- 111 g_step**** 41276 cost 0.049748976
cur_epoch==== 4 cur_batch---- 112 g_step**** 41277 cost 0.044360653
cur_epoch==== 4 cur_batch---- 113 g_step**** 41278 cost 0.015494298
cur_epoch==== 4 cur_batch---- 114 g_step**** 41279 cost 0.012110023
cur_epoch==== 4 cur_batch---- 115 g_step**** 41280 cost 0.014306916
cur_epoch==== 4 cur_batch---- 116 g_step**** 41281 cost 0.028698154
cur_epoch==== 4 cur_batch---- 117 g_step**** 41282 cost 0.01599726
cur_epoch==== 4 cur_batch---- 118 g_step**** 41283 cost 0.03882237
cur_epoch==== 4 cur_batch---- 119 g_step**** 41284 cost 0.01462481
cur_epoch==== 4 cur_batch---- 120 g_step**** 41285 cost 0.017483855
cur_epoch==== 4 cur_batch---- 121 g_step**** 41286 cost 0.016979016
cur_epoch==== 4 cur_batch---- 122 g_step**** 41287 cost 0.01214928
cur_epoch==== 4 cur_batch---- 123 g_step**** 41288 cost 0.013263324
cur_epoch==== 4 cur_batch---- 124 g_step**** 41289 cost 0.02241146
cur_epoch==== 4 cur_batch---- 125 g_step**** 41290 cost 0.021839801
cur_epoch==== 4 cur_batch---- 126 g_step**** 41291 cost 0.02338277
cur_epoch==== 4 cur_batch---- 127 g_step**** 41292 cost 0.015195021
cur_epoch==== 4 cur_batch---- 128 g_step**** 41293 cost 0.025707511
cur_epoch==== 4 cur_batch---- 129 g_step**** 41294 cost 0.027782958
cur_epoch==== 4 cur_batch---- 130 g_step**** 41295 cost 0.019045474
cur_epoch==== 4 cur_batch---- 131 g_step**** 41296 cost 0.018905137
cur_epoch==== 4 cur_batch---- 132 g_step**** 41297 cost 0.017330207
cur_epoch==== 4 cur_batch---- 133 g_step**** 41298 cost 0.015817095
cur_epoch==== 4 cur_batch---- 134 g_step**** 41299 cost 0.017853053
cur_epoch==== 4 cur_batch---- 135 g_step**** 41300 cost 0.04728556
save checkpoint 41300
cur_epoch==== 4 cur_batch---- 136 g_step**** 41301 cost 0.0315575
cur_epoch==== 4 cur_batch---- 137 g_step**** 41302 cost 0.01781614
cur_epoch==== 4 cur_batch---- 138 g_step**** 41303 cost 0.018079069
cur_epoch==== 4 cur_batch---- 139 g_step**** 41304 cost 0.016865365
cur_epoch==== 4 cur_batch---- 140 g_step**** 41305 cost 0.026274033
cur_epoch==== 4 cur_batch---- 141 g_step**** 41306 cost 0.024422372
cur_epoch==== 4 cur_batch---- 142 g_step**** 41307 cost 0.01453657
cur_epoch==== 4 cur_batch---- 143 g_step**** 41308 cost 0.02715801
cur_epoch==== 4 cur_batch---- 144 g_step**** 41309 cost 0.0130449
cur_epoch==== 4 cur_batch---- 145 g_step**** 41310 cost 0.06052687
cur_epoch==== 4 cur_batch---- 146 g_step**** 41311 cost 0.012401532
cur_epoch==== 4 cur_batch---- 147 g_step**** 41312 cost 0.01207201
cur_epoch==== 4 cur_batch---- 148 g_step**** 41313 cost 0.022429403
cur_epoch==== 4 cur_batch---- 149 g_step**** 41314 cost 0.028205112
cur_epoch==== 4 cur_batch---- 150 g_step**** 41315 cost 0.02138803
cur_epoch==== 4 cur_batch---- 151 g_step**** 41316 cost 0.040481303
cur_epoch==== 4 cur_batch---- 152 g_step**** 41317 cost 0.0112338085
cur_epoch==== 4 cur_batch---- 153 g_step**** 41318 cost 0.018050743
cur_epoch==== 4 cur_batch---- 154 g_step**** 41319 cost 0.059306
cur_epoch==== 4 cur_batch---- 155 g_step**** 41320 cost 0.027956601
cur_epoch==== 4 cur_batch---- 156 g_step**** 41321 cost 0.015617174
cur_epoch==== 4 cur_batch---- 157 g_step**** 41322 cost 0.023192788
cur_epoch==== 4 cur_batch---- 158 g_step**** 41323 cost 0.03848785
cur_epoch==== 4 cur_batch---- 159 g_step**** 41324 cost 0.014669381
cur_epoch==== 4 cur_batch---- 160 g_step**** 41325 cost 0.04077494
cur_epoch==== 4 cur_batch---- 161 g_step**** 41326 cost 0.01562962
cur_epoch==== 4 cur_batch---- 162 g_step**** 41327 cost 0.036728658
cur_epoch==== 4 cur_batch---- 163 g_step**** 41328 cost 0.012371309
cur_epoch==== 4 cur_batch---- 164 g_step**** 41329 cost 0.008932432
cur_epoch==== 4 cur_batch---- 165 g_step**** 41330 cost 0.014607482
cur_epoch==== 5 cur_batch---- 0 g_step**** 41331 cost 0.044820774
cur_epoch==== 5 cur_batch---- 1 g_step**** 41332 cost 0.012574554
cur_epoch==== 5 cur_batch---- 2 g_step**** 41333 cost 0.017158763
cur_epoch==== 5 cur_batch---- 3 g_step**** 41334 cost 0.024652999
cur_epoch==== 5 cur_batch---- 4 g_step**** 41335 cost 0.014327579
cur_epoch==== 5 cur_batch---- 5 g_step**** 41336 cost 0.060441617
cur_epoch==== 5 cur_batch---- 6 g_step**** 41337 cost 0.028803958
cur_epoch==== 5 cur_batch---- 7 g_step**** 41338 cost 0.014416016
cur_epoch==== 5 cur_batch---- 8 g_step**** 41339 cost 0.032520745
cur_epoch==== 5 cur_batch---- 9 g_step**** 41340 cost 0.016864495
cur_epoch==== 5 cur_batch---- 10 g_step**** 41341 cost 0.021597661
cur_epoch==== 5 cur_batch---- 11 g_step**** 41342 cost 0.040591393
cur_epoch==== 5 cur_batch---- 12 g_step**** 41343 cost 0.026229452
cur_epoch==== 5 cur_batch---- 13 g_step**** 41344 cost 0.020470213
cur_epoch==== 5 cur_batch---- 14 g_step**** 41345 cost 0.015282903
cur_epoch==== 5 cur_batch---- 15 g_step**** 41346 cost 0.011893664
cur_epoch==== 5 cur_batch---- 16 g_step**** 41347 cost 0.023016075
cur_epoch==== 5 cur_batch---- 17 g_step**** 41348 cost 0.031681113
cur_epoch==== 5 cur_batch---- 18 g_step**** 41349 cost 0.015097658
cur_epoch==== 5 cur_batch---- 19 g_step**** 41350 cost 0.017935261
cur_epoch==== 5 cur_batch---- 20 g_step**** 41351 cost 0.023813719
cur_epoch==== 5 cur_batch---- 21 g_step**** 41352 cost 0.017289922
cur_epoch==== 5 cur_batch---- 22 g_step**** 41353 cost 0.0217647
cur_epoch==== 5 cur_batch---- 23 g_step**** 41354 cost 0.014196921
cur_epoch==== 5 cur_batch---- 24 g_step**** 41355 cost 0.014187468
cur_epoch==== 5 cur_batch---- 25 g_step**** 41356 cost 0.03433462
cur_epoch==== 5 cur_batch---- 26 g_step**** 41357 cost 0.0115012275
cur_epoch==== 5 cur_batch---- 27 g_step**** 41358 cost 0.012396754
cur_epoch==== 5 cur_batch---- 28 g_step**** 41359 cost 0.033015117
cur_epoch==== 5 cur_batch---- 29 g_step**** 41360 cost 0.017647156
cur_epoch==== 5 cur_batch---- 30 g_step**** 41361 cost 0.009261894
cur_epoch==== 5 cur_batch---- 31 g_step**** 41362 cost 0.016076645
cur_epoch==== 5 cur_batch---- 32 g_step**** 41363 cost 0.012202541
cur_epoch==== 5 cur_batch---- 33 g_step**** 41364 cost 0.023549484
cur_epoch==== 5 cur_batch---- 34 g_step**** 41365 cost 0.042746827
cur_epoch==== 5 cur_batch---- 35 g_step**** 41366 cost 0.015467073
cur_epoch==== 5 cur_batch---- 36 g_step**** 41367 cost 0.013774574
cur_epoch==== 5 cur_batch---- 37 g_step**** 41368 cost 0.03357531
cur_epoch==== 5 cur_batch---- 38 g_step**** 41369 cost 0.0133821
cur_epoch==== 5 cur_batch---- 39 g_step**** 41370 cost 0.014463542
cur_epoch==== 5 cur_batch---- 40 g_step**** 41371 cost 0.013655872
cur_epoch==== 5 cur_batch---- 41 g_step**** 41372 cost 0.01895307
cur_epoch==== 5 cur_batch---- 42 g_step**** 41373 cost 0.016528025
cur_epoch==== 5 cur_batch---- 43 g_step**** 41374 cost 0.049689233
cur_epoch==== 5 cur_batch---- 44 g_step**** 41375 cost 0.014591012
cur_epoch==== 5 cur_batch---- 45 g_step**** 41376 cost 0.015736714
cur_epoch==== 5 cur_batch---- 46 g_step**** 41377 cost 0.010109756
cur_epoch==== 5 cur_batch---- 47 g_step**** 41378 cost 0.0130711915
cur_epoch==== 5 cur_batch---- 48 g_step**** 41379 cost 0.029224422
cur_epoch==== 5 cur_batch---- 49 g_step**** 41380 cost 0.041718125
cur_epoch==== 5 cur_batch---- 50 g_step**** 41381 cost 0.04139941
cur_epoch==== 5 cur_batch---- 51 g_step**** 41382 cost 0.010250251
cur_epoch==== 5 cur_batch---- 52 g_step**** 41383 cost 0.046222325
cur_epoch==== 5 cur_batch---- 53 g_step**** 41384 cost 0.015615993
cur_epoch==== 5 cur_batch---- 54 g_step**** 41385 cost 0.020445954
cur_epoch==== 5 cur_batch---- 55 g_step**** 41386 cost 0.017958539
cur_epoch==== 5 cur_batch---- 56 g_step**** 41387 cost 0.031246675
cur_epoch==== 5 cur_batch---- 57 g_step**** 41388 cost 0.04159982
cur_epoch==== 5 cur_batch---- 58 g_step**** 41389 cost 0.016883804
cur_epoch==== 5 cur_batch---- 59 g_step**** 41390 cost 0.012083541
cur_epoch==== 5 cur_batch---- 60 g_step**** 41391 cost 0.030496167
cur_epoch==== 5 cur_batch---- 61 g_step**** 41392 cost 0.018007848
cur_epoch==== 5 cur_batch---- 62 g_step**** 41393 cost 0.0142269805
cur_epoch==== 5 cur_batch---- 63 g_step**** 41394 cost 0.017671114
cur_epoch==== 5 cur_batch---- 64 g_step**** 41395 cost 0.025983388
cur_epoch==== 5 cur_batch---- 65 g_step**** 41396 cost 0.014015811
cur_epoch==== 5 cur_batch---- 66 g_step**** 41397 cost 0.027572352
cur_epoch==== 5 cur_batch---- 67 g_step**** 41398 cost 0.07045118
cur_epoch==== 5 cur_batch---- 68 g_step**** 41399 cost 0.022791492
cur_epoch==== 5 cur_batch---- 69 g_step**** 41400 cost 0.017841307
save checkpoint 41400
cur_epoch==== 5 cur_batch---- 70 g_step**** 41401 cost 0.017218843
cur_epoch==== 5 cur_batch---- 71 g_step**** 41402 cost 0.020450268
cur_epoch==== 5 cur_batch---- 72 g_step**** 41403 cost 0.013950879
cur_epoch==== 5 cur_batch---- 73 g_step**** 41404 cost 0.010992911
cur_epoch==== 5 cur_batch---- 74 g_step**** 41405 cost 0.039004993
cur_epoch==== 5 cur_batch---- 75 g_step**** 41406 cost 0.035496164
cur_epoch==== 5 cur_batch---- 76 g_step**** 41407 cost 0.024744863
cur_epoch==== 5 cur_batch---- 77 g_step**** 41408 cost 0.021369798
cur_epoch==== 5 cur_batch---- 78 g_step**** 41409 cost 0.017487248
cur_epoch==== 5 cur_batch---- 79 g_step**** 41410 cost 0.031496402
cur_epoch==== 5 cur_batch---- 80 g_step**** 41411 cost 0.022833403
cur_epoch==== 5 cur_batch---- 81 g_step**** 41412 cost 0.046100795
cur_epoch==== 5 cur_batch---- 82 g_step**** 41413 cost 0.029834604
cur_epoch==== 5 cur_batch---- 83 g_step**** 41414 cost 0.022293655
cur_epoch==== 5 cur_batch---- 84 g_step**** 41415 cost 0.029007796
cur_epoch==== 5 cur_batch---- 85 g_step**** 41416 cost 0.013396515
cur_epoch==== 5 cur_batch---- 86 g_step**** 41417 cost 0.01702857
cur_epoch==== 5 cur_batch---- 87 g_step**** 41418 cost 0.02314922
cur_epoch==== 5 cur_batch---- 88 g_step**** 41419 cost 0.014867622
cur_epoch==== 5 cur_batch---- 89 g_step**** 41420 cost 0.034917556
cur_epoch==== 5 cur_batch---- 90 g_step**** 41421 cost 0.06877529
cur_epoch==== 5 cur_batch---- 91 g_step**** 41422 cost 0.045839865
cur_epoch==== 5 cur_batch---- 92 g_step**** 41423 cost 0.021263327
cur_epoch==== 5 cur_batch---- 93 g_step**** 41424 cost 0.016258705
cur_epoch==== 5 cur_batch---- 94 g_step**** 41425 cost 0.07237519
cur_epoch==== 5 cur_batch---- 95 g_step**** 41426 cost 0.017253814
cur_epoch==== 5 cur_batch---- 96 g_step**** 41427 cost 0.0135780135
cur_epoch==== 5 cur_batch---- 97 g_step**** 41428 cost 0.013532141
cur_epoch==== 5 cur_batch---- 98 g_step**** 41429 cost 0.018545259
batch 99 : time 1.4692914485931396
cur_epoch==== 5 cur_batch---- 99 g_step**** 41430 cost 0.026326053
cur_epoch==== 5 cur_batch---- 100 g_step**** 41431 cost 0.021333627
cur_epoch==== 5 cur_batch---- 101 g_step**** 41432 cost 0.024873652
cur_epoch==== 5 cur_batch---- 102 g_step**** 41433 cost 0.016715497
cur_epoch==== 5 cur_batch---- 103 g_step**** 41434 cost 0.023752373
cur_epoch==== 5 cur_batch---- 104 g_step**** 41435 cost 0.011257103
cur_epoch==== 5 cur_batch---- 105 g_step**** 41436 cost 0.018383034
cur_epoch==== 5 cur_batch---- 106 g_step**** 41437 cost 0.02771029
cur_epoch==== 5 cur_batch---- 107 g_step**** 41438 cost 0.051177774
cur_epoch==== 5 cur_batch---- 108 g_step**** 41439 cost 0.014402552
cur_epoch==== 5 cur_batch---- 109 g_step**** 41440 cost 0.0321954
cur_epoch==== 5 cur_batch---- 110 g_step**** 41441 cost 0.015145032
cur_epoch==== 5 cur_batch---- 111 g_step**** 41442 cost 0.012105054
cur_epoch==== 5 cur_batch---- 112 g_step**** 41443 cost 0.017165286
                                                                                                                                                                                                                                                                                                                                                                                                                                                                                                                                                                                                                                                                                                       