nohup: ignoring input
/home/sjhbxs/anaconda3/lib/python3.6/site-packages/h5py/__init__.py:36: FutureWarning: Conversion of the second argument of issubdtype from `float` to `np.floating` is deprecated. In future, it will be treated as `np.float64 == np.dtype(float).type`.
  from ._conv import register_converters as _register_converters
self.num_feature_of_fc  24576
output_fc [128, 4096]
lstm shpe [128, 11, 4096]
lstm shpe [128, 11, 1024]
output_rnn: [128, 11, 101]
loading train data, please wait--------------------- end= 
***************get image:  41509
loading validation data, please wait--------------------- end= 
***************get image:  303
2018-05-27 08:07:34.079988: W tensorflow/core/platform/cpu_feature_guard.cc:45] The TensorFlow library wasn't compiled to use SSE4.1 instructions, but these are available on your machine and could speed up CPU computations.
2018-05-27 08:07:34.080019: W tensorflow/core/platform/cpu_feature_guard.cc:45] The TensorFlow library wasn't compiled to use SSE4.2 instructions, but these are available on your machine and could speed up CPU computations.
2018-05-27 08:07:34.080043: W tensorflow/core/platform/cpu_feature_guard.cc:45] The TensorFlow library wasn't compiled to use AVX instructions, but these are available on your machine and could speed up CPU computations.
2018-05-27 08:07:34.080054: W tensorflow/core/platform/cpu_feature_guard.cc:45] The TensorFlow library wasn't compiled to use AVX2 instructions, but these are available on your machine and could speed up CPU computations.
2018-05-27 08:07:34.080061: W tensorflow/core/platform/cpu_feature_guard.cc:45] The TensorFlow library wasn't compiled to use FMA instructions, but these are available on your machine and could speed up CPU computations.
2018-05-27 08:07:34.547355: I tensorflow/stream_executor/cuda/cuda_gpu_executor.cc:893] successful NUMA node read from SysFS had negative value (-1), but there must be at least one NUMA node, so returning NUMA node zero
2018-05-27 08:07:34.547707: I tensorflow/core/common_runtime/gpu/gpu_device.cc:940] Found device 0 with properties: 
name: Tesla K80
major: 3 minor: 7 memoryClockRate (GHz) 0.8235
pciBusID 0000:00:04.0
Total memory: 11.17GiB
Free memory: 11.09GiB
2018-05-27 08:07:34.547727: I tensorflow/core/common_runtime/gpu/gpu_device.cc:961] DMA: 0 
2018-05-27 08:07:34.547736: I tensorflow/core/common_runtime/gpu/gpu_device.cc:971] 0:   Y 
2018-05-27 08:07:34.547748: I tensorflow/core/common_runtime/gpu/gpu_device.cc:1030] Creating TensorFlow device (/gpu:0) -> (device: 0, name: Tesla K80, pci bus id: 0000:00:04.0)
restore is true
restore from the checkpoint/home/sjhbxs/checkout/ICDAR_task2/ICDAR_TASK2_new15/checkpoint/ocr-model-11400
=============================begin training=============================
cur_epoch==== 0 cur_batch---- 0 g_step**** 11401 cost 1.3457148
cur_epoch==== 0 cur_batch---- 1 g_step**** 11402 cost 1.7028327
cur_epoch==== 0 cur_batch---- 2 g_step**** 11403 cost 1.4582603
cur_epoch==== 0 cur_batch---- 3 g_step**** 11404 cost 1.4203428
cur_epoch==== 0 cur_batch---- 4 g_step**** 11405 cost 1.3583537
cur_epoch==== 0 cur_batch---- 5 g_step**** 11406 cost 1.1717163
cur_epoch==== 0 cur_batch---- 6 g_step**** 11407 cost 1.2586485
cur_epoch==== 0 cur_batch---- 7 g_step**** 11408 cost 1.2302039
2018-05-27 08:08:13.719409: I tensorflow/core/common_runtime/gpu/pool_allocator.cc:247] PoolAllocator: After 5578 get requests, put_count=5457 evicted_count=1000 eviction_rate=0.183251 and unsatisfied allocation rate=0.218896
2018-05-27 08:08:13.719475: I tensorflow/core/common_runtime/gpu/pool_allocator.cc:259] Raising pool_size_limit_ from 100 to 110
cur_epoch==== 0 cur_batch---- 8 g_step**** 11409 cost 1.3512784
cur_epoch==== 0 cur_batch---- 9 g_step**** 11410 cost 1.2297014
cur_epoch==== 0 cur_batch---- 10 g_step**** 11411 cost 1.454921
cur_epoch==== 0 cur_batch---- 11 g_step**** 11412 cost 1.5165677
cur_epoch==== 0 cur_batch---- 12 g_step**** 11413 cost 1.1436011
cur_epoch==== 0 cur_batch---- 13 g_step**** 11414 cost 1.6741635
cur_epoch==== 0 cur_batch---- 14 g_step**** 11415 cost 1.2963331
cur_epoch==== 0 cur_batch---- 15 g_step**** 11416 cost 1.0995492
cur_epoch==== 0 cur_batch---- 16 g_step**** 11417 cost 1.6037401
cur_epoch==== 0 cur_batch---- 17 g_step**** 11418 cost 1.7048234
cur_epoch==== 0 cur_batch---- 18 g_step**** 11419 cost 1.3904532
cur_epoch==== 0 cur_batch---- 19 g_step**** 11420 cost 1.0893283
cur_epoch==== 0 cur_batch---- 20 g_step**** 11421 cost 1.5650299
cur_epoch==== 0 cur_batch---- 21 g_step**** 11422 cost 1.2330264
cur_epoch==== 0 cur_batch---- 22 g_step**** 11423 cost 1.4873096
cur_epoch==== 0 cur_batch---- 23 g_step**** 11424 cost 1.427001
cur_epoch==== 0 cur_batch---- 24 g_step**** 11425 cost 1.090445
cur_epoch==== 0 cur_batch---- 25 g_step**** 11426 cost 1.1313889
cur_epoch==== 0 cur_batch---- 26 g_step**** 11427 cost 1.5161226
cur_epoch==== 0 cur_batch---- 27 g_step**** 11428 cost 2.0780494
cur_epoch==== 0 cur_batch---- 28 g_step**** 11429 cost 1.3635542
cur_epoch==== 0 cur_batch---- 29 g_step**** 11430 cost 1.329237
cur_epoch==== 0 cur_batch---- 30 g_step**** 11431 cost 1.1821811
cur_epoch==== 0 cur_batch---- 31 g_step**** 11432 cost 1.6047943
cur_epoch==== 0 cur_batch---- 32 g_step**** 11433 cost 1.3465805
cur_epoch==== 0 cur_batch---- 33 g_step**** 11434 cost 1.3440989
cur_epoch==== 0 cur_batch---- 34 g_step**** 11435 cost 1.3097308
cur_epoch==== 0 cur_batch---- 35 g_step**** 11436 cost 1.3918868
cur_epoch==== 0 cur_batch---- 36 g_step**** 11437 cost 1.4546186
cur_epoch==== 0 cur_batch---- 37 g_step**** 11438 cost 1.1409156
cur_epoch==== 0 cur_batch---- 38 g_step**** 11439 cost 1.4336169
cur_epoch==== 0 cur_batch---- 39 g_step**** 11440 cost 1.2361904
cur_epoch==== 0 cur_batch---- 40 g_step**** 11441 cost 1.4329189
cur_epoch==== 0 cur_batch---- 41 g_step**** 11442 cost 1.3966717
cur_epoch==== 0 cur_batch---- 42 g_step**** 11443 cost 1.3471828
cur_epoch==== 0 cur_batch---- 43 g_step**** 11444 cost 1.3234644
cur_epoch==== 0 cur_batch---- 44 g_step**** 11445 cost 1.4187396
cur_epoch==== 0 cur_batch---- 45 g_step**** 11446 cost 1.5797597
cur_epoch==== 0 cur_batch---- 46 g_step**** 11447 cost 1.2135541
cur_epoch==== 0 cur_batch---- 47 g_step**** 11448 cost 1.4843256
cur_epoch==== 0 cur_batch---- 48 g_step**** 11449 cost 1.221392
cur_epoch==== 0 cur_batch---- 49 g_step**** 11450 cost 1.0858268
cur_epoch==== 0 cur_batch---- 50 g_step**** 11451 cost 1.6267579
cur_epoch==== 0 cur_batch---- 51 g_step**** 11452 cost 1.1730049
cur_epoch==== 0 cur_batch---- 52 g_step**** 11453 cost 1.2811997
cur_epoch==== 0 cur_batch---- 53 g_step**** 11454 cost 1.2509611
cur_epoch==== 0 cur_batch---- 54 g_step**** 11455 cost 1.3552909
cur_epoch==== 0 cur_batch---- 55 g_step**** 11456 cost 1.0648094
cur_epoch==== 0 cur_batch---- 56 g_step**** 11457 cost 1.3524892
cur_epoch==== 0 cur_batch---- 57 g_step**** 11458 cost 1.241608
cur_epoch==== 0 cur_batch---- 58 g_step**** 11459 cost 1.1658211
cur_epoch==== 0 cur_batch---- 59 g_step**** 11460 cost 1.1183544
cur_epoch==== 0 cur_batch---- 60 g_step**** 11461 cost 1.1892405
cur_epoch==== 0 cur_batch---- 61 g_step**** 11462 cost 1.1940356
cur_epoch==== 0 cur_batch---- 62 g_step**** 11463 cost 1.4833299
cur_epoch==== 0 cur_batch---- 63 g_step**** 11464 cost 1.061235
cur_epoch==== 0 cur_batch---- 64 g_step**** 11465 cost 1.453675
cur_epoch==== 0 cur_batch---- 65 g_step**** 11466 cost 1.442262
cur_epoch==== 0 cur_batch---- 66 g_step**** 11467 cost 1.2995478
cur_epoch==== 0 cur_batch---- 67 g_step**** 11468 cost 1.3168318
cur_epoch==== 0 cur_batch---- 68 g_step**** 11469 cost 1.1483437
cur_epoch==== 0 cur_batch---- 69 g_step**** 11470 cost 1.7953893
cur_epoch==== 0 cur_batch---- 70 g_step**** 11471 cost 1.4223125
cur_epoch==== 0 cur_batch---- 71 g_step**** 11472 cost 1.1023092
cur_epoch==== 0 cur_batch---- 72 g_step**** 11473 cost 2.2351449
cur_epoch==== 0 cur_batch---- 73 g_step**** 11474 cost 1.1739709
cur_epoch==== 0 cur_batch---- 74 g_step**** 11475 cost 1.5278044
cur_epoch==== 0 cur_batch---- 75 g_step**** 11476 cost 1.1603584
cur_epoch==== 0 cur_batch---- 76 g_step**** 11477 cost 1.33821
cur_epoch==== 0 cur_batch---- 77 g_step**** 11478 cost 1.4179412
cur_epoch==== 0 cur_batch---- 78 g_step**** 11479 cost 1.2910974
cur_epoch==== 0 cur_batch---- 79 g_step**** 11480 cost 1.1928326
cur_epoch==== 0 cur_batch---- 80 g_step**** 11481 cost 1.43135
cur_epoch==== 0 cur_batch---- 81 g_step**** 11482 cost 1.4875046
cur_epoch==== 0 cur_batch---- 82 g_step**** 11483 cost 1.268135
cur_epoch==== 0 cur_batch---- 83 g_step**** 11484 cost 1.196747
cur_epoch==== 0 cur_batch---- 84 g_step**** 11485 cost 1.205426
cur_epoch==== 0 cur_batch---- 85 g_step**** 11486 cost 1.2613246
cur_epoch==== 0 cur_batch---- 86 g_step**** 11487 cost 1.7378957
cur_epoch==== 0 cur_batch---- 87 g_step**** 11488 cost 1.4306698
cur_epoch==== 0 cur_batch---- 88 g_step**** 11489 cost 1.3652257
cur_epoch==== 0 cur_batch---- 89 g_step**** 11490 cost 0.9696241
cur_epoch==== 0 cur_batch---- 90 g_step**** 11491 cost 1.5367917
cur_epoch==== 0 cur_batch---- 91 g_step**** 11492 cost 0.95246404
cur_epoch==== 0 cur_batch---- 92 g_step**** 11493 cost 1.2467458
cur_epoch==== 0 cur_batch---- 93 g_step**** 11494 cost 1.1743474
cur_epoch==== 0 cur_batch---- 94 g_step**** 11495 cost 1.1254663
cur_epoch==== 0 cur_batch---- 95 g_step**** 11496 cost 1.3641251
cur_epoch==== 0 cur_batch---- 96 g_step**** 11497 cost 1.3334838
cur_epoch==== 0 cur_batch---- 97 g_step**** 11498 cost 1.299879
cur_epoch==== 0 cur_batch---- 98 g_step**** 11499 cost 1.5218675
cur_epoch==== 0 cur_batch---- 99 g_step**** 11500 cost 1.366313
save checkpoint 11500
cur_epoch==== 0 cur_batch---- 100 g_step**** 11501 cost 1.0704855
cur_epoch==== 0 cur_batch---- 101 g_step**** 11502 cost 1.2467637
cur_epoch==== 0 cur_batch---- 102 g_step**** 11503 cost 1.069113
cur_epoch==== 0 cur_batch---- 103 g_step**** 11504 cost 1.2688749
cur_epoch==== 0 cur_batch---- 104 g_step**** 11505 cost 1.1748095
cur_epoch==== 0 cur_batch---- 105 g_step**** 11506 cost 0.98772246
cur_epoch==== 0 cur_batch---- 106 g_step**** 11507 cost 1.1508752
cur_epoch==== 0 cur_batch---- 107 g_step**** 11508 cost 1.1728935
cur_epoch==== 0 cur_batch---- 108 g_step**** 11509 cost 1.518329
cur_epoch==== 0 cur_batch---- 109 g_step**** 11510 cost 1.2533892
cur_epoch==== 0 cur_batch---- 110 g_step**** 11511 cost 1.3682698
cur_epoch==== 0 cur_batch---- 111 g_step**** 11512 cost 1.2125607
cur_epoch==== 0 cur_batch---- 112 g_step**** 11513 cost 1.4386877
cur_epoch==== 0 cur_batch---- 113 g_step**** 11514 cost 1.6198357
cur_epoch==== 0 cur_batch---- 114 g_step**** 11515 cost 1.2423507
cur_epoch==== 0 cur_batch---- 115 g_step**** 11516 cost 1.4483564
cur_epoch==== 0 cur_batch---- 116 g_step**** 11517 cost 1.1968591
cur_epoch==== 0 cur_batch---- 117 g_step**** 11518 cost 1.2691351
cur_epoch==== 0 cur_batch---- 118 g_step**** 11519 cost 1.1710492
cur_epoch==== 0 cur_batch---- 119 g_step**** 11520 cost 1.4785212
cur_epoch==== 0 cur_batch---- 120 g_step**** 11521 cost 1.5811417
cur_epoch==== 0 cur_batch---- 121 g_step**** 11522 cost 1.349683
cur_epoch==== 0 cur_batch---- 122 g_step**** 11523 cost 1.478067
cur_epoch==== 0 cur_batch---- 123 g_step**** 11524 cost 1.3257581
cur_epoch==== 0 cur_batch---- 124 g_step**** 11525 cost 1.0640361
cur_epoch==== 0 cur_batch---- 125 g_step**** 11526 cost 1.4125029
cur_epoch==== 0 cur_batch---- 126 g_step**** 11527 cost 1.359565
cur_epoch==== 0 cur_batch---- 127 g_step**** 11528 cost 1.151183
cur_epoch==== 0 cur_batch---- 128 g_step**** 11529 cost 1.4289905
cur_epoch==== 0 cur_batch---- 129 g_step**** 11530 cost 1.3001037
cur_epoch==== 0 cur_batch---- 130 g_step**** 11531 cost 1.2380967
cur_epoch==== 0 cur_batch---- 131 g_step**** 11532 cost 1.223588
cur_epoch==== 0 cur_batch---- 132 g_step**** 11533 cost 1.1782706
cur_epoch==== 0 cur_batch---- 133 g_step**** 11534 cost 1.3313327
cur_epoch==== 0 cur_batch---- 134 g_step**** 11535 cost 1.3654448
cur_epoch==== 0 cur_batch---- 135 g_step**** 11536 cost 1.2851096
cur_epoch==== 0 cur_batch---- 136 g_step**** 11537 cost 1.2329886
cur_epoch==== 0 cur_batch---- 137 g_step**** 11538 cost 1.2543621
cur_epoch==== 0 cur_batch---- 138 g_step**** 11539 cost 1.6790661
cur_epoch==== 0 cur_batch---- 139 g_step**** 11540 cost 1.5246812
cur_epoch==== 0 cur_batch---- 140 g_step**** 11541 cost 1.2655778
cur_epoch==== 0 cur_batch---- 141 g_step**** 11542 cost 1.3186605
cur_epoch==== 0 cur_batch---- 142 g_step**** 11543 cost 1.1124684
cur_epoch==== 0 cur_batch---- 143 g_step**** 11544 cost 1.2342881
cur_epoch==== 0 cur_batch---- 144 g_step**** 11545 cost 1.0643623
cur_epoch==== 0 cur_batch---- 145 g_step**** 11546 cost 1.4556092
cur_epoch==== 0 cur_batch---- 146 g_step**** 11547 cost 1.2392548
cur_epoch==== 0 cur_batch---- 147 g_step**** 11548 cost 1.2284085
cur_epoch==== 0 cur_batch---- 148 g_step**** 11549 cost 1.2464206
cur_epoch==== 0 cur_batch---- 149 g_step**** 11550 cost 1.184084
cur_epoch==== 0 cur_batch---- 150 g_step**** 11551 cost 1.2051898
cur_epoch==== 0 cur_batch---- 151 g_step**** 11552 cost 1.0404494
cur_epoch==== 0 cur_batch---- 152 g_step**** 11553 cost 1.1303273
cur_epoch==== 0 cur_batch---- 153 g_step**** 11554 cost 1.2908928
cur_epoch==== 0 cur_batch---- 154 g_step**** 11555 cost 1.1537564
cur_epoch==== 0 cur_batch---- 155 g_step**** 11556 cost 1.2523532
cur_epoch==== 0 cur_batch---- 156 g_step**** 11557 cost 1.2927547
cur_epoch==== 0 cur_batch---- 157 g_step**** 11558 cost 1.3376896
cur_epoch==== 0 cur_batch---- 158 g_step**** 11559 cost 1.3070006
cur_epoch==== 0 cur_batch---- 159 g_step**** 11560 cost 1.1707315
cur_epoch==== 0 cur_batch---- 160 g_step**** 11561 cost 1.142331
cur_epoch==== 0 cur_batch---- 161 g_step**** 11562 cost 1.3159492
cur_epoch==== 0 cur_batch---- 162 g_step**** 11563 cost 1.136525
cur_epoch==== 0 cur_batch---- 163 g_step**** 11564 cost 2.2006633
cur_epoch==== 0 cur_batch---- 164 g_step**** 11565 cost 1.5113659
cur_epoch==== 0 cur_batch---- 165 g_step**** 11566 cost 1.1724712
cur_epoch==== 0 cur_batch---- 166 g_step**** 11567 cost 1.0361536
cur_epoch==== 0 cur_batch---- 167 g_step**** 11568 cost 1.3640826
cur_epoch==== 0 cur_batch---- 168 g_step**** 11569 cost 1.340017
cur_epoch==== 0 cur_batch---- 169 g_step**** 11570 cost 1.1329093
cur_epoch==== 0 cur_batch---- 170 g_step**** 11571 cost 1.0937376
cur_epoch==== 0 cur_batch---- 171 g_step**** 11572 cost 1.36385
cur_epoch==== 0 cur_batch---- 172 g_step**** 11573 cost 1.3940086
cur_epoch==== 0 cur_batch---- 173 g_step**** 11574 cost 1.3582815
cur_epoch==== 0 cur_batch---- 174 g_step**** 11575 cost 1.4616406
cur_epoch==== 0 cur_batch---- 175 g_step**** 11576 cost 1.2930539
cur_epoch==== 0 cur_batch---- 176 g_step**** 11577 cost 1.7565447
cur_epoch==== 0 cur_batch---- 177 g_step**** 11578 cost 1.1331527
cur_epoch==== 0 cur_batch---- 178 g_step**** 11579 cost 1.2969815
cur_epoch==== 0 cur_batch---- 179 g_step**** 11580 cost 1.0343486
cur_epoch==== 0 cur_batch---- 180 g_step**** 11581 cost 1.1960512
cur_epoch==== 0 cur_batch---- 181 g_step**** 11582 cost 1.1104492
cur_epoch==== 0 cur_batch---- 182 g_step**** 11583 cost 1.2843566
cur_epoch==== 0 cur_batch---- 183 g_step**** 11584 cost 1.3199124
cur_epoch==== 0 cur_batch---- 184 g_step**** 11585 cost 1.1260556
cur_epoch==== 0 cur_batch---- 185 g_step**** 11586 cost 1.4074415
cur_epoch==== 0 cur_batch---- 186 g_step**** 11587 cost 1.3130322
cur_epoch==== 0 cur_batch---- 187 g_step**** 11588 cost 1.0936731
cur_epoch==== 0 cur_batch---- 188 g_step**** 11589 cost 1.477842
cur_epoch==== 0 cur_batch---- 189 g_step**** 11590 cost 1.3522481
cur_epoch==== 0 cur_batch---- 190 g_step**** 11591 cost 1.277994
cur_epoch==== 0 cur_batch---- 191 g_step**** 11592 cost 1.1942371
cur_epoch==== 0 cur_batch---- 192 g_step**** 11593 cost 1.0840045
cur_epoch==== 0 cur_batch---- 193 g_step**** 11594 cost 1.0324113
cur_epoch==== 0 cur_batch---- 194 g_step**** 11595 cost 1.4977831
cur_epoch==== 0 cur_batch---- 195 g_step**** 11596 cost 1.4659882
cur_epoch==== 0 cur_batch---- 196 g_step**** 11597 cost 1.2129759
cur_epoch==== 0 cur_batch---- 197 g_step**** 11598 cost 1.0859997
cur_epoch==== 0 cur_batch---- 198 g_step**** 11599 cost 1.3204706
cur_epoch==== 0 cur_batch---- 199 g_step**** 11600 cost 1.1678648
2
index_cv [0, 1, 2, 3, 4, 5, 6, 7, 8, 9, 10, 11, 12, 13, 14, 15, 16, 17, 18, 19, 20, 21, 22, 23, 24, 25, 26, 27, 28, 29, 30, 31, 32, 33, 34, 35, 36, 37, 38, 39, 40, 41, 42, 43, 44, 45, 46, 47, 48, 49, 50, 51, 52, 53, 54, 55, 56, 57, 58, 59, 60, 61, 62, 63, 64, 65, 66, 67, 68, 69, 70, 71, 72, 73, 74, 75, 76, 77, 78, 79, 80, 81, 82, 83, 84, 85, 86, 87, 88, 89, 90, 91, 92, 93, 94, 95, 96, 97, 98, 99, 100, 101, 102, 103, 104, 105, 106, 107, 108, 109, 110, 111, 112, 113, 114, 115, 116, 117, 118, 119, 120, 121, 122, 123, 124, 125, 126, 127]
2
index_cv [128, 129, 130, 131, 132, 133, 134, 135, 136, 137, 138, 139, 140, 141, 142, 143, 144, 145, 146, 147, 148, 149, 150, 151, 152, 153, 154, 155, 156, 157, 158, 159, 160, 161, 162, 163, 164, 165, 166, 167, 168, 169, 170, 171, 172, 173, 174, 175, 176, 177, 178, 179, 180, 181, 182, 183, 184, 185, 186, 187, 188, 189, 190, 191, 192, 193, 194, 195, 196, 197, 198, 199, 200, 201, 202, 203, 204, 205, 206, 207, 208, 209, 210, 211, 212, 213, 214, 215, 216, 217, 218, 219, 220, 221, 222, 223, 224, 225, 226, 227, 228, 229, 230, 231, 232, 233, 234, 235, 236, 237, 238, 239, 240, 241, 242, 243, 244, 245, 246, 247, 248, 249, 250, 251, 252, 253, 254, 255]
acc 0.1015625
save checkpoint 11600
cur_epoch==== 0 cur_batch---- 200 g_step**** 11601 cost 1.6427423
cur_epoch==== 0 cur_batch---- 201 g_step**** 11602 cost 1.332343
cur_epoch==== 0 cur_batch---- 202 g_step**** 11603 cost 1.1105088
cur_epoch==== 0 cur_batch---- 203 g_step**** 11604 cost 1.2648367
cur_epoch==== 0 cur_batch---- 204 g_step**** 11605 cost 1.1272609
cur_epoch==== 0 cur_batch---- 205 g_step**** 11606 cost 1.2274517
cur_epoch==== 0 cur_batch---- 206 g_step**** 11607 cost 1.3201478
cur_epoch==== 0 cur_batch---- 207 g_step**** 11608 cost 1.3278558
cur_epoch==== 0 cur_batch---- 208 g_step**** 11609 cost 1.4463054
cur_epoch==== 0 cur_batch---- 209 g_step**** 11610 cost 1.4044068
cur_epoch==== 0 cur_batch---- 210 g_step**** 11611 cost 1.1030431
cur_epoch==== 0 cur_batch---- 211 g_step**** 11612 cost 1.4063364
cur_epoch==== 0 cur_batch---- 212 g_step**** 11613 cost 1.3747841
cur_epoch==== 0 cur_batch---- 213 g_step**** 11614 cost 1.1828506
cur_epoch==== 0 cur_batch---- 214 g_step**** 11615 cost 1.2659749
cur_epoch==== 0 cur_batch---- 215 g_step**** 11616 cost 1.2885957
cur_epoch==== 0 cur_batch---- 216 g_step**** 11617 cost 1.2759866
cur_epoch==== 0 cur_batch---- 217 g_step**** 11618 cost 1.2164878
cur_epoch==== 0 cur_batch---- 218 g_step**** 11619 cost 1.5778694
cur_epoch==== 0 cur_batch---- 219 g_step**** 11620 cost 1.1688029
cur_epoch==== 0 cur_batch---- 220 g_step**** 11621 cost 1.0053508
cur_epoch==== 0 cur_batch---- 221 g_step**** 11622 cost 1.1479346
cur_epoch==== 0 cur_batch---- 222 g_step**** 11623 cost 1.4852216
cur_epoch==== 0 cur_batch---- 223 g_step**** 11624 cost 1.2504823
cur_epoch==== 0 cur_batch---- 224 g_step**** 11625 cost 1.2386205
cur_epoch==== 0 cur_batch---- 225 g_step**** 11626 cost 1.4349585
cur_epoch==== 0 cur_batch---- 226 g_step**** 11627 cost 1.29277
cur_epoch==== 0 cur_batch---- 227 g_step**** 11628 cost 1.1963598
cur_epoch==== 0 cur_batch---- 228 g_step**** 11629 cost 1.21755
cur_epoch==== 0 cur_batch---- 229 g_step**** 11630 cost 0.9799426
cur_epoch==== 0 cur_batch---- 230 g_step**** 11631 cost 1.0268109
cur_epoch==== 0 cur_batch---- 231 g_step**** 11632 cost 1.4511205
cur_epoch==== 0 cur_batch---- 232 g_step**** 11633 cost 1.0949721
cur_epoch==== 0 cur_batch---- 233 g_step**** 11634 cost 1.0793657
cur_epoch==== 0 cur_batch---- 234 g_step**** 11635 cost 1.4875618
cur_epoch==== 0 cur_batch---- 235 g_step**** 11636 cost 1.3230098
cur_epoch==== 0 cur_batch---- 236 g_step**** 11637 cost 1.412468
cur_epoch==== 0 cur_batch---- 237 g_step**** 11638 cost 1.1610155
cur_epoch==== 0 cur_batch---- 238 g_step**** 11639 cost 1.1310748
cur_epoch==== 0 cur_batch---- 239 g_step**** 11640 cost 1.3608962
cur_epoch==== 0 cur_batch---- 240 g_step**** 11641 cost 1.2646767
cur_epoch==== 0 cur_batch---- 241 g_step**** 11642 cost 1.7425344
cur_epoch==== 0 cur_batch---- 242 g_step**** 11643 cost 1.113769
cur_epoch==== 0 cur_batch---- 243 g_step**** 11644 cost 1.2787505
cur_epoch==== 0 cur_batch---- 244 g_step**** 11645 cost 1.0567071
cur_epoch==== 0 cur_batch---- 245 g_step**** 11646 cost 1.3445324
cur_epoch==== 0 cur_batch---- 246 g_step**** 11647 cost 0.9965697
cur_epoch==== 0 cur_batch---- 247 g_step**** 11648 cost 1.260161
cur_epoch==== 0 cur_batch---- 248 g_step**** 11649 cost 1.2366216
cur_epoch==== 0 cur_batch---- 249 g_step**** 11650 cost 1.5865805
cur_epoch==== 0 cur_batch---- 250 g_step**** 11651 cost 1.2491901
cur_epoch==== 0 cur_batch---- 251 g_step**** 11652 cost 1.3003176
cur_epoch==== 0 cur_batch---- 252 g_step**** 11653 cost 1.6678618
cur_epoch==== 0 cur_batch---- 253 g_step**** 11654 cost 1.4242083
cur_epoch==== 0 cur_batch---- 254 g_step**** 11655 cost 1.1283906
cur_epoch==== 0 cur_batch---- 255 g_step**** 11656 cost 1.377349
cur_epoch==== 0 cur_batch---- 256 g_step**** 11657 cost 1.4595565
cur_epoch==== 0 cur_batch---- 257 g_step**** 11658 cost 1.0692929
cur_epoch==== 0 cur_batch---- 258 g_step**** 11659 cost 1.5483073
cur_epoch==== 0 cur_batch---- 259 g_step**** 11660 cost 1.5550783
cur_epoch==== 0 cur_batch---- 260 g_step**** 11661 cost 1.2517827
cur_epoch==== 0 cur_batch---- 261 g_step**** 11662 cost 1.1414334
cur_epoch==== 0 cur_batch---- 262 g_step**** 11663 cost 1.4056455
cur_epoch==== 0 cur_batch---- 263 g_step**** 11664 cost 1.2923629
cur_epoch==== 0 cur_batch---- 264 g_step**** 11665 cost 1.3256881
cur_epoch==== 0 cur_batch---- 265 g_step**** 11666 cost 1.3248581
cur_epoch==== 0 cur_batch---- 266 g_step**** 11667 cost 1.24972
cur_epoch==== 0 cur_batch---- 267 g_step**** 11668 cost 1.4778587
cur_epoch==== 0 cur_batch---- 268 g_step**** 11669 cost 1.3106718
cur_epoch==== 0 cur_batch---- 269 g_step**** 11670 cost 1.2553108
cur_epoch==== 0 cur_batch---- 270 g_step**** 11671 cost 1.2305033
cur_epoch==== 0 cur_batch---- 271 g_step**** 11672 cost 1.1472523
cur_epoch==== 0 cur_batch---- 272 g_step**** 11673 cost 1.2590343
cur_epoch==== 0 cur_batch---- 273 g_step**** 11674 cost 1.1005766
cur_epoch==== 0 cur_batch---- 274 g_step**** 11675 cost 1.5525687
cur_epoch==== 0 cur_batch---- 275 g_step**** 11676 cost 1.3892028
cur_epoch==== 0 cur_batch---- 276 g_step**** 11677 cost 1.3266455
cur_epoch==== 0 cur_batch---- 277 g_step**** 11678 cost 1.5086895
cur_epoch==== 0 cur_batch---- 278 g_step**** 11679 cost 1.3261954
cur_epoch==== 0 cur_batch---- 279 g_step**** 11680 cost 1.3391355
cur_epoch==== 0 cur_batch---- 280 g_step**** 11681 cost 0.95691556
cur_epoch==== 0 cur_batch---- 281 g_step**** 11682 cost 1.273243
cur_epoch==== 0 cur_batch---- 282 g_step**** 11683 cost 1.0296122
cur_epoch==== 0 cur_batch---- 283 g_step**** 11684 cost 1.3370005
cur_epoch==== 0 cur_batch---- 284 g_step**** 11685 cost 1.6811522
cur_epoch==== 0 cur_batch---- 285 g_step**** 11686 cost 1.1339744
cur_epoch==== 0 cur_batch---- 286 g_step**** 11687 cost 1.2248768
cur_epoch==== 0 cur_batch---- 287 g_step**** 11688 cost 1.226788
cur_epoch==== 0 cur_batch---- 288 g_step**** 11689 cost 1.4401916
cur_epoch==== 0 cur_batch---- 289 g_step**** 11690 cost 1.1557813
cur_epoch==== 0 cur_batch---- 290 g_step**** 11691 cost 1.1976528
cur_epoch==== 0 cur_batch---- 291 g_step**** 11692 cost 1.2231266
cur_epoch==== 0 cur_batch---- 292 g_step**** 11693 cost 1.2309297
cur_epoch==== 0 cur_batch---- 293 g_step**** 11694 cost 1.5132486
cur_epoch==== 0 cur_batch---- 294 g_step**** 11695 cost 1.2113531
cur_epoch==== 0 cur_batch---- 295 g_step**** 11696 cost 1.4314893
cur_epoch==== 0 cur_batch---- 296 g_step**** 11697 cost 1.4195982
cur_epoch==== 0 cur_batch---- 297 g_step**** 11698 cost 1.2760721
cur_epoch==== 0 cur_batch---- 298 g_step**** 11699 cost 1.598033
cur_epoch==== 0 cur_batch---- 299 g_step**** 11700 cost 1.2810408
save checkpoint 11700
cur_epoch==== 0 cur_batch---- 300 g_step**** 11701 cost 1.4934018
cur_epoch==== 0 cur_batch---- 301 g_step**** 11702 cost 1.4377747
cur_epoch==== 0 cur_batch---- 302 g_step**** 11703 cost 1.3593472
cur_epoch==== 0 cur_batch---- 303 g_step**** 11704 cost 1.1493052
cur_epoch==== 0 cur_batch---- 304 g_step**** 11705 cost 1.2818761
cur_epoch==== 0 cur_batch---- 305 g_step**** 11706 cost 1.1673582
cur_epoch==== 0 cur_batch---- 306 g_step**** 11707 cost 1.2220352
cur_epoch==== 0 cur_batch---- 307 g_step**** 11708 cost 1.4812534
cur_epoch==== 0 cur_batch---- 308 g_step**** 11709 cost 1.3372703
cur_epoch==== 0 cur_batch---- 309 g_step**** 11710 cost 1.3486161
cur_epoch==== 0 cur_batch---- 310 g_step**** 11711 cost 1.6022409
cur_epoch==== 0 cur_batch---- 311 g_step**** 11712 cost 1.5731969
cur_epoch==== 0 cur_batch---- 312 g_step**** 11713 cost 1.0134841
cur_epoch==== 0 cur_batch---- 313 g_step**** 11714 cost 1.2913885
cur_epoch==== 0 cur_batch---- 314 g_step**** 11715 cost 1.1311009
cur_epoch==== 0 cur_batch---- 315 g_step**** 11716 cost 1.4727983
cur_epoch==== 0 cur_batch---- 316 g_step**** 11717 cost 1.4616022
cur_epoch==== 0 cur_batch---- 317 g_step**** 11718 cost 0.979
cur_epoch==== 0 cur_batch---- 318 g_step**** 11719 cost 1.3006672
cur_epoch==== 0 cur_batch---- 319 g_step**** 11720 cost 1.4505937
cur_epoch==== 0 cur_batch---- 320 g_step**** 11721 cost 1.1834599
cur_epoch==== 0 cur_batch---- 321 g_step**** 11722 cost 1.0258868
cur_epoch==== 0 cur_batch---- 322 g_step**** 11723 cost 1.1943403
cur_epoch==== 0 cur_batch---- 323 g_step**** 11724 cost 1.2861954
cur_epoch==== 1 cur_batch---- 0 g_step**** 11725 cost 1.2011908
cur_epoch==== 1 cur_batch---- 1 g_step**** 11726 cost 1.377715
cur_epoch==== 1 cur_batch---- 2 g_step**** 11727 cost 1.246284
cur_epoch==== 1 cur_batch---- 3 g_step**** 11728 cost 1.0778517
cur_epoch==== 1 cur_batch---- 4 g_step**** 11729 cost 0.9335375
cur_epoch==== 1 cur_batch---- 5 g_step**** 11730 cost 1.431709
cur_epoch==== 1 cur_batch---- 6 g_step**** 11731 cost 1.0190568
cur_epoch==== 1 cur_batch---- 7 g_step**** 11732 cost 1.0048566
cur_epoch==== 1 cur_batch---- 8 g_step**** 11733 cost 1.4073753
cur_epoch==== 1 cur_batch---- 9 g_step**** 11734 cost 1.4667145
cur_epoch==== 1 cur_batch---- 10 g_step**** 11735 cost 1.3497173
cur_epoch==== 1 cur_batch---- 11 g_step**** 11736 cost 1.4511364
cur_epoch==== 1 cur_batch---- 12 g_step**** 11737 cost 1.5121317
cur_epoch==== 1 cur_batch---- 13 g_step**** 11738 cost 1.0452013
cur_epoch==== 1 cur_batch---- 14 g_step**** 11739 cost 1.6556286
cur_epoch==== 1 cur_batch---- 15 g_step**** 11740 cost 1.3135744
cur_epoch==== 1 cur_batch---- 16 g_step**** 11741 cost 1.1195754
cur_epoch==== 1 cur_batch---- 17 g_step**** 11742 cost 1.2491391
cur_epoch==== 1 cur_batch---- 18 g_step**** 11743 cost 1.193399
cur_epoch==== 1 cur_batch---- 19 g_step**** 11744 cost 1.2691238
cur_epoch==== 1 cur_batch---- 20 g_step**** 11745 cost 1.2198462
cur_epoch==== 1 cur_batch---- 21 g_step**** 11746 cost 1.3044415
cur_epoch==== 1 cur_batch---- 22 g_step**** 11747 cost 0.9650348
cur_epoch==== 1 cur_batch---- 23 g_step**** 11748 cost 1.1552936
cur_epoch==== 1 cur_batch---- 24 g_step**** 11749 cost 1.3484492
cur_epoch==== 1 cur_batch---- 25 g_step**** 11750 cost 1.1789111
cur_epoch==== 1 cur_batch---- 26 g_step**** 11751 cost 1.1697059
cur_epoch==== 1 cur_batch---- 27 g_step**** 11752 cost 1.2292899
cur_epoch==== 1 cur_batch---- 28 g_step**** 11753 cost 1.3168299
cur_epoch==== 1 cur_batch---- 29 g_step**** 11754 cost 1.2297283
cur_epoch==== 1 cur_batch---- 30 g_step**** 11755 cost 1.0211102
cur_epoch==== 1 cur_batch---- 31 g_step**** 11756 cost 1.2029608
cur_epoch==== 1 cur_batch---- 32 g_step**** 11757 cost 1.2431926
cur_epoch==== 1 cur_batch---- 33 g_step**** 11758 cost 1.2199107
cur_epoch==== 1 cur_batch---- 34 g_step**** 11759 cost 1.3484857
cur_epoch==== 1 cur_batch---- 35 g_step**** 11760 cost 1.0801673
cur_epoch==== 1 cur_batch---- 36 g_step**** 11761 cost 1.0539376
cur_epoch==== 1 cur_batch---- 37 g_step**** 11762 cost 1.2746348
cur_epoch==== 1 cur_batch---- 38 g_step**** 11763 cost 1.1253204
cur_epoch==== 1 cur_batch---- 39 g_step**** 11764 cost 1.2223709
cur_epoch==== 1 cur_batch---- 40 g_step**** 11765 cost 1.3932773
cur_epoch==== 1 cur_batch---- 41 g_step**** 11766 cost 1.482734
cur_epoch==== 1 cur_batch---- 42 g_step**** 11767 cost 1.0005863
cur_epoch==== 1 cur_batch---- 43 g_step**** 11768 cost 1.7451183
cur_epoch==== 1 cur_batch---- 44 g_step**** 11769 cost 1.3194597
cur_epoch==== 1 cur_batch---- 45 g_step**** 11770 cost 1.8645898
cur_epoch==== 1 cur_batch---- 46 g_step**** 11771 cost 1.0352423
cur_epoch==== 1 cur_batch---- 47 g_step**** 11772 cost 1.6243858
cur_epoch==== 1 cur_batch---- 48 g_step**** 11773 cost 1.2507449
cur_epoch==== 1 cur_batch---- 49 g_step**** 11774 cost 1.2282994
cur_epoch==== 1 cur_batch---- 50 g_step**** 11775 cost 1.0373218
cur_epoch==== 1 cur_batch---- 51 g_step**** 11776 cost 1.3724997
cur_epoch==== 1 cur_batch---- 52 g_step**** 11777 cost 1.3189905
cur_epoch==== 1 cur_batch---- 53 g_step**** 11778 cost 1.4472669
cur_epoch==== 1 cur_batch---- 54 g_step**** 11779 cost 1.2130218
cur_epoch==== 1 cur_batch---- 55 g_step**** 11780 cost 1.4665327
cur_epoch==== 1 cur_batch---- 56 g_step**** 11781 cost 1.5411932
cur_epoch==== 1 cur_batch---- 57 g_step**** 11782 cost 1.1675136
cur_epoch==== 1 cur_batch---- 58 g_step**** 11783 cost 1.2713093
cur_epoch==== 1 cur_batch---- 59 g_step**** 11784 cost 1.3258686
cur_epoch==== 1 cur_batch---- 60 g_step**** 11785 cost 1.1625601
cur_epoch==== 1 cur_batch---- 61 g_step**** 11786 cost 1.1699152
cur_epoch==== 1 cur_batch---- 62 g_step**** 11787 cost 1.156491
cur_epoch==== 1 cur_batch---- 63 g_step**** 11788 cost 1.2618239
cur_epoch==== 1 cur_batch---- 64 g_step**** 11789 cost 0.95637536
cur_epoch==== 1 cur_batch---- 65 g_step**** 11790 cost 1.1609939
cur_epoch==== 1 cur_batch---- 66 g_step**** 11791 cost 1.5280881
cur_epoch==== 1 cur_batch---- 67 g_step**** 11792 cost 1.1892194
cur_epoch==== 1 cur_batch---- 68 g_step**** 11793 cost 1.529314
cur_epoch==== 1 cur_batch---- 69 g_step**** 11794 cost 1.4305869
cur_epoch==== 1 cur_batch---- 70 g_step**** 11795 cost 1.2867453
cur_epoch==== 1 cur_batch---- 71 g_step**** 11796 cost 1.2690263
cur_epoch==== 1 cur_batch---- 72 g_step**** 11797 cost 1.2618335
cur_epoch==== 1 cur_batch---- 73 g_step**** 11798 cost 1.1980214
cur_epoch==== 1 cur_batch---- 74 g_step**** 11799 cost 1.1993898
cur_epoch==== 1 cur_batch---- 75 g_step**** 11800 cost 1.0918328
save checkpoint 11800
cur_epoch==== 1 cur_batch---- 76 g_step**** 11801 cost 1.2160982
cur_epoch==== 1 cur_batch---- 77 g_step**** 11802 cost 1.3818085
cur_epoch==== 1 cur_batch---- 78 g_step**** 11803 cost 1.1888404
cur_epoch==== 1 cur_batch---- 79 g_step**** 11804 cost 1.0789804
cur_epoch==== 1 cur_batch---- 80 g_step**** 11805 cost 1.1541011
cur_epoch==== 1 cur_batch---- 81 g_step**** 11806 cost 1.0870986
cur_epoch==== 1 cur_batch---- 82 g_step**** 11807 cost 1.2782052
cur_epoch==== 1 cur_batch---- 83 g_step**** 11808 cost 1.3499402
cur_epoch==== 1 cur_batch---- 84 g_step**** 11809 cost 1.2275598
cur_epoch==== 1 cur_batch---- 85 g_step**** 11810 cost 1.4156533
cur_epoch==== 1 cur_batch---- 86 g_step**** 11811 cost 1.0589685
cur_epoch==== 1 cur_batch---- 87 g_step**** 11812 cost 1.1150461
cur_epoch==== 1 cur_batch---- 88 g_step**** 11813 cost 0.8751529
cur_epoch==== 1 cur_batch---- 89 g_step**** 11814 cost 1.096554
cur_epoch==== 1 cur_batch---- 90 g_step**** 11815 cost 1.0010879
cur_epoch==== 1 cur_batch---- 91 g_step**** 11816 cost 1.2487359
cur_epoch==== 1 cur_batch---- 92 g_step**** 11817 cost 1.7515173
cur_epoch==== 1 cur_batch---- 93 g_step**** 11818 cost 1.0801377
cur_epoch==== 1 cur_batch---- 94 g_step**** 11819 cost 1.3346366
cur_epoch==== 1 cur_batch---- 95 g_step**** 11820 cost 1.0850253
cur_epoch==== 1 cur_batch---- 96 g_step**** 11821 cost 1.0976709
cur_epoch==== 1 cur_batch---- 97 g_step**** 11822 cost 1.1661041
cur_epoch==== 1 cur_batch---- 98 g_step**** 11823 cost 0.9853603
cur_epoch==== 1 cur_batch---- 99 g_step**** 11824 cost 1.4676757
cur_epoch==== 1 cur_batch---- 100 g_step**** 11825 cost 1.1637315
cur_epoch==== 1 cur_batch---- 101 g_step**** 11826 cost 1.3589416
cur_epoch==== 1 cur_batch---- 102 g_step**** 11827 cost 1.1241348
cur_epoch==== 1 cur_batch---- 103 g_step**** 11828 cost 1.5634084
cur_epoch==== 1 cur_batch---- 104 g_step**** 11829 cost 1.0482265
cur_epoch==== 1 cur_batch---- 105 g_step**** 11830 cost 1.2721156
cur_epoch==== 1 cur_batch---- 106 g_step**** 11831 cost 1.3904967
cur_epoch==== 1 cur_batch---- 107 g_step**** 11832 cost 1.3432004
cur_epoch==== 1 cur_batch---- 108 g_step**** 11833 cost 1.1158472
cur_epoch==== 1 cur_batch---- 109 g_step**** 11834 cost 1.607921
cur_epoch==== 1 cur_batch---- 110 g_step**** 11835 cost 1.329596
cur_epoch==== 1 cur_batch---- 111 g_step**** 11836 cost 1.3173057
cur_epoch==== 1 cur_batch---- 112 g_step**** 11837 cost 1.4770954
cur_epoch==== 1 cur_batch---- 113 g_step**** 11838 cost 1.3830348
cur_epoch==== 1 cur_batch---- 114 g_step**** 11839 cost 1.3100686
cur_epoch==== 1 cur_batch---- 115 g_step**** 11840 cost 1.1133538
cur_epoch==== 1 cur_batch---- 116 g_step**** 11841 cost 1.0819187
cur_epoch==== 1 cur_batch---- 117 g_step**** 11842 cost 1.1454134
cur_epoch==== 1 cur_batch---- 118 g_step**** 11843 cost 1.3048421
cur_epoch==== 1 cur_batch---- 119 g_step**** 11844 cost 1.0430512
cur_epoch==== 1 cur_batch---- 120 g_step**** 11845 cost 1.2250011
cur_epoch==== 1 cur_batch---- 121 g_step**** 11846 cost 1.2432438
cur_epoch==== 1 cur_batch---- 122 g_step**** 11847 cost 1.5728625
cur_epoch==== 1 cur_batch---- 123 g_step**** 11848 cost 1.1276706
cur_epoch==== 1 cur_batch---- 124 g_step**** 11849 cost 1.9126849
cur_epoch==== 1 cur_batch---- 125 g_step**** 11850 cost 1.1135769
cur_epoch==== 1 cur_batch---- 126 g_step**** 11851 cost 1.1743457
cur_epoch==== 1 cur_batch---- 127 g_step**** 11852 cost 1.4257026
cur_epoch==== 1 cur_batch---- 128 g_step**** 11853 cost 1.4594526
cur_epoch==== 1 cur_batch---- 129 g_step**** 11854 cost 1.2697132
cur_epoch==== 1 cur_batch---- 130 g_step**** 11855 cost 1.2987866
cur_epoch==== 1 cur_batch---- 131 g_step**** 11856 cost 1.1695393
cur_epoch==== 1 cur_batch---- 132 g_step**** 11857 cost 1.315995
cur_epoch==== 1 cur_batch---- 133 g_step**** 11858 cost 1.2473283
cur_epoch==== 1 cur_batch---- 134 g_step**** 11859 cost 1.3907332
cur_epoch==== 1 cur_batch---- 135 g_step**** 11860 cost 1.2333556
cur_epoch==== 1 cur_batch---- 136 g_step**** 11861 cost 1.1059871
cur_epoch==== 1 cur_batch---- 137 g_step**** 11862 cost 2.321003
cur_epoch==== 1 cur_batch---- 138 g_step**** 11863 cost 1.0628287
cur_epoch==== 1 cur_batch---- 139 g_step**** 11864 cost 1.1527425
cur_epoch==== 1 cur_batch---- 140 g_step**** 11865 cost 1.1554859
cur_epoch==== 1 cur_batch---- 141 g_step**** 11866 cost 1.1566148
cur_epoch==== 1 cur_batch---- 142 g_step**** 11867 cost 1.1910794
cur_epoch==== 1 cur_batch---- 143 g_step**** 11868 cost 1.2257321
cur_epoch==== 1 cur_batch---- 144 g_step**** 11869 cost 1.5181445
cur_epoch==== 1 cur_batch---- 145 g_step**** 11870 cost 1.1598788
cur_epoch==== 1 cur_batch---- 146 g_step**** 11871 cost 1.2088988
cur_epoch==== 1 cur_batch---- 147 g_step**** 11872 cost 1.214751
cur_epoch==== 1 cur_batch---- 148 g_step**** 11873 cost 1.2789716
cur_epoch==== 1 cur_batch---- 149 g_step**** 11874 cost 1.2782245
cur_epoch==== 1 cur_batch---- 150 g_step**** 11875 cost 1.2539746
cur_epoch==== 1 cur_batch---- 151 g_step**** 11876 cost 1.371059
cur_epoch==== 1 cur_batch---- 152 g_step**** 11877 cost 1.5248938
cur_epoch==== 1 cur_batch---- 153 g_step**** 11878 cost 1.495971
cur_epoch==== 1 cur_batch---- 154 g_step**** 11879 cost 1.1205264
cur_epoch==== 1 cur_batch---- 155 g_step**** 11880 cost 1.1917089
cur_epoch==== 1 cur_batch---- 156 g_step**** 11881 cost 1.4017259
cur_epoch==== 1 cur_batch---- 157 g_step**** 11882 cost 1.0245177
cur_epoch==== 1 cur_batch---- 158 g_step**** 11883 cost 1.2070535
cur_epoch==== 1 cur_batch---- 159 g_step**** 11884 cost 1.2405512
cur_epoch==== 1 cur_batch---- 160 g_step**** 11885 cost 1.3008064
cur_epoch==== 1 cur_batch---- 161 g_step**** 11886 cost 1.2480447
cur_epoch==== 1 cur_batch---- 162 g_step**** 11887 cost 1.6586566
cur_epoch==== 1 cur_batch---- 163 g_step**** 11888 cost 1.2436558
cur_epoch==== 1 cur_batch---- 164 g_step**** 11889 cost 1.4522209
cur_epoch==== 1 cur_batch---- 165 g_step**** 11890 cost 1.2240803
cur_epoch==== 1 cur_batch---- 166 g_step**** 11891 cost 1.1837951
cur_epoch==== 1 cur_batch---- 167 g_step**** 11892 cost 1.4615027
cur_epoch==== 1 cur_batch---- 168 g_step**** 11893 cost 1.3246616
cur_epoch==== 1 cur_batch---- 169 g_step**** 11894 cost 1.1108892
cur_epoch==== 1 cur_batch---- 170 g_step**** 11895 cost 1.3178066
cur_epoch==== 1 cur_batch---- 171 g_step**** 11896 cost 1.3015416
cur_epoch==== 1 cur_batch---- 172 g_step**** 11897 cost 1.2163495
cur_epoch==== 1 cur_batch---- 173 g_step**** 11898 cost 1.1804333
cur_epoch==== 1 cur_batch---- 174 g_step**** 11899 cost 1.2061197
cur_epoch==== 1 cur_batch---- 175 g_step**** 11900 cost 1.2227304
save checkpoint 11900
cur_epoch==== 1 cur_batch---- 176 g_step**** 11901 cost 1.1493276
cur_epoch==== 1 cur_batch---- 177 g_step**** 11902 cost 1.312929
cur_epoch==== 1 cur_batch---- 178 g_step**** 11903 cost 1.0880176
cur_epoch==== 1 cur_batch---- 179 g_step**** 11904 cost 1.049742
cur_epoch==== 1 cur_batch---- 180 g_step**** 11905 cost 1.0580388
cur_epoch==== 1 cur_batch---- 181 g_step**** 11906 cost 1.3914549
cur_epoch==== 1 cur_batch---- 182 g_step**** 11907 cost 1.1646129
cur_epoch==== 1 cur_batch---- 183 g_step**** 11908 cost 1.4650583
cur_epoch==== 1 cur_batch---- 184 g_step**** 11909 cost 1.3269858
cur_epoch==== 1 cur_batch---- 185 g_step**** 11910 cost 1.2286392
cur_epoch==== 1 cur_batch---- 186 g_step**** 11911 cost 1.554994
cur_epoch==== 1 cur_batch---- 187 g_step**** 11912 cost 1.2020868
cur_epoch==== 1 cur_batch---- 188 g_step**** 11913 cost 1.4568584
cur_epoch==== 1 cur_batch---- 189 g_step**** 11914 cost 1.3823483
cur_epoch==== 1 cur_batch---- 190 g_step**** 11915 cost 1.2562722
cur_epoch==== 1 cur_batch---- 191 g_step**** 11916 cost 1.2809701
cur_epoch==== 1 cur_batch---- 192 g_step**** 11917 cost 0.9521142
cur_epoch==== 1 cur_batch---- 193 g_step**** 11918 cost 1.2720106
cur_epoch==== 1 cur_batch---- 194 g_step**** 11919 cost 1.5281241
cur_epoch==== 1 cur_batch---- 195 g_step**** 11920 cost 1.0348476
cur_epoch==== 1 cur_batch---- 196 g_step**** 11921 cost 1.2912549
cur_epoch==== 1 cur_batch---- 197 g_step**** 11922 cost 1.4723026
cur_epoch==== 1 cur_batch---- 198 g_step**** 11923 cost 1.2658625
cur_epoch==== 1 cur_batch---- 199 g_step**** 11924 cost 1.6327529
cur_epoch==== 1 cur_batch---- 200 g_step**** 11925 cost 1.0333862
cur_epoch==== 1 cur_batch---- 201 g_step**** 11926 cost 1.1193265
cur_epoch==== 1 cur_batch---- 202 g_step**** 11927 cost 1.4604133
cur_epoch==== 1 cur_batch---- 203 g_step**** 11928 cost 1.9578804
cur_epoch==== 1 cur_batch---- 204 g_step**** 11929 cost 1.2866943
cur_epoch==== 1 cur_batch---- 205 g_step**** 11930 cost 1.1410697
cur_epoch==== 1 cur_batch---- 206 g_step**** 11931 cost 1.1198846
cur_epoch==== 1 cur_batch---- 207 g_step**** 11932 cost 1.3089707
cur_epoch==== 1 cur_batch---- 208 g_step**** 11933 cost 1.5801415
cur_epoch==== 1 cur_batch---- 209 g_step**** 11934 cost 1.2925509
cur_epoch==== 1 cur_batch---- 210 g_step**** 11935 cost 1.2337526
cur_epoch==== 1 cur_batch---- 211 g_step**** 11936 cost 1.4058015
cur_epoch==== 1 cur_batch---- 212 g_step**** 11937 cost 1.1485959
cur_epoch==== 1 cur_batch---- 213 g_step**** 11938 cost 1.1312267
cur_epoch==== 1 cur_batch---- 214 g_step**** 11939 cost 1.0142314
cur_epoch==== 1 cur_batch---- 215 g_step**** 11940 cost 1.1101749
cur_epoch==== 1 cur_batch---- 216 g_step**** 11941 cost 1.2909924
cur_epoch==== 1 cur_batch---- 217 g_step**** 11942 cost 1.442813
cur_epoch==== 1 cur_batch---- 218 g_step**** 11943 cost 1.2177324
cur_epoch==== 1 cur_batch---- 219 g_step**** 11944 cost 1.119134
cur_epoch==== 1 cur_batch---- 220 g_step**** 11945 cost 1.3774213
cur_epoch==== 1 cur_batch---- 221 g_step**** 11946 cost 1.3122058
cur_epoch==== 1 cur_batch---- 222 g_step**** 11947 cost 1.3207912
cur_epoch==== 1 cur_batch---- 223 g_step**** 11948 cost 1.0956999
cur_epoch==== 1 cur_batch---- 224 g_step**** 11949 cost 1.2876904
cur_epoch==== 1 cur_batch---- 225 g_step**** 11950 cost 1.0328486
cur_epoch==== 1 cur_batch---- 226 g_step**** 11951 cost 1.150071
cur_epoch==== 1 cur_batch---- 227 g_step**** 11952 cost 1.3062433
cur_epoch==== 1 cur_batch---- 228 g_step**** 11953 cost 0.97059894
cur_epoch==== 1 cur_batch---- 229 g_step**** 11954 cost 1.4993588
cur_epoch==== 1 cur_batch---- 230 g_step**** 11955 cost 1.3133024
cur_epoch==== 1 cur_batch---- 231 g_step**** 11956 cost 1.3927373
cur_epoch==== 1 cur_batch---- 232 g_step**** 11957 cost 0.89264435
cur_epoch==== 1 cur_batch---- 233 g_step**** 11958 cost 1.1643181
cur_epoch==== 1 cur_batch---- 234 g_step**** 11959 cost 0.98689854
cur_epoch==== 1 cur_batch---- 235 g_step**** 11960 cost 0.9315921
cur_epoch==== 1 cur_batch---- 236 g_step**** 11961 cost 1.3008223
cur_epoch==== 1 cur_batch---- 237 g_step**** 11962 cost 1.2807059
cur_epoch==== 1 cur_batch---- 238 g_step**** 11963 cost 1.3606416
cur_epoch==== 1 cur_batch---- 239 g_step**** 11964 cost 1.3153683
cur_epoch==== 1 cur_batch---- 240 g_step**** 11965 cost 1.1195022
cur_epoch==== 1 cur_batch---- 241 g_step**** 11966 cost 1.0857478
cur_epoch==== 1 cur_batch---- 242 g_step**** 11967 cost 0.8896168
cur_epoch==== 1 cur_batch---- 243 g_step**** 11968 cost 1.2666823
cur_epoch==== 1 cur_batch---- 244 g_step**** 11969 cost 1.9561738
cur_epoch==== 1 cur_batch---- 245 g_step**** 11970 cost 1.2925227
cur_epoch==== 1 cur_batch---- 246 g_step**** 11971 cost 1.3247032
cur_epoch==== 1 cur_batch---- 247 g_step**** 11972 cost 1.4166552
cur_epoch==== 1 cur_batch---- 248 g_step**** 11973 cost 1.3063958
cur_epoch==== 1 cur_batch---- 249 g_step**** 11974 cost 1.370074
cur_epoch==== 1 cur_batch---- 250 g_step**** 11975 cost 1.2573333
cur_epoch==== 1 cur_batch---- 251 g_step**** 11976 cost 1.6707579
cur_epoch==== 1 cur_batch---- 252 g_step**** 11977 cost 1.3411659
cur_epoch==== 1 cur_batch---- 253 g_step**** 11978 cost 1.7100359
cur_epoch==== 1 cur_batch---- 254 g_step**** 11979 cost 1.0231614
cur_epoch==== 1 cur_batch---- 255 g_step**** 11980 cost 1.2597765
cur_epoch==== 1 cur_batch---- 256 g_step**** 11981 cost 1.495074
cur_epoch==== 1 cur_batch---- 257 g_step**** 11982 cost 1.3625783
cur_epoch==== 1 cur_batch---- 258 g_step**** 11983 cost 1.0357004
cur_epoch==== 1 cur_batch---- 259 g_step**** 11984 cost 1.0604198
cur_epoch==== 1 cur_batch---- 260 g_step**** 11985 cost 1.1039718
cur_epoch==== 1 cur_batch---- 261 g_step**** 11986 cost 1.2833649
cur_epoch==== 1 cur_batch---- 262 g_step**** 11987 cost 1.5681412
cur_epoch==== 1 cur_batch---- 263 g_step**** 11988 cost 1.580547
cur_epoch==== 1 cur_batch---- 264 g_step**** 11989 cost 1.292522
cur_epoch==== 1 cur_batch---- 265 g_step**** 11990 cost 1.3960127
cur_epoch==== 1 cur_batch---- 266 g_step**** 11991 cost 1.3301431
cur_epoch==== 1 cur_batch---- 267 g_step**** 11992 cost 1.1221447
cur_epoch==== 1 cur_batch---- 268 g_step**** 11993 cost 1.4310616
cur_epoch==== 1 cur_batch---- 269 g_step**** 11994 cost 1.200079
cur_epoch==== 1 cur_batch---- 270 g_step**** 11995 cost 1.281217
cur_epoch==== 1 cur_batch---- 271 g_step**** 11996 cost 1.6489247
cur_epoch==== 1 cur_batch---- 272 g_step**** 11997 cost 1.0060791
cur_epoch==== 1 cur_batch---- 273 g_step**** 11998 cost 1.0364854
cur_epoch==== 1 cur_batch---- 274 g_step**** 11999 cost 1.0920678
cur_epoch==== 1 cur_batch---- 275 g_step**** 12000 cost 1.2314044
2
index_cv [0, 1, 2, 3, 4, 5, 6, 7, 8, 9, 10, 11, 12, 13, 14, 15, 16, 17, 18, 19, 20, 21, 22, 23, 24, 25, 26, 27, 28, 29, 30, 31, 32, 33, 34, 35, 36, 37, 38, 39, 40, 41, 42, 43, 44, 45, 46, 47, 48, 49, 50, 51, 52, 53, 54, 55, 56, 57, 58, 59, 60, 61, 62, 63, 64, 65, 66, 67, 68, 69, 70, 71, 72, 73, 74, 75, 76, 77, 78, 79, 80, 81, 82, 83, 84, 85, 86, 87, 88, 89, 90, 91, 92, 93, 94, 95, 96, 97, 98, 99, 100, 101, 102, 103, 104, 105, 106, 107, 108, 109, 110, 111, 112, 113, 114, 115, 116, 117, 118, 119, 120, 121, 122, 123, 124, 125, 126, 127]
2
index_cv [128, 129, 130, 131, 132, 133, 134, 135, 136, 137, 138, 139, 140, 141, 142, 143, 144, 145, 146, 147, 148, 149, 150, 151, 152, 153, 154, 155, 156, 157, 158, 159, 160, 161, 162, 163, 164, 165, 166, 167, 168, 169, 170, 171, 172, 173, 174, 175, 176, 177, 178, 179, 180, 181, 182, 183, 184, 185, 186, 187, 188, 189, 190, 191, 192, 193, 194, 195, 196, 197, 198, 199, 200, 201, 202, 203, 204, 205, 206, 207, 208, 209, 210, 211, 212, 213, 214, 215, 216, 217, 218, 219, 220, 221, 222, 223, 224, 225, 226, 227, 228, 229, 230, 231, 232, 233, 234, 235, 236, 237, 238, 239, 240, 241, 242, 243, 244, 245, 246, 247, 248, 249, 250, 251, 252, 253, 254, 255]
acc 0.1015625
save checkpoint 12000
cur_epoch==== 1 cur_batch---- 276 g_step**** 12001 cost 1.2086104
cur_epoch==== 1 cur_batch---- 277 g_step**** 12002 cost 1.1744117
cur_epoch==== 1 cur_batch---- 278 g_step**** 12003 cost 1.2684097
cur_epoch==== 1 cur_batch---- 279 g_step**** 12004 cost 1.258923
cur_epoch==== 1 cur_batch---- 280 g_step**** 12005 cost 1.1338363
cur_epoch==== 1 cur_batch---- 281 g_step**** 12006 cost 1.4405587
cur_epoch==== 1 cur_batch---- 282 g_step**** 12007 cost 1.2899953
cur_epoch==== 1 cur_batch---- 283 g_step**** 12008 cost 0.928041
cur_epoch==== 1 cur_batch---- 284 g_step**** 12009 cost 0.9962891
cur_epoch==== 1 cur_batch---- 285 g_step**** 12010 cost 0.9474237
cur_epoch==== 1 cur_batch---- 286 g_step**** 12011 cost 1.2494853
cur_epoch==== 1 cur_batch---- 287 g_step**** 12012 cost 1.2431967
cur_epoch==== 1 cur_batch---- 288 g_step**** 12013 cost 1.0116059
cur_epoch==== 1 cur_batch---- 289 g_step**** 12014 cost 1.218662
cur_epoch==== 1 cur_batch---- 290 g_step**** 12015 cost 1.4895648
cur_epoch==== 1 cur_batch---- 291 g_step**** 12016 cost 1.2811843
cur_epoch==== 1 cur_batch---- 292 g_step**** 12017 cost 1.1632183
cur_epoch==== 1 cur_batch---- 293 g_step**** 12018 cost 1.2236549
cur_epoch==== 1 cur_batch---- 294 g_step**** 12019 cost 0.94804007
cur_epoch==== 1 cur_batch---- 295 g_step**** 12020 cost 1.2120744
cur_epoch==== 1 cur_batch---- 296 g_step**** 12021 cost 1.0760198
cur_epoch==== 1 cur_batch---- 297 g_step**** 12022 cost 1.3152148
cur_epoch==== 1 cur_batch---- 298 g_step**** 12023 cost 1.037927
cur_epoch==== 1 cur_batch---- 299 g_step**** 12024 cost 1.3759968
cur_epoch==== 1 cur_batch---- 300 g_step**** 12025 cost 0.99390936
cur_epoch==== 1 cur_batch---- 301 g_step**** 12026 cost 1.254577
cur_epoch==== 1 cur_batch---- 302 g_step**** 12027 cost 1.1779666
cur_epoch==== 1 cur_batch---- 303 g_step**** 12028 cost 1.3450406
cur_epoch==== 1 cur_batch---- 304 g_step**** 12029 cost 1.2671051
cur_epoch==== 1 cur_batch---- 305 g_step**** 12030 cost 1.4404283
cur_epoch==== 1 cur_batch---- 306 g_step**** 12031 cost 1.1032156
cur_epoch==== 1 cur_batch---- 307 g_step**** 12032 cost 1.4328216
cur_epoch==== 1 cur_batch---- 308 g_step**** 12033 cost 1.3247836
cur_epoch==== 1 cur_batch---- 309 g_step**** 12034 cost 1.336134
cur_epoch==== 1 cur_batch---- 310 g_step**** 12035 cost 1.0858548
cur_epoch==== 1 cur_batch---- 311 g_step**** 12036 cost 1.031192
cur_epoch==== 1 cur_batch---- 312 g_step**** 12037 cost 1.2349023
cur_epoch==== 1 cur_batch---- 313 g_step**** 12038 cost 1.2890874
cur_epoch==== 1 cur_batch---- 314 g_step**** 12039 cost 1.2964466
cur_epoch==== 1 cur_batch---- 315 g_step**** 12040 cost 1.1418061
cur_epoch==== 1 cur_batch---- 316 g_step**** 12041 cost 1.2320522
cur_epoch==== 1 cur_batch---- 317 g_step**** 12042 cost 1.1760901
cur_epoch==== 1 cur_batch---- 318 g_step**** 12043 cost 1.6911954
cur_epoch==== 1 cur_batch---- 319 g_step**** 12044 cost 1.0942719
cur_epoch==== 1 cur_batch---- 320 g_step**** 12045 cost 1.058157
cur_epoch==== 1 cur_batch---- 321 g_step**** 12046 cost 1.1289718
cur_epoch==== 1 cur_batch---- 322 g_step**** 12047 cost 1.2254388
cur_epoch==== 1 cur_batch---- 323 g_step**** 12048 cost 1.2821621
cur_epoch==== 2 cur_batch---- 0 g_step**** 12049 cost 0.84965545
cur_epoch==== 2 cur_batch---- 1 g_step**** 12050 cost 1.2850239
cur_epoch==== 2 cur_batch---- 2 g_step**** 12051 cost 1.30632
cur_epoch==== 2 cur_batch---- 3 g_step**** 12052 cost 1.1118015
cur_epoch==== 2 cur_batch---- 4 g_step**** 12053 cost 1.262643
cur_epoch==== 2 cur_batch---- 5 g_step**** 12054 cost 1.2846949
cur_epoch==== 2 cur_batch---- 6 g_step**** 12055 cost 1.2777096
cur_epoch==== 2 cur_batch---- 7 g_step**** 12056 cost 1.3542467
cur_epoch==== 2 cur_batch---- 8 g_step**** 12057 cost 1.3497843
cur_epoch==== 2 cur_batch---- 9 g_step**** 12058 cost 1.3957654
cur_epoch==== 2 cur_batch---- 10 g_step**** 12059 cost 1.1763235
cur_epoch==== 2 cur_batch---- 11 g_step**** 12060 cost 1.1894085
cur_epoch==== 2 cur_batch---- 12 g_step**** 12061 cost 1.1967295
cur_epoch==== 2 cur_batch---- 13 g_step**** 12062 cost 1.0969971
cur_epoch==== 2 cur_batch---- 14 g_step**** 12063 cost 1.1933054
cur_epoch==== 2 cur_batch---- 15 g_step**** 12064 cost 1.0125597
cur_epoch==== 2 cur_batch---- 16 g_step**** 12065 cost 1.1608356
cur_epoch==== 2 cur_batch---- 17 g_step**** 12066 cost 1.3039159
cur_epoch==== 2 cur_batch---- 18 g_step**** 12067 cost 0.9972721
cur_epoch==== 2 cur_batch---- 19 g_step**** 12068 cost 1.0469946
cur_epoch==== 2 cur_batch---- 20 g_step**** 12069 cost 1.1370806
cur_epoch==== 2 cur_batch---- 21 g_step**** 12070 cost 1.1460671
cur_epoch==== 2 cur_batch---- 22 g_step**** 12071 cost 1.1123444
cur_epoch==== 2 cur_batch---- 23 g_step**** 12072 cost 1.1316537
cur_epoch==== 2 cur_batch---- 24 g_step**** 12073 cost 1.1633675
cur_epoch==== 2 cur_batch---- 25 g_step**** 12074 cost 1.2115587
cur_epoch==== 2 cur_batch---- 26 g_step**** 12075 cost 1.4504905
cur_epoch==== 2 cur_batch---- 27 g_step**** 12076 cost 1.2344018
cur_epoch==== 2 cur_batch---- 28 g_step**** 12077 cost 1.0201752
cur_epoch==== 2 cur_batch---- 29 g_step**** 12078 cost 1.2053674
cur_epoch==== 2 cur_batch---- 30 g_step**** 12079 cost 0.9855677
cur_epoch==== 2 cur_batch---- 31 g_step**** 12080 cost 1.117399
cur_epoch==== 2 cur_batch---- 32 g_step**** 12081 cost 1.2131671
cur_epoch==== 2 cur_batch---- 33 g_step**** 12082 cost 1.0813141
cur_epoch==== 2 cur_batch---- 34 g_step**** 12083 cost 1.3074509
cur_epoch==== 2 cur_batch---- 35 g_step**** 12084 cost 1.0030576
cur_epoch==== 2 cur_batch---- 36 g_step**** 12085 cost 1.0928279
cur_epoch==== 2 cur_batch---- 37 g_step**** 12086 cost 1.2982074
cur_epoch==== 2 cur_batch---- 38 g_step**** 12087 cost 1.0225106
cur_epoch==== 2 cur_batch---- 39 g_step**** 12088 cost 1.036693
cur_epoch==== 2 cur_batch---- 40 g_step**** 12089 cost 0.8835301
cur_epoch==== 2 cur_batch---- 41 g_step**** 12090 cost 1.0940373
cur_epoch==== 2 cur_batch---- 42 g_step**** 12091 cost 1.0636331
cur_epoch==== 2 cur_batch---- 43 g_step**** 12092 cost 1.1227435
cur_epoch==== 2 cur_batch---- 44 g_step**** 12093 cost 1.1266305
cur_epoch==== 2 cur_batch---- 45 g_step**** 12094 cost 1.3543441
cur_epoch==== 2 cur_batch---- 46 g_step**** 12095 cost 1.4934118
cur_epoch==== 2 cur_batch---- 47 g_step**** 12096 cost 1.0354264
cur_epoch==== 2 cur_batch---- 48 g_step**** 12097 cost 1.1793537
cur_epoch==== 2 cur_batch---- 49 g_step**** 12098 cost 1.0959313
cur_epoch==== 2 cur_batch---- 50 g_step**** 12099 cost 1.166164
cur_epoch==== 2 cur_batch---- 51 g_step**** 12100 cost 1.2690425
save checkpoint 12100
cur_epoch==== 2 cur_batch---- 52 g_step**** 12101 cost 1.2829827
cur_epoch==== 2 cur_batch---- 53 g_step**** 12102 cost 1.0267799
cur_epoch==== 2 cur_batch---- 54 g_step**** 12103 cost 1.2111923
cur_epoch==== 2 cur_batch---- 55 g_step**** 12104 cost 0.97306013
cur_epoch==== 2 cur_batch---- 56 g_step**** 12105 cost 1.4901006
cur_epoch==== 2 cur_batch---- 57 g_step**** 12106 cost 1.3518907
cur_epoch==== 2 cur_batch---- 58 g_step**** 12107 cost 1.2351034
cur_epoch==== 2 cur_batch---- 59 g_step**** 12108 cost 1.0901083
cur_epoch==== 2 cur_batch---- 60 g_step**** 12109 cost 1.0279882
cur_epoch==== 2 cur_batch---- 61 g_step**** 12110 cost 1.321611
cur_epoch==== 2 cur_batch---- 62 g_step**** 12111 cost 1.3901355
cur_epoch==== 2 cur_batch---- 63 g_step**** 12112 cost 1.0232137
cur_epoch==== 2 cur_batch---- 64 g_step**** 12113 cost 0.9822087
cur_epoch==== 2 cur_batch---- 65 g_step**** 12114 cost 1.4505081
cur_epoch==== 2 cur_batch---- 66 g_step**** 12115 cost 1.093706
cur_epoch==== 2 cur_batch---- 67 g_step**** 12116 cost 1.1584268
cur_epoch==== 2 cur_batch---- 68 g_step**** 12117 cost 1.5087928
cur_epoch==== 2 cur_batch---- 69 g_step**** 12118 cost 0.89540654
cur_epoch==== 2 cur_batch---- 70 g_step**** 12119 cost 1.2251669
cur_epoch==== 2 cur_batch---- 71 g_step**** 12120 cost 1.1058937
cur_epoch==== 2 cur_batch---- 72 g_step**** 12121 cost 1.2338961
cur_epoch==== 2 cur_batch---- 73 g_step**** 12122 cost 1.1605995
cur_epoch==== 2 cur_batch---- 74 g_step**** 12123 cost 1.2263393
cur_epoch==== 2 cur_batch---- 75 g_step**** 12124 cost 1.1036272
cur_epoch==== 2 cur_batch---- 76 g_step**** 12125 cost 1.2649144
cur_epoch==== 2 cur_batch---- 77 g_step**** 12126 cost 1.3533019
cur_epoch==== 2 cur_batch---- 78 g_step**** 12127 cost 1.433701
cur_epoch==== 2 cur_batch---- 79 g_step**** 12128 cost 1.33776
cur_epoch==== 2 cur_batch---- 80 g_step**** 12129 cost 1.2154242
cur_epoch==== 2 cur_batch---- 81 g_step**** 12130 cost 1.2207953
cur_epoch==== 2 cur_batch---- 82 g_step**** 12131 cost 1.1802907
cur_epoch==== 2 cur_batch---- 83 g_step**** 12132 cost 1.9141612
cur_epoch==== 2 cur_batch---- 84 g_step**** 12133 cost 1.0944673
cur_epoch==== 2 cur_batch---- 85 g_step**** 12134 cost 1.3424304
cur_epoch==== 2 cur_batch---- 86 g_step**** 12135 cost 1.1693313
cur_epoch==== 2 cur_batch---- 87 g_step**** 12136 cost 1.0312417
cur_epoch==== 2 cur_batch---- 88 g_step**** 12137 cost 1.1500715
cur_epoch==== 2 cur_batch---- 89 g_step**** 12138 cost 1.1784705
cur_epoch==== 2 cur_batch---- 90 g_step**** 12139 cost 1.0351499
cur_epoch==== 2 cur_batch---- 91 g_step**** 12140 cost 1.1460391
cur_epoch==== 2 cur_batch---- 92 g_step**** 12141 cost 1.1089143
cur_epoch==== 2 cur_batch---- 93 g_step**** 12142 cost 1.5093397
cur_epoch==== 2 cur_batch---- 94 g_step**** 12143 cost 1.286644
cur_epoch==== 2 cur_batch---- 95 g_step**** 12144 cost 1.0602803
cur_epoch==== 2 cur_batch---- 96 g_step**** 12145 cost 1.0956811
cur_epoch==== 2 cur_batch---- 97 g_step**** 12146 cost 1.2599514
cur_epoch==== 2 cur_batch---- 98 g_step**** 12147 cost 1.3532624
cur_epoch==== 2 cur_batch---- 99 g_step**** 12148 cost 0.95979506
cur_epoch==== 2 cur_batch---- 100 g_step**** 12149 cost 1.2751763
cur_epoch==== 2 cur_batch---- 101 g_step**** 12150 cost 1.4435763
cur_epoch==== 2 cur_batch---- 102 g_step**** 12151 cost 1.1050518
cur_epoch==== 2 cur_batch---- 103 g_step**** 12152 cost 1.1298875
cur_epoch==== 2 cur_batch---- 104 g_step**** 12153 cost 1.463063
cur_epoch==== 2 cur_batch---- 105 g_step**** 12154 cost 1.1234078
cur_epoch==== 2 cur_batch---- 106 g_step**** 12155 cost 1.2339875
cur_epoch==== 2 cur_batch---- 107 g_step**** 12156 cost 1.2329782
cur_epoch==== 2 cur_batch---- 108 g_step**** 12157 cost 1.2213134
cur_epoch==== 2 cur_batch---- 109 g_step**** 12158 cost 1.5781516
cur_epoch==== 2 cur_batch---- 110 g_step**** 12159 cost 1.2296034
cur_epoch==== 2 cur_batch---- 111 g_step**** 12160 cost 1.3435692
cur_epoch==== 2 cur_batch---- 112 g_step**** 12161 cost 1.1476558
cur_epoch==== 2 cur_batch---- 113 g_step**** 12162 cost 1.2235746
cur_epoch==== 2 cur_batch---- 114 g_step**** 12163 cost 1.0879498
cur_epoch==== 2 cur_batch---- 115 g_step**** 12164 cost 1.0985308
cur_epoch==== 2 cur_batch---- 116 g_step**** 12165 cost 1.2046611
cur_epoch==== 2 cur_batch---- 117 g_step**** 12166 cost 1.4732409
cur_epoch==== 2 cur_batch---- 118 g_step**** 12167 cost 1.5966611
cur_epoch==== 2 cur_batch---- 119 g_step**** 12168 cost 1.2980103
cur_epoch==== 2 cur_batch---- 120 g_step**** 12169 cost 1.2226249
cur_epoch==== 2 cur_batch---- 121 g_step**** 12170 cost 1.167937
cur_epoch==== 2 cur_batch---- 122 g_step**** 12171 cost 1.4273548
cur_epoch==== 2 cur_batch---- 123 g_step**** 12172 cost 1.3270881
cur_epoch==== 2 cur_batch---- 124 g_step**** 12173 cost 1.1077633
cur_epoch==== 2 cur_batch---- 125 g_step**** 12174 cost 1.208631
cur_epoch==== 2 cur_batch---- 126 g_step**** 12175 cost 1.1679317
cur_epoch==== 2 cur_batch---- 127 g_step**** 12176 cost 1.1392488
cur_epoch==== 2 cur_batch---- 128 g_step**** 12177 cost 1.2981988
cur_epoch==== 2 cur_batch---- 129 g_step**** 12178 cost 1.1909952
cur_epoch==== 2 cur_batch---- 130 g_step**** 12179 cost 1.2046031
cur_epoch==== 2 cur_batch---- 131 g_step**** 12180 cost 1.0604882
cur_epoch==== 2 cur_batch---- 132 g_step**** 12181 cost 1.2811953
cur_epoch==== 2 cur_batch---- 133 g_step**** 12182 cost 1.1304367
cur_epoch==== 2 cur_batch---- 134 g_step**** 12183 cost 1.2522173
cur_epoch==== 2 cur_batch---- 135 g_step**** 12184 cost 1.2733588
cur_epoch==== 2 cur_batch---- 136 g_step**** 12185 cost 1.2530154
cur_epoch==== 2 cur_batch---- 137 g_step**** 12186 cost 1.2732567
cur_epoch==== 2 cur_batch---- 138 g_step**** 12187 cost 1.0862834
cur_epoch==== 2 cur_batch---- 139 g_step**** 12188 cost 1.2593969
cur_epoch==== 2 cur_batch---- 140 g_step**** 12189 cost 1.4599624
cur_epoch==== 2 cur_batch---- 141 g_step**** 12190 cost 1.0494286
cur_epoch==== 2 cur_batch---- 142 g_step**** 12191 cost 1.0903649
cur_epoch==== 2 cur_batch---- 143 g_step**** 12192 cost 1.3524085
cur_epoch==== 2 cur_batch---- 144 g_step**** 12193 cost 1.2905414
cur_epoch==== 2 cur_batch---- 145 g_step**** 12194 cost 1.1263994
cur_epoch==== 2 cur_batch---- 146 g_step**** 12195 cost 1.0179067
cur_epoch==== 2 cur_batch---- 147 g_step**** 12196 cost 1.1117607
cur_epoch==== 2 cur_batch---- 148 g_step**** 12197 cost 1.3844042
cur_epoch==== 2 cur_batch---- 149 g_step**** 12198 cost 1.0580337
cur_epoch==== 2 cur_batch---- 150 g_step**** 12199 cost 1.0821053
cur_epoch==== 2 cur_batch---- 151 g_step**** 12200 cost 1.0252275
save checkpoint 12200
cur_epoch==== 2 cur_batch---- 152 g_step**** 12201 cost 1.2843915
cur_epoch==== 2 cur_batch---- 153 g_step**** 12202 cost 1.1356559
cur_epoch==== 2 cur_batch---- 154 g_step**** 12203 cost 1.3474869
cur_epoch==== 2 cur_batch---- 155 g_step**** 12204 cost 1.1445773
cur_epoch==== 2 cur_batch---- 156 g_step**** 12205 cost 1.4071592
cur_epoch==== 2 cur_batch---- 157 g_step**** 12206 cost 1.0959697
cur_epoch==== 2 cur_batch---- 158 g_step**** 12207 cost 1.0128701
cur_epoch==== 2 cur_batch---- 159 g_step**** 12208 cost 1.3006996
cur_epoch==== 2 cur_batch---- 160 g_step**** 12209 cost 1.3795284
cur_epoch==== 2 cur_batch---- 161 g_step**** 12210 cost 1.1406049
cur_epoch==== 2 cur_batch---- 162 g_step**** 12211 cost 1.6185925
cur_epoch==== 2 cur_batch---- 163 g_step**** 12212 cost 1.1427406
cur_epoch==== 2 cur_batch---- 164 g_step**** 12213 cost 1.3854625
cur_epoch==== 2 cur_batch---- 165 g_step**** 12214 cost 1.3092151
cur_epoch==== 2 cur_batch---- 166 g_step**** 12215 cost 1.103374
cur_epoch==== 2 cur_batch---- 167 g_step**** 12216 cost 1.1861193
cur_epoch==== 2 cur_batch---- 168 g_step**** 12217 cost 1.2733169
cur_epoch==== 2 cur_batch---- 169 g_step**** 12218 cost 1.3255628
cur_epoch==== 2 cur_batch---- 170 g_step**** 12219 cost 1.604928
cur_epoch==== 2 cur_batch---- 171 g_step**** 12220 cost 1.3263934
cur_epoch==== 2 cur_batch---- 172 g_step**** 12221 cost 1.2162073
cur_epoch==== 2 cur_batch---- 173 g_step**** 12222 cost 1.1874776
cur_epoch==== 2 cur_batch---- 174 g_step**** 12223 cost 1.0324484
cur_epoch==== 2 cur_batch---- 175 g_step**** 12224 cost 1.1935501
cur_epoch==== 2 cur_batch---- 176 g_step**** 12225 cost 1.2210897
cur_epoch==== 2 cur_batch---- 177 g_step**** 12226 cost 1.0704653
cur_epoch==== 2 cur_batch---- 178 g_step**** 12227 cost 1.1280462
cur_epoch==== 2 cur_batch---- 179 g_step**** 12228 cost 1.1959326
cur_epoch==== 2 cur_batch---- 180 g_step**** 12229 cost 1.2941345
cur_epoch==== 2 cur_batch---- 181 g_step**** 12230 cost 1.2444845
cur_epoch==== 2 cur_batch---- 182 g_step**** 12231 cost 1.2508274
cur_epoch==== 2 cur_batch---- 183 g_step**** 12232 cost 1.081834
cur_epoch==== 2 cur_batch---- 184 g_step**** 12233 cost 1.4047722
cur_epoch==== 2 cur_batch---- 185 g_step**** 12234 cost 1.1446189
cur_epoch==== 2 cur_batch---- 186 g_step**** 12235 cost 1.1362714
cur_epoch==== 2 cur_batch---- 187 g_step**** 12236 cost 1.2549709
cur_epoch==== 2 cur_batch---- 188 g_step**** 12237 cost 1.281008
cur_epoch==== 2 cur_batch---- 189 g_step**** 12238 cost 1.1239681
cur_epoch==== 2 cur_batch---- 190 g_step**** 12239 cost 1.0468578
cur_epoch==== 2 cur_batch---- 191 g_step**** 12240 cost 1.1930078
cur_epoch==== 2 cur_batch---- 192 g_step**** 12241 cost 1.2131826
cur_epoch==== 2 cur_batch---- 193 g_step**** 12242 cost 1.0211515
cur_epoch==== 2 cur_batch---- 194 g_step**** 12243 cost 1.2805814
cur_epoch==== 2 cur_batch---- 195 g_step**** 12244 cost 1.1665509
cur_epoch==== 2 cur_batch---- 196 g_step**** 12245 cost 1.2689104
cur_epoch==== 2 cur_batch---- 197 g_step**** 12246 cost 1.1160072
cur_epoch==== 2 cur_batch---- 198 g_step**** 12247 cost 1.3132951
cur_epoch==== 2 cur_batch---- 199 g_step**** 12248 cost 1.3072513
cur_epoch==== 2 cur_batch---- 200 g_step**** 12249 cost 1.2460921
cur_epoch==== 2 cur_batch---- 201 g_step**** 12250 cost 1.2206197
cur_epoch==== 2 cur_batch---- 202 g_step**** 12251 cost 1.0822867
cur_epoch==== 2 cur_batch---- 203 g_step**** 12252 cost 1.7720187
cur_epoch==== 2 cur_batch---- 204 g_step**** 12253 cost 1.6182717
cur_epoch==== 2 cur_batch---- 205 g_step**** 12254 cost 0.9935399
cur_epoch==== 2 cur_batch---- 206 g_step**** 12255 cost 0.942016
cur_epoch==== 2 cur_batch---- 207 g_step**** 12256 cost 1.2631179
cur_epoch==== 2 cur_batch---- 208 g_step**** 12257 cost 1.1074109
cur_epoch==== 2 cur_batch---- 209 g_step**** 12258 cost 1.3187459
cur_epoch==== 2 cur_batch---- 210 g_step**** 12259 cost 1.1962706
cur_epoch==== 2 cur_batch---- 211 g_step**** 12260 cost 1.307836
cur_epoch==== 2 cur_batch---- 212 g_step**** 12261 cost 1.3617125
cur_epoch==== 2 cur_batch---- 213 g_step**** 12262 cost 1.1191577
cur_epoch==== 2 cur_batch---- 214 g_step**** 12263 cost 1.2102573
cur_epoch==== 2 cur_batch---- 215 g_step**** 12264 cost 1.1357332
cur_epoch==== 2 cur_batch---- 216 g_step**** 12265 cost 1.4912091
cur_epoch==== 2 cur_batch---- 217 g_step**** 12266 cost 1.2929138
cur_epoch==== 2 cur_batch---- 218 g_step**** 12267 cost 1.2597489
cur_epoch==== 2 cur_batch---- 219 g_step**** 12268 cost 1.3118277
cur_epoch==== 2 cur_batch---- 220 g_step**** 12269 cost 1.2102653
cur_epoch==== 2 cur_batch---- 221 g_step**** 12270 cost 1.0375055
cur_epoch==== 2 cur_batch---- 222 g_step**** 12271 cost 1.3219616
cur_epoch==== 2 cur_batch---- 223 g_step**** 12272 cost 1.4452627
cur_epoch==== 2 cur_batch---- 224 g_step**** 12273 cost 1.28332
cur_epoch==== 2 cur_batch---- 225 g_step**** 12274 cost 1.1228906
cur_epoch==== 2 cur_batch---- 226 g_step**** 12275 cost 1.1131463
cur_epoch==== 2 cur_batch---- 227 g_step**** 12276 cost 1.532096
cur_epoch==== 2 cur_batch---- 228 g_step**** 12277 cost 1.2731714
cur_epoch==== 2 cur_batch---- 229 g_step**** 12278 cost 1.0960047
cur_epoch==== 2 cur_batch---- 230 g_step**** 12279 cost 1.1744666
cur_epoch==== 2 cur_batch---- 231 g_step**** 12280 cost 1.1775694
cur_epoch==== 2 cur_batch---- 232 g_step**** 12281 cost 1.0755249
cur_epoch==== 2 cur_batch---- 233 g_step**** 12282 cost 1.4752734
cur_epoch==== 2 cur_batch---- 234 g_step**** 12283 cost 1.0794355
cur_epoch==== 2 cur_batch---- 235 g_step**** 12284 cost 1.1868054
cur_epoch==== 2 cur_batch---- 236 g_step**** 12285 cost 0.9655284
cur_epoch==== 2 cur_batch---- 237 g_step**** 12286 cost 1.2914343
cur_epoch==== 2 cur_batch---- 238 g_step**** 12287 cost 1.041887
cur_epoch==== 2 cur_batch---- 239 g_step**** 12288 cost 1.1535752
cur_epoch==== 2 cur_batch---- 240 g_step**** 12289 cost 1.4230193
cur_epoch==== 2 cur_batch---- 241 g_step**** 12290 cost 1.1546036
cur_epoch==== 2 cur_batch---- 242 g_step**** 12291 cost 1.2158244
cur_epoch==== 2 cur_batch---- 243 g_step**** 12292 cost 1.1697091
cur_epoch==== 2 cur_batch---- 244 g_step**** 12293 cost 1.1201401
cur_epoch==== 2 cur_batch---- 245 g_step**** 12294 cost 1.68087
cur_epoch==== 2 cur_batch---- 246 g_step**** 12295 cost 1.129661
cur_epoch==== 2 cur_batch---- 247 g_step**** 12296 cost 1.1737176
cur_epoch==== 2 cur_batch---- 248 g_step**** 12297 cost 1.0593156
cur_epoch==== 2 cur_batch---- 249 g_step**** 12298 cost 1.0896691
cur_epoch==== 2 cur_batch---- 250 g_step**** 12299 cost 0.8737507
cur_epoch==== 2 cur_batch---- 251 g_step**** 12300 cost 1.4121878
save checkpoint 12300
cur_epoch==== 2 cur_batch---- 252 g_step**** 12301 cost 1.1110934
cur_epoch==== 2 cur_batch---- 253 g_step**** 12302 cost 1.2141451
cur_epoch==== 2 cur_batch---- 254 g_step**** 12303 cost 1.06524
cur_epoch==== 2 cur_batch---- 255 g_step**** 12304 cost 1.2304428
cur_epoch==== 2 cur_batch---- 256 g_step**** 12305 cost 1.1097703
cur_epoch==== 2 cur_batch---- 257 g_step**** 12306 cost 1.305126
cur_epoch==== 2 cur_batch---- 258 g_step**** 12307 cost 1.0382656
cur_epoch==== 2 cur_batch---- 259 g_step**** 12308 cost 1.1801187
cur_epoch==== 2 cur_batch---- 260 g_step**** 12309 cost 0.90909666
cur_epoch==== 2 cur_batch---- 261 g_step**** 12310 cost 1.4873822
cur_epoch==== 2 cur_batch---- 262 g_step**** 12311 cost 1.4212703
cur_epoch==== 2 cur_batch---- 263 g_step**** 12312 cost 1.0695914
cur_epoch==== 2 cur_batch---- 264 g_step**** 12313 cost 1.1103168
cur_epoch==== 2 cur_batch---- 265 g_step**** 12314 cost 1.5114206
cur_epoch==== 2 cur_batch---- 266 g_step**** 12315 cost 0.9811295
cur_epoch==== 2 cur_batch---- 267 g_step**** 12316 cost 1.2928158
cur_epoch==== 2 cur_batch---- 268 g_step**** 12317 cost 1.0922241
cur_epoch==== 2 cur_batch---- 269 g_step**** 12318 cost 1.5516982
cur_epoch==== 2 cur_batch---- 270 g_step**** 12319 cost 1.0829427
cur_epoch==== 2 cur_batch---- 271 g_step**** 12320 cost 1.53814
cur_epoch==== 2 cur_batch---- 272 g_step**** 12321 cost 1.1367422
cur_epoch==== 2 cur_batch---- 273 g_step**** 12322 cost 1.2859166
cur_epoch==== 2 cur_batch---- 274 g_step**** 12323 cost 1.2519298
cur_epoch==== 2 cur_batch---- 275 g_step**** 12324 cost 0.97267056
cur_epoch==== 2 cur_batch---- 276 g_step**** 12325 cost 1.4236432
cur_epoch==== 2 cur_batch---- 277 g_step**** 12326 cost 1.2341303
cur_epoch==== 2 cur_batch---- 278 g_step**** 12327 cost 1.1894122
cur_epoch==== 2 cur_batch---- 279 g_step**** 12328 cost 1.297636
cur_epoch==== 2 cur_batch---- 280 g_step**** 12329 cost 1.3209411
cur_epoch==== 2 cur_batch---- 281 g_step**** 12330 cost 1.2545419
cur_epoch==== 2 cur_batch---- 282 g_step**** 12331 cost 1.5290316
cur_epoch==== 2 cur_batch---- 283 g_step**** 12332 cost 1.4416169
cur_epoch==== 2 cur_batch---- 284 g_step**** 12333 cost 1.120872
cur_epoch==== 2 cur_batch---- 285 g_step**** 12334 cost 1.6161253
cur_epoch==== 2 cur_batch---- 286 g_step**** 12335 cost 1.19743
cur_epoch==== 2 cur_batch---- 287 g_step**** 12336 cost 1.2017053
cur_epoch==== 2 cur_batch---- 288 g_step**** 12337 cost 1.0959452
cur_epoch==== 2 cur_batch---- 289 g_step**** 12338 cost 1.4166474
cur_epoch==== 2 cur_batch---- 290 g_step**** 12339 cost 1.1871178
cur_epoch==== 2 cur_batch---- 291 g_step**** 12340 cost 1.21641
cur_epoch==== 2 cur_batch---- 292 g_step**** 12341 cost 1.2546338
cur_epoch==== 2 cur_batch---- 293 g_step**** 12342 cost 1.2612342
cur_epoch==== 2 cur_batch---- 294 g_step**** 12343 cost 1.2251838
cur_epoch==== 2 cur_batch---- 295 g_step**** 12344 cost 1.0199466
cur_epoch==== 2 cur_batch---- 296 g_step**** 12345 cost 1.0947815
cur_epoch==== 2 cur_batch---- 297 g_step**** 12346 cost 1.4540663
cur_epoch==== 2 cur_batch---- 298 g_step**** 12347 cost 1.2960483
cur_epoch==== 2 cur_batch---- 299 g_step**** 12348 cost 1.227883
cur_epoch==== 2 cur_batch---- 300 g_step**** 12349 cost 1.1658951
cur_epoch==== 2 cur_batch---- 301 g_step**** 12350 cost 1.2446842
cur_epoch==== 2 cur_batch---- 302 g_step**** 12351 cost 1.0665511
cur_epoch==== 2 cur_batch---- 303 g_step**** 12352 cost 1.2387794
cur_epoch==== 2 cur_batch---- 304 g_step**** 12353 cost 1.1548883
cur_epoch==== 2 cur_batch---- 305 g_step**** 12354 cost 1.33983
cur_epoch==== 2 cur_batch---- 306 g_step**** 12355 cost 1.1980515
cur_epoch==== 2 cur_batch---- 307 g_step**** 12356 cost 1.19333
cur_epoch==== 2 cur_batch---- 308 g_step**** 12357 cost 2.0505686
cur_epoch==== 2 cur_batch---- 309 g_step**** 12358 cost 1.0581452
cur_epoch==== 2 cur_batch---- 310 g_step**** 12359 cost 1.4331028
cur_epoch==== 2 cur_batch---- 311 g_step**** 12360 cost 1.0823408
cur_epoch==== 2 cur_batch---- 312 g_step**** 12361 cost 1.0916576
cur_epoch==== 2 cur_batch---- 313 g_step**** 12362 cost 1.1128234
cur_epoch==== 2 cur_batch---- 314 g_step**** 12363 cost 1.211981
cur_epoch==== 2 cur_batch---- 315 g_step**** 12364 cost 1.1438313
cur_epoch==== 2 cur_batch---- 316 g_step**** 12365 cost 1.1022457
cur_epoch==== 2 cur_batch---- 317 g_step**** 12366 cost 1.1861385
cur_epoch==== 2 cur_batch---- 318 g_step**** 12367 cost 1.1567719
cur_epoch==== 2 cur_batch---- 319 g_step**** 12368 cost 0.93958515
cur_epoch==== 2 cur_batch---- 320 g_step**** 12369 cost 1.1172761
cur_epoch==== 2 cur_batch---- 321 g_step**** 12370 cost 1.1793778
cur_epoch==== 2 cur_batch---- 322 g_step**** 12371 cost 1.0479472
cur_epoch==== 2 cur_batch---- 323 g_step**** 12372 cost 1.0096711
cur_epoch==== 3 cur_batch---- 0 g_step**** 12373 cost 1.3487248
cur_epoch==== 3 cur_batch---- 1 g_step**** 12374 cost 1.247625
cur_epoch==== 3 cur_batch---- 2 g_step**** 12375 cost 1.0529829
cur_epoch==== 3 cur_batch---- 3 g_step**** 12376 cost 1.3685571
cur_epoch==== 3 cur_batch---- 4 g_step**** 12377 cost 1.2463639
cur_epoch==== 3 cur_batch---- 5 g_step**** 12378 cost 1.2912927
cur_epoch==== 3 cur_batch---- 6 g_step**** 12379 cost 1.0795288
cur_epoch==== 3 cur_batch---- 7 g_step**** 12380 cost 1.1139508
cur_epoch==== 3 cur_batch---- 8 g_step**** 12381 cost 0.88407224
cur_epoch==== 3 cur_batch---- 9 g_step**** 12382 cost 1.3719832
cur_epoch==== 3 cur_batch---- 10 g_step**** 12383 cost 0.9945549
cur_epoch==== 3 cur_batch---- 11 g_step**** 12384 cost 1.0724331
cur_epoch==== 3 cur_batch---- 12 g_step**** 12385 cost 1.4197636
cur_epoch==== 3 cur_batch---- 13 g_step**** 12386 cost 1.6172568
cur_epoch==== 3 cur_batch---- 14 g_step**** 12387 cost 1.4286649
cur_epoch==== 3 cur_batch---- 15 g_step**** 12388 cost 0.99579465
cur_epoch==== 3 cur_batch---- 16 g_step**** 12389 cost 1.2234432
cur_epoch==== 3 cur_batch---- 17 g_step**** 12390 cost 1.1182157
cur_epoch==== 3 cur_batch---- 18 g_step**** 12391 cost 1.1866995
cur_epoch==== 3 cur_batch---- 19 g_step**** 12392 cost 1.1095134
cur_epoch==== 3 cur_batch---- 20 g_step**** 12393 cost 1.1800754
cur_epoch==== 3 cur_batch---- 21 g_step**** 12394 cost 1.1621388
cur_epoch==== 3 cur_batch---- 22 g_step**** 12395 cost 1.816375
cur_epoch==== 3 cur_batch---- 23 g_step**** 12396 cost 1.0614421
cur_epoch==== 3 cur_batch---- 24 g_step**** 12397 cost 1.175975
cur_epoch==== 3 cur_batch---- 25 g_step**** 12398 cost 1.0796164
cur_epoch==== 3 cur_batch---- 26 g_step**** 12399 cost 1.2975167
cur_epoch==== 3 cur_batch---- 27 g_step**** 12400 cost 0.930142
2
index_cv [0, 1, 2, 3, 4, 5, 6, 7, 8, 9, 10, 11, 12, 13, 14, 15, 16, 17, 18, 19, 20, 21, 22, 23, 24, 25, 26, 27, 28, 29, 30, 31, 32, 33, 34, 35, 36, 37, 38, 39, 40, 41, 42, 43, 44, 45, 46, 47, 48, 49, 50, 51, 52, 53, 54, 55, 56, 57, 58, 59, 60, 61, 62, 63, 64, 65, 66, 67, 68, 69, 70, 71, 72, 73, 74, 75, 76, 77, 78, 79, 80, 81, 82, 83, 84, 85, 86, 87, 88, 89, 90, 91, 92, 93, 94, 95, 96, 97, 98, 99, 100, 101, 102, 103, 104, 105, 106, 107, 108, 109, 110, 111, 112, 113, 114, 115, 116, 117, 118, 119, 120, 121, 122, 123, 124, 125, 126, 127]
2
index_cv [128, 129, 130, 131, 132, 133, 134, 135, 136, 137, 138, 139, 140, 141, 142, 143, 144, 145, 146, 147, 148, 149, 150, 151, 152, 153, 154, 155, 156, 157, 158, 159, 160, 161, 162, 163, 164, 165, 166, 167, 168, 169, 170, 171, 172, 173, 174, 175, 176, 177, 178, 179, 180, 181, 182, 183, 184, 185, 186, 187, 188, 189, 190, 191, 192, 193, 194, 195, 196, 197, 198, 199, 200, 201, 202, 203, 204, 205, 206, 207, 208, 209, 210, 211, 212, 213, 214, 215, 216, 217, 218, 219, 220, 221, 222, 223, 224, 225, 226, 227, 228, 229, 230, 231, 232, 233, 234, 235, 236, 237, 238, 239, 240, 241, 242, 243, 244, 245, 246, 247, 248, 249, 250, 251, 252, 253, 254, 255]
acc 0.1015625
save checkpoint 12400
cur_epoch==== 3 cur_batch---- 28 g_step**** 12401 cost 1.0925316
cur_epoch==== 3 cur_batch---- 29 g_step**** 12402 cost 1.0555648
cur_epoch==== 3 cur_batch---- 30 g_step**** 12403 cost 1.0484471
cur_epoch==== 3 cur_batch---- 31 g_step**** 12404 cost 1.1190128
cur_epoch==== 3 cur_batch---- 32 g_step**** 12405 cost 1.3003052
cur_epoch==== 3 cur_batch---- 33 g_step**** 12406 cost 1.0106785
cur_epoch==== 3 cur_batch---- 34 g_step**** 12407 cost 1.1448042
cur_epoch==== 3 cur_batch---- 35 g_step**** 12408 cost 1.1062062
cur_epoch==== 3 cur_batch---- 36 g_step**** 12409 cost 1.2719424
cur_epoch==== 3 cur_batch---- 37 g_step**** 12410 cost 1.0698432
cur_epoch==== 3 cur_batch---- 38 g_step**** 12411 cost 1.0377377
cur_epoch==== 3 cur_batch---- 39 g_step**** 12412 cost 0.9434806
cur_epoch==== 3 cur_batch---- 40 g_step**** 12413 cost 1.1214917
cur_epoch==== 3 cur_batch---- 41 g_step**** 12414 cost 1.3070495
cur_epoch==== 3 cur_batch---- 42 g_step**** 12415 cost 1.2133937
cur_epoch==== 3 cur_batch---- 43 g_step**** 12416 cost 0.7590877
