nohup: ignoring input
/home/sjhbxs/anaconda3/lib/python3.6/site-packages/h5py/__init__.py:36: FutureWarning: Conversion of the second argument of issubdtype from `float` to `np.floating` is deprecated. In future, it will be treated as `np.float64 == np.dtype(float).type`.
  from ._conv import register_converters as _register_converters
self.num_feature_of_fc  24576
output_fc [128, 4096]
lstm shpe [128, 11, 4096]
lstm shpe [128, 11, 1024]
output_rnn: [128, 11, 101]
loading train data, please wait--------------------- end= 
***************get image:  41509
loading validation data, please wait--------------------- end= 
***************get image:  303
2018-05-27 09:41:10.894112: W tensorflow/core/platform/cpu_feature_guard.cc:45] The TensorFlow library wasn't compiled to use SSE4.1 instructions, but these are available on your machine and could speed up CPU computations.
2018-05-27 09:41:10.894142: W tensorflow/core/platform/cpu_feature_guard.cc:45] The TensorFlow library wasn't compiled to use SSE4.2 instructions, but these are available on your machine and could speed up CPU computations.
2018-05-27 09:41:10.894149: W tensorflow/core/platform/cpu_feature_guard.cc:45] The TensorFlow library wasn't compiled to use AVX instructions, but these are available on your machine and could speed up CPU computations.
2018-05-27 09:41:10.894154: W tensorflow/core/platform/cpu_feature_guard.cc:45] The TensorFlow library wasn't compiled to use AVX2 instructions, but these are available on your machine and could speed up CPU computations.
2018-05-27 09:41:10.894159: W tensorflow/core/platform/cpu_feature_guard.cc:45] The TensorFlow library wasn't compiled to use FMA instructions, but these are available on your machine and could speed up CPU computations.
2018-05-27 09:41:10.985074: I tensorflow/stream_executor/cuda/cuda_gpu_executor.cc:893] successful NUMA node read from SysFS had negative value (-1), but there must be at least one NUMA node, so returning NUMA node zero
2018-05-27 09:41:10.985414: I tensorflow/core/common_runtime/gpu/gpu_device.cc:940] Found device 0 with properties: 
name: Tesla K80
major: 3 minor: 7 memoryClockRate (GHz) 0.8235
pciBusID 0000:00:04.0
Total memory: 11.17GiB
Free memory: 11.09GiB
2018-05-27 09:41:10.985450: I tensorflow/core/common_runtime/gpu/gpu_device.cc:961] DMA: 0 
2018-05-27 09:41:10.985457: I tensorflow/core/common_runtime/gpu/gpu_device.cc:971] 0:   Y 
2018-05-27 09:41:10.985467: I tensorflow/core/common_runtime/gpu/gpu_device.cc:1030] Creating TensorFlow device (/gpu:0) -> (device: 0, name: Tesla K80, pci bus id: 0000:00:04.0)
restore is true
restore from the checkpoint/home/sjhbxs/checkout/ICDAR_task2/ICDAR_TASK2_new16/checkpoint/ocr-model-1400
=============================begin training=============================
cur_epoch==== 0 cur_batch---- 0 g_step**** 1401 cost 25.316862
cur_epoch==== 0 cur_batch---- 1 g_step**** 1402 cost 23.488146
cur_epoch==== 0 cur_batch---- 2 g_step**** 1403 cost 22.969543
cur_epoch==== 0 cur_batch---- 3 g_step**** 1404 cost 22.339802
cur_epoch==== 0 cur_batch---- 4 g_step**** 1405 cost 22.545692
cur_epoch==== 0 cur_batch---- 5 g_step**** 1406 cost 24.049335
cur_epoch==== 0 cur_batch---- 6 g_step**** 1407 cost 24.474104
2018-05-27 09:41:25.442569: I tensorflow/core/common_runtime/gpu/pool_allocator.cc:247] PoolAllocator: After 5092 get requests, put_count=4985 evicted_count=1000 eviction_rate=0.200602 and unsatisfied allocation rate=0.237038
2018-05-27 09:41:25.442615: I tensorflow/core/common_runtime/gpu/pool_allocator.cc:259] Raising pool_size_limit_ from 100 to 110
cur_epoch==== 0 cur_batch---- 7 g_step**** 1408 cost 23.661446
cur_epoch==== 0 cur_batch---- 8 g_step**** 1409 cost 23.595295
cur_epoch==== 0 cur_batch---- 9 g_step**** 1410 cost 24.22847
cur_epoch==== 0 cur_batch---- 10 g_step**** 1411 cost 23.58817
cur_epoch==== 0 cur_batch---- 11 g_step**** 1412 cost 23.536282
cur_epoch==== 0 cur_batch---- 12 g_step**** 1413 cost 23.55275
cur_epoch==== 0 cur_batch---- 13 g_step**** 1414 cost 23.571287
cur_epoch==== 0 cur_batch---- 14 g_step**** 1415 cost 23.73133
cur_epoch==== 0 cur_batch---- 15 g_step**** 1416 cost 23.243088
cur_epoch==== 0 cur_batch---- 16 g_step**** 1417 cost 23.372828
cur_epoch==== 0 cur_batch---- 17 g_step**** 1418 cost 23.750761
cur_epoch==== 0 cur_batch---- 18 g_step**** 1419 cost 22.699644
cur_epoch==== 0 cur_batch---- 19 g_step**** 1420 cost 24.060715
cur_epoch==== 0 cur_batch---- 20 g_step**** 1421 cost 23.90061
cur_epoch==== 0 cur_batch---- 21 g_step**** 1422 cost 23.371113
cur_epoch==== 0 cur_batch---- 22 g_step**** 1423 cost 22.371046
cur_epoch==== 0 cur_batch---- 23 g_step**** 1424 cost 24.657307
cur_epoch==== 0 cur_batch---- 24 g_step**** 1425 cost 24.009357
cur_epoch==== 0 cur_batch---- 25 g_step**** 1426 cost 22.649986
cur_epoch==== 0 cur_batch---- 26 g_step**** 1427 cost 23.587984
cur_epoch==== 0 cur_batch---- 27 g_step**** 1428 cost 23.062855
cur_epoch==== 0 cur_batch---- 28 g_step**** 1429 cost 23.340584
cur_epoch==== 0 cur_batch---- 29 g_step**** 1430 cost 24.049398
cur_epoch==== 0 cur_batch---- 30 g_step**** 1431 cost 24.81446
cur_epoch==== 0 cur_batch---- 31 g_step**** 1432 cost 23.697607
cur_epoch==== 0 cur_batch---- 32 g_step**** 1433 cost 23.582666
cur_epoch==== 0 cur_batch---- 33 g_step**** 1434 cost 24.523214
cur_epoch==== 0 cur_batch---- 34 g_step**** 1435 cost 22.48429
cur_epoch==== 0 cur_batch---- 35 g_step**** 1436 cost 24.37067
cur_epoch==== 0 cur_batch---- 36 g_step**** 1437 cost 23.48706
cur_epoch==== 0 cur_batch---- 37 g_step**** 1438 cost 26.11111
cur_epoch==== 0 cur_batch---- 38 g_step**** 1439 cost 24.074018
cur_epoch==== 0 cur_batch---- 39 g_step**** 1440 cost 22.854794
cur_epoch==== 0 cur_batch---- 40 g_step**** 1441 cost 24.288893
cur_epoch==== 0 cur_batch---- 41 g_step**** 1442 cost 23.756538
cur_epoch==== 0 cur_batch---- 42 g_step**** 1443 cost 22.776604
cur_epoch==== 0 cur_batch---- 43 g_step**** 1444 cost 24.026077
cur_epoch==== 0 cur_batch---- 44 g_step**** 1445 cost 22.986122
cur_epoch==== 0 cur_batch---- 45 g_step**** 1446 cost 23.755417
cur_epoch==== 0 cur_batch---- 46 g_step**** 1447 cost 23.52965
cur_epoch==== 0 cur_batch---- 47 g_step**** 1448 cost 24.129147
cur_epoch==== 0 cur_batch---- 48 g_step**** 1449 cost 23.690386
cur_epoch==== 0 cur_batch---- 49 g_step**** 1450 cost 23.948233
cur_epoch==== 0 cur_batch---- 50 g_step**** 1451 cost 22.466919
cur_epoch==== 0 cur_batch---- 51 g_step**** 1452 cost 22.591427
cur_epoch==== 0 cur_batch---- 52 g_step**** 1453 cost 25.250263
cur_epoch==== 0 cur_batch---- 53 g_step**** 1454 cost 23.486107
cur_epoch==== 0 cur_batch---- 54 g_step**** 1455 cost 23.283184
cur_epoch==== 0 cur_batch---- 55 g_step**** 1456 cost 24.78626
cur_epoch==== 0 cur_batch---- 56 g_step**** 1457 cost 22.835836
cur_epoch==== 0 cur_batch---- 57 g_step**** 1458 cost 23.1744
cur_epoch==== 0 cur_batch---- 58 g_step**** 1459 cost 23.545717
cur_epoch==== 0 cur_batch---- 59 g_step**** 1460 cost 23.41348
cur_epoch==== 0 cur_batch---- 60 g_step**** 1461 cost 22.2333
cur_epoch==== 0 cur_batch---- 61 g_step**** 1462 cost 23.67224
cur_epoch==== 0 cur_batch---- 62 g_step**** 1463 cost 22.159216
cur_epoch==== 0 cur_batch---- 63 g_step**** 1464 cost 23.12179
cur_epoch==== 0 cur_batch---- 64 g_step**** 1465 cost 23.825384
cur_epoch==== 0 cur_batch---- 65 g_step**** 1466 cost 23.436148
cur_epoch==== 0 cur_batch---- 66 g_step**** 1467 cost 22.14001
cur_epoch==== 0 cur_batch---- 67 g_step**** 1468 cost 24.635244
cur_epoch==== 0 cur_batch---- 68 g_step**** 1469 cost 25.230099
cur_epoch==== 0 cur_batch---- 69 g_step**** 1470 cost 23.787981
cur_epoch==== 0 cur_batch---- 70 g_step**** 1471 cost 22.943672
cur_epoch==== 0 cur_batch---- 71 g_step**** 1472 cost 23.373993
cur_epoch==== 0 cur_batch---- 72 g_step**** 1473 cost 24.786709
cur_epoch==== 0 cur_batch---- 73 g_step**** 1474 cost 23.715906
cur_epoch==== 0 cur_batch---- 74 g_step**** 1475 cost 22.545713
cur_epoch==== 0 cur_batch---- 75 g_step**** 1476 cost 23.645918
cur_epoch==== 0 cur_batch---- 76 g_step**** 1477 cost 23.57017
cur_epoch==== 0 cur_batch---- 77 g_step**** 1478 cost 24.161299
cur_epoch==== 0 cur_batch---- 78 g_step**** 1479 cost 23.816093
cur_epoch==== 0 cur_batch---- 79 g_step**** 1480 cost 22.472784
cur_epoch==== 0 cur_batch---- 80 g_step**** 1481 cost 23.077312
cur_epoch==== 0 cur_batch---- 81 g_step**** 1482 cost 22.16583
cur_epoch==== 0 cur_batch---- 82 g_step**** 1483 cost 23.092766
cur_epoch==== 0 cur_batch---- 83 g_step**** 1484 cost 22.655527
cur_epoch==== 0 cur_batch---- 84 g_step**** 1485 cost 22.790585
cur_epoch==== 0 cur_batch---- 85 g_step**** 1486 cost 24.321774
cur_epoch==== 0 cur_batch---- 86 g_step**** 1487 cost 23.472492
cur_epoch==== 0 cur_batch---- 87 g_step**** 1488 cost 23.58222
cur_epoch==== 0 cur_batch---- 88 g_step**** 1489 cost 23.940598
cur_epoch==== 0 cur_batch---- 89 g_step**** 1490 cost 23.95821
cur_epoch==== 0 cur_batch---- 90 g_step**** 1491 cost 23.721344
cur_epoch==== 0 cur_batch---- 91 g_step**** 1492 cost 22.429539
cur_epoch==== 0 cur_batch---- 92 g_step**** 1493 cost 24.021662
cur_epoch==== 0 cur_batch---- 93 g_step**** 1494 cost 23.281162
cur_epoch==== 0 cur_batch---- 94 g_step**** 1495 cost 23.775267
cur_epoch==== 0 cur_batch---- 95 g_step**** 1496 cost 22.984457
cur_epoch==== 0 cur_batch---- 96 g_step**** 1497 cost 23.234697
cur_epoch==== 0 cur_batch---- 97 g_step**** 1498 cost 22.60766
cur_epoch==== 0 cur_batch---- 98 g_step**** 1499 cost 23.349752
cur_epoch==== 0 cur_batch---- 99 g_step**** 1500 cost 24.114122
save checkpoint 1500
cur_epoch==== 0 cur_batch---- 100 g_step**** 1501 cost 24.029238
cur_epoch==== 0 cur_batch---- 101 g_step**** 1502 cost 22.812588
cur_epoch==== 0 cur_batch---- 102 g_step**** 1503 cost 22.840553
cur_epoch==== 0 cur_batch---- 103 g_step**** 1504 cost 23.087608
cur_epoch==== 0 cur_batch---- 104 g_step**** 1505 cost 23.980988
cur_epoch==== 0 cur_batch---- 105 g_step**** 1506 cost 23.54911
cur_epoch==== 0 cur_batch---- 106 g_step**** 1507 cost 23.633213
cur_epoch==== 0 cur_batch---- 107 g_step**** 1508 cost 22.621378
cur_epoch==== 0 cur_batch---- 108 g_step**** 1509 cost 21.907532
cur_epoch==== 0 cur_batch---- 109 g_step**** 1510 cost 24.013155
cur_epoch==== 0 cur_batch---- 110 g_step**** 1511 cost 22.775766
cur_epoch==== 0 cur_batch---- 111 g_step**** 1512 cost 23.055527
cur_epoch==== 0 cur_batch---- 112 g_step**** 1513 cost 24.181427
cur_epoch==== 0 cur_batch---- 113 g_step**** 1514 cost 24.10337
cur_epoch==== 0 cur_batch---- 114 g_step**** 1515 cost 24.741245
cur_epoch==== 0 cur_batch---- 115 g_step**** 1516 cost 23.10791
cur_epoch==== 0 cur_batch---- 116 g_step**** 1517 cost 23.13587
cur_epoch==== 0 cur_batch---- 117 g_step**** 1518 cost 23.343134
cur_epoch==== 0 cur_batch---- 118 g_step**** 1519 cost 24.106081
cur_epoch==== 0 cur_batch---- 119 g_step**** 1520 cost 22.987204
cur_epoch==== 0 cur_batch---- 120 g_step**** 1521 cost 24.365652
cur_epoch==== 0 cur_batch---- 121 g_step**** 1522 cost 23.093084
cur_epoch==== 0 cur_batch---- 122 g_step**** 1523 cost 22.312696
cur_epoch==== 0 cur_batch---- 123 g_step**** 1524 cost 22.330357
cur_epoch==== 0 cur_batch---- 124 g_step**** 1525 cost 23.612404
cur_epoch==== 0 cur_batch---- 125 g_step**** 1526 cost 22.44072
cur_epoch==== 0 cur_batch---- 126 g_step**** 1527 cost 24.869087
cur_epoch==== 0 cur_batch---- 127 g_step**** 1528 cost 24.045263
cur_epoch==== 0 cur_batch---- 128 g_step**** 1529 cost 23.612953
cur_epoch==== 0 cur_batch---- 129 g_step**** 1530 cost 23.05442
cur_epoch==== 0 cur_batch---- 130 g_step**** 1531 cost 23.87582
cur_epoch==== 0 cur_batch---- 131 g_step**** 1532 cost 22.934948
cur_epoch==== 0 cur_batch---- 132 g_step**** 1533 cost 23.573622
cur_epoch==== 0 cur_batch---- 133 g_step**** 1534 cost 23.185919
cur_epoch==== 0 cur_batch---- 134 g_step**** 1535 cost 23.144152
cur_epoch==== 0 cur_batch---- 135 g_step**** 1536 cost 22.69368
cur_epoch==== 0 cur_batch---- 136 g_step**** 1537 cost 23.461237
cur_epoch==== 0 cur_batch---- 137 g_step**** 1538 cost 22.667604
cur_epoch==== 0 cur_batch---- 138 g_step**** 1539 cost 22.870956
cur_epoch==== 0 cur_batch---- 139 g_step**** 1540 cost 23.142672
cur_epoch==== 0 cur_batch---- 140 g_step**** 1541 cost 23.029284
cur_epoch==== 0 cur_batch---- 141 g_step**** 1542 cost 22.503988
cur_epoch==== 0 cur_batch---- 142 g_step**** 1543 cost 22.861225
cur_epoch==== 0 cur_batch---- 143 g_step**** 1544 cost 23.448683
cur_epoch==== 0 cur_batch---- 144 g_step**** 1545 cost 23.797932
cur_epoch==== 0 cur_batch---- 145 g_step**** 1546 cost 23.800858
cur_epoch==== 0 cur_batch---- 146 g_step**** 1547 cost 24.119364
cur_epoch==== 0 cur_batch---- 147 g_step**** 1548 cost 23.581274
cur_epoch==== 0 cur_batch---- 148 g_step**** 1549 cost 24.398987
cur_epoch==== 0 cur_batch---- 149 g_step**** 1550 cost 23.055084
cur_epoch==== 0 cur_batch---- 150 g_step**** 1551 cost 25.763138
cur_epoch==== 0 cur_batch---- 151 g_step**** 1552 cost 22.809175
cur_epoch==== 0 cur_batch---- 152 g_step**** 1553 cost 23.298126
cur_epoch==== 0 cur_batch---- 153 g_step**** 1554 cost 25.238455
cur_epoch==== 0 cur_batch---- 154 g_step**** 1555 cost 24.31965
cur_epoch==== 0 cur_batch---- 155 g_step**** 1556 cost 24.03967
cur_epoch==== 0 cur_batch---- 156 g_step**** 1557 cost 25.26976
cur_epoch==== 0 cur_batch---- 157 g_step**** 1558 cost 23.387403
cur_epoch==== 0 cur_batch---- 158 g_step**** 1559 cost 23.110868
cur_epoch==== 0 cur_batch---- 159 g_step**** 1560 cost 21.924639
cur_epoch==== 0 cur_batch---- 160 g_step**** 1561 cost 24.238434
cur_epoch==== 0 cur_batch---- 161 g_step**** 1562 cost 23.328924
cur_epoch==== 0 cur_batch---- 162 g_step**** 1563 cost 23.101883
cur_epoch==== 0 cur_batch---- 163 g_step**** 1564 cost 23.211746
cur_epoch==== 0 cur_batch---- 164 g_step**** 1565 cost 22.665031
cur_epoch==== 0 cur_batch---- 165 g_step**** 1566 cost 23.628645
cur_epoch==== 0 cur_batch---- 166 g_step**** 1567 cost 24.363754
cur_epoch==== 0 cur_batch---- 167 g_step**** 1568 cost 23.588076
cur_epoch==== 0 cur_batch---- 168 g_step**** 1569 cost 22.836817
cur_epoch==== 0 cur_batch---- 169 g_step**** 1570 cost 21.889692
cur_epoch==== 0 cur_batch---- 170 g_step**** 1571 cost 23.78526
cur_epoch==== 0 cur_batch---- 171 g_step**** 1572 cost 23.082777
cur_epoch==== 0 cur_batch---- 172 g_step**** 1573 cost 23.078953
cur_epoch==== 0 cur_batch---- 173 g_step**** 1574 cost 22.688597
cur_epoch==== 0 cur_batch---- 174 g_step**** 1575 cost 24.005232
cur_epoch==== 0 cur_batch---- 175 g_step**** 1576 cost 23.589603
cur_epoch==== 0 cur_batch---- 176 g_step**** 1577 cost 23.831532
cur_epoch==== 0 cur_batch---- 177 g_step**** 1578 cost 23.388802
cur_epoch==== 0 cur_batch---- 178 g_step**** 1579 cost 23.761044
cur_epoch==== 0 cur_batch---- 179 g_step**** 1580 cost 22.43841
cur_epoch==== 0 cur_batch---- 180 g_step**** 1581 cost 23.845877
cur_epoch==== 0 cur_batch---- 181 g_step**** 1582 cost 22.98933
cur_epoch==== 0 cur_batch---- 182 g_step**** 1583 cost 22.919657
cur_epoch==== 0 cur_batch---- 183 g_step**** 1584 cost 23.909218
cur_epoch==== 0 cur_batch---- 184 g_step**** 1585 cost 23.627087
cur_epoch==== 0 cur_batch---- 185 g_step**** 1586 cost 23.379137
cur_epoch==== 0 cur_batch---- 186 g_step**** 1587 cost 24.723791
cur_epoch==== 0 cur_batch---- 187 g_step**** 1588 cost 23.437233
cur_epoch==== 0 cur_batch---- 188 g_step**** 1589 cost 23.90019
cur_epoch==== 0 cur_batch---- 189 g_step**** 1590 cost 22.457943
cur_epoch==== 0 cur_batch---- 190 g_step**** 1591 cost 23.709602
cur_epoch==== 0 cur_batch---- 191 g_step**** 1592 cost 23.978968
cur_epoch==== 0 cur_batch---- 192 g_step**** 1593 cost 25.68788
cur_epoch==== 0 cur_batch---- 193 g_step**** 1594 cost 23.67596
cur_epoch==== 0 cur_batch---- 194 g_step**** 1595 cost 23.568882
cur_epoch==== 0 cur_batch---- 195 g_step**** 1596 cost 22.835745
cur_epoch==== 0 cur_batch---- 196 g_step**** 1597 cost 22.640415
cur_epoch==== 0 cur_batch---- 197 g_step**** 1598 cost 22.199738
cur_epoch==== 0 cur_batch---- 198 g_step**** 1599 cost 22.810627
cur_epoch==== 0 cur_batch---- 199 g_step**** 1600 cost 23.773598
2
index_cv [0, 1, 2, 3, 4, 5, 6, 7, 8, 9, 10, 11, 12, 13, 14, 15, 16, 17, 18, 19, 20, 21, 22, 23, 24, 25, 26, 27, 28, 29, 30, 31, 32, 33, 34, 35, 36, 37, 38, 39, 40, 41, 42, 43, 44, 45, 46, 47, 48, 49, 50, 51, 52, 53, 54, 55, 56, 57, 58, 59, 60, 61, 62, 63, 64, 65, 66, 67, 68, 69, 70, 71, 72, 73, 74, 75, 76, 77, 78, 79, 80, 81, 82, 83, 84, 85, 86, 87, 88, 89, 90, 91, 92, 93, 94, 95, 96, 97, 98, 99, 100, 101, 102, 103, 104, 105, 106, 107, 108, 109, 110, 111, 112, 113, 114, 115, 116, 117, 118, 119, 120, 121, 122, 123, 124, 125, 126, 127]
2
index_cv [128, 129, 130, 131, 132, 133, 134, 135, 136, 137, 138, 139, 140, 141, 142, 143, 144, 145, 146, 147, 148, 149, 150, 151, 152, 153, 154, 155, 156, 157, 158, 159, 160, 161, 162, 163, 164, 165, 166, 167, 168, 169, 170, 171, 172, 173, 174, 175, 176, 177, 178, 179, 180, 181, 182, 183, 184, 185, 186, 187, 188, 189, 190, 191, 192, 193, 194, 195, 196, 197, 198, 199, 200, 201, 202, 203, 204, 205, 206, 207, 208, 209, 210, 211, 212, 213, 214, 215, 216, 217, 218, 219, 220, 221, 222, 223, 224, 225, 226, 227, 228, 229, 230, 231, 232, 233, 234, 235, 236, 237, 238, 239, 240, 241, 242, 243, 244, 245, 246, 247, 248, 249, 250, 251, 252, 253, 254, 255]
acc 0.0
save checkpoint 1600
cur_epoch==== 0 cur_batch---- 200 g_step**** 1601 cost 23.531658
cur_epoch==== 0 cur_batch---- 201 g_step**** 1602 cost 22.087765
cur_epoch==== 0 cur_batch---- 202 g_step**** 1603 cost 22.765406
cur_epoch==== 0 cur_batch---- 203 g_step**** 1604 cost 23.586254
cur_epoch==== 0 cur_batch---- 204 g_step**** 1605 cost 23.908463
cur_epoch==== 0 cur_batch---- 205 g_step**** 1606 cost 24.247158
cur_epoch==== 0 cur_batch---- 206 g_step**** 1607 cost 23.832077
cur_epoch==== 0 cur_batch---- 207 g_step**** 1608 cost 25.12018
cur_epoch==== 0 cur_batch---- 208 g_step**** 1609 cost 23.843943
cur_epoch==== 0 cur_batch---- 209 g_step**** 1610 cost 23.523615
cur_epoch==== 0 cur_batch---- 210 g_step**** 1611 cost 24.239855
cur_epoch==== 0 cur_batch---- 211 g_step**** 1612 cost 23.832476
cur_epoch==== 0 cur_batch---- 212 g_step**** 1613 cost 23.829258
cur_epoch==== 0 cur_batch---- 213 g_step**** 1614 cost 24.2752
cur_epoch==== 0 cur_batch---- 214 g_step**** 1615 cost 23.622375
cur_epoch==== 0 cur_batch---- 215 g_step**** 1616 cost 23.377655
cur_epoch==== 0 cur_batch---- 216 g_step**** 1617 cost 23.837654
cur_epoch==== 0 cur_batch---- 217 g_step**** 1618 cost 23.381136
cur_epoch==== 0 cur_batch---- 218 g_step**** 1619 cost 22.254215
cur_epoch==== 0 cur_batch---- 219 g_step**** 1620 cost 23.060738
cur_epoch==== 0 cur_batch---- 220 g_step**** 1621 cost 24.415344
cur_epoch==== 0 cur_batch---- 221 g_step**** 1622 cost 23.73289
cur_epoch==== 0 cur_batch---- 222 g_step**** 1623 cost 23.740894
cur_epoch==== 0 cur_batch---- 223 g_step**** 1624 cost 22.13658
cur_epoch==== 0 cur_batch---- 224 g_step**** 1625 cost 25.051414
cur_epoch==== 0 cur_batch---- 225 g_step**** 1626 cost 22.820702
cur_epoch==== 0 cur_batch---- 226 g_step**** 1627 cost 23.04689
cur_epoch==== 0 cur_batch---- 227 g_step**** 1628 cost 23.350447
cur_epoch==== 0 cur_batch---- 228 g_step**** 1629 cost 23.663816
cur_epoch==== 0 cur_batch---- 229 g_step**** 1630 cost 22.689102
cur_epoch==== 0 cur_batch---- 230 g_step**** 1631 cost 23.473244
cur_epoch==== 0 cur_batch---- 231 g_step**** 1632 cost 22.688723
cur_epoch==== 0 cur_batch---- 232 g_step**** 1633 cost 23.09014
cur_epoch==== 0 cur_batch---- 233 g_step**** 1634 cost 22.76814
cur_epoch==== 0 cur_batch---- 234 g_step**** 1635 cost 23.891869
cur_epoch==== 0 cur_batch---- 235 g_step**** 1636 cost 23.955627
cur_epoch==== 0 cur_batch---- 236 g_step**** 1637 cost 23.347187
cur_epoch==== 0 cur_batch---- 237 g_step**** 1638 cost 22.327816
cur_epoch==== 0 cur_batch---- 238 g_step**** 1639 cost 22.988495
cur_epoch==== 0 cur_batch---- 239 g_step**** 1640 cost 22.864609
cur_epoch==== 0 cur_batch---- 240 g_step**** 1641 cost 23.439499
cur_epoch==== 0 cur_batch---- 241 g_step**** 1642 cost 22.88981
cur_epoch==== 0 cur_batch---- 242 g_step**** 1643 cost 23.827293
cur_epoch==== 0 cur_batch---- 243 g_step**** 1644 cost 22.323662
cur_epoch==== 0 cur_batch---- 244 g_step**** 1645 cost 21.458805
cur_epoch==== 0 cur_batch---- 245 g_step**** 1646 cost 24.05827
cur_epoch==== 0 cur_batch---- 246 g_step**** 1647 cost 23.537083
cur_epoch==== 0 cur_batch---- 247 g_step**** 1648 cost 24.184196
cur_epoch==== 0 cur_batch---- 248 g_step**** 1649 cost 23.300686
cur_epoch==== 0 cur_batch---- 249 g_step**** 1650 cost 24.603735
cur_epoch==== 0 cur_batch---- 250 g_step**** 1651 cost 25.23597
cur_epoch==== 0 cur_batch---- 251 g_step**** 1652 cost 23.399443
cur_epoch==== 0 cur_batch---- 252 g_step**** 1653 cost 23.323326
cur_epoch==== 0 cur_batch---- 253 g_step**** 1654 cost 24.133419
cur_epoch==== 0 cur_batch---- 254 g_step**** 1655 cost 24.023441
cur_epoch==== 0 cur_batch---- 255 g_step**** 1656 cost 23.299923
cur_epoch==== 0 cur_batch---- 256 g_step**** 1657 cost 24.92317
cur_epoch==== 0 cur_batch---- 257 g_step**** 1658 cost 22.998236
cur_epoch==== 0 cur_batch---- 258 g_step**** 1659 cost 23.062147
cur_epoch==== 0 cur_batch---- 259 g_step**** 1660 cost 24.600689
cur_epoch==== 0 cur_batch---- 260 g_step**** 1661 cost 23.24297
cur_epoch==== 0 cur_batch---- 261 g_step**** 1662 cost 23.675953
cur_epoch==== 0 cur_batch---- 262 g_step**** 1663 cost 24.93611
cur_epoch==== 0 cur_batch---- 263 g_step**** 1664 cost 24.000912
cur_epoch==== 0 cur_batch---- 264 g_step**** 1665 cost 23.38483
cur_epoch==== 0 cur_batch---- 265 g_step**** 1666 cost 25.153996
cur_epoch==== 0 cur_batch---- 266 g_step**** 1667 cost 23.306362
cur_epoch==== 0 cur_batch---- 267 g_step**** 1668 cost 22.495827
cur_epoch==== 0 cur_batch---- 268 g_step**** 1669 cost 23.671387
cur_epoch==== 0 cur_batch---- 269 g_step**** 1670 cost 23.816328
cur_epoch==== 0 cur_batch---- 270 g_step**** 1671 cost 23.39907
cur_epoch==== 0 cur_batch---- 271 g_step**** 1672 cost 24.011688
cur_epoch==== 0 cur_batch---- 272 g_step**** 1673 cost 23.64765
cur_epoch==== 0 cur_batch---- 273 g_step**** 1674 cost 22.56371
cur_epoch==== 0 cur_batch---- 274 g_step**** 1675 cost 24.674791
cur_epoch==== 0 cur_batch---- 275 g_step**** 1676 cost 23.179249
cur_epoch==== 0 cur_batch---- 276 g_step**** 1677 cost 23.637869
cur_epoch==== 0 cur_batch---- 277 g_step**** 1678 cost 25.250269
cur_epoch==== 0 cur_batch---- 278 g_step**** 1679 cost 23.723259
cur_epoch==== 0 cur_batch---- 279 g_step**** 1680 cost 22.811407
cur_epoch==== 0 cur_batch---- 280 g_step**** 1681 cost 24.087816
cur_epoch==== 0 cur_batch---- 281 g_step**** 1682 cost 23.781363
cur_epoch==== 0 cur_batch---- 282 g_step**** 1683 cost 23.395555
cur_epoch==== 0 cur_batch---- 283 g_step**** 1684 cost 24.38429
cur_epoch==== 0 cur_batch---- 284 g_step**** 1685 cost 23.154747
cur_epoch==== 0 cur_batch---- 285 g_step**** 1686 cost 23.104343
cur_epoch==== 0 cur_batch---- 286 g_step**** 1687 cost 24.973177
cur_epoch==== 0 cur_batch---- 287 g_step**** 1688 cost 23.765064
cur_epoch==== 0 cur_batch---- 288 g_step**** 1689 cost 23.456413
cur_epoch==== 0 cur_batch---- 289 g_step**** 1690 cost 23.27533
cur_epoch==== 0 cur_batch---- 290 g_step**** 1691 cost 23.125784
cur_epoch==== 0 cur_batch---- 291 g_step**** 1692 cost 22.566492
cur_epoch==== 0 cur_batch---- 292 g_step**** 1693 cost 24.224295
cur_epoch==== 0 cur_batch---- 293 g_step**** 1694 cost 22.834902
cur_epoch==== 0 cur_batch---- 294 g_step**** 1695 cost 24.163635
cur_epoch==== 0 cur_batch---- 295 g_step**** 1696 cost 24.502895
cur_epoch==== 0 cur_batch---- 296 g_step**** 1697 cost 23.213146
cur_epoch==== 0 cur_batch---- 297 g_step**** 1698 cost 23.512112
cur_epoch==== 0 cur_batch---- 298 g_step**** 1699 cost 23.347843
cur_epoch==== 0 cur_batch---- 299 g_step**** 1700 cost 23.541506
save checkpoint 1700
cur_epoch==== 0 cur_batch---- 300 g_step**** 1701 cost 23.322294
cur_epoch==== 0 cur_batch---- 301 g_step**** 1702 cost 22.009403
cur_epoch==== 0 cur_batch---- 302 g_step**** 1703 cost 24.755909
cur_epoch==== 0 cur_batch---- 303 g_step**** 1704 cost 24.706335
cur_epoch==== 0 cur_batch---- 304 g_step**** 1705 cost 23.519789
cur_epoch==== 0 cur_batch---- 305 g_step**** 1706 cost 23.745518
cur_epoch==== 0 cur_batch---- 306 g_step**** 1707 cost 23.086428
cur_epoch==== 0 cur_batch---- 307 g_step**** 1708 cost 23.269245
cur_epoch==== 0 cur_batch---- 308 g_step**** 1709 cost 22.48982
cur_epoch==== 0 cur_batch---- 309 g_step**** 1710 cost 22.718277
cur_epoch==== 0 cur_batch---- 310 g_step**** 1711 cost 24.136763
cur_epoch==== 0 cur_batch---- 311 g_step**** 1712 cost 23.361725
cur_epoch==== 0 cur_batch---- 312 g_step**** 1713 cost 23.606682
cur_epoch==== 0 cur_batch---- 313 g_step**** 1714 cost 22.942211
cur_epoch==== 0 cur_batch---- 314 g_step**** 1715 cost 22.947506
cur_epoch==== 0 cur_batch---- 315 g_step**** 1716 cost 23.311453
cur_epoch==== 0 cur_batch---- 316 g_step**** 1717 cost 23.403374
cur_epoch==== 0 cur_batch---- 317 g_step**** 1718 cost 24.965782
cur_epoch==== 0 cur_batch---- 318 g_step**** 1719 cost 23.197372
cur_epoch==== 0 cur_batch---- 319 g_step**** 1720 cost 23.000332
cur_epoch==== 0 cur_batch---- 320 g_step**** 1721 cost 23.280003
cur_epoch==== 0 cur_batch---- 321 g_step**** 1722 cost 23.750313
cur_epoch==== 0 cur_batch---- 322 g_step**** 1723 cost 23.358248
cur_epoch==== 0 cur_batch---- 323 g_step**** 1724 cost 22.138006
cur_epoch==== 1 cur_batch---- 0 g_step**** 1725 cost 23.438696
cur_epoch==== 1 cur_batch---- 1 g_step**** 1726 cost 23.241365
cur_epoch==== 1 cur_batch---- 2 g_step**** 1727 cost 22.596836
cur_epoch==== 1 cur_batch---- 3 g_step**** 1728 cost 24.046864
cur_epoch==== 1 cur_batch---- 4 g_step**** 1729 cost 22.879246
cur_epoch==== 1 cur_batch---- 5 g_step**** 1730 cost 23.147015
cur_epoch==== 1 cur_batch---- 6 g_step**** 1731 cost 22.57466
cur_epoch==== 1 cur_batch---- 7 g_step**** 1732 cost 23.183998
cur_epoch==== 1 cur_batch---- 8 g_step**** 1733 cost 23.162817
cur_epoch==== 1 cur_batch---- 9 g_step**** 1734 cost 23.776066
cur_epoch==== 1 cur_batch---- 10 g_step**** 1735 cost 22.700695
cur_epoch==== 1 cur_batch---- 11 g_step**** 1736 cost 23.486673
cur_epoch==== 1 cur_batch---- 12 g_step**** 1737 cost 23.7756
cur_epoch==== 1 cur_batch---- 13 g_step**** 1738 cost 23.036463
cur_epoch==== 1 cur_batch---- 14 g_step**** 1739 cost 22.905449
cur_epoch==== 1 cur_batch---- 15 g_step**** 1740 cost 22.841497
cur_epoch==== 1 cur_batch---- 16 g_step**** 1741 cost 24.012281
cur_epoch==== 1 cur_batch---- 17 g_step**** 1742 cost 25.308247
cur_epoch==== 1 cur_batch---- 18 g_step**** 1743 cost 23.568096
cur_epoch==== 1 cur_batch---- 19 g_step**** 1744 cost 23.957237
cur_epoch==== 1 cur_batch---- 20 g_step**** 1745 cost 23.676132
cur_epoch==== 1 cur_batch---- 21 g_step**** 1746 cost 22.790232
cur_epoch==== 1 cur_batch---- 22 g_step**** 1747 cost 23.435383
cur_epoch==== 1 cur_batch---- 23 g_step**** 1748 cost 21.99387
cur_epoch==== 1 cur_batch---- 24 g_step**** 1749 cost 23.019608
cur_epoch==== 1 cur_batch---- 25 g_step**** 1750 cost 24.228296
cur_epoch==== 1 cur_batch---- 26 g_step**** 1751 cost 22.777018
cur_epoch==== 1 cur_batch---- 27 g_step**** 1752 cost 24.386591
cur_epoch==== 1 cur_batch---- 28 g_step**** 1753 cost 23.134237
cur_epoch==== 1 cur_batch---- 29 g_step**** 1754 cost 24.504686
cur_epoch==== 1 cur_batch---- 30 g_step**** 1755 cost 25.080025
cur_epoch==== 1 cur_batch---- 31 g_step**** 1756 cost 22.220407
cur_epoch==== 1 cur_batch---- 32 g_step**** 1757 cost 22.436363
cur_epoch==== 1 cur_batch---- 33 g_step**** 1758 cost 23.398026
cur_epoch==== 1 cur_batch---- 34 g_step**** 1759 cost 23.463106
cur_epoch==== 1 cur_batch---- 35 g_step**** 1760 cost 24.184242
cur_epoch==== 1 cur_batch---- 36 g_step**** 1761 cost 23.310795
cur_epoch==== 1 cur_batch---- 37 g_step**** 1762 cost 22.489979
cur_epoch==== 1 cur_batch---- 38 g_step**** 1763 cost 23.055866
cur_epoch==== 1 cur_batch---- 39 g_step**** 1764 cost 22.815708
cur_epoch==== 1 cur_batch---- 40 g_step**** 1765 cost 23.53975
cur_epoch==== 1 cur_batch---- 41 g_step**** 1766 cost 23.167875
cur_epoch==== 1 cur_batch---- 42 g_step**** 1767 cost 22.990662
cur_epoch==== 1 cur_batch---- 43 g_step**** 1768 cost 22.389942
cur_epoch==== 1 cur_batch---- 44 g_step**** 1769 cost 23.67521
cur_epoch==== 1 cur_batch---- 45 g_step**** 1770 cost 22.702494
cur_epoch==== 1 cur_batch---- 46 g_step**** 1771 cost 23.242271
cur_epoch==== 1 cur_batch---- 47 g_step**** 1772 cost 22.97488
cur_epoch==== 1 cur_batch---- 48 g_step**** 1773 cost 22.854761
cur_epoch==== 1 cur_batch---- 49 g_step**** 1774 cost 22.181133
cur_epoch==== 1 cur_batch---- 50 g_step**** 1775 cost 22.831547
cur_epoch==== 1 cur_batch---- 51 g_step**** 1776 cost 22.361668
cur_epoch==== 1 cur_batch---- 52 g_step**** 1777 cost 22.737514
cur_epoch==== 1 cur_batch---- 53 g_step**** 1778 cost 23.419569
cur_epoch==== 1 cur_batch---- 54 g_step**** 1779 cost 23.107979
cur_epoch==== 1 cur_batch---- 55 g_step**** 1780 cost 25.25508
cur_epoch==== 1 cur_batch---- 56 g_step**** 1781 cost 23.43619
cur_epoch==== 1 cur_batch---- 57 g_step**** 1782 cost 23.322832
cur_epoch==== 1 cur_batch---- 58 g_step**** 1783 cost 23.189564
cur_epoch==== 1 cur_batch---- 59 g_step**** 1784 cost 23.682146
cur_epoch==== 1 cur_batch---- 60 g_step**** 1785 cost 24.34955
cur_epoch==== 1 cur_batch---- 61 g_step**** 1786 cost 24.268099
cur_epoch==== 1 cur_batch---- 62 g_step**** 1787 cost 23.999058
cur_epoch==== 1 cur_batch---- 63 g_step**** 1788 cost 24.156101
cur_epoch==== 1 cur_batch---- 64 g_step**** 1789 cost 24.713411
cur_epoch==== 1 cur_batch---- 65 g_step**** 1790 cost 23.388056
cur_epoch==== 1 cur_batch---- 66 g_step**** 1791 cost 24.841736
cur_epoch==== 1 cur_batch---- 67 g_step**** 1792 cost 22.729427
cur_epoch==== 1 cur_batch---- 68 g_step**** 1793 cost 23.8936
cur_epoch==== 1 cur_batch---- 69 g_step**** 1794 cost 23.999355
cur_epoch==== 1 cur_batch---- 70 g_step**** 1795 cost 24.170044
cur_epoch==== 1 cur_batch---- 71 g_step**** 1796 cost 23.81292
cur_epoch==== 1 cur_batch---- 72 g_step**** 1797 cost 23.978918
cur_epoch==== 1 cur_batch---- 73 g_step**** 1798 cost 22.958517
cur_epoch==== 1 cur_batch---- 74 g_step**** 1799 cost 24.663483
cur_epoch==== 1 cur_batch---- 75 g_step**** 1800 cost 23.684301
save checkpoint 1800
cur_epoch==== 1 cur_batch---- 76 g_step**** 1801 cost 23.676617
cur_epoch==== 1 cur_batch---- 77 g_step**** 1802 cost 23.585016
cur_epoch==== 1 cur_batch---- 78 g_step**** 1803 cost 23.39678
cur_epoch==== 1 cur_batch---- 79 g_step**** 1804 cost 23.091496
cur_epoch==== 1 cur_batch---- 80 g_step**** 1805 cost 22.897772
cur_epoch==== 1 cur_batch---- 81 g_step**** 1806 cost 23.486868
cur_epoch==== 1 cur_batch---- 82 g_step**** 1807 cost 22.545044
cur_epoch==== 1 cur_batch---- 83 g_step**** 1808 cost 23.858257
cur_epoch==== 1 cur_batch---- 84 g_step**** 1809 cost 23.456549
cur_epoch==== 1 cur_batch---- 85 g_step**** 1810 cost 22.961748
cur_epoch==== 1 cur_batch---- 86 g_step**** 1811 cost 25.47891
cur_epoch==== 1 cur_batch---- 87 g_step**** 1812 cost 23.735558
cur_epoch==== 1 cur_batch---- 88 g_step**** 1813 cost 23.36675
cur_epoch==== 1 cur_batch---- 89 g_step**** 1814 cost 23.700764
cur_epoch==== 1 cur_batch---- 90 g_step**** 1815 cost 23.800907
cur_epoch==== 1 cur_batch---- 91 g_step**** 1816 cost 24.69953
cur_epoch==== 1 cur_batch---- 92 g_step**** 1817 cost 23.113535
cur_epoch==== 1 cur_batch---- 93 g_step**** 1818 cost 22.964659
cur_epoch==== 1 cur_batch---- 94 g_step**** 1819 cost 21.811241
cur_epoch==== 1 cur_batch---- 95 g_step**** 1820 cost 24.749943
cur_epoch==== 1 cur_batch---- 96 g_step**** 1821 cost 23.471214
cur_epoch==== 1 cur_batch---- 97 g_step**** 1822 cost 23.218662
cur_epoch==== 1 cur_batch---- 98 g_step**** 1823 cost 22.667852
cur_epoch==== 1 cur_batch---- 99 g_step**** 1824 cost 22.8761
cur_epoch==== 1 cur_batch---- 100 g_step**** 1825 cost 22.355267
cur_epoch==== 1 cur_batch---- 101 g_step**** 1826 cost 23.149668
cur_epoch==== 1 cur_batch---- 102 g_step**** 1827 cost 23.091215
cur_epoch==== 1 cur_batch---- 103 g_step**** 1828 cost 24.270626
cur_epoch==== 1 cur_batch---- 104 g_step**** 1829 cost 24.661573
cur_epoch==== 1 cur_batch---- 105 g_step**** 1830 cost 23.684689
cur_epoch==== 1 cur_batch---- 106 g_step**** 1831 cost 23.775726
cur_epoch==== 1 cur_batch---- 107 g_step**** 1832 cost 23.511078
cur_epoch==== 1 cur_batch---- 108 g_step**** 1833 cost 22.957745
cur_epoch==== 1 cur_batch---- 109 g_step**** 1834 cost 21.956535
cur_epoch==== 1 cur_batch---- 110 g_step**** 1835 cost 23.031176
cur_epoch==== 1 cur_batch---- 111 g_step**** 1836 cost 22.123444
cur_epoch==== 1 cur_batch---- 112 g_step**** 1837 cost 23.21191
cur_epoch==== 1 cur_batch---- 113 g_step**** 1838 cost 24.561596
cur_epoch==== 1 cur_batch---- 114 g_step**** 1839 cost 22.62543
cur_epoch==== 1 cur_batch---- 115 g_step**** 1840 cost 21.963173
cur_epoch==== 1 cur_batch---- 116 g_step**** 1841 cost 22.16996
cur_epoch==== 1 cur_batch---- 117 g_step**** 1842 cost 23.111656
cur_epoch==== 1 cur_batch---- 118 g_step**** 1843 cost 22.872032
cur_epoch==== 1 cur_batch---- 119 g_step**** 1844 cost 23.852415
cur_epoch==== 1 cur_batch---- 120 g_step**** 1845 cost 23.040075
cur_epoch==== 1 cur_batch---- 121 g_step**** 1846 cost 23.522274
cur_epoch==== 1 cur_batch---- 122 g_step**** 1847 cost 22.63515
cur_epoch==== 1 cur_batch---- 123 g_step**** 1848 cost 22.167883
cur_epoch==== 1 cur_batch---- 124 g_step**** 1849 cost 24.466764
cur_epoch==== 1 cur_batch---- 125 g_step**** 1850 cost 24.401743
cur_epoch==== 1 cur_batch---- 126 g_step**** 1851 cost 23.006453
cur_epoch==== 1 cur_batch---- 127 g_step**** 1852 cost 23.502136
cur_epoch==== 1 cur_batch---- 128 g_step**** 1853 cost 23.786509
cur_epoch==== 1 cur_batch---- 129 g_step**** 1854 cost 23.367325
cur_epoch==== 1 cur_batch---- 130 g_step**** 1855 cost 22.543793
cur_epoch==== 1 cur_batch---- 131 g_step**** 1856 cost 22.848467
cur_epoch==== 1 cur_batch---- 132 g_step**** 1857 cost 24.4052
cur_epoch==== 1 cur_batch---- 133 g_step**** 1858 cost 23.227926
cur_epoch==== 1 cur_batch---- 134 g_step**** 1859 cost 23.460535
cur_epoch==== 1 cur_batch---- 135 g_step**** 1860 cost 22.570992
cur_epoch==== 1 cur_batch---- 136 g_step**** 1861 cost 22.9694
cur_epoch==== 1 cur_batch---- 137 g_step**** 1862 cost 23.888098
cur_epoch==== 1 cur_batch---- 138 g_step**** 1863 cost 23.746563
cur_epoch==== 1 cur_batch---- 139 g_step**** 1864 cost 23.680717
cur_epoch==== 1 cur_batch---- 140 g_step**** 1865 cost 23.315123
cur_epoch==== 1 cur_batch---- 141 g_step**** 1866 cost 23.558119
cur_epoch==== 1 cur_batch---- 142 g_step**** 1867 cost 21.961802
cur_epoch==== 1 cur_batch---- 143 g_step**** 1868 cost 22.976852
cur_epoch==== 1 cur_batch---- 144 g_step**** 1869 cost 23.579784
cur_epoch==== 1 cur_batch---- 145 g_step**** 1870 cost 22.305408
cur_epoch==== 1 cur_batch---- 146 g_step**** 1871 cost 21.678772
cur_epoch==== 1 cur_batch---- 147 g_step**** 1872 cost 24.013363
cur_epoch==== 1 cur_batch---- 148 g_step**** 1873 cost 23.591652
cur_epoch==== 1 cur_batch---- 149 g_step**** 1874 cost 23.06357
cur_epoch==== 1 cur_batch---- 150 g_step**** 1875 cost 23.456627
cur_epoch==== 1 cur_batch---- 151 g_step**** 1876 cost 23.219687
cur_epoch==== 1 cur_batch---- 152 g_step**** 1877 cost 22.990505
cur_epoch==== 1 cur_batch---- 153 g_step**** 1878 cost 23.976091
cur_epoch==== 1 cur_batch---- 154 g_step**** 1879 cost 22.6267
cur_epoch==== 1 cur_batch---- 155 g_step**** 1880 cost 23.12324
cur_epoch==== 1 cur_batch---- 156 g_step**** 1881 cost 22.23509
cur_epoch==== 1 cur_batch---- 157 g_step**** 1882 cost 25.138157
cur_epoch==== 1 cur_batch---- 158 g_step**** 1883 cost 22.896952
cur_epoch==== 1 cur_batch---- 159 g_step**** 1884 cost 23.692432
cur_epoch==== 1 cur_batch---- 160 g_step**** 1885 cost 23.016186
cur_epoch==== 1 cur_batch---- 161 g_step**** 1886 cost 24.209398
cur_epoch==== 1 cur_batch---- 162 g_step**** 1887 cost 23.479145
cur_epoch==== 1 cur_batch---- 163 g_step**** 1888 cost 23.896387
cur_epoch==== 1 cur_batch---- 164 g_step**** 1889 cost 23.031204
cur_epoch==== 1 cur_batch---- 165 g_step**** 1890 cost 23.807354
cur_epoch==== 1 cur_batch---- 166 g_step**** 1891 cost 24.961071
cur_epoch==== 1 cur_batch---- 167 g_step**** 1892 cost 23.560873
cur_epoch==== 1 cur_batch---- 168 g_step**** 1893 cost 22.91488
cur_epoch==== 1 cur_batch---- 169 g_step**** 1894 cost 23.76178
cur_epoch==== 1 cur_batch---- 170 g_step**** 1895 cost 24.3234
cur_epoch==== 1 cur_batch---- 171 g_step**** 1896 cost 24.682182
cur_epoch==== 1 cur_batch---- 172 g_step**** 1897 cost 22.728632
cur_epoch==== 1 cur_batch---- 173 g_step**** 1898 cost 22.050936
cur_epoch==== 1 cur_batch---- 174 g_step**** 1899 cost 24.02293
cur_epoch==== 1 cur_batch---- 175 g_step**** 1900 cost 24.326708
save checkpoint 1900
cur_epoch==== 1 cur_batch---- 176 g_step**** 1901 cost 23.151436
cur_epoch==== 1 cur_batch---- 177 g_step**** 1902 cost 23.31346
cur_epoch==== 1 cur_batch---- 178 g_step**** 1903 cost 24.827967
cur_epoch==== 1 cur_batch---- 179 g_step**** 1904 cost 22.339708
cur_epoch==== 1 cur_batch---- 180 g_step**** 1905 cost 22.794342
cur_epoch==== 1 cur_batch---- 181 g_step**** 1906 cost 22.50908
cur_epoch==== 1 cur_batch---- 182 g_step**** 1907 cost 23.510849
cur_epoch==== 1 cur_batch---- 183 g_step**** 1908 cost 23.326084
cur_epoch==== 1 cur_batch---- 184 g_step**** 1909 cost 23.839634
cur_epoch==== 1 cur_batch---- 185 g_step**** 1910 cost 23.071014
cur_epoch==== 1 cur_batch---- 186 g_step**** 1911 cost 22.118948
cur_epoch==== 1 cur_batch---- 187 g_step**** 1912 cost 24.331598
cur_epoch==== 1 cur_batch---- 188 g_step**** 1913 cost 22.009552
cur_epoch==== 1 cur_batch---- 189 g_step**** 1914 cost 23.151527
cur_epoch==== 1 cur_batch---- 190 g_step**** 1915 cost 23.550114
cur_epoch==== 1 cur_batch---- 191 g_step**** 1916 cost 22.33389
cur_epoch==== 1 cur_batch---- 192 g_step**** 1917 cost 24.593956
cur_epoch==== 1 cur_batch---- 193 g_step**** 1918 cost 22.24248
cur_epoch==== 1 cur_batch---- 194 g_step**** 1919 cost 23.246014
cur_epoch==== 1 cur_batch---- 195 g_step**** 1920 cost 22.602905
cur_epoch==== 1 cur_batch---- 196 g_step**** 1921 cost 22.935093
cur_epoch==== 1 cur_batch---- 197 g_step**** 1922 cost 23.36181
cur_epoch==== 1 cur_batch---- 198 g_step**** 1923 cost 24.192305
cur_epoch==== 1 cur_batch---- 199 g_step**** 1924 cost 22.389355
cur_epoch==== 1 cur_batch---- 200 g_step**** 1925 cost 22.52965
cur_epoch==== 1 cur_batch---- 201 g_step**** 1926 cost 23.299967
cur_epoch==== 1 cur_batch---- 202 g_step**** 1927 cost 24.431374
cur_epoch==== 1 cur_batch---- 203 g_step**** 1928 cost 23.776976
cur_epoch==== 1 cur_batch---- 204 g_step**** 1929 cost 22.797003
cur_epoch==== 1 cur_batch---- 205 g_step**** 1930 cost 23.63552
cur_epoch==== 1 cur_batch---- 206 g_step**** 1931 cost 23.589663
cur_epoch==== 1 cur_batch---- 207 g_step**** 1932 cost 23.007341
cur_epoch==== 1 cur_batch---- 208 g_step**** 1933 cost 22.370155
cur_epoch==== 1 cur_batch---- 209 g_step**** 1934 cost 22.787983
cur_epoch==== 1 cur_batch---- 210 g_step**** 1935 cost 23.720245
cur_epoch==== 1 cur_batch---- 211 g_step**** 1936 cost 23.907103
cur_epoch==== 1 cur_batch---- 212 g_step**** 1937 cost 22.667318
cur_epoch==== 1 cur_batch---- 213 g_step**** 1938 cost 22.446024
cur_epoch==== 1 cur_batch---- 214 g_step**** 1939 cost 23.570839
cur_epoch==== 1 cur_batch---- 215 g_step**** 1940 cost 23.028584
cur_epoch==== 1 cur_batch---- 216 g_step**** 1941 cost 23.978706
cur_epoch==== 1 cur_batch---- 217 g_step**** 1942 cost 23.266865
cur_epoch==== 1 cur_batch---- 218 g_step**** 1943 cost 22.925934
cur_epoch==== 1 cur_batch---- 219 g_step**** 1944 cost 22.718243
cur_epoch==== 1 cur_batch---- 220 g_step**** 1945 cost 24.161366
cur_epoch==== 1 cur_batch---- 221 g_step**** 1946 cost 22.386866
cur_epoch==== 1 cur_batch---- 222 g_step**** 1947 cost 23.950768
cur_epoch==== 1 cur_batch---- 223 g_step**** 1948 cost 23.725883
cur_epoch==== 1 cur_batch---- 224 g_step**** 1949 cost 23.967356
cur_epoch==== 1 cur_batch---- 225 g_step**** 1950 cost 22.503242
cur_epoch==== 1 cur_batch---- 226 g_step**** 1951 cost 24.25955
cur_epoch==== 1 cur_batch---- 227 g_step**** 1952 cost 22.977781
cur_epoch==== 1 cur_batch---- 228 g_step**** 1953 cost 23.87299
cur_epoch==== 1 cur_batch---- 229 g_step**** 1954 cost 23.829348
cur_epoch==== 1 cur_batch---- 230 g_step**** 1955 cost 23.2731
cur_epoch==== 1 cur_batch---- 231 g_step**** 1956 cost 24.163397
cur_epoch==== 1 cur_batch---- 232 g_step**** 1957 cost 22.884058
cur_epoch==== 1 cur_batch---- 233 g_step**** 1958 cost 23.67079
cur_epoch==== 1 cur_batch---- 234 g_step**** 1959 cost 22.752535
cur_epoch==== 1 cur_batch---- 235 g_step**** 1960 cost 22.225859
cur_epoch==== 1 cur_batch---- 236 g_step**** 1961 cost 23.706158
cur_epoch==== 1 cur_batch---- 237 g_step**** 1962 cost 22.84912
cur_epoch==== 1 cur_batch---- 238 g_step**** 1963 cost 23.321377
cur_epoch==== 1 cur_batch---- 239 g_step**** 1964 cost 24.080564
cur_epoch==== 1 cur_batch---- 240 g_step**** 1965 cost 23.364857
cur_epoch==== 1 cur_batch---- 241 g_step**** 1966 cost 23.1687
cur_epoch==== 1 cur_batch---- 242 g_step**** 1967 cost 22.985605
cur_epoch==== 1 cur_batch---- 243 g_step**** 1968 cost 23.791557
cur_epoch==== 1 cur_batch---- 244 g_step**** 1969 cost 22.120121
cur_epoch==== 1 cur_batch---- 245 g_step**** 1970 cost 22.16903
cur_epoch==== 1 cur_batch---- 246 g_step**** 1971 cost 22.982828
cur_epoch==== 1 cur_batch---- 247 g_step**** 1972 cost 22.68727
cur_epoch==== 1 cur_batch---- 248 g_step**** 1973 cost 22.810637
cur_epoch==== 1 cur_batch---- 249 g_step**** 1974 cost 23.982033
cur_epoch==== 1 cur_batch---- 250 g_step**** 1975 cost 22.737257
cur_epoch==== 1 cur_batch---- 251 g_step**** 1976 cost 22.733883
cur_epoch==== 1 cur_batch---- 252 g_step**** 1977 cost 25.508486
cur_epoch==== 1 cur_batch---- 253 g_step**** 1978 cost 23.22073
cur_epoch==== 1 cur_batch---- 254 g_step**** 1979 cost 23.763422
cur_epoch==== 1 cur_batch---- 255 g_step**** 1980 cost 23.284626
cur_epoch==== 1 cur_batch---- 256 g_step**** 1981 cost 23.654612
cur_epoch==== 1 cur_batch---- 257 g_step**** 1982 cost 22.61949
cur_epoch==== 1 cur_batch---- 258 g_step**** 1983 cost 23.507687
cur_epoch==== 1 cur_batch---- 259 g_step**** 1984 cost 23.75507
cur_epoch==== 1 cur_batch---- 260 g_step**** 1985 cost 23.67232
cur_epoch==== 1 cur_batch---- 261 g_step**** 1986 cost 23.531172
cur_epoch==== 1 cur_batch---- 262 g_step**** 1987 cost 22.616308
cur_epoch==== 1 cur_batch---- 263 g_step**** 1988 cost 23.013636
cur_epoch==== 1 cur_batch---- 264 g_step**** 1989 cost 23.796413
cur_epoch==== 1 cur_batch---- 265 g_step**** 1990 cost 23.061821
cur_epoch==== 1 cur_batch---- 266 g_step**** 1991 cost 22.154236
cur_epoch==== 1 cur_batch---- 267 g_step**** 1992 cost 23.581718
cur_epoch==== 1 cur_batch---- 268 g_step**** 1993 cost 23.842812
cur_epoch==== 1 cur_batch---- 269 g_step**** 1994 cost 22.22111
cur_epoch==== 1 cur_batch---- 270 g_step**** 1995 cost 23.665337
cur_epoch==== 1 cur_batch---- 271 g_step**** 1996 cost 23.110672
cur_epoch==== 1 cur_batch---- 272 g_step**** 1997 cost 22.237108
cur_epoch==== 1 cur_batch---- 273 g_step**** 1998 cost 23.34047
cur_epoch==== 1 cur_batch---- 274 g_step**** 1999 cost 23.899906
cur_epoch==== 1 cur_batch---- 275 g_step**** 2000 cost 23.609991
2
index_cv [0, 1, 2, 3, 4, 5, 6, 7, 8, 9, 10, 11, 12, 13, 14, 15, 16, 17, 18, 19, 20, 21, 22, 23, 24, 25, 26, 27, 28, 29, 30, 31, 32, 33, 34, 35, 36, 37, 38, 39, 40, 41, 42, 43, 44, 45, 46, 47, 48, 49, 50, 51, 52, 53, 54, 55, 56, 57, 58, 59, 60, 61, 62, 63, 64, 65, 66, 67, 68, 69, 70, 71, 72, 73, 74, 75, 76, 77, 78, 79, 80, 81, 82, 83, 84, 85, 86, 87, 88, 89, 90, 91, 92, 93, 94, 95, 96, 97, 98, 99, 100, 101, 102, 103, 104, 105, 106, 107, 108, 109, 110, 111, 112, 113, 114, 115, 116, 117, 118, 119, 120, 121, 122, 123, 124, 125, 126, 127]
2
index_cv [128, 129, 130, 131, 132, 133, 134, 135, 136, 137, 138, 139, 140, 141, 142, 143, 144, 145, 146, 147, 148, 149, 150, 151, 152, 153, 154, 155, 156, 157, 158, 159, 160, 161, 162, 163, 164, 165, 166, 167, 168, 169, 170, 171, 172, 173, 174, 175, 176, 177, 178, 179, 180, 181, 182, 183, 184, 185, 186, 187, 188, 189, 190, 191, 192, 193, 194, 195, 196, 197, 198, 199, 200, 201, 202, 203, 204, 205, 206, 207, 208, 209, 210, 211, 212, 213, 214, 215, 216, 217, 218, 219, 220, 221, 222, 223, 224, 225, 226, 227, 228, 229, 230, 231, 232, 233, 234, 235, 236, 237, 238, 239, 240, 241, 242, 243, 244, 245, 246, 247, 248, 249, 250, 251, 252, 253, 254, 255]
acc 0.0
save checkpoint 2000
cur_epoch==== 1 cur_batch---- 276 g_step**** 2001 cost 22.282543
cur_epoch==== 1 cur_batch---- 277 g_step**** 2002 cost 23.318537
cur_epoch==== 1 cur_batch---- 278 g_step**** 2003 cost 24.428934
cur_epoch==== 1 cur_batch---- 279 g_step**** 2004 cost 22.940205
cur_epoch==== 1 cur_batch---- 280 g_step**** 2005 cost 23.455725
cur_epoch==== 1 cur_batch---- 281 g_step**** 2006 cost 23.222364
cur_epoch==== 1 cur_batch---- 282 g_step**** 2007 cost 23.978325
cur_epoch==== 1 cur_batch---- 283 g_step**** 2008 cost 22.72475
cur_epoch==== 1 cur_batch---- 284 g_step**** 2009 cost 22.662138
cur_epoch==== 1 cur_batch---- 285 g_step**** 2010 cost 22.681
cur_epoch==== 1 cur_batch---- 286 g_step**** 2011 cost 23.053684
cur_epoch==== 1 cur_batch---- 287 g_step**** 2012 cost 23.221045
cur_epoch==== 1 cur_batch---- 288 g_step**** 2013 cost 22.875963
cur_epoch==== 1 cur_batch---- 289 g_step**** 2014 cost 23.625057
cur_epoch==== 1 cur_batch---- 290 g_step**** 2015 cost 22.047314
cur_epoch==== 1 cur_batch---- 291 g_step**** 2016 cost 23.14275
cur_epoch==== 1 cur_batch---- 292 g_step**** 2017 cost 23.508583
cur_epoch==== 1 cur_batch---- 293 g_step**** 2018 cost 23.37635
cur_epoch==== 1 cur_batch---- 294 g_step**** 2019 cost 24.605434
cur_epoch==== 1 cur_batch---- 295 g_step**** 2020 cost 23.520227
cur_epoch==== 1 cur_batch---- 296 g_step**** 2021 cost 24.67802
cur_epoch==== 1 cur_batch---- 297 g_step**** 2022 cost 23.819061
cur_epoch==== 1 cur_batch---- 298 g_step**** 2023 cost 24.79127
cur_epoch==== 1 cur_batch---- 299 g_step**** 2024 cost 22.818638
cur_epoch==== 1 cur_batch---- 300 g_step**** 2025 cost 22.496235
cur_epoch==== 1 cur_batch---- 301 g_step**** 2026 cost 24.20649
cur_epoch==== 1 cur_batch---- 302 g_step**** 2027 cost 24.085121
cur_epoch==== 1 cur_batch---- 303 g_step**** 2028 cost 23.706324
cur_epoch==== 1 cur_batch---- 304 g_step**** 2029 cost 22.76161
cur_epoch==== 1 cur_batch---- 305 g_step**** 2030 cost 22.671373
cur_epoch==== 1 cur_batch---- 306 g_step**** 2031 cost 23.242163
cur_epoch==== 1 cur_batch---- 307 g_step**** 2032 cost 22.957521
cur_epoch==== 1 cur_batch---- 308 g_step**** 2033 cost 22.664156
cur_epoch==== 1 cur_batch---- 309 g_step**** 2034 cost 24.97735
cur_epoch==== 1 cur_batch---- 310 g_step**** 2035 cost 23.257113
cur_epoch==== 1 cur_batch---- 311 g_step**** 2036 cost 22.972597
cur_epoch==== 1 cur_batch---- 312 g_step**** 2037 cost 23.68804
cur_epoch==== 1 cur_batch---- 313 g_step**** 2038 cost 22.736177
cur_epoch==== 1 cur_batch---- 314 g_step**** 2039 cost 23.108562
cur_epoch==== 1 cur_batch---- 315 g_step**** 2040 cost 22.184477
cur_epoch==== 1 cur_batch---- 316 g_step**** 2041 cost 23.433323
cur_epoch==== 1 cur_batch---- 317 g_step**** 2042 cost 23.224848
cur_epoch==== 1 cur_batch---- 318 g_step**** 2043 cost 22.551352
cur_epoch==== 1 cur_batch---- 319 g_step**** 2044 cost 22.257456
cur_epoch==== 1 cur_batch---- 320 g_step**** 2045 cost 23.53901
cur_epoch==== 1 cur_batch---- 321 g_step**** 2046 cost 23.44293
cur_epoch==== 1 cur_batch---- 322 g_step**** 2047 cost 22.053802
cur_epoch==== 1 cur_batch---- 323 g_step**** 2048 cost 24.21083
cur_epoch==== 2 cur_batch---- 0 g_step**** 2049 cost 22.843542
cur_epoch==== 2 cur_batch---- 1 g_step**** 2050 cost 24.31491
cur_epoch==== 2 cur_batch---- 2 g_step**** 2051 cost 23.601904
cur_epoch==== 2 cur_batch---- 3 g_step**** 2052 cost 23.470102
cur_epoch==== 2 cur_batch---- 4 g_step**** 2053 cost 22.483093
cur_epoch==== 2 cur_batch---- 5 g_step**** 2054 cost 22.799028
cur_epoch==== 2 cur_batch---- 6 g_step**** 2055 cost 24.239689
cur_epoch==== 2 cur_batch---- 7 g_step**** 2056 cost 22.36659
cur_epoch==== 2 cur_batch---- 8 g_step**** 2057 cost 23.302395
cur_epoch==== 2 cur_batch---- 9 g_step**** 2058 cost 23.16628
cur_epoch==== 2 cur_batch---- 10 g_step**** 2059 cost 23.096846
cur_epoch==== 2 cur_batch---- 11 g_step**** 2060 cost 23.109064
cur_epoch==== 2 cur_batch---- 12 g_step**** 2061 cost 23.519402
cur_epoch==== 2 cur_batch---- 13 g_step**** 2062 cost 22.476532
cur_epoch==== 2 cur_batch---- 14 g_step**** 2063 cost 22.972504
cur_epoch==== 2 cur_batch---- 15 g_step**** 2064 cost 22.779413
cur_epoch==== 2 cur_batch---- 16 g_step**** 2065 cost 23.236326
cur_epoch==== 2 cur_batch---- 17 g_step**** 2066 cost 23.444185
cur_epoch==== 2 cur_batch---- 18 g_step**** 2067 cost 24.09404
cur_epoch==== 2 cur_batch---- 19 g_step**** 2068 cost 23.279242
cur_epoch==== 2 cur_batch---- 20 g_step**** 2069 cost 22.92333
cur_epoch==== 2 cur_batch---- 21 g_step**** 2070 cost 22.957117
cur_epoch==== 2 cur_batch---- 22 g_step**** 2071 cost 22.949083
cur_epoch==== 2 cur_batch---- 23 g_step**** 2072 cost 23.683552
cur_epoch==== 2 cur_batch---- 24 g_step**** 2073 cost 22.867456
cur_epoch==== 2 cur_batch---- 25 g_step**** 2074 cost 23.946875
cur_epoch==== 2 cur_batch---- 26 g_step**** 2075 cost 24.687748
cur_epoch==== 2 cur_batch---- 27 g_step**** 2076 cost 23.818861
cur_epoch==== 2 cur_batch---- 28 g_step**** 2077 cost 23.795908
cur_epoch==== 2 cur_batch---- 29 g_step**** 2078 cost 22.68409
cur_epoch==== 2 cur_batch---- 30 g_step**** 2079 cost 22.21027
cur_epoch==== 2 cur_batch---- 31 g_step**** 2080 cost 23.755775
cur_epoch==== 2 cur_batch---- 32 g_step**** 2081 cost 22.916046
cur_epoch==== 2 cur_batch---- 33 g_step**** 2082 cost 22.085081
cur_epoch==== 2 cur_batch---- 34 g_step**** 2083 cost 21.665758
cur_epoch==== 2 cur_batch---- 35 g_step**** 2084 cost 23.767109
cur_epoch==== 2 cur_batch---- 36 g_step**** 2085 cost 22.913729
cur_epoch==== 2 cur_batch---- 37 g_step**** 2086 cost 23.599367
cur_epoch==== 2 cur_batch---- 38 g_step**** 2087 cost 24.203487
cur_epoch==== 2 cur_batch---- 39 g_step**** 2088 cost 23.14784
cur_epoch==== 2 cur_batch---- 40 g_step**** 2089 cost 25.18522
cur_epoch==== 2 cur_batch---- 41 g_step**** 2090 cost 22.868286
cur_epoch==== 2 cur_batch---- 42 g_step**** 2091 cost 23.723553
cur_epoch==== 2 cur_batch---- 43 g_step**** 2092 cost 23.942183
cur_epoch==== 2 cur_batch---- 44 g_step**** 2093 cost 23.57697
cur_epoch==== 2 cur_batch---- 45 g_step**** 2094 cost 25.518734
cur_epoch==== 2 cur_batch---- 46 g_step**** 2095 cost 22.76105
cur_epoch==== 2 cur_batch---- 47 g_step**** 2096 cost 22.014832
cur_epoch==== 2 cur_batch---- 48 g_step**** 2097 cost 23.824871
cur_epoch==== 2 cur_batch---- 49 g_step**** 2098 cost 24.856922
cur_epoch==== 2 cur_batch---- 50 g_step**** 2099 cost 24.784306
cur_epoch==== 2 cur_batch---- 51 g_step**** 2100 cost 23.754215
save checkpoint 2100
cur_epoch==== 2 cur_batch---- 52 g_step**** 2101 cost 23.233877
cur_epoch==== 2 cur_batch---- 53 g_step**** 2102 cost 22.810734
cur_epoch==== 2 cur_batch---- 54 g_step**** 2103 cost 22.257023
cur_epoch==== 2 cur_batch---- 55 g_step**** 2104 cost 21.903603
cur_epoch==== 2 cur_batch---- 56 g_step**** 2105 cost 23.224566
cur_epoch==== 2 cur_batch---- 57 g_step**** 2106 cost 21.289726
cur_epoch==== 2 cur_batch---- 58 g_step**** 2107 cost 23.40878
cur_epoch==== 2 cur_batch---- 59 g_step**** 2108 cost 23.755
cur_epoch==== 2 cur_batch---- 60 g_step**** 2109 cost 22.841454
cur_epoch==== 2 cur_batch---- 61 g_step**** 2110 cost 22.220783
cur_epoch==== 2 cur_batch---- 62 g_step**** 2111 cost 22.61875
cur_epoch==== 2 cur_batch---- 63 g_step**** 2112 cost 23.323854
cur_epoch==== 2 cur_batch---- 64 g_step**** 2113 cost 24.354753
cur_epoch==== 2 cur_batch---- 65 g_step**** 2114 cost 23.748016
cur_epoch==== 2 cur_batch---- 66 g_step**** 2115 cost 23.098606
cur_epoch==== 2 cur_batch---- 67 g_step**** 2116 cost 22.1685
cur_epoch==== 2 cur_batch---- 68 g_step**** 2117 cost 24.534254
cur_epoch==== 2 cur_batch---- 69 g_step**** 2118 cost 23.593988
cur_epoch==== 2 cur_batch---- 70 g_step**** 2119 cost 24.041584
cur_epoch==== 2 cur_batch---- 71 g_step**** 2120 cost 23.858232
cur_epoch==== 2 cur_batch---- 72 g_step**** 2121 cost 23.08604
cur_epoch==== 2 cur_batch---- 73 g_step**** 2122 cost 22.748692
cur_epoch==== 2 cur_batch---- 74 g_step**** 2123 cost 22.805397
cur_epoch==== 2 cur_batch---- 75 g_step**** 2124 cost 22.822197
cur_epoch==== 2 cur_batch---- 76 g_step**** 2125 cost 22.50313
cur_epoch==== 2 cur_batch---- 77 g_step**** 2126 cost 23.376003
cur_epoch==== 2 cur_batch---- 78 g_step**** 2127 cost 24.086302
cur_epoch==== 2 cur_batch---- 79 g_step**** 2128 cost 22.540697
cur_epoch==== 2 cur_batch---- 80 g_step**** 2129 cost 22.590717
cur_epoch==== 2 cur_batch---- 81 g_step**** 2130 cost 22.05542
cur_epoch==== 2 cur_batch---- 82 g_step**** 2131 cost 22.950264
cur_epoch==== 2 cur_batch---- 83 g_step**** 2132 cost 22.968489
cur_epoch==== 2 cur_batch---- 84 g_step**** 2133 cost 24.276335
cur_epoch==== 2 cur_batch---- 85 g_step**** 2134 cost 23.902596
cur_epoch==== 2 cur_batch---- 86 g_step**** 2135 cost 22.366615
cur_epoch==== 2 cur_batch---- 87 g_step**** 2136 cost 22.453348
cur_epoch==== 2 cur_batch---- 88 g_step**** 2137 cost 22.297539
cur_epoch==== 2 cur_batch---- 89 g_step**** 2138 cost 23.994947
cur_epoch==== 2 cur_batch---- 90 g_step**** 2139 cost 22.40322
cur_epoch==== 2 cur_batch---- 91 g_step**** 2140 cost 22.198189
cur_epoch==== 2 cur_batch---- 92 g_step**** 2141 cost 23.089283
cur_epoch==== 2 cur_batch---- 93 g_step**** 2142 cost 22.93192
cur_epoch==== 2 cur_batch---- 94 g_step**** 2143 cost 23.97889
cur_epoch==== 2 cur_batch---- 95 g_step**** 2144 cost 22.962847
cur_epoch==== 2 cur_batch---- 96 g_step**** 2145 cost 23.944483
cur_epoch==== 2 cur_batch---- 97 g_step**** 2146 cost 23.497578
cur_epoch==== 2 cur_batch---- 98 g_step**** 2147 cost 23.146597
cur_epoch==== 2 cur_batch---- 99 g_step**** 2148 cost 21.766848
cur_epoch==== 2 cur_batch---- 100 g_step**** 2149 cost 22.59474
cur_epoch==== 2 cur_batch---- 101 g_step**** 2150 cost 23.534655
cur_epoch==== 2 cur_batch---- 102 g_step**** 2151 cost 22.428888
cur_epoch==== 2 cur_batch---- 103 g_step**** 2152 cost 24.157124
cur_epoch==== 2 cur_batch---- 104 g_step**** 2153 cost 23.335249
cur_epoch==== 2 cur_batch---- 105 g_step**** 2154 cost 23.858591
cur_epoch==== 2 cur_batch---- 106 g_step**** 2155 cost 23.926304
cur_epoch==== 2 cur_batch---- 107 g_step**** 2156 cost 21.964588
cur_epoch==== 2 cur_batch---- 108 g_step**** 2157 cost 24.851418
cur_epoch==== 2 cur_batch---- 109 g_step**** 2158 cost 23.519999
cur_epoch==== 2 cur_batch---- 110 g_step**** 2159 cost 22.306913
cur_epoch==== 2 cur_batch---- 111 g_step**** 2160 cost 21.92459
cur_epoch==== 2 cur_batch---- 112 g_step**** 2161 cost 22.63372
cur_epoch==== 2 cur_batch---- 113 g_step**** 2162 cost 24.118649
cur_epoch==== 2 cur_batch---- 114 g_step**** 2163 cost 22.33198
cur_epoch==== 2 cur_batch---- 115 g_step**** 2164 cost 23.132463
cur_epoch==== 2 cur_batch---- 116 g_step**** 2165 cost 22.983318
cur_epoch==== 2 cur_batch---- 117 g_step**** 2166 cost 23.301027
cur_epoch==== 2 cur_batch---- 118 g_step**** 2167 cost 22.255693
cur_epoch==== 2 cur_batch---- 119 g_step**** 2168 cost 22.592937
cur_epoch==== 2 cur_batch---- 120 g_step**** 2169 cost 22.489462
cur_epoch==== 2 cur_batch---- 121 g_step**** 2170 cost 22.344604
cur_epoch==== 2 cur_batch---- 122 g_step**** 2171 cost 25.460962
cur_epoch==== 2 cur_batch---- 123 g_step**** 2172 cost 23.10745
cur_epoch==== 2 cur_batch---- 124 g_step**** 2173 cost 23.090925
cur_epoch==== 2 cur_batch---- 125 g_step**** 2174 cost 22.798895
cur_epoch==== 2 cur_batch---- 126 g_step**** 2175 cost 24.33859
cur_epoch==== 2 cur_batch---- 127 g_step**** 2176 cost 23.150482
cur_epoch==== 2 cur_batch---- 128 g_step**** 2177 cost 23.43764
cur_epoch==== 2 cur_batch---- 129 g_step**** 2178 cost 22.109715
cur_epoch==== 2 cur_batch---- 130 g_step**** 2179 cost 23.124578
cur_epoch==== 2 cur_batch---- 131 g_step**** 2180 cost 21.822779
cur_epoch==== 2 cur_batch---- 132 g_step**** 2181 cost 23.188255
cur_epoch==== 2 cur_batch---- 133 g_step**** 2182 cost 24.312143
cur_epoch==== 2 cur_batch---- 134 g_step**** 2183 cost 23.959002
cur_epoch==== 2 cur_batch---- 135 g_step**** 2184 cost 22.45403
cur_epoch==== 2 cur_batch---- 136 g_step**** 2185 cost 22.626545
cur_epoch==== 2 cur_batch---- 137 g_step**** 2186 cost 23.617638
cur_epoch==== 2 cur_batch---- 138 g_step**** 2187 cost 24.225216
cur_epoch==== 2 cur_batch---- 139 g_step**** 2188 cost 23.503195
cur_epoch==== 2 cur_batch---- 140 g_step**** 2189 cost 23.654636
cur_epoch==== 2 cur_batch---- 141 g_step**** 2190 cost 23.080502
cur_epoch==== 2 cur_batch---- 142 g_step**** 2191 cost 22.861065
cur_epoch==== 2 cur_batch---- 143 g_step**** 2192 cost 23.126036
cur_epoch==== 2 cur_batch---- 144 g_step**** 2193 cost 23.199
cur_epoch==== 2 cur_batch---- 145 g_step**** 2194 cost 22.201805
cur_epoch==== 2 cur_batch---- 146 g_step**** 2195 cost 22.472664
cur_epoch==== 2 cur_batch---- 147 g_step**** 2196 cost 23.006016
cur_epoch==== 2 cur_batch---- 148 g_step**** 2197 cost 22.928911
cur_epoch==== 2 cur_batch---- 149 g_step**** 2198 cost 24.815147
cur_epoch==== 2 cur_batch---- 150 g_step**** 2199 cost 23.43108
cur_epoch==== 2 cur_batch---- 151 g_step**** 2200 cost 23.423552
save checkpoint 2200
2018-05-27 09:52:21.800922: W tensorflow/core/framework/op_kernel.cc:1158] Resource exhausted: /home/sjhbxs/checkout/ICDAR_task2/