nohup: ignoring input
/home/sjhbxs/anaconda3/lib/python3.6/site-packages/h5py/__init__.py:36: FutureWarning: Conversion of the second argument of issubdtype from `float` to `np.floating` is deprecated. In future, it will be treated as `np.float64 == np.dtype(float).type`.
  from ._conv import register_converters as _register_converters
###########################################################
SparseTensor(indices=Tensor("BLSTM/Placeholder_2:0", shape=(?, ?), dtype=int64), values=Tensor("BLSTM/Placeholder_1:0", shape=(?,), dtype=int32), dense_shape=Tensor("BLSTM/Placeholder:0", shape=(?,), dtype=int64))
Tensor("transpose:0", shape=(?, ?, 102), dtype=float32)
Tensor("BLSTM/Placeholder_3:0", shape=(?,), dtype=int32)
loading train data, please wait--------------------- end= 
len is 0 1080026
len is 0 1148610
len is 0 1124130
len is 0 1101121
len is 0 1085492
len is 0 1124130
len is 0 1101121
len is 0 1124130
len is 0 1199831
len is 0 1124130
len is 0 1157057
len is 0 1124130
len is 0 1157057
len is 0 1199831
len is 0 1148610
len is 0 1234345
len is 0 1157057
len is 0 1091637
len is 0 1078701
len is 0 1161134
len is 0 1148610
len is 0 1124130
len is 0 1078701
len is 0 1161134
len is 0 1101121
len is 0 1234345
len is 0 1124130
len is 0 1091637
len is 0 1101121
len is 0 1124130
len is 0 1157057
len is 0 1101121
len is 0 1101121
len is 0 1067138
len is 0 1199831
len is 0 1199831
len is 0 1101121
len is 0 1078701
len is 0 1067138
len is 0 1067138
len is 0 1199831
len is 0 1085492
len is 0 1085492
len is 0 1101121
len is 0 1124130
len is 0 1078701
len is 0 1067138
len is 0 1101121
len is 0 1199831
len is 0 1078701
len is 0 1067138
len is 0 1091637
len is 0 1161134
len is 0 1101121
len is 0 1067138
len is 0 1080026
len is 0 1078701
len is 0 1234345
len is 0 1161134
len is 0 1078701
len is 0 1148610
len is 0 1078701
len is 0 1078701
len is 0 1157057
len is 0 1078701
len is 0 1091637
len is 0 1085492
len is 0 1157057
len is 0 1085492
len is 0 1124130
len is 0 1078701
len is 0 1078701
len is 0 1157057
len is 0 1157057
len is 0 1067138
len is 0 1091637
len is 0 1199831
len is 0 1161134
len is 0 1101121
len is 0 1085492
len is 0 1067138
len is 0 1080026
len is 0 1101121
len is 0 1080026
len is 0 1148610
len is 0 1085492
len is 0 1067138
len is 0 1085492
len is 0 1161134
len is 0 1161134
len is 0 1091637
len is 0 1101121
len is 0 1080026
len is 0 1199831
len is 0 1080026
len is 0 1091637
len is 0 1078701
len is 0 1161134
len is 0 1161134
len is 0 1101121
len is 0 1199831
len is 0 1078701
len is 0 1234345
len is 0 1080026
len is 0 1091637
len is 0 1080026
len is 0 1080026
len is 0 1080026
len is 0 1199831
len is 0 1085492
len is 0 1085492
len is 0 1157057
len is 0 1148610
len is 0 1161134
len is 0 1091637
len is 0 1101121
len is 0 1124130
len is 0 1101121
len is 0 1101121
len is 0 1085492
len is 0 1067138
len is 0 1199831
len is 0 1078701
len is 0 1124130
len is 0 1091637
len is 0 1067138
len is 0 1067138
len is 0 1161134
len is 0 1157057
len is 0 1234345
len is 0 1161134
len is 0 1091637
len is 0 1080026
len is 0 1157057
len is 0 1199831
len is 0 1157057
len is 0 1085492
len is 0 1157057
len is 0 1085492
len is 0 1148610
len is 0 1234345
len is 0 1078701
len is 0 1161134
len is 0 1157057
len is 0 1157057
len is 0 1091637
len is 0 1085492
len is 0 1148610
len is 0 1080026
len is 0 1101121
len is 0 1078701
len is 0 1161134
len is 0 1148610
len is 0 1085492
len is 0 1080026
len is 0 1157057
len is 0 1091637
len is 0 1161134
len is 0 1148610
len is 0 1234345
len is 0 1157057
len is 0 1199831
len is 0 1091637
len is 0 1234345
len is 0 1199831
len is 0 1080026
len is 0 1067138
len is 0 1234345
len is 0 1161134
len is 0 1148610
len is 0 1078701
len is 0 1124130
len is 0 1091637
len is 0 1199831
len is 0 1157057
len is 0 1101121
len is 0 1080026
len is 0 1148610
len is 0 1085492
len is 0 1148610
len is 0 1078701
len is 0 1124130
len is 0 1085492
len is 0 1078701
len is 0 1124130
len is 0 1101121
len is 0 1085492
len is 0 1085492
len is 0 1067138
len is 0 1091637
len is 0 1148610
len is 0 1080026
len is 0 1199831
len is 0 1234345
len is 0 1199831
len is 0 1091637
len is 0 1234345
len is 0 1101121
len is 0 1199831
len is 0 1080026
len is 0 1091637
len is 0 1101121
len is 0 1124130
len is 0 1157057
len is 0 1085492
len is 0 1161134
len is 0 1085492
len is 0 1085492
len is 0 1067138
len is 0 1161134
len is 0 1234345
len is 0 1234345
len is 0 1124130
len is 0 1124130
len is 0 1067138
len is 0 1067138
len is 0 1085492
len is 0 1067138
len is 0 1067138
len is 0 1091637
len is 0 1157057
len is 0 1091637
len is 0 1101121
len is 0 1091637
len is 0 1234345
len is 0 1078701
len is 0 1148610
len is 0 1157057
len is 0 1067138
len is 0 1234345
len is 0 1078701
len is 0 1161134
len is 0 1161134
len is 0 1199831
len is 0 1148610
len is 0 1067138
len is 0 1234345
len is 0 1161134
len is 0 1080026
len is 0 1161134
len is 0 1078701
len is 0 1067138
len is 0 1091637
len is 0 1067138
len is 0 1080026
len is 0 1067138
len is 0 1157057
len is 0 1067138
len is 0 1124130
len is 0 1157057
len is 0 1148610
len is 0 1199831
len is 0 1101121
len is 0 1124130
len is 0 1148610
len is 0 1199831
len is 0 1080026
len is 0 1148610
len is 0 1124130
len is 0 1080026
len is 0 1157057
len is 0 1091637
len is 0 1148610
len is 0 1091637
len is 0 1101121
len is 0 1148610
len is 0 1067138
len is 0 1161134
len is 0 1085492
len is 0 1080026
len is 0 1199831
len is 0 1148610
len is 0 1080026
len is 0 1161134
len is 0 1080026
len is 0 1124130
len is 0 1085492
len is 0 1124130
len is 0 1199831
len is 0 1199831
len is 0 1234345
len is 0 1161134
len is 0 1067138
len is 0 1067138
len is 0 1067138
len is 0 1078701
len is 0 1148610
len is 0 1085492
len is 0 1148610
len is 0 1101121
len is 0 1080026
len is 0 1101121
len is 0 1161134
len is 0 1199831
len is 0 1101121
len is 0 1157057
len is 0 1234345
len is 0 1157057
len is 0 1199831
len is 0 1078701
len is 0 1091637
len is 0 1067138
len is 0 1080026
len is 0 1234345
len is 0 1234345
len is 0 1234345
len is 0 1148610
len is 0 1124130
len is 0 1085492
len is 0 1080026
len is 0 1157057
len is 0 1080026
len is 0 1124130
len is 0 1234345
len is 0 1234345
len is 0 1091637
len is 0 1078701
len is 0 1234345
len is 0 1199831
len is 0 1148610
len is 0 1124130
len is 0 1157057
len is 0 1078701
len is 0 1234345
len is 0 1124130
len is 0 1078701
len is 0 1067138
len is 0 1234345
len is 0 1067138
len is 0 1199831
len is 0 1078701
len is 0 1148610
len is 0 1080026
len is 0 1234345
len is 0 1124130
len is 0 1157057
len is 0 1101121
len is 0 1078701
len is 0 1124130
len is 0 1080026
len is 0 1148610
len is 0 1161134
len is 0 1085492
len is 0 1234345
len is 0 1161134
len is 0 1157057
len is 0 1124130
len is 0 1161134
len is 0 1148610
len is 0 1234345
len is 0 1161134
len is 0 1157057
len is 0 1199831
len is 0 1078701
len is 0 1101121
len is 0 1101121
len is 0 1091637
len is 0 1234345
len is 0 1157057
len is 0 1234345
len is 0 1091637
len is 0 1091637
len is 0 1091637
len is 0 1091637
len is 0 1161134
len is 0 1234345
len is 0 1085492
len is 0 1091637
len is 0 1148610
len is 0 1080026
len is 0 1124130
len is 0 1148610
len is 0 1199831
len is 0 1085492
len is 0 1124130
len is 0 1085492
len is 0 1085492
len is 0 1078701
len is 0 1101121
len is 0 1199831
len is 0 1148610
len is 0 1080026
len is 0 1199831
len is 0 1161134
get image:  1363072
loading validation data, please wait--------------------- end= 
get image:  3867
2018-04-29 17:41:40.371228: W tensorflow/core/platform/cpu_feature_guard.cc:45] The TensorFlow library wasn't compiled to use SSE4.1 instructions, but these are available on your machine and could speed up CPU computations.
2018-04-29 17:41:40.371261: W tensorflow/core/platform/cpu_feature_guard.cc:45] The TensorFlow library wasn't compiled to use SSE4.2 instructions, but these are available on your machine and could speed up CPU computations.
2018-04-29 17:41:40.371268: W tensorflow/core/platform/cpu_feature_guard.cc:45] The TensorFlow library wasn't compiled to use AVX instructions, but these are available on your machine and could speed up CPU computations.
2018-04-29 17:41:40.464847: I tensorflow/stream_executor/cuda/cuda_gpu_executor.cc:893] successful NUMA node read from SysFS had negative value (-1), but there must be at least one NUMA node, so returning NUMA node zero
2018-04-29 17:41:40.465200: I tensorflow/core/common_runtime/gpu/gpu_device.cc:940] Found device 0 with properties: 
name: Tesla K80
major: 3 minor: 7 memoryClockRate (GHz) 0.8235
pciBusID 0000:00:04.0
Total memory: 11.17GiB
Free memory: 11.09GiB
2018-04-29 17:41:40.465220: I tensorflow/core/common_runtime/gpu/gpu_device.cc:961] DMA: 0 
2018-04-29 17:41:40.465227: I tensorflow/core/common_runtime/gpu/gpu_device.cc:971] 0:   Y 
2018-04-29 17:41:40.465237: I tensorflow/core/common_runtime/gpu/gpu_device.cc:1030] Creating TensorFlow device (/gpu:0) -> (device: 0, name: Tesla K80, pci bus id: 0000:00:04.0)
restore is true
restore from the checkpoint/home/sjhbxs/checkout/ICDAR_task2/ICDAR_TASK2_new4/checkpoint/ocr-model-1000
=============================begin training=============================
2018-04-29 17:41:47.244378: I tensorflow/core/common_runtime/gpu/pool_allocator.cc:247] PoolAllocator: After 4561 get requests, put_count=3097 evicted_count=1000 eviction_rate=0.322893 and unsatisfied allocation rate=0.562157
2018-04-29 17:41:47.244436: I tensorflow/core/common_runtime/gpu/pool_allocator.cc:259] Raising pool_size_limit_ from 100 to 110
batch_cosr 25.87663 step 1001
batch_cosr 25.92845 step 1002
batch_cosr 25.346493 step 1003
batch_cosr 25.051645 step 1004
2018-04-29 17:41:58.288367: I tensorflow/core/common_runtime/gpu/pool_allocator.cc:247] PoolAllocator: After 643 get requests, put_count=1658 evicted_count=1000 eviction_rate=0.603136 and unsatisfied allocation rate=0.00155521
batch_cosr 25.590387 step 1005
batch_cosr 26.155201 step 1006
batch_cosr 25.402721 step 1007
batch_cosr 25.009096 step 1008
2018-04-29 17:42:04.366828: I tensorflow/core/common_runtime/gpu/pool_allocator.cc:247] PoolAllocator: After 650 get requests, put_count=1677 evicted_count=1000 eviction_rate=0.596303 and unsatisfied allocation rate=0.00153846
batch_cosr 25.7053 step 1009
batch_cosr 25.388617 step 1010
batch_cosr 25.332691 step 1011
batch_cosr 26.0267 step 1012
batch_cosr 26.154137 step 1013
2018-04-29 17:42:11.852902: I tensorflow/core/common_runtime/gpu/pool_allocator.cc:247] PoolAllocator: After 5028 get requests, put_count=3989 evicted_count=1000 eviction_rate=0.250689 and unsatisfied allocation rate=0.41428
2018-04-29 17:42:11.852956: I tensorflow/core/common_runtime/gpu/pool_allocator.cc:259] Raising pool_size_limit_ from 493 to 542
batch_cosr 24.61541 step 1014
batch_cosr 24.69343 step 1015
batch_cosr 25.094131 step 1016
batch_cosr 26.926422 step 1017
batch_cosr 25.67667 step 1018
batch_cosr 24.490902 step 1019
2018-04-29 17:42:20.880186: I tensorflow/core/common_runtime/gpu/pool_allocator.cc:247] PoolAllocator: After 4800 get requests, put_count=4280 evicted_count=1000 eviction_rate=0.233645 and unsatisfied allocation rate=0.334792
2018-04-29 17:42:20.880239: I tensorflow/core/common_runtime/gpu/pool_allocator.cc:259] Raising pool_size_limit_ from 958 to 1053
batch_cosr 25.212894 step 1020
batch_cosr 25.944977 step 1021
batch_cosr 25.40324 step 1022
batch_cosr 25.02364 step 1023
batch_cosr 26.187536 step 1024
batch_cosr 26.25189 step 1025
batch_cosr 24.710558 step 1026
batch_cosr 25.600368 step 1027
batch_cosr 25.785666 step 1028
batch_cosr 26.022541 step 1029
2018-04-29 17:42:36.078295: I tensorflow/core/common_runtime/gpu/pool_allocator.cc:247] PoolAllocator: After 10651 get requests, put_count=10803 evicted_count=1000 eviction_rate=0.0925669 and unsatisfied allocation rate=0.0970801
2018-04-29 17:42:36.078365: I tensorflow/core/common_runtime/gpu/pool_allocator.cc:259] Raising pool_size_limit_ from 2049 to 2253
batch_cosr 24.682167 step 1030
batch_cosr 25.239523 step 1031
batch_cosr 25.404465 step 1032
batch_cosr 25.70646 step 1033
batch_cosr 25.865105 step 1034
batch_cosr 26.614845 step 1035
batch_cosr 25.119804 step 1036
batch_cosr 25.491665 step 1037
batch_cosr 25.81899 step 1038
batch_cosr 26.168358 step 1039
batch_cosr 24.298344 step 1040
batch_cosr 25.334747 step 1041
batch_cosr 25.129005 step 1042
batch_cosr 25.586145 step 1043
batch_cosr 25.531307 step 1044
batch_cosr 24.65435 step 1045
batch_cosr 25.763502 step 1046
batch_cosr 24.4519 step 1047
batch_cosr 25.165222 step 1048
batch_cosr 25.415274 step 1049
batch_cosr 27.666752 step 1050
batch_cosr 24.984034 step 1051
batch_cosr 26.145336 step 1052
batch_cosr 25.01611 step 1053
batch_cosr 26.57023 step 1054
batch_cosr 25.795965 step 1055
batch_cosr 24.862377 step 1056
batch_cosr 25.533304 step 1057
batch_cosr 24.630789 step 1058
batch_cosr 24.320059 step 1059
batch_cosr 25.616127 step 1060
batch_cosr 25.560684 step 1061
batch_cosr 25.36728 step 1062
batch_cosr 25.267038 step 1063
batch_cosr 25.497513 step 1064
batch_cosr 24.93213 step 1065
batch_cosr 25.942871 step 1066
batch_cosr 25.18222 step 1067
batch_cosr 24.873447 step 1068
batch_cosr 26.174732 step 1069
batch_cosr 24.741068 step 1070
batch_cosr 26.00087 step 1071
batch_cosr 26.131905 step 1072
batch_cosr 25.670643 step 1073
batch_cosr 24.57143 step 1074
batch_cosr 24.061138 step 1075
batch_cosr 25.921898 step 1076
batch_cosr 26.267036 step 1077
batch_cosr 26.027838 step 1078
batch_cosr 26.56299 step 1079
batch_cosr 26.09814 step 1080
batch_cosr 24.82249 step 1081
batch_cosr 25.010582 step 1082
batch_cosr 24.52319 step 1083
batch_cosr 25.931904 step 1084
batch_cosr 25.240114 step 1085
batch_cosr 27.452978 step 1086
batch_cosr 26.713875 step 1087
batch_cosr 26.895735 step 1088
batch_cosr 26.02174 step 1089
batch_cosr 24.64849 step 1090
batch_cosr 26.573454 step 1091
batch_cosr 26.43151 step 1092
batch_cosr 25.920654 step 1093
batch_cosr 24.649784 step 1094
batch_cosr 25.899393 step 1095
batch_cosr 25.691908 step 1096
batch_cosr 24.882463 step 1097
batch_cosr 25.684195 step 1098
batch_cosr 25.950018 step 1099
batch 99 : time 1.5151445865631104
batch_cosr 25.729513 step 1100
save checkpoint 1100
batch_cosr 24.633282 step 1101
batch_cosr 25.71153 step 1102
batch_cosr 24.731014 step 1103
batch_cosr 26.092875 step 1104
batch_cosr 26.16946 step 1105
batch_cosr 25.248112 step 1106
batch_cosr 24.663013 step 1107
batch_cosr 25.445324 step 1108
batch_cosr 25.748482 step 1109
batch_cosr 24.729473 step 1110
batch_cosr 25.864796 step 1111
batch_cosr 24.3558 step 1112
batch_cosr 25.037558 step 1113
batch_cosr 25.771704 step 1114
batch_cosr 25.235222 step 1115
batch_cosr 25.891869 step 1116
batch_cosr 25.723072 step 1117
batch_cosr 24.969318 step 1118
batch_cosr 25.567366 step 1119
batch_cosr 25.859737 step 1120
batch_cosr 24.645775 step 1121
batch_cosr 24.43192 step 1122
batch_cosr 25.920753 step 1123
batch_cosr 25.911425 step 1124
batch_cosr 26.044607 step 1125
batch_cosr 25.174059 step 1126
batch_cosr 25.235598 step 1127
batch_cosr 24.529406 step 1128
batch_cosr 25.340551 step 1129
batch_cosr 26.343233 step 1130
batch_cosr 25.26144 step 1131
batch_cosr 24.790321 step 1132
batch_cosr 24.759573 step 1133
batch_cosr 25.125952 step 1134
batch_cosr 25.18002 step 1135
batch_cosr 25.493786 step 1136
batch_cosr 25.407223 step 1137
batch_cosr 25.266935 step 1138
batch_cosr 25.924206 step 1139
batch_cosr 25.6318 step 1140
batch_cosr 25.131645 step 1141
batch_cosr 25.956884 step 1142
batch_cosr 25.489664 step 1143
batch_cosr 26.388693 step 1144
batch_cosr 26.139904 step 1145
batch_cosr 25.775665 step 1146
batch_cosr 25.453154 step 1147
batch_cosr 25.859915 step 1148
batch_cosr 25.034075 step 1149
batch_cosr 25.53431 step 1150
batch_cosr 26.363197 step 1151
batch_cosr 25.135376 step 1152
batch_cosr 26.451618 step 1153
batch_cosr 25.9685 step 1154
batch_cosr 26.172405 step 1155
batch_cosr 26.176344 step 1156
batch_cosr 25.863792 step 1157
batch_cosr 26.339846 step 1158
batch_cosr 25.799248 step 1159
batch_cosr 25.530748 step 1160
batch_cosr 25.202467 step 1161
batch_cosr 25.977049 step 1162
batch_cosr 27.26067 step 1163
batch_cosr 24.431988 step 1164
batch_cosr 25.711506 step 1165
batch_cosr 25.121027 step 1166
batch_cosr 24.65399 step 1167
batch_cosr 25.046978 step 1168
batch_cosr 24.460806 step 1169
batch_cosr 26.143824 step 1170
batch_cosr 26.174616 step 1171
batch_cosr 26.489109 step 1172
batch_cosr 23.901487 step 1173
batch_cosr 24.015383 step 1174
batch_cosr 26.655037 step 1175
batch_cosr 26.162773 step 1176
batch_cosr 26.063742 step 1177
batch_cosr 25.595919 step 1178
batch_cosr 25.480247 step 1179
batch_cosr 25.08623 step 1180
batch_cosr 25.935062 step 1181
batch_cosr 26.4668 step 1182
batch_cosr 24.223072 step 1183
batch_cosr 25.486212 step 1184
batch_cosr 24.94431 step 1185
batch_cosr 25.190985 step 1186
batch_cosr 25.264383 step 1187
batch_cosr 24.807259 step 1188
batch_cosr 25.213013 step 1189
batch_cosr 25.516088 step 1190
batch_cosr 25.771742 step 1191
batch_cosr 25.612368 step 1192
batch_cosr 24.76671 step 1193
batch_cosr 24.807594 step 1194
batch_cosr 24.96889 step 1195
batch_cosr 24.689695 step 1196
batch_cosr 25.270618 step 1197
batch_cosr 27.531736 step 1198
batch_cosr 25.070457 step 1199
batch 199 : time 1.5217838287353516
batch_cosr 25.423922 step 1200
save checkpoint 1200
batch_cosr 26.516432 step 1201
batch_cosr 25.215683 step 1202
batch_cosr 26.649256 step 1203
batch_cosr 25.771372 step 1204
batch_cosr 25.020739 step 1205
batch_cosr 25.130985 step 1206
batch_cosr 25.350163 step 1207
batch_cosr 26.157904 step 1208
batch_cosr 26.237782 step 1209
batch_cosr 25.2433 step 1210
batch_cosr 26.03679 step 1211
batch_cosr 26.27403 step 1212
batch_cosr 25.176865 step 1213
batch_cosr 25.869595 step 1214
batch_cosr 24.9847 step 1215
batch_cosr 26.152643 step 1216
batch_cosr 27.157326 step 1217
batch_cosr 26.097553 step 1218
batch_cosr 25.577633 step 1219
batch_cosr 24.730303 step 1220
batch_cosr 24.997536 step 1221
batch_cosr 26.230158 step 1222
batch_cosr 25.566223 step 1223
batch_cosr 25.425644 step 1224
batch_cosr 24.819168 step 1225
batch_cosr 24.801346 step 1226
batch_cosr 24.725096 step 1227
batch_cosr 26.239574 step 1228
batch_cosr 25.31027 step 1229
batch_cosr 25.89872 step 1230
batch_cosr 26.039608 step 1231
batch_cosr 24.86012 step 1232
batch_cosr 25.459505 step 1233
batch_cosr 26.194872 step 1234
batch_cosr 24.051311 step 1235
batch_cosr 24.937603 step 1236
batch_cosr 26.122559 step 1237
batch_cosr 25.690773 step 1238
batch_cosr 25.258688 step 1239
batch_cosr 24.966621 step 1240
batch_cosr 25.860432 step 1241
batch_cosr 26.032303 step 1242
batch_cosr 25.979698 step 1243
batch_cosr 25.214241 step 1244
batch_cosr 25.699818 step 1245
batch_cosr 26.997232 step 1246
batch_cosr 25.67761 step 1247
batch_cosr 24.486086 step 1248
batch_cosr 26.019894 step 1249
batch_cosr 25.411442 step 1250
batch_cosr 25.172358 step 1251
batch_cosr 25.766165 step 1252
batch_cosr 24.995943 step 1253
batch_cosr 25.226912 step 1254
batch_cosr 25.924088 step 1255
batch_cosr 25.88778 step 1256
batch_cosr 25.469656 step 1257
batch_cosr 24.897882 step 1258
batch_cosr 25.255638 step 1259
batch_cosr 24.56931 step 1260
batch_cosr 27.647095 step 1261
batch_cosr 25.38797 step 1262
batch_cosr 25.986473 step 1263
batch_cosr 25.714361 step 1264
batch_cosr 25.814428 step 1265
batch_cosr 25.513481 step 1266
batch_cosr 25.297846 step 1267
batch_cosr 23.91307 step 1268
batch_cosr 25.841955 step 1269
batch_cosr 25.205694 step 1270
batch_cosr 26.151356 step 1271
batch_cosr 25.41278 step 1272
batch_cosr 25.86298 step 1273
batch_cosr 26.036825 step 1274
batch_cosr 25.542114 step 1275
batch_cosr 24.772942 step 1276
batch_cosr 25.344912 step 1277
batch_cosr 24.626333 step 1278
batch_cosr 25.145363 step 1279
batch_cosr 25.869091 step 1280
batch_cosr 23.683796 step 1281
batch_cosr 24.566992 step 1282
batch_cosr 25.218403 step 1283
batch_cosr 26.232168 step 1284
batch_cosr 25.620087 step 1285
batch_cosr 24.763964 step 1286
batch_cosr 25.46789 step 1287
batch_cosr 24.545343 step 1288
batch_cosr 24.719555 step 1289
batch_cosr 24.566238 step 1290
batch_cosr 25.911745 step 1291
batch_cosr 25.55707 step 1292
batch_cosr 25.491566 step 1293
batch_cosr 25.343237 step 1294
batch_cosr 25.798965 step 1295
batch_cosr 26.04523 step 1296
batch_cosr 24.843224 step 1297
batch_cosr 24.870235 step 1298
batch_cosr 25.262175 step 1299
batch 299 : time 1.5218346118927002
batch_cosr 24.592169 step 1300
save checkpoint 1300
batch_cosr 25.655542 step 1301
batch_cosr 24.960892 step 1302
batch_cosr 25.636494 step 1303
batch_cosr 25.150986 step 1304
batch_cosr 24.306786 step 1305
batch_cosr 26.119392 step 1306
batch_cosr 27.134237 step 1307
batch_cosr 27.671665 step 1308
batch_cosr 25.03492 step 1309
batch_cosr 25.115742 step 1310
batch_cosr 25.353594 step 1311
batch_cosr 24.502056 step 1312
batch_cosr 26.137203 step 1313
batch_cosr 24.933926 step 1314
batch_cosr 25.235277 step 1315
batch_cosr 26.415024 step 1316
batch_cosr 25.612495 step 1317
batch_cosr 24.554125 step 1318
batch_cosr 26.209171 step 1319
batch_cosr 25.416237 step 1320
batch_cosr 26.03989 step 1321
batch_cosr 25.486397 step 1322
batch_cosr 26.108223 step 1323
batch_cosr 25.47405 step 1324
batch_cosr 24.169287 step 1325
batch_cosr 25.646717 step 1326
batch_cosr 24.4582 step 1327
batch_cosr 26.54578 step 1328
batch_cosr 26.077635 step 1329
batch_cosr 27.127842 step 1330
batch_cosr 24.156466 step 1331
batch_cosr 26.35934 step 1332
batch_cosr 26.673168 step 1333
batch_cosr 24.88828 step 1334
batch_cosr 25.114798 step 1335
batch_cosr 25.586842 step 1336
batch_cosr 25.121082 step 1337
batch_cosr 24.75277 step 1338
batch_cosr 25.276716 step 1339
batch_cosr 25.173279 step 1340
batch_cosr 24.341457 step 1341
batch_cosr 24.70186 step 1342
batch_cosr 25.868511 step 1343
batch_cosr 24.507475 step 1344
batch_cosr 25.765928 step 1345
batch_cosr 26.038942 step 1346
batch_cosr 25.138973 step 1347
batch_cosr 25.341444 step 1348
batch_cosr 25.53282 step 1349
batch_cosr 25.761553 step 1350
batch_cosr 24.807114 step 1351
batch_cosr 26.548618 step 1352
batch_cosr 25.330318 step 1353
batch_cosr 25.791533 step 1354
batch_cosr 25.771818 step 1355
batch_cosr 24.776335 step 1356
batch_cosr 25.34725 step 1357
batch_cosr 25.702414 step 1358
batch_cosr 25.390837 step 1359
batch_cosr 26.634327 step 1360
batch_cosr 25.590021 step 1361
batch_cosr 26.51936 step 1362
batch_cosr 25.236362 step 1363
batch_cosr 25.666746 step 1364
batch_cosr 25.836584 step 1365
batch_cosr 26.222546 step 1366
batch_cosr 26.236975 step 1367
batch_cosr 24.147913 step 1368
batch_cosr 26.143763 step 1369
batch_cosr 25.004671 step 1370
batch_cosr 25.716894 step 1371
batch_cosr 25.36614 step 1372
batch_cosr 25.88463 step 1373
batch_cosr 25.588762 step 1374
batch_cosr 24.715248 step 1375
batch_cosr 26.239935 step 1376
batch_cosr 24.98071 step 1377
batch_cosr 26.241314 step 1378
batch_cosr 24.448822 step 1379
batch_cosr 25.58475 step 1380
batch_cosr 26.293297 step 1381
batch_cosr 24.274954 step 1382
batch_cosr 26.250538 step 1383
batch_cosr 25.5328 step 1384
batch_cosr 25.326622 step 1385
batch_cosr 25.466476 step 1386
batch_cosr 25.487125 step 1387
batch_cosr 25.067532 step 1388
batch_cosr 25.021116 step 1389
batch_cosr 26.52368 step 1390
batch_cosr 25.004187 step 1391
batch_cosr 24.60767 step 1392
batch_cosr 26.34314 step 1393
batch_cosr 25.912174 step 1394
batch_cosr 24.48886 step 1395
batch_cosr 24.697641 step 1396
batch_cosr 25.454187 step 1397
batch_cosr 25.125149 step 1398
batch_cosr 26.917032 step 1399
batch 399 : time 1.5176868438720703
batch_cosr 25.485147 step 1400
save checkpoint 1400
batch_cosr 26.094229 step 1401
batch_cosr 25.484695 step 1402
batch_cosr 25.2393 step 1403
batch_cosr 24.476892 step 1404
batch_cosr 24.668428 step 1405
batch_cosr 24.854324 step 1406
batch_cosr 23.961071 step 1407
batch_cosr 25.270386 step 1408
batch_cosr 26.287193 step 1409
batch_cosr 25.863596 step 1410
batch_cosr 25.164045 step 1411
batch_cosr 24.751617 step 1412
batch_cosr 25.150627 step 1413
batch_cosr 26.031456 step 1414
batch_cosr 25.558084 step 1415
batch_cosr 26.4578 step 1416
batch_cosr 25.809525 step 1417
batch_cosr 24.76847 step 1418
batch_cosr 24.288801 step 1419
batch_cosr 25.619041 step 1420
batch_cosr 24.825493 step 1421
batch_cosr 25.857216 step 1422
batch_cosr 26.000767 step 1423
batch_cosr 27.126705 step 1424
batch_cosr 25.227251 step 1425
batch_cosr 25.309116 step 1426
batch_cosr 24.82883 step 1427
batch_cosr 24.784687 step 1428
batch_cosr 25.19065 step 1429
batch_cosr 25.267866 step 1430
batch_cosr 25.43378 step 1431
batch_cosr 25.106258 step 1432
batch_cosr 26.045895 step 1433
batch_cosr 25.22465 step 1434
batch_cosr 25.227314 step 1435
batch_cosr 25.46346 step 1436
batch_cosr 24.920334 step 1437
batch_cosr 26.110323 step 1438
batch_cosr 24.853262 step 1439
batch_cosr 25.110926 step 1440
batch_cosr 25.373928 step 1441
batch_cosr 24.98594 step 1442
batch_cosr 25.572157 step 1443
batch_cosr 26.064215 step 1444
batch_cosr 24.634478 step 1445
batch_cosr 26.045357 step 1446
batch_cosr 25.756767 step 1447
batch_cosr 25.269062 step 1448
batch_cosr 25.038261 step 1449
batch_cosr 26.342293 step 1450
batch_cosr 24.72447 step 1451
batch_cosr 25.58637 step 1452
batch_cosr 25.83794 step 1453
batch_cosr 24.976461 step 1454
batch_cosr 25.999207 step 1455
batch_cosr 26.610485 step 1456
batch_cosr 25.3636 step 1457
batch_cosr 25.41489 step 1458
batch_cosr 25.884815 step 1459
batch_cosr 24.57697 step 1460
batch_cosr 24.843466 step 1461
batch_cosr 26.383194 step 1462
batch_cosr 24.968302 step 1463
batch_cosr 25.460974 step 1464
batch_cosr 25.05977 step 1465
batch_cosr 25.473621 step 1466
batch_cosr 24.557642 step 1467
batch_cosr 24.794434 step 1468
batch_cosr 24.923244 step 1469
batch_cosr 25.33396 step 1470
batch_cosr 26.292152 step 1471
batch_cosr 25.57239 step 1472
batch_cosr 25.524715 step 1473
batch_cosr 24.752506 step 1474
batch_cosr 24.838219 step 1475
batch_cosr 26.849308 step 1476
batch_cosr 25.746925 step 1477
batch_cosr 25.16424 step 1478
batch_cosr 25.336739 step 1479
batch_cosr 25.559393 step 1480
batch_cosr 25.373795 step 1481
batch_cosr 24.964226 step 1482
batch_cosr 25.57973 step 1483
batch_cosr 24.856539 step 1484
batch_cosr 24.129778 step 1485
batch_cosr 25.989883 step 1486
batch_cosr 25.916798 step 1487
batch_cosr 26.583641 step 1488
batch_cosr 24.823248 step 1489
batch_cosr 25.381659 step 1490
batch_cosr 26.395996 step 1491
batch_cosr 26.031525 step 1492
batch_cosr 24.619102 step 1493
batch_cosr 24.648537 step 1494
batch_cosr 25.001019 step 1495
batch_cosr 25.200382 step 1496
batch_cosr 25.653492 step 1497
batch_cosr 25.36723 step 1498
batch_cosr 24.789421 step 1499
batch 499 : time 1.5158286094665527
batch_cosr 25.889246 step 1500
save checkpoint 1500
batch_cosr 24.548895 step 1501
batch_cosr 25.324406 step 1502
batch_cosr 26.490128 step 1503
batch_cosr 26.48134 step 1504
batch_cosr 24.831936 step 1505
batch_cosr 24.487442 step 1506
batch_cosr 26.60972 step 1507
batch_cosr 25.166254 step 1508
batch_cosr 25.464895 step 1509
batch_cosr 26.034641 step 1510
batch_cosr 25.101475 step 1511
batch_cosr 25.526276 step 1512
batch_cosr 24.421537 step 1513
batch_cosr 25.00278 step 1514
batch_cosr 25.450947 step 1515
batch_cosr 24.03079 step 1516
batch_cosr 26.79226 step 1517
batch_cosr 25.181341 step 1518
batch_cosr 24.733215 step 1519
batch_cosr 25.428268 step 1520
batch_cosr 24.550102 step 1521
batch_cosr 25.61 step 1522
batch_cosr 25.793247 step 1523
batch_cosr 25.363472 step 1524
batch_cosr 26.848152 step 1525
batch_cosr 24.907309 step 1526
batch_cosr 25.313507 step 1527
batch_cosr 25.137676 step 1528
batch_cosr 25.043781 step 1529
batch_cosr 24.948719 step 1530
batch_cosr 24.519138 step 1531
batch_cosr 25.726406 step 1532
batch_cosr 24.82459 step 1533
batch_cosr 25.138882 step 1534
batch_cosr 24.917866 step 1535
batch_cosr 25.803686 step 1536
batch_cosr 25.490265 step 1537
batch_cosr 25.866516 step 1538
batch_cosr 26.340849 step 1539
batch_cosr 24.71192 step 1540
batch_cosr 25.772911 step 1541
batch_cosr 25.474953 step 1542
batch_cosr 26.510874 step 1543
batch_cosr 25.76982 step 1544
batch_cosr 25.32621 step 1545
batch_cosr 25.478714 step 1546
batch_cosr 25.509232 step 1547
batch_cosr 25.47837 step 1548
batch_cosr 26.268473 step 1549
batch_cosr 25.90004 step 1550
batch_cosr 24.969034 step 1551
batch_cosr 25.497395 step 1552
batch_cosr 25.364815 step 1553
batch_cosr 25.301916 step 1554
batch_cosr 25.05744 step 1555
batch_cosr 25.5417 step 1556
batch_cosr 23.985119 step 1557
batch_cosr 26.320364 step 1558
batch_cosr 26.579945 step 1559
batch_cosr 24.823444 step 1560
batch_cosr 24.221 step 1561
batch_cosr 25.320606 step 1562
batch_cosr 25.933678 step 1563
batch_cosr 25.446947 step 1564
batch_cosr 26.50949 step 1565
batch_cosr 25.786621 step 1566
batch_cosr 25.812025 step 1567
batch_cosr 25.157461 step 1568
batch_cosr 25.405445 step 1569
batch_cosr 24.625797 step 1570
batch_cosr 25.616085 step 1571
batch_cosr 26.118404 step 1572
batch_cosr 25.36357 step 1573
batch_cosr 25.052017 step 1574
batch_cosr 24.777653 step 1575
batch_cosr 26.797901 step 1576
batch_cosr 26.076605 step 1577
batch_cosr 25.275845 step 1578
batch_cosr 25.376188 step 1579
batch_cosr 25.481478 step 1580
batch_cosr 25.852917 step 1581
batch_cosr 25.170881 step 1582
batch_cosr 25.249275 step 1583
batch_cosr 25.288221 step 1584
batch_cosr 25.18142 step 1585
batch_cosr 26.382298 step 1586
batch_cosr 25.8717 step 1587
batch_cosr 24.988297 step 1588
batch_cosr 24.458466 step 1589
batch_cosr 25.587255 step 1590
batch_cosr 25.85269 step 1591
batch_cosr 25.209036 step 1592
batch_cosr 25.190256 step 1593
batch_cosr 24.24755 step 1594
batch_cosr 25.561335 step 1595
batch_cosr 26.013357 step 1596
batch_cosr 25.25012 step 1597
batch_cosr 25.029858 step 1598
batch_cosr 25.935495 step 1599
batch 599 : time 1.5305452346801758
batch_cosr 25.588001 step 1600
save checkpoint 1600
batch_cosr 25.95601 step 1601
batch_cosr 24.740738 step 1602
batch_cosr 25.519815 step 1603
batch_cosr 26.194382 step 1604
batch_cosr 25.154293 step 1605
batch_cosr 25.499836 step 1606
batch_cosr 24.868752 step 1607
batch_cosr 25.45359 step 1608
batch_cosr 25.904745 step 1609
batch_cosr 25.770325 step 1610
batch_cosr 25.652811 step 1611
batch_cosr 25.272736 step 1612
batch_cosr 25.538948 step 1613
batch_cosr 24.738516 step 1614
batch_cosr 24.330935 step 1615
batch_cosr 25.275906 step 1616
batch_cosr 24.14555 step 1617
batch_cosr 25.870676 step 1618
batch_cosr 25.970348 step 1619
batch_cosr 24.620932 step 1620
batch_cosr 25.644913 step 1621
batch_cosr 24.765713 step 1622
batch_cosr 26.614798 step 1623
batch_cosr 24.944164 step 1624
batch_cosr 24.502987 step 1625
batch_cosr 25.468132 step 1626
batch_cosr 25.378464 step 1627
batch_cosr 25.346962 step 1628
batch_cosr 25.212978 step 1629
batch_cosr 24.930992 step 1630
batch_cosr 24.926727 step 1631
batch_cosr 25.802683 step 1632
batch_cosr 24.530796 step 1633
batch_cosr 25.348043 step 1634
batch_cosr 26.41871 step 1635
batch_cosr 26.03373 step 1636
batch_cosr 25.264818 step 1637
batch_cosr 24.998814 step 1638
batch_cosr 24.4142 step 1639
batch_cosr 25.394432 step 1640
batch_cosr 26.712114 step 1641
batch_cosr 25.498684 step 1642
batch_cosr 25.116749 step 1643
batch_cosr 25.200327 step 1644
batch_cosr 25.52509 step 1645
batch_cosr 25.402752 step 1646
batch_cosr 23.982683 step 1647
batch_cosr 26.01802 step 1648
batch_cosr 26.791218 step 1649
batch_cosr 25.217653 step 1650
batch_cosr 25.081657 step 1651
batch_cosr 25.702097 step 1652
batch_cosr 25.1991 step 1653
batch_cosr 24.304398 step 1654
batch_cosr 25.60593 step 1655
batch_cosr 26.142782 step 1656
batch_cosr 25.528748 step 1657
batch_cosr 26.806053 step 1658
batch_cosr 25.262354 step 1659
batch_cosr 25.597204 step 1660
batch_cosr 25.527287 step 1661
batch_cosr 25.86616 step 1662
batch_cosr 25.85205 step 1663
batch_cosr 24.777348 step 1664
batch_cosr 24.72686 step 1665
batch_cosr 25.020823 step 1666
batch_cosr 25.484982 step 1667
batch_cosr 25.198938 step 1668
batch_cosr 25.33375 step 1669
batch_cosr 25.555782 step 1670
batch_cosr 24.256199 step 1671
batch_cosr 25.591429 step 1672
batch_cosr 26.598001 step 1673
batch_cosr 26.061865 step 1674
batch_cosr 24.986214 step 1675
batch_cosr 26.36508 step 1676
batch_cosr 25.729681 step 1677
batch_cosr 26.648026 step 1678
batch_cosr 25.887783 step 1679
batch_cosr 26.432533 step 1680
batch_cosr 25.305595 step 1681
batch_cosr 25.6443 step 1682
batch_cosr 25.597435 step 1683
batch_cosr 24.951473 step 1684
batch_cosr 25.059254 step 1685
batch_cosr 25.718933 step 1686
batch_cosr 24.718742 step 1687
batch_cosr 25.947565 step 1688
batch_cosr 24.113308 step 1689
batch_cosr 25.192701 step 1690
batch_cosr 24.3933 step 1691
batch_cosr 25.23011 step 1692
batch_cosr 26.150696 step 1693
batch_cosr 25.395756 step 1694
batch_cosr 25.54229 step 1695
batch_cosr 24.904587 step 1696
batch_cosr 25.542828 step 1697
batch_cosr 25.914968 step 1698
batch_cosr 25.025646 step 1699
batch 699 : time 1.5306396484375
batch_cosr 25.871965 step 1700
save checkpoint 1700
batch_cosr 24.738762 step 1701
batch_cosr 25.101974 step 1702
batch_cosr 25.940586 step 1703
batch_cosr 24.469738 step 1704
batch_cosr 25.20182 step 1705
batch_cosr 23.926834 step 1706
batch_cosr 24.892149 step 1707
batch_cosr 24.559769 step 1708
batch_cosr 26.386229 step 1709
batch_cosr 24.765095 step 1710
batch_cosr 25.340502 step 1711
batch_cosr 24.505959 step 1712
batch_cosr 26.268484 step 1713
batch_cosr 24.829914 step 1714
batch_cosr 25.304775 step 1715
batch_cosr 25.947334 step 1716
batch_cosr 25.505726 step 1717
batch_cosr 25.312794 step 1718
batch_cosr 26.03929 step 1719
batch_cosr 25.543255 step 1720
batch_cosr 25.274666 step 1721
batch_cosr 25.687939 step 1722
batch_cosr 24.185064 step 1723
batch_cosr 24.820013 step 1724
batch_cosr 25.263212 step 1725
batch_cosr 26.198633 step 1726
batch_cosr 25.322336 step 1727
batch_cosr 24.352556 step 1728
batch_cosr 24.784918 step 1729
batch_cosr 25.273548 step 1730
batch_cosr 25.47201 step 1731
batch_cosr 25.317745 step 1732
batch_cosr 26.59747 step 1733
batch_cosr 25.338116 step 1734
batch_cosr 25.399706 step 1735
batch_cosr 24.856707 step 1736
batch_cosr 26.080288 step 1737
batch_cosr 24.774841 step 1738
batch_cosr 25.283869 step 1739
batch_cosr 24.882141 step 1740
batch_cosr 25.034676 step 1741
batch_cosr 25.466743 step 1742
batch_cosr 25.015495 step 1743
batch_cosr 26.782703 step 1744
batch_cosr 24.739393 step 1745
batch_cosr 24.996557 step 1746
batch_cosr 25.541952 step 1747
batch_cosr 25.31289 step 1748
batch_cosr 26.142616 step 1749
batch_cosr 24.669525 step 1750
batch_cosr 25.646997 step 1751
batch_cosr 24.907032 step 1752
batch_cosr 26.463633 step 1753
batch_cosr 25.636917 step 1754
batch_cosr 27.093523 step 1755
batch_cosr 24.937943 step 1756
batch_cosr 25.510672 step 1757
batch_cosr 25.57968 step 1758
batch_cosr 25.271502 step 1759
batch_cosr 25.341932 step 1760
batch_cosr 25.45794 step 1761
batch_cosr 25.28501 step 1762
batch_cosr 25.665464 step 1763
batch_cosr 25.137756 step 1764
batch_cosr 25.055466 step 1765
batch_cosr 25.445698 step 1766
batch_cosr 25.45147 step 1767
batch_cosr 24.935917 step 1768
batch_cosr 24.846622 step 1769
batch_cosr 24.754957 step 1770
batch_cosr 25.624977 step 1771
batch_cosr 26.36459 step 1772
batch_cosr 26.213192 step 1773
batch_cosr 25.154839 step 1774
batch_cosr 25.043736 step 1775
batch_cosr 24.973377 step 1776
batch_cosr 23.855663 step 1777
batch_cosr 25.58163 step 1778
batch_cosr 25.295918 step 1779
batch_cosr 25.645622 step 1780
batch_cosr 23.6576 step 1781
batch_cosr 25.621986 step 1782
batch_cosr 25.992056 step 1783
batch_cosr 25.360819 step 1784
batch_cosr 25.29646 step 1785
batch_cosr 23.94573 step 1786
batch_cosr 25.98163 step 1787
batch_cosr 26.011797 step 1788
batch_cosr 24.481346 step 1789
batch_cosr 24.629992 step 1790
batch_cosr 25.119276 step 1791
batch_cosr 23.994167 step 1792
batch_cosr 25.24822 step 1793
batch_cosr 24.802206 step 1794
batch_cosr 25.313864 step 1795
batch_cosr 24.715963 step 1796
batch_cosr 25.23875 step 1797
batch_cosr 24.960806 step 1798
batch_cosr 24.547531 step 1799
batch 799 : time 1.5163764953613281
batch_cosr 26.019308 step 1800
save checkpoint 1800
batch_cosr 25.31008 step 1801
batch_cosr 24.80174 step 1802
batch_cosr 24.471756 step 1803
batch_cosr 25.448082 step 1804
batch_cosr 26.195164 step 1805
batch_cosr 25.05469 step 1806
batch_cosr 24.71469 step 1807
batch_cosr 25.051378 step 1808
batch_cosr 26.148571 step 1809
batch_cosr 25.850384 step 1810
batch_cosr 25.055407 step 1811
batch_cosr 25.33961 step 1812
batch_cosr 25.754135 step 1813
batch_cosr 25.273079 step 1814
batch_cosr 24.31919 step 1815
batch_cosr 27.017532 step 1816
batch_cosr 24.541956 step 1817
batch_cosr 25.34383 step 1818
batch_cosr 25.171978 step 1819
batch_cosr 25.233173 step 1820
batch_cosr 24.473211 step 1821
batch_cosr 24.832075 step 1822
batch_cosr 25.11375 step 1823
batch_cosr 25.532959 step 1824
batch_cosr 27.162243 step 1825
batch_cosr 24.86533 step 1826
batch_cosr 24.979177 step 1827
batch_cosr 24.567785 step 1828
batch_cosr 26.152939 step 1829
batch_cosr 24.55242 step 1830
batch_cosr 25.650745 step 1831
batch_cosr 26.07228 step 1832
batch_cosr 25.635872 step 1833
batch_cosr 25.210384 step 1834
batch_cosr 25.43645 step 1835
batch_cosr 25.475166 step 1836
batch_cosr 25.020107 step 1837
batch_cosr 25.303516 step 1838
batch_cosr 25.04445 step 1839
batch_cosr 25.067177 step 1840
batch_cosr 24.551352 step 1841
batch_cosr 24.735847 step 1842
batch_cosr 25.44402 step 1843
batch_cosr 25.36962 step 1844
batch_cosr 25.91486 step 1845
batch_cosr 25.076439 step 1846
batch_cosr 25.708008 step 1847
batch_cosr 25.711275 step 1848
batch_cosr 25.246792 step 1849
batch_cosr 24.267488 step 1850
batch_cosr 24.528812 step 1851
batch_cosr 25.424238 step 1852
batch_cosr 24.687729 step 1853
batch_cosr 25.308672 step 1854
batch_cosr 25.151085 step 1855
batch_cosr 24.225086 step 1856
batch_cosr 25.74968 step 1857
batch_cosr 24.233921 step 1858
batch_cosr 25.41919 step 1859
batch_cosr 25.099205 step 1860
batch_cosr 26.036013 step 1861
batch_cosr 26.811136 step 1862
batch_cosr 24.33176 step 1863
batch_cosr 24.775389 step 1864
batch_cosr 24.13977 step 1865
batch_cosr 25.206995 step 1866
batch_cosr 25.343063 step 1867
batch_cosr 24.825392 step 1868
batch_cosr 24.214682 step 1869
batch_cosr 26.818365 step 1870
batch_cosr 25.61094 step 1871
batch_cosr 25.925453 step 1872
batch_cosr 25.660679 step 1873
batch_cosr 25.50232 step 1874
batch_cosr 24.64924 step 1875
batch_cosr 25.570047 step 1876
batch_cosr 26.210825 step 1877
batch_cosr 25.520952 step 1878
batch_cosr 25.740513 step 1879
batch_cosr 24.900234 step 1880
batch_cosr 24.326284 step 1881
batch_cosr 25.47613 step 1882
batch_cosr 25.559586 step 1883
batch_cosr 24.989098 step 1884
batch_cosr 24.532125 step 1885
batch_cosr 25.885353 step 1886
batch_cosr 24.723377 step 1887
batch_cosr 25.51869 step 1888
batch_cosr 26.56071 step 1889
batch_cosr 24.835876 step 1890
batch_cosr 25.743364 step 1891
batch_cosr 25.678951 step 1892
batch_cosr 24.367767 step 1893
batch_cosr 24.814339 step 1894
batch_cosr 24.591871 step 1895
batch_cosr 25.663597 step 1896
batch_cosr 24.322983 step 1897
batch_cosr 25.022305 step 1898
batch_cosr 25.124025 step 1899
batch 899 : time 1.5244567394256592
batch_cosr 25.264965 step 1900
save checkpoint 1900
batch_cosr 24.985344 step 1901
batch_cosr 24.747593 step 1902
batch_cosr 25.218948 step 1903
batch_cosr 25.056599 step 1904
batch_cosr 25.270132 step 1905
batch_cosr 25.20174 step 1906
batch_cosr 25.85223 step 1907
batch_cosr 24.55396 step 1908
batch_cosr 24.500067 step 1909
batch_cosr 24.946928 step 1910
batch_cosr 26.399471 step 1911
batch_cosr 25.972397 step 1912
batch_cosr 25.512983 step 1913
batch_cosr 24.927252 step 1914
batch_cosr 25.36953 step 1915
batch_cosr 24.33523 step 1916
batch_cosr 26.00899 step 1917
batch_cosr 26.192265 step 1918
batch_cosr 25.647144 step 1919
batch_cosr 25.481022 step 1920
batch_cosr 25.217316 step 1921
batch_cosr 25.6909 step 1922
batch_cosr 25.29794 step 1923
batch_cosr 25.527218 step 1924
batch_cosr 24.825628 step 1925
batch_cosr 26.31971 step 1926
batch_cosr 25.555206 step 1927
batch_cosr 24.737764 step 1928
batch_cosr 24.517393 step 1929
batch_cosr 24.676031 step 1930
batch_cosr 24.69823 step 1931
batch_cosr 23.743322 step 1932
batch_cosr 24.569378 step 1933
batch_cosr 24.731037 step 1934
batch_cosr 25.269676 step 1935
batch_cosr 25.15929 step 1936
batch_cosr 24.701889 step 1937
batch_cosr 25.016632 step 1938
batch_cosr 24.244421 step 1939
batch_cosr 25.1571 step 1940
batch_cosr 24.520157 step 1941
batch_cosr 26.748573 step 1942
batch_cosr 25.03423 step 1943
batch_cosr 24.997208 step 1944
batch_cosr 26.257145 step 1945
batch_cosr 25.250523 step 1946
batch_cosr 25.256584 step 1947
batch_cosr 25.528164 step 1948
batch_cosr 24.791632 step 1949
batch_cosr 26.176502 step 1950
batch_cosr 25.135658 step 1951
batch_cosr 24.474693 step 1952
batch_cosr 25.022644 step 1953
batch_cosr 25.32031 step 1954
batch_cosr 26.576895 step 1955
batch_cosr 24.68902 step 1956
batch_cosr 24.801626 step 1957
batch_cosr 26.105728 step 1958
batch_cosr 25.152061 step 1959
batch_cosr 24.263845 step 1960
batch_cosr 24.051165 step 1961
batch_cosr 24.756887 step 1962
batch_cosr 24.227547 step 1963
batch_cosr 25.07397 step 1964
batch_cosr 24.638056 step 1965
batch_cosr 23.493954 step 1966
batch_cosr 24.808283 step 1967
batch_cosr 25.56157 step 1968
batch_cosr 25.527916 step 1969
batch_cosr 24.593946 step 1970
batch_cosr 24.600437 step 1971
batch_cosr 23.862734 step 1972
batch_cosr 25.185743 step 1973
batch_cosr 25.933819 step 1974
batch_cosr 26.342953 step 1975
batch_cosr 24.506027 step 1976
batch_cosr 25.098856 step 1977
batch_cosr 23.881948 step 1978
batch_cosr 24.435364 step 1979
batch_cosr 24.364315 step 1980
batch_cosr 25.495708 step 1981
batch_cosr 24.588612 step 1982
batch_cosr 25.828102 step 1983
batch_cosr 24.30499 step 1984
batch_cosr 24.84054 step 1985
batch_cosr 25.711924 step 1986
batch_cosr 26.12207 step 1987
batch_cosr 25.264978 step 1988
batch_cosr 24.736263 step 1989
batch_cosr 26.477188 step 1990
batch_cosr 24.493881 step 1991
batch_cosr 24.729237 step 1992
batch_cosr 25.103794 step 1993
batch_cosr 25.840809 step 1994
batch_cosr 24.760323 step 1995
batch_cosr 24.865414 step 1996
batch_cosr 25.675894 step 1997
batch_cosr 24.65893 step 1998
batch_cosr 24.594515 step 1999
batch 999 : time 1.5220749378204346
batch_cosr 25.333324 step 2000
save checkpoint 2000
2018-04-29 18:07:22.552692: W tensorflow/core/common_runtime/bfc_allocator.cc:273] Allocator (GPU_0_bfc) ran out of memory trying to allocate 4.72GiB.  Current allocation summary follows.
2018-04-29 18:07:22.552758: I tensorflow/core/common_runtime/bfc_allocator.cc:643] Bin (256): 	Total Chunks: 0, Chunks in use: 0 0B allocated for chunks. 0B client-requested for chunks. 0B in use in bin. 0B client-requested in use in bin.
2018-04-29 18:07:22.552769: I tensorflow/core/common_runtime/bfc_allocator.cc:643] Bin (512): 	Total Chunks: 0, Chunks in use: 0 0B allocated for chunks. 0B client-requested for chunks. 0B in use in bin. 0B client-requested in use in bin.
2018-04-29 18:07:22.552777: I tensorflow/core/common_runtime/bfc_allocator.cc:643] Bin (1024): 	Total Chunks: 0, Chunks in use: 0 0B allocated for chunks. 0B client-requested for chunks. 0B in use in bin. 0B client-requested in use in bin.
2018-04-29 18:07:22.552785: I tensorflow/core/common_runtime/bfc_allocator.cc:643] Bin (2048): 	Total Chunks: 0, Chunks in use: 0 0B allocated for chunks. 0B client-requested for chunks. 0B in use in bin. 0B client-requested in use in bin.
2018-04-29 18:07:22.552792: I tensorflow/core/common_runtime/bfc_allocator.cc:643] Bin (4096): 	Total Chunks: 0, Chunks in use: 0 0B allocated for chunks. 0B client-requested for chunks. 0B in use in bin. 0B client-requested in use in bin.
2018-04-29 18:07:22.552799: I tensorflow/core/common_runtime/bfc_allocator.cc:643] Bin (8192): 	Total Chunks: 0, Chunks in use: 0 0B allocated for chunks. 0B client-requested for chunks. 0B in use in bin. 0B client-requested in use in bin.
2018-04-29 18:07:22.552807: I tensorflow/core/common_runtime/bfc_allocator.cc:643] Bin (16384): 	Total Chunks: 0, Chunks in use: 0 0B allocated for chunks. 0B client-requested for chunks. 0B in use in bin. 0B client-requested in use in bin.
2018-04-29 18:07:22.552814: I tensorflow/core/common_runtime/bfc_allocator.cc:643] Bin (32768): 	Total Chunks: 0, Chunks in use: 0 0B allocated for chunks. 0B client-requested for chunks. 0B in use in bin. 0B client-requested in use in bin.
2018-04-29 18:07:22.552821: I tensorflow/core/common_runtime/bfc_allocator.cc:643] Bin (65536): 	Total Chunks: 0, Chunks in use: 0 0B allocated for chunks. 0B client-requested for chunks. 0B in use in bin. 0B client-requested in use in bin.
2018-04-29 18:07:22.552833: I tensorflow/core/common_runtime/bfc_allocator.cc:643] Bin (131072): 	Total Chunks: 2, Chunks in use: 0 348.0KiB allocated for chunks. 204.0KiB client-requested for chunks. 0B in use in bin. 0B client-requested in use in bin.
2018-04-29 18:07:22.552841: I tensorflow/core/common_runtime/bfc_allocator.cc:643] Bin (262144): 	Total Chunks: 0, Chunks in use: 0 0B allocated for chunks. 0B client-requested for chunks. 0B in use in bin. 0B client-requested in use in bin.
2018-04-29 18:07:22.552862: I tensorflow/core/common_runtime/bfc_allocator.cc:643] Bin (524288): 	Total Chunks: 0, Chunks in use: 0 0B allocated for chunks. 0B client-requested for chunks. 0B in use in bin. 0B client-requested in use in bin.
2018-04-29 18:07:22.552872: I tensorflow/core/common_runtime/bfc_allocator.cc:643] Bin (1048576): 	Total Chunks: 1, Chunks in use: 0 1.39MiB allocated for chunks. 288.0KiB client-requested for chunks. 0B in use in bin. 0B client-requested in use in bin.
2018-04-29 18:07:22.552879: I tensorflow/core/common_runtime/bfc_allocator.cc:643] Bin (2097152): 	Total Chunks: 0, Chunks in use: 0 0B allocated for chunks. 0B client-requested for chunks. 0B in use in bin. 0B client-requested in use in bin.
2018-04-29 18:07:22.552887: I tensorflow/core/common_runtime/bfc_allocator.cc:643] Bin (4194304): 	Total Chunks: 1, Chunks in use: 0 5.16MiB allocated for chunks. 1.12MiB client-requested for chunks. 0B in use in bin. 0B client-requested in use in bin.
2018-04-29 18:07:22.552895: I tensorflow/core/common_runtime/bfc_allocator.cc:643] Bin (8388608): 	Total Chunks: 1, Chunks in use: 0 9.25MiB allocated for chunks. 4.50MiB client-requested for chunks. 0B in use in bin. 0B client-requested in use in bin.
2018-04-29 18:07:22.552902: I tensorflow/core/common_runtime/bfc_allocator.cc:643] Bin (16777216): 	Total Chunks: 0, Chunks in use: 0 0B allocated for chunks. 0B client-requested for chunks. 0B in use in bin. 0B client-requested in use in bin.
2018-04-29 18:07:22.552909: I tensorflow/core/common_runtime/bfc_allocator.cc:643] Bin (33554432): 	Total Chunks: 0, Chunks in use: 0 0B allocated for chunks. 0B client-requested for chunks. 0B in use in bin. 0B client-requested in use in bin.
2018-04-29 18:07:22.552917: I tensorflow/core/common_runtime/bfc_allocator.cc:643] Bin (67108864): 	Total Chunks: 1, Chunks in use: 0 119.00MiB allocated for chunks. 15.00MiB client-requested for chunks. 0B in use in bin. 0B client-requested in use in bin.
2018-04-29 18:07:22.552924: I tensorflow/core/common_runtime/bfc_allocator.cc:643] Bin (134217728): 	Total Chunks: 0, Chunks in use: 0 0B allocated for chunks. 0B client-requested for chunks. 0B in use in bin. 0B client-requested in use in bin.
2018-04-29 18:07:22.552932: I tensorflow/core/common_runtime/bfc_allocator.cc:643] Bin (268435456): 	Total Chunks: 4, Chunks in use: 0 5.78GiB allocated for chunks. 455.00MiB client-requested for chunks. 0B in use in bin. 0B client-requested in use in bin.
2018-04-29 18:07:22.552939: I tensorflow/core/common_runtime/bfc_allocator.cc:660] Bin for 4.72GiB was 256.00MiB, Chunk State: 
2018-04-29 18:07:22.552952: I tensorflow/core/common_runtime/bfc_allocator.cc:666]   Size: 285.42MiB | Requested Size: 40.00MiB | in_use: 0, prev:   Size: 226.58MiB | Requested Size: 226.58MiB | in_use: 1
2018-04-29 18:07:22.552960: I tensorflow/core/common_runtime/bfc_allocator.cc:666]   Size: 512.00MiB | Requested Size: 15.00MiB | in_use: 0
2018-04-29 18:07:22.552966: I tensorflow/core/common_runtime/bfc_allocator.cc:666]   Size: 1.00GiB | Requested Size: 320.00MiB | in_use: 0
2018-04-29 18:07:22.552973: I tensorflow/core/common_runtime/bfc_allocator.cc:666]   Size: 4.00GiB | Requested Size: 80.00MiB | in_use: 0
2018-04-29 18:07:22.552981: I tensorflow/core/common_runtime/bfc_allocator.cc:678] Chunk at 0x1004fc0000 of size 1280
2018-04-29 18:07:22.552987: I tensorflow/core/common_runtime/bfc_allocator.cc:678] Chunk at 0x1004fc0500 of size 256
2018-04-29 18:07:22.552992: I tensorflow/core/common_runtime/bfc_allocator.cc:678] Chunk at 0x1004fc0600 of size 256
2018-04-29 18:07:22.552997: I tensorflow/core/common_runtime/bfc_allocator.cc:678] Chunk at 0x1004fc0700 of size 256
2018-04-29 18:07:22.553003: I tensorflow/core/common_runtime/bfc_allocator.cc:678] Chunk at 0x1004fc0800 of size 512
2018-04-29 18:07:22.553008: I tensorflow/core/common_runtime/bfc_allocator.cc:678] Chunk at 0x1004fc0a00 of size 256
2018-04-29 18:07:22.553013: I tensorflow/core/common_runtime/bfc_allocator.cc:678] Chunk at 0x1004fc0b00 of size 1024
2018-04-29 18:07:22.553023: I tensorflow/core/common_runtime/bfc_allocator.cc:678] Chunk at 0x1004fc0f00 of size 1024
2018-04-29 18:07:22.553028: I tensorflow/core/common_runtime/bfc_allocator.cc:678] Chunk at 0x1004fc1300 of size 1024
2018-04-29 18:07:22.553034: I tensorflow/core/common_runtime/bfc_allocator.cc:678] Chunk at 0x1004fc1700 of size 1024
2018-04-29 18:07:22.553039: I tensorflow/core/common_runtime/bfc_allocator.cc:678] Chunk at 0x1004fc1b00 of size 1024
2018-04-29 18:07:22.553044: I tensorflow/core/common_runtime/bfc_allocator.cc:678] Chunk at 0x1004fc1f00 of size 256
2018-04-29 18:07:22.553050: I tensorflow/core/common_runtime/bfc_allocator.cc:678] Chunk at 0x1004fc2000 of size 1024
2018-04-29 18:07:22.553055: I tensorflow/core/common_runtime/bfc_allocator.cc:678] Chunk at 0x1004fc2400 of size 256
2018-04-29 18:07:22.553061: I tensorflow/core/common_runtime/bfc_allocator.cc:678] Chunk at 0x1004fc2500 of size 2048
2018-04-29 18:07:22.553066: I tensorflow/core/common_runtime/bfc_allocator.cc:678] Chunk at 0x1004fc2d00 of size 2048
2018-04-29 18:07:22.553071: I tensorflow/core/common_runtime/bfc_allocator.cc:678] Chunk at 0x1004fc3500 of size 2048
2018-04-29 18:07:22.553077: I tensorflow/core/common_runtime/bfc_allocator.cc:678] Chunk at 0x1004fc3d00 of size 2048
2018-04-29 18:07:22.553082: I tensorflow/core/common_runtime/bfc_allocator.cc:678] Chunk at 0x1004fc4500 of size 2048
2018-04-29 18:07:22.553087: I tensorflow/core/common_runtime/bfc_allocator.cc:678] Chunk at 0x1004fc4d00 of size 256
2018-04-29 18:07:22.553092: I tensorflow/core/common_runtime/bfc_allocator.cc:678] Chunk at 0x1004fc4e00 of size 2048
2018-04-29 18:07:22.553098: I tensorflow/core/common_runtime/bfc_allocator.cc:678] Chunk at 0x1004fc5600 of size 256
2018-04-29 18:07:22.553103: I tensorflow/core/common_runtime/bfc_allocator.cc:678] Chunk at 0x1004fc5700 of size 2048
2018-04-29 18:07:22.553108: I tensorflow/core/common_runtime/bfc_allocator.cc:678] Chunk at 0x1004fc5f00 of size 2048
2018-04-29 18:07:22.553113: I tensorflow/core/common_runtime/bfc_allocator.cc:678] Chunk at 0x1004fc6700 of size 2048
2018-04-29 18:07:22.553118: I tensorflow/core/common_runtime/bfc_allocator.cc:678] Chunk at 0x1004fc6f00 of size 2048
2018-04-29 18:07:22.553124: I tensorflow/core/common_runtime/bfc_allocator.cc:678] Chunk at 0x1004fc7700 of size 2048
2018-04-29 18:07:22.553129: I tensorflow/core/common_runtime/bfc_allocator.cc:678] Chunk at 0x1004fc7f00 of size 256
2018-04-29 18:07:22.553134: I tensorflow/core/common_runtime/bfc_allocator.cc:678] Chunk at 0x1004fc8000 of size 4096
2018-04-29 18:07:22.553140: I tensorflow/core/common_runtime/bfc_allocator.cc:678] Chunk at 0x1004fc9000 of size 256
2018-04-29 18:07:22.553145: I tensorflow/core/common_runtime/bfc_allocator.cc:678] Chunk at 0x1004fc9100 of size 4096
2018-04-29 18:07:22.553150: I tensorflow/core/common_runtime/bfc_allocator.cc:678] Chunk at 0x1004fca100 of size 256
2018-04-29 18:07:22.553155: I tensorflow/core/common_runtime/bfc_allocator.cc:678] Chunk at 0x1004fca200 of size 4096
2018-04-29 18:07:22.553160: I tensorflow/core/common_runtime/bfc_allocator.cc:678] Chunk at 0x1004fcb200 of size 256
2018-04-29 18:07:22.553165: I tensorflow/core/common_runtime/bfc_allocator.cc:678] Chunk at 0x1004fcb300 of size 4096
2018-04-29 18:07:22.553171: I tensorflow/core/common_runtime/bfc_allocator.cc:678] Chunk at 0x1004fcc300 of size 256
2018-04-29 18:07:22.553176: I tensorflow/core/common_runtime/bfc_allocator.cc:678] Chunk at 0x1004fcc400 of size 256
2018-04-29 18:07:22.553181: I tensorflow/core/common_runtime/bfc_allocator.cc:678] Chunk at 0x1004fcc500 of size 512
2018-04-29 18:07:22.553187: I tensorflow/core/common_runtime/bfc_allocator.cc:678] Chunk at 0x1004fcc700 of size 6912
2018-04-29 18:07:22.553192: I tensorflow/core/common_runtime/bfc_allocator.cc:678] Chunk at 0x1004fce200 of size 294912
2018-04-29 18:07:22.553198: I tensorflow/core/common_runtime/bfc_allocator.cc:678] Chunk at 0x1005016200 of size 1024
2018-04-29 18:07:22.553203: I tensorflow/core/common_runtime/bfc_allocator.cc:678] Chunk at 0x1005016600 of size 2048
2018-04-29 18:07:22.553211: I tensorflow/core/common_runtime/bfc_allocator.cc:678] Chunk at 0x1005016e00 of size 2048
2018-04-29 18:07:22.553217: I tensorflow/core/common_runtime/bfc_allocator.cc:678] Chunk at 0x1005017600 of size 208896
2018-04-29 18:07:22.553222: I tensorflow/core/common_runtime/bfc_allocator.cc:678] Chunk at 0x100504a600 of size 512
2018-04-29 18:07:22.553227: I tensorflow/core/common_runtime/bfc_allocator.cc:678] Chunk at 0x100504a800 of size 256
2018-04-29 18:07:22.553232: I tensorflow/core/common_runtime/bfc_allocator.cc:678] Chunk at 0x100504a900 of size 256
2018-04-29 18:07:22.553238: I tensorflow/core/common_runtime/bfc_allocator.cc:678] Chunk at 0x100504aa00 of size 256
2018-04-29 18:07:22.553243: I tensorflow/core/common_runtime/bfc_allocator.cc:678] Chunk at 0x100504ab00 of size 256
2018-04-29 18:07:22.553248: I tensorflow/core/common_runtime/bfc_allocator.cc:678] Chunk at 0x100504ac00 of size 256
2018-04-29 18:07:22.553253: I tensorflow/core/common_runtime/bfc_allocator.cc:678] Chunk at 0x100504ad00 of size 256
2018-04-29 18:07:22.553258: I tensorflow/core/common_runtime/bfc_allocator.cc:678] Chunk at 0x100504ae00 of size 256
2018-04-29 18:07:22.553264: I tensorflow/core/common_runtime/bfc_allocator.cc:678] Chunk at 0x100504af00 of size 256
2018-04-29 18:07:22.553269: I tensorflow/core/common_runtime/bfc_allocator.cc:678] Chunk at 0x100504b000 of size 2048
2018-04-29 18:07:22.553274: I tensorflow/core/common_runtime/bfc_allocator.cc:678] Chunk at 0x100504b800 of size 2048
2018-04-29 18:07:22.553279: I tensorflow/core/common_runtime/bfc_allocator.cc:678] Chunk at 0x100504c000 of size 2048
2018-04-29 18:07:22.553284: I tensorflow/core/common_runtime/bfc_allocator.cc:678] Chunk at 0x100504c800 of size 2048
2018-04-29 18:07:22.553289: I tensorflow/core/common_runtime/bfc_allocator.cc:678] Chunk at 0x100504d000 of size 2048
2018-04-29 18:07:22.553295: I tensorflow/core/common_runtime/bfc_allocator.cc:678] Chunk at 0x100504d800 of size 2048
2018-04-29 18:07:22.553300: I tensorflow/core/common_runtime/bfc_allocator.cc:678] Chunk at 0x100504e000 of size 2048
2018-04-29 18:07:22.553305: I tensorflow/core/common_runtime/bfc_allocator.cc:678] Chunk at 0x100504e800 of size 2048
2018-04-29 18:07:22.553310: I tensorflow/core/common_runtime/bfc_allocator.cc:678] Chunk at 0x100504f000 of size 4096
2018-04-29 18:07:22.553315: I tensorflow/core/common_runtime/bfc_allocator.cc:678] Chunk at 0x1005050000 of size 4096
2018-04-29 18:07:22.553320: I tensorflow/core/common_runtime/bfc_allocator.cc:678] Chunk at 0x1005051000 of size 4096
2018-04-29 18:07:22.553325: I tensorflow/core/common_runtime/bfc_allocator.cc:678] Chunk at 0x1005052000 of size 4096
2018-04-29 18:07:22.553331: I tensorflow/core/common_runtime/bfc_allocator.cc:678] Chunk at 0x1005086000 of size 512
2018-04-29 18:07:22.553336: I tensorflow/core/common_runtime/bfc_allocator.cc:678] Chunk at 0x1005086200 of size 6912
2018-04-29 18:07:22.553349: I tensorflow/core/common_runtime/bfc_allocator.cc:678] Chunk at 0x1005087d00 of size 1024
2018-04-29 18:07:22.553355: I tensorflow/core/common_runtime/bfc_allocator.cc:678] Chunk at 0x1005088100 of size 2048
2018-04-29 18:07:22.553360: I tensorflow/core/common_runtime/bfc_allocator.cc:678] Chunk at 0x1005088900 of size 2048
2018-04-29 18:07:22.553365: I tensorflow/core/common_runtime/bfc_allocator.cc:678] Chunk at 0x1005089100 of size 2048
2018-04-29 18:07:22.553370: I tensorflow/core/common_runtime/bfc_allocator.cc:678] Chunk at 0x1005089900 of size 2048
2018-04-29 18:07:22.553375: I tensorflow/core/common_runtime/bfc_allocator.cc:678] Chunk at 0x100508a100 of size 2048
2018-04-29 18:07:22.553381: I tensorflow/core/common_runtime/bfc_allocator.cc:678] Chunk at 0x100508a900 of size 4096
2018-04-29 18:07:22.553386: I tensorflow/core/common_runtime/bfc_allocator.cc:678] Chunk at 0x100508b900 of size 4096
2018-04-29 18:07:22.553391: I tensorflow/core/common_runtime/bfc_allocator.cc:678] Chunk at 0x100508c900 of size 4096
2018-04-29 18:07:22.553399: I tensorflow/core/common_runtime/bfc_allocator.cc:678] Chunk at 0x100508d900 of size 4096
2018-04-29 18:07:22.553405: I tensorflow/core/common_runtime/bfc_allocator.cc:678] Chunk at 0x100508e900 of size 512
2018-04-29 18:07:22.553410: I tensorflow/core/common_runtime/bfc_allocator.cc:678] Chunk at 0x100508eb00 of size 256
2018-04-29 18:07:22.553415: I tensorflow/core/common_runtime/bfc_allocator.cc:678] Chunk at 0x100508ec00 of size 256
2018-04-29 18:07:22.553420: I tensorflow/core/common_runtime/bfc_allocator.cc:678] Chunk at 0x100508ed00 of size 256
2018-04-29 18:07:22.553426: I tensorflow/core/common_runtime/bfc_allocator.cc:678] Chunk at 0x100508ee00 of size 256
2018-04-29 18:07:22.553431: I tensorflow/core/common_runtime/bfc_allocator.cc:678] Chunk at 0x100508ef00 of size 256
2018-04-29 18:07:22.553436: I tensorflow/core/common_runtime/bfc_allocator.cc:678] Chunk at 0x100508f000 of size 256
2018-04-29 18:07:22.553441: I tensorflow/core/common_runtime/bfc_allocator.cc:678] Chunk at 0x100508f100 of size 256
2018-04-29 18:07:22.553446: I tensorflow/core/common_runtime/bfc_allocator.cc:678] Chunk at 0x100508f200 of size 256
2018-04-29 18:07:22.553451: I tensorflow/core/common_runtime/bfc_allocator.cc:678] Chunk at 0x100508f300 of size 4864
2018-04-29 18:07:22.553457: I tensorflow/core/common_runtime/bfc_allocator.cc:678] Chunk at 0x1005090600 of size 256
2018-04-29 18:07:22.553462: I tensorflow/core/common_runtime/bfc_allocator.cc:678] Chunk at 0x1005090700 of size 256
2018-04-29 18:07:22.553467: I tensorflow/core/common_runtime/bfc_allocator.cc:678] Chunk at 0x1005090800 of size 512
2018-04-29 18:07:22.553472: I tensorflow/core/common_runtime/bfc_allocator.cc:678] Chunk at 0x1005090a00 of size 512
2018-04-29 18:07:22.553477: I tensorflow/core/common_runtime/bfc_allocator.cc:678] Chunk at 0x1005090c00 of size 1024
2018-04-29 18:07:22.553482: I tensorflow/core/common_runtime/bfc_allocator.cc:678] Chunk at 0x1005091000 of size 1024
2018-04-29 18:07:22.553487: I tensorflow/core/common_runtime/bfc_allocator.cc:678] Chunk at 0x1005091400 of size 1024
2018-04-29 18:07:22.553492: I tensorflow/core/common_runtime/bfc_allocator.cc:678] Chunk at 0x1005091800 of size 1024
2018-04-29 18:07:22.553497: I tensorflow/core/common_runtime/bfc_allocator.cc:678] Chunk at 0x1005091c00 of size 1024
2018-04-29 18:07:22.553503: I tensorflow/core/common_runtime/bfc_allocator.cc:678] Chunk at 0x1005092000 of size 1024
2018-04-29 18:07:22.553508: I tensorflow/core/common_runtime/bfc_allocator.cc:678] Chunk at 0x1005092400 of size 1024
2018-04-29 18:07:22.553513: I tensorflow/core/common_runtime/bfc_allocator.cc:678] Chunk at 0x1005092800 of size 1024
2018-04-29 18:07:22.553518: I tensorflow/core/common_runtime/bfc_allocator.cc:678] Chunk at 0x1005092c00 of size 1024
2018-04-29 18:07:22.553523: I tensorflow/core/common_runtime/bfc_allocator.cc:678] Chunk at 0x1005093000 of size 2048
2018-04-29 18:07:22.553528: I tensorflow/core/common_runtime/bfc_allocator.cc:678] Chunk at 0x1005093800 of size 2048
2018-04-29 18:07:22.553533: I tensorflow/core/common_runtime/bfc_allocator.cc:678] Chunk at 0x1005094000 of size 2048
2018-04-29 18:07:22.553538: I tensorflow/core/common_runtime/bfc_allocator.cc:678] Chunk at 0x1005094800 of size 2048
2018-04-29 18:07:22.553543: I tensorflow/core/common_runtime/bfc_allocator.cc:678] Chunk at 0x1005095000 of size 2048
2018-04-29 18:07:22.553548: I tensorflow/core/common_runtime/bfc_allocator.cc:678] Chunk at 0x1005095800 of size 6912
2018-04-29 18:07:22.553553: I tensorflow/core/common_runtime/bfc_allocator.cc:678] Chunk at 0x1005097300 of size 256
2018-04-29 18:07:22.553558: I tensorflow/core/common_runtime/bfc_allocator.cc:678] Chunk at 0x1005097400 of size 256
2018-04-29 18:07:22.553563: I tensorflow/core/common_runtime/bfc_allocator.cc:678] Chunk at 0x1005097500 of size 256
2018-04-29 18:07:22.553568: I tensorflow/core/common_runtime/bfc_allocator.cc:678] Chunk at 0x1005097600 of size 256
2018-04-29 18:07:22.553574: I tensorflow/core/common_runtime/bfc_allocator.cc:678] Chunk at 0x1005097700 of size 256
2018-04-29 18:07:22.553582: I tensorflow/core/common_runtime/bfc_allocator.cc:678] Chunk at 0x1005097800 of size 256
2018-04-29 18:07:22.553587: I tensorflow/core/common_runtime/bfc_allocator.cc:678] Chunk at 0x1005097900 of size 256
2018-04-29 18:07:22.553592: I tensorflow/core/common_runtime/bfc_allocator.cc:678] Chunk at 0x1005097a00 of size 256
2018-04-29 18:07:22.553597: I tensorflow/core/common_runtime/bfc_allocator.cc:678] Chunk at 0x1005097b00 of size 256
2018-04-29 18:07:22.553602: I tensorflow/core/common_runtime/bfc_allocator.cc:678] Chunk at 0x1005097c00 of size 256
2018-04-29 18:07:22.553608: I tensorflow/core/common_runtime/bfc_allocator.cc:678] Chunk at 0x1005097d00 of size 256
2018-04-29 18:07:22.553613: I tensorflow/core/common_runtime/bfc_allocator.cc:678] Chunk at 0x1005097e00 of size 256
2018-04-29 18:07:22.553618: I tensorflow/core/common_runtime/bfc_allocator.cc:678] Chunk at 0x1005097f00 of size 256
2018-04-29 18:07:22.553623: I tensorflow/core/common_runtime/bfc_allocator.cc:678] Chunk at 0x1005098000 of size 256
2018-04-29 18:07:22.553628: I tensorflow/core/common_runtime/bfc_allocator.cc:678] Chunk at 0x1005098100 of size 256
2018-04-29 18:07:22.553634: I tensorflow/core/common_runtime/bfc_allocator.cc:678] Chunk at 0x1005098200 of size 256
2018-04-29 18:07:22.553639: I tensorflow/core/common_runtime/bfc_allocator.cc:678] Chunk at 0x1005098300 of size 15616
2018-04-29 18:07:22.553645: I tensorflow/core/common_runtime/bfc_allocator.cc:687] Free at 0x1005053000 of size 208896
2018-04-29 18:07:22.553651: I tensorflow/core/common_runtime/bfc_allocator.cc:687] Free at 0x100509c000 of size 147456
2018-04-29 18:07:22.553657: I tensorflow/core/common_runtime/bfc_allocator.cc:678] Chunk at 0x10050c0000 of size 2097152
2018-04-29 18:07:22.553663: I tensorflow/core/common_runtime/bfc_allocator.cc:678] Chunk at 0x10052c0000 of size 4194304
2018-04-29 18:07:22.553668: I tensorflow/core/common_runtime/bfc_allocator.cc:678] Chunk at 0x10056c0000 of size 8388608
2018-04-29 18:07:22.553674: I tensorflow/core/common_runtime/bfc_allocator.cc:678] Chunk at 0x1005ec0000 of size 16777216
2018-04-29 18:07:22.553680: I tensorflow/core/common_runtime/bfc_allocator.cc:678] Chunk at 0x1006ec0000 of size 4194304
2018-04-29 18:07:22.553685: I tensorflow/core/common_runtime/bfc_allocator.cc:678] Chunk at 0x10072c0000 of size 3145728
2018-04-29 18:07:22.553690: I tensorflow/core/common_runtime/bfc_allocator.cc:678] Chunk at 0x10075c0000 of size 3145728
2018-04-29 18:07:22.553695: I tensorflow/core/common_runtime/bfc_allocator.cc:678] Chunk at 0x10078c0000 of size 3145728
2018-04-29 18:07:22.553700: I tensorflow/core/common_runtime/bfc_allocator.cc:678] Chunk at 0x1007bc0000 of size 3145728
2018-04-29 18:07:22.553705: I tensorflow/core/common_runtime/bfc_allocator.cc:678] Chunk at 0x1007ec0000 of size 2359296
2018-04-29 18:07:22.553711: I tensorflow/core/common_runtime/bfc_allocator.cc:678] Chunk at 0x1008100000 of size 4718592
2018-04-29 18:07:22.553716: I tensorflow/core/common_runtime/bfc_allocator.cc:687] Free at 0x1008580000 of size 9699328
2018-04-29 18:07:22.553721: I tensorflow/core/common_runtime/bfc_allocator.cc:678] Chunk at 0x10090c0000 of size 4194304
2018-04-29 18:07:22.553726: I tensorflow/core/common_runtime/bfc_allocator.cc:678] Chunk at 0x10094c0000 of size 3145728
2018-04-29 18:07:22.553731: I tensorflow/core/common_runtime/bfc_allocator.cc:678] Chunk at 0x10097c0000 of size 3145728
2018-04-29 18:07:22.553736: I tensorflow/core/common_runtime/bfc_allocator.cc:678] Chunk at 0x1009ac0000 of size 3145728
2018-04-29 18:07:22.553741: I tensorflow/core/common_runtime/bfc_allocator.cc:678] Chunk at 0x1009dc0000 of size 208896
2018-04-29 18:07:22.553746: I tensorflow/core/common_runtime/bfc_allocator.cc:678] Chunk at 0x1009df3000 of size 294912
2018-04-29 18:07:22.553752: I tensorflow/core/common_runtime/bfc_allocator.cc:678] Chunk at 0x1009e3b000 of size 1179648
2018-04-29 18:07:22.553757: I tensorflow/core/common_runtime/bfc_allocator.cc:678] Chunk at 0x100a0c0000 of size 294912
2018-04-29 18:07:22.553762: I tensorflow/core/common_runtime/bfc_allocator.cc:678] Chunk at 0x100a108000 of size 1179648
2018-04-29 18:07:22.553770: I tensorflow/core/common_runtime/bfc_allocator.cc:678] Chunk at 0x100a228000 of size 2359296
2018-04-29 18:07:22.553775: I tensorflow/core/common_runtime/bfc_allocator.cc:678] Chunk at 0x100a468000 of size 4718592
2018-04-29 18:07:22.553781: I tensorflow/core/common_runtime/bfc_allocator.cc:678] Chunk at 0x100a8e8000 of size 9437184
2018-04-29 18:07:22.553786: I tensorflow/core/common_runtime/bfc_allocator.cc:678] Chunk at 0x100b1e8000 of size 4194304
2018-04-29 18:07:22.553791: I tensorflow/core/common_runtime/bfc_allocator.cc:678] Chunk at 0x100b5e8000 of size 3145728
2018-04-29 18:07:22.553796: I tensorflow/core/common_runtime/bfc_allocator.cc:678] Chunk at 0x100b8e8000 of size 3145728
2018-04-29 18:07:22.553801: I tensorflow/core/common_runtime/bfc_allocator.cc:678] Chunk at 0x100bbe8000 of size 3145728
2018-04-29 18:07:22.553806: I tensorflow/core/common_runtime/bfc_allocator.cc:678] Chunk at 0x100bee8000 of size 3145728
2018-04-29 18:07:22.553811: I tensorflow/core/common_runtime/bfc_allocator.cc:678] Chunk at 0x100c1e8000 of size 208896
2018-04-29 18:07:22.553816: I tensorflow/core/common_runtime/bfc_allocator.cc:678] Chunk at 0x100c21b000 of size 3145728
2018-04-29 18:07:22.553822: I tensorflow/core/common_runtime/bfc_allocator.cc:678] Chunk at 0x100ca43000 of size 6803456
2018-04-29 18:07:22.553827: I tensorflow/core/common_runtime/bfc_allocator.cc:687] Free at 0x1009f5b000 of size 1462272
2018-04-29 18:07:22.553832: I tensorflow/core/common_runtime/bfc_allocator.cc:687] Free at 0x100c51b000 of size 5406720
2018-04-29 18:07:22.553838: I tensorflow/core/common_runtime/bfc_allocator.cc:678] Chunk at 0x100d0c0000 of size 9437184
2018-04-29 18:07:22.553843: I tensorflow/core/common_runtime/bfc_allocator.cc:687] Free at 0x100d9c0000 of size 124780544
2018-04-29 18:07:22.553849: I tensorflow/core/common_runtime/bfc_allocator.cc:678] Chunk at 0x10150c0000 of size 237588480
2018-04-29 18:07:22.553854: I tensorflow/core/common_runtime/bfc_allocator.cc:687] Free at 0x1023355000 of size 299282432
2018-04-29 18:07:22.553860: I tensorflow/core/common_runtime/bfc_allocator.cc:687] Free at 0x10350c0000 of size 536870912
2018-04-29 18:07:22.553865: I tensorflow/core/common_runtime/bfc_allocator.cc:687] Free at 0x10553c0000 of size 1073741824
2018-04-29 18:07:22.553871: I tensorflow/core/common_runtime/bfc_allocator.cc:687] Free at 0x10953c0000 of size 4294967296
2018-04-29 18:07:22.553876: I tensorflow/core/common_runtime/bfc_allocator.cc:693]      Summary of in-use Chunks by size: 
2018-04-29 18:07:22.553884: I tensorflow/core/common_runtime/bfc_allocator.cc:696] 48 Chunks of size 256 totalling 12.0KiB
2018-04-29 18:07:22.553890: I tensorflow/core/common_runtime/bfc_allocator.cc:696] 7 Chunks of size 512 totalling 3.5KiB
2018-04-29 18:07:22.553896: I tensorflow/core/common_runtime/bfc_allocator.cc:696] 17 Chunks of size 1024 totalling 17.0KiB
2018-04-29 18:07:22.553906: I tensorflow/core/common_runtime/bfc_allocator.cc:696] 1 Chunks of size 1280 totalling 1.2KiB
2018-04-29 18:07:22.553912: I tensorflow/core/common_runtime/bfc_allocator.cc:696] 31 Chunks of size 2048 totalling 62.0KiB
2018-04-29 18:07:22.553918: I tensorflow/core/common_runtime/bfc_allocator.cc:696] 12 Chunks of size 4096 totalling 48.0KiB
2018-04-29 18:07:22.553924: I tensorflow/core/common_runtime/bfc_allocator.cc:696] 1 Chunks of size 4864 totalling 4.8KiB
2018-04-29 18:07:22.553930: I tensorflow/core/common_runtime/bfc_allocator.cc:696] 3 Chunks of size 6912 totalling 20.2KiB
2018-04-29 18:07:22.553936: I tensorflow/core/common_runtime/bfc_allocator.cc:696] 1 Chunks of size 15616 totalling 15.2KiB
2018-04-29 18:07:22.553942: I tensorflow/core/common_runtime/bfc_allocator.cc:696] 3 Chunks of size 208896 totalling 612.0KiB
2018-04-29 18:07:22.553949: I tensorflow/core/common_runtime/bfc_allocator.cc:696] 3 Chunks of size 294912 totalling 864.0KiB
2018-04-29 18:07:22.553954: I tensorflow/core/common_runtime/bfc_allocator.cc:696] 2 Chunks of size 1179648 totalling 2.25MiB
2018-04-29 18:07:22.553964: I tensorflow/core/common_runtime/bfc_allocator.cc:696] 1 Chunks of size 2097152 totalling 2.00MiB
2018-04-29 18:07:22.553970: I tensorflow/core/common_runtime/bfc_allocator.cc:696] 2 Chunks of size 2359296 totalling 4.50MiB
2018-04-29 18:07:22.553976: I tensorflow/core/common_runtime/bfc_allocator.cc:696] 12 Chunks of size 3145728 totalling 36.00MiB
2018-04-29 18:07:22.553982: I tensorflow/core/common_runtime/bfc_allocator.cc:696] 4 Chunks of size 4194304 totalling 16.00MiB
2018-04-29 18:07:22.553988: I tensorflow/core/common_runtime/bfc_allocator.cc:696] 2 Chunks of size 4718592 totalling 9.00MiB
2018-04-29 18:07:22.553994: I tensorflow/core/common_runtime/bfc_allocator.cc:696] 1 Chunks of size 6803456 totalling 6.49MiB
2018-04-29 18:07:22.554000: I tensorflow/core/common_runtime/bfc_allocator.cc:696] 1 Chunks of size 8388608 totalling 8.00MiB
2018-04-29 18:07:22.554006: I tensorflow/core/common_runtime/bfc_allocator.cc:696] 2 Chunks of size 9437184 totalling 18.00MiB
2018-04-29 18:07:22.554012: I tensorflow/core/common_runtime/bfc_allocator.cc:696] 1 Chunks of size 16777216 totalling 16.00MiB
2018-04-29 18:07:22.554018: I tensorflow/core/common_runtime/bfc_allocator.cc:696] 1 Chunks of size 237588480 totalling 226.58MiB
2018-04-29 18:07:22.554024: I tensorflow/core/common_runtime/bfc_allocator.cc:700] Sum Total of in-use chunks: 346.44MiB
2018-04-29 18:07:22.554033: I tensorflow/core/common_runtime/bfc_allocator.cc:702] Stats: 
Limit:                 11308947866
InUse:                   363270144
MaxInUse:               6197200128
NumAllocs:                 5857956
MaxAllocSize:           4294967296

2018-04-29 18:07:22.554049: W tensorflow/core/common_runtime/bfc_allocator.cc:277] ********____________________________________________________________________________________________
2018-04-29 18:07:22.554066: W tensorflow/core/framework/op_kernel.cc:1158] Resource exhausted: OOM when allocating tensor with shape[3867,160,32,64]
Traceback (most recent call last):
  File "/home/sjhbxs/anaconda3/lib/python3.6/site-packages/tensorflow/python/client/session.py", line 1139, in _do_call
    return fn(*args)
  File "/home/sjhbxs/anaconda3/lib/python3.6/site-packages/tensorflow/python/client/session.py", line 1121, in _run_fn
    status, run_metadata)
  File "/home/sjhbxs/anaconda3/lib/python3.6/contextlib.py", line 88, in __exit__
    next(self.gen)
  File "/home/sjhbxs/anaconda3/lib/python3.6/site-packages/tensorflow/python/framework/errors_impl.py", line 466, in raise_exception_on_not_ok_status
    pywrap_tensorflow.TF_GetCode(status))
tensorflow.python.framework.errors_impl.ResourceExhaustedError: OOM when allocating tensor with shape[3867,160,32,64]
	 [[Node: CNN/conv1/convolution = Conv2D[T=DT_FLOAT, data_format="NHWC", padding="SAME", strides=[1, 1, 1, 1], use_cudnn_on_gpu=true, _device="/job:localhost/replica:0/task:0/gpu:0"](_arg_Placeholder_0_4/_469, CNN/conv1/weights/read)]]

During handling of the above exception, another exception occurred:

Traceback (most recent call last):
  File "train.py", line 101, in <module>
    train(train_dir='/home/sjhbxs/Data/data_coco_task2/ICDAR_TASK2_new4/train_data/train_words_argu', val_dir='/home/sjhbxs/Data/data_coco_task2/ICDAR_TASK2_new4/train_data/train_words_argu_small', train_text_dir='/home/sjhbxs/Data/data_coco_task2/ICDAR_TASK2_new4/train_data/train_words_gt.txt',val_text_dir='/home/sjhbxs/Data/data_coco_task2/ICDAR_TASK2_new4/train_data/train_words_gt.txt')
  File "train.py", line 84, in train
    dense_decoded,lastbatch_err,lr = sess.run([g.dense_decoded,g.lerr,g.learning_rate],val_feed)
  File "/home/sjhbxs/anaconda3/lib/python3.6/site-packages/tensorflow/python/client/session.py", line 789, in run
    run_metadata_ptr)
  File "/home/sjhbxs/anaconda3/lib/python3.6/site-packages/tensorflow/python/client/session.py", line 997, in _run
    feed_dict_string, options, run_metadata)
  File "/home/sjhbxs/anaconda3/lib/python3.6/site-packages/tensorflow/python/client/session.py", line 1132, in _do_run
    target_list, options, run_metadata)
  File "/home/sjhbxs/anaconda3/lib/python3.6/site-packages/tensorflow/python/client/session.py", line 1152, in _do_call
    raise type(e)(node_def, op, message)
tensorflow.python.framework.errors_impl.ResourceExhaustedError: OOM when allocating tensor with shape[3867,160,32,64]
	 [[Node: CNN/conv1/convolution = Conv2D[T=DT_FLOAT, data_format="NHWC", padding="SAME", strides=[1, 1, 1, 1], use_cudnn_on_gpu=true, _device="/job:localhost/replica:0/task:0/gpu:0"](_arg_Placeholder_0_4/_469, CNN/conv1/weights/read)]]

Caused by op 'CNN/conv1/convolution', defined at:
  File "train.py", line 101, in <module>
    train(train_dir='/home/sjhbxs/Data/data_coco_task2/ICDAR_TASK2_new4/train_data/train_words_argu', val_dir='/home/sjhbxs/Data/data_coco_task2/ICDAR_TASK2_new4/train_data/train_words_argu_small', train_text_dir='/home/sjhbxs/Data/data_coco_task2/ICDAR_TASK2_new4/train_data/train_words_gt.txt',val_text_dir='/home/sjhbxs/Data/data_coco_task2/ICDAR_TASK2_new4/train_data/train_words_gt.txt')
  File "train.py", line 16, in train
    g = model.Graph(is_training=True)
  File "/home/sjhbxs/code/ICDAR_task2/ICDAR_TASK2_new4/code_py/model.py", line 76, in __init__
    net = slim.conv2d(self.inputs, 64, [3, 3], scope='conv1')
  File "/home/sjhbxs/anaconda3/lib/python3.6/site-packages/tensorflow/contrib/framework/python/ops/arg_scope.py", line 181, in func_with_args
    return func(*args, **current_args)
  File "/home/sjhbxs/anaconda3/lib/python3.6/site-packages/tensorflow/contrib/layers/python/layers/layers.py", line 947, in convolution
    outputs = layer.apply(inputs)
  File "/home/sjhbxs/anaconda3/lib/python3.6/site-packages/tensorflow/python/layers/base.py", line 492, in apply
    return self.__call__(inputs, *args, **kwargs)
  File "/home/sjhbxs/anaconda3/lib/python3.6/site-packages/tensorflow/python/layers/base.py", line 441, in __call__
    outputs = self.call(inputs, *args, **kwargs)
  File "/home/sjhbxs/anaconda3/lib/python3.6/site-packages/tensorflow/python/layers/convolutional.py", line 158, in call
    data_format=utils.convert_data_format(self.data_format, self.rank + 2))
  File "/home/sjhbxs/anaconda3/lib/python3.6/site-packages/tensorflow/python/ops/nn_ops.py", line 670, in convolution
    op=op)
  File "/home/sjhbxs/anaconda3/lib/python3.6/site-packages/tensorflow/python/ops/nn_ops.py", line 338, in with_space_to_batch
    return op(input, num_spatial_dims, padding)
  File "/home/sjhbxs/anaconda3/lib/python3.6/site-packages/tensorflow/python/ops/nn_ops.py", line 662, in op
    name=name)
  File "/home/sjhbxs/anaconda3/lib/python3.6/site-packages/tensorflow/python/ops/nn_ops.py", line 131, in _non_atrous_convolution
    name=name)
  File "/home/sjhbxs/anaconda3/lib/python3.6/site-packages/tensorflow/python/ops/gen_nn_ops.py", line 399, in conv2d
    data_format=data_format, name=name)
  File "/home/sjhbxs/anaconda3/lib/python3.6/site-packages/tensorflow/python/framework/op_def_library.py", line 767, in apply_op
    op_def=op_def)
  File "/home/sjhbxs/anaconda3/lib/python3.6/site-packages/tensorflow/python/framework/ops.py", line 2506, in create_op
    original_op=self._default_original_op, op_def=op_def)
  File "/home/sjhbxs/anaconda3/lib/python3.6/site-packages/tensorflow/python/framework/ops.py", line 1269, in __init__
    self._traceback = _extract_stack()

ResourceExhaustedError (see above for traceback): OOM when allocating tensor with shape[3867,160,32,64]
	 [[Node: CNN/conv1/convolution = Conv2D[T=DT_FLOAT, data_format="NHWC", padding="SAME", strides=[1, 1, 1, 1], use_cudnn_on_gpu=true, _device="/job:localhost/replica:0/task:0/gpu:0"](_arg_Placeholder_0_4/_469, CNN/conv1/weights/read)]]

