nohup: ignoring input
/home/sjhbxs/anaconda3/lib/python3.6/site-packages/h5py/__init__.py:36: FutureWarning: Conversion of the second argument of issubdtype from `float` to `np.floating` is deprecated. In future, it will be treated as `np.float64 == np.dtype(float).type`.
  from ._conv import register_converters as _register_converters
###########################################################
SparseTensor(indices=Tensor("BLSTM/Placeholder_2:0", shape=(?, ?), dtype=int64), values=Tensor("BLSTM/Placeholder_1:0", shape=(?,), dtype=int32), dense_shape=Tensor("BLSTM/Placeholder:0", shape=(?,), dtype=int64))
Tensor("transpose:0", shape=(?, ?, 102), dtype=float32)
Tensor("BLSTM/Placeholder_3:0", shape=(?,), dtype=int32)
loading train data, please wait--------------------- end= 
len is 0 or too long 1101121
len is 0 or too long 1067138
len is 0 or too long 1085492
len is 0 or too long 1080026
len is 0 or too long 1148610
len is 0 or too long 1161134
len is 0 or too long 1091637
len is 0 or too long 1234345
len is 0 or too long 1157057
len is 0 or too long 1078701
len is 0 or too long 1199831
len is 0 or too long 1124130
get image:  42606
loading validation data, please wait--------------------- end= 
len is 0 or too long 1091637
get image:  1041
2018-05-05 08:41:03.938266: W tensorflow/core/platform/cpu_feature_guard.cc:45] The TensorFlow library wasn't compiled to use SSE4.1 instructions, but these are available on your machine and could speed up CPU computations.
2018-05-05 08:41:03.938300: W tensorflow/core/platform/cpu_feature_guard.cc:45] The TensorFlow library wasn't compiled to use SSE4.2 instructions, but these are available on your machine and could speed up CPU computations.
2018-05-05 08:41:03.938307: W tensorflow/core/platform/cpu_feature_guard.cc:45] The TensorFlow library wasn't compiled to use AVX instructions, but these are available on your machine and could speed up CPU computations.
2018-05-05 08:41:04.028867: I tensorflow/stream_executor/cuda/cuda_gpu_executor.cc:893] successful NUMA node read from SysFS had negative value (-1), but there must be at least one NUMA node, so returning NUMA node zero
2018-05-05 08:41:04.029212: I tensorflow/core/common_runtime/gpu/gpu_device.cc:940] Found device 0 with properties: 
name: Tesla K80
major: 3 minor: 7 memoryClockRate (GHz) 0.8235
pciBusID 0000:00:04.0
Total memory: 11.17GiB
Free memory: 11.09GiB
2018-05-05 08:41:04.029234: I tensorflow/core/common_runtime/gpu/gpu_device.cc:961] DMA: 0 
2018-05-05 08:41:04.029242: I tensorflow/core/common_runtime/gpu/gpu_device.cc:971] 0:   Y 
2018-05-05 08:41:04.029253: I tensorflow/core/common_runtime/gpu/gpu_device.cc:1030] Creating TensorFlow device (/gpu:0) -> (device: 0, name: Tesla K80, pci bus id: 0000:00:04.0)
restore is true
=============================begin training=============================
2018-05-05 08:41:10.523947: I tensorflow/core/common_runtime/gpu/pool_allocator.cc:247] PoolAllocator: After 4566 get requests, put_count=3097 evicted_count=1000 eviction_rate=0.322893 and unsatisfied allocation rate=0.562637
2018-05-05 08:41:10.524039: I tensorflow/core/common_runtime/gpu/pool_allocator.cc:259] Raising pool_size_limit_ from 100 to 110
cur_epoch==== 0 cur_batch---- 0 g_step**** 1 cost 147.54298
cur_epoch==== 0 cur_batch---- 1 g_step**** 2 cost 36.867794
cur_epoch==== 0 cur_batch---- 2 g_step**** 3 cost 120.35665
cur_epoch==== 0 cur_batch---- 3 g_step**** 4 cost 53.226555
2018-05-05 08:41:21.399039: I tensorflow/core/common_runtime/gpu/pool_allocator.cc:247] PoolAllocator: After 636 get requests, put_count=1651 evicted_count=1000 eviction_rate=0.605694 and unsatisfied allocation rate=0.00157233
cur_epoch==== 0 cur_batch---- 4 g_step**** 5 cost 102.45554
cur_epoch==== 0 cur_batch---- 5 g_step**** 6 cost 64.21867
cur_epoch==== 0 cur_batch---- 6 g_step**** 7 cost 119.06526
cur_epoch==== 0 cur_batch---- 7 g_step**** 8 cost 135.10364
2018-05-05 08:41:27.388813: I tensorflow/core/common_runtime/gpu/pool_allocator.cc:247] PoolAllocator: After 650 get requests, put_count=1677 evicted_count=1000 eviction_rate=0.596303 and unsatisfied allocation rate=0.00153846
cur_epoch==== 0 cur_batch---- 8 g_step**** 9 cost 177.93272
cur_epoch==== 0 cur_batch---- 9 g_step**** 10 cost 166.56374
cur_epoch==== 0 cur_batch---- 10 g_step**** 11 cost 156.62805
cur_epoch==== 0 cur_batch---- 11 g_step**** 12 cost 137.93121
cur_epoch==== 0 cur_batch---- 12 g_step**** 13 cost 128.19519
2018-05-05 08:41:34.762953: I tensorflow/core/common_runtime/gpu/pool_allocator.cc:247] PoolAllocator: After 5017 get requests, put_count=3984 evicted_count=1000 eviction_rate=0.251004 and unsatisfied allocation rate=0.413992
2018-05-05 08:41:34.763015: I tensorflow/core/common_runtime/gpu/pool_allocator.cc:259] Raising pool_size_limit_ from 493 to 542
cur_epoch==== 0 cur_batch---- 13 g_step**** 14 cost 124.89065
cur_epoch==== 0 cur_batch---- 14 g_step**** 15 cost 124.63634
cur_epoch==== 0 cur_batch---- 15 g_step**** 16 cost 121.40286
cur_epoch==== 0 cur_batch---- 16 g_step**** 17 cost 118.672386
cur_epoch==== 0 cur_batch---- 17 g_step**** 18 cost 110.81897
cur_epoch==== 0 cur_batch---- 18 g_step**** 19 cost 116.23621
2018-05-05 08:41:43.631787: I tensorflow/core/common_runtime/gpu/pool_allocator.cc:247] PoolAllocator: After 4804 get requests, put_count=4279 evicted_count=1000 eviction_rate=0.233699 and unsatisfied allocation rate=0.335554
2018-05-05 08:41:43.631880: I tensorflow/core/common_runtime/gpu/pool_allocator.cc:259] Raising pool_size_limit_ from 958 to 1053
cur_epoch==== 0 cur_batch---- 19 g_step**** 20 cost 111.18077
cur_epoch==== 0 cur_batch---- 20 g_step**** 21 cost 110.4806
cur_epoch==== 0 cur_batch---- 21 g_step**** 22 cost 110.18686
cur_epoch==== 0 cur_batch---- 22 g_step**** 23 cost 89.60527
cur_epoch==== 0 cur_batch---- 23 g_step**** 24 cost 32.328022
cur_epoch==== 0 cur_batch---- 24 g_step**** 25 cost 36.474876
cur_epoch==== 0 cur_batch---- 25 g_step**** 26 cost 36.731804
cur_epoch==== 0 cur_batch---- 26 g_step**** 27 cost 35.005947
cur_epoch==== 0 cur_batch---- 27 g_step**** 28 cost 30.478931
cur_epoch==== 0 cur_batch---- 28 g_step**** 29 cost 34.781822
2018-05-05 08:41:58.570833: I tensorflow/core/common_runtime/gpu/pool_allocator.cc:247] PoolAllocator: After 10662 get requests, put_count=10806 evicted_count=1000 eviction_rate=0.0925412 and unsatisfied allocation rate=0.0977303
2018-05-05 08:41:58.570887: I tensorflow/core/common_runtime/gpu/pool_allocator.cc:259] Raising pool_size_limit_ from 2049 to 2253
cur_epoch==== 0 cur_batch---- 29 g_step**** 30 cost 29.72253
cur_epoch==== 0 cur_batch---- 30 g_step**** 31 cost 30.838165
cur_epoch==== 0 cur_batch---- 31 g_step**** 32 cost 29.71367
cur_epoch==== 0 cur_batch---- 32 g_step**** 33 cost 29.633236
cur_epoch==== 0 cur_batch---- 33 g_step**** 34 cost 28.898232
cur_epoch==== 0 cur_batch---- 34 g_step**** 35 cost 30.194304
cur_epoch==== 0 cur_batch---- 35 g_step**** 36 cost 29.742693
cur_epoch==== 0 cur_batch---- 36 g_step**** 37 cost 29.188747
cur_epoch==== 0 cur_batch---- 37 g_step**** 38 cost 29.227
cur_epoch==== 0 cur_batch---- 38 g_step**** 39 cost 28.211466
cur_epoch==== 0 cur_batch---- 39 g_step**** 40 cost 28.359869
cur_epoch==== 0 cur_batch---- 40 g_step**** 41 cost 27.75768
cur_epoch==== 0 cur_batch---- 41 g_step**** 42 cost 29.140812
cur_epoch==== 0 cur_batch---- 42 g_step**** 43 cost 27.818665
cur_epoch==== 0 cur_batch---- 43 g_step**** 44 cost 28.60889
cur_epoch==== 0 cur_batch---- 44 g_step**** 45 cost 26.703852
cur_epoch==== 0 cur_batch---- 45 g_step**** 46 cost 27.746578
cur_epoch==== 0 cur_batch---- 46 g_step**** 47 cost 28.240908
cur_epoch==== 0 cur_batch---- 47 g_step**** 48 cost 28.380493
cur_epoch==== 0 cur_batch---- 48 g_step**** 49 cost 29.226852
cur_epoch==== 0 cur_batch---- 49 g_step**** 50 cost 26.147982
cur_epoch==== 0 cur_batch---- 50 g_step**** 51 cost 27.811466
cur_epoch==== 0 cur_batch---- 51 g_step**** 52 cost 26.114853
cur_epoch==== 0 cur_batch---- 52 g_step**** 53 cost 27.015856
cur_epoch==== 0 cur_batch---- 53 g_step**** 54 cost 26.468573
cur_epoch==== 0 cur_batch---- 54 g_step**** 55 cost 26.028433
cur_epoch==== 0 cur_batch---- 55 g_step**** 56 cost 28.829485
cur_epoch==== 0 cur_batch---- 56 g_step**** 57 cost 27.397194
cur_epoch==== 0 cur_batch---- 57 g_step**** 58 cost 27.395866
cur_epoch==== 0 cur_batch---- 58 g_step**** 59 cost 27.716492
cur_epoch==== 0 cur_batch---- 59 g_step**** 60 cost 27.440485
cur_epoch==== 0 cur_batch---- 60 g_step**** 61 cost 27.984905
cur_epoch==== 0 cur_batch---- 61 g_step**** 62 cost 26.003963
cur_epoch==== 0 cur_batch---- 62 g_step**** 63 cost 26.490646
cur_epoch==== 0 cur_batch---- 63 g_step**** 64 cost 26.996758
cur_epoch==== 0 cur_batch---- 64 g_step**** 65 cost 27.424309
cur_epoch==== 0 cur_batch---- 65 g_step**** 66 cost 26.219831
cur_epoch==== 0 cur_batch---- 66 g_step**** 67 cost 26.440636
cur_epoch==== 0 cur_batch---- 67 g_step**** 68 cost 26.33662
cur_epoch==== 0 cur_batch---- 68 g_step**** 69 cost 27.095867
cur_epoch==== 0 cur_batch---- 69 g_step**** 70 cost 27.980791
cur_epoch==== 0 cur_batch---- 70 g_step**** 71 cost 25.989376
cur_epoch==== 0 cur_batch---- 71 g_step**** 72 cost 25.582798
cur_epoch==== 0 cur_batch---- 72 g_step**** 73 cost 26.28671
cur_epoch==== 0 cur_batch---- 73 g_step**** 74 cost 27.906464
cur_epoch==== 0 cur_batch---- 74 g_step**** 75 cost 27.196321
cur_epoch==== 0 cur_batch---- 75 g_step**** 76 cost 26.014685
cur_epoch==== 0 cur_batch---- 76 g_step**** 77 cost 26.669752
cur_epoch==== 0 cur_batch---- 77 g_step**** 78 cost 25.89542
cur_epoch==== 0 cur_batch---- 78 g_step**** 79 cost 27.123108
cur_epoch==== 0 cur_batch---- 79 g_step**** 80 cost 25.754797
cur_epoch==== 0 cur_batch---- 80 g_step**** 81 cost 26.336632
cur_epoch==== 0 cur_batch---- 81 g_step**** 82 cost 26.372269
cur_epoch==== 0 cur_batch---- 82 g_step**** 83 cost 26.163351
cur_epoch==== 0 cur_batch---- 83 g_step**** 84 cost 27.83132
cur_epoch==== 0 cur_batch---- 84 g_step**** 85 cost 25.534046
cur_epoch==== 0 cur_batch---- 85 g_step**** 86 cost 26.573471
cur_epoch==== 0 cur_batch---- 86 g_step**** 87 cost 26.310087
cur_epoch==== 0 cur_batch---- 87 g_step**** 88 cost 25.061401
cur_epoch==== 0 cur_batch---- 88 g_step**** 89 cost 25.587442
cur_epoch==== 0 cur_batch---- 89 g_step**** 90 cost 25.744434
cur_epoch==== 0 cur_batch---- 90 g_step**** 91 cost 25.620457
cur_epoch==== 0 cur_batch---- 91 g_step**** 92 cost 26.5022
cur_epoch==== 0 cur_batch---- 92 g_step**** 93 cost 26.369946
cur_epoch==== 0 cur_batch---- 93 g_step**** 94 cost 27.104712
cur_epoch==== 0 cur_batch---- 94 g_step**** 95 cost 26.792946
cur_epoch==== 0 cur_batch---- 95 g_step**** 96 cost 25.89714
cur_epoch==== 0 cur_batch---- 96 g_step**** 97 cost 25.54367
cur_epoch==== 0 cur_batch---- 97 g_step**** 98 cost 25.526903
cur_epoch==== 0 cur_batch---- 98 g_step**** 99 cost 27.18607
batch 99 : time 1.4922327995300293
cur_epoch==== 0 cur_batch---- 99 g_step**** 100 cost 25.61267
save checkpoint 100
cur_epoch==== 0 cur_batch---- 100 g_step**** 101 cost 25.755274
cur_epoch==== 0 cur_batch---- 101 g_step**** 102 cost 26.69154
cur_epoch==== 0 cur_batch---- 102 g_step**** 103 cost 25.55892
cur_epoch==== 0 cur_batch---- 103 g_step**** 104 cost 26.409206
cur_epoch==== 0 cur_batch---- 104 g_step**** 105 cost 25.631828
cur_epoch==== 0 cur_batch---- 105 g_step**** 106 cost 25.543196
cur_epoch==== 0 cur_batch---- 106 g_step**** 107 cost 25.85948
cur_epoch==== 0 cur_batch---- 107 g_step**** 108 cost 25.560966
cur_epoch==== 0 cur_batch---- 108 g_step**** 109 cost 25.463428
cur_epoch==== 0 cur_batch---- 109 g_step**** 110 cost 25.799557
cur_epoch==== 0 cur_batch---- 110 g_step**** 111 cost 25.19283
cur_epoch==== 0 cur_batch---- 111 g_step**** 112 cost 26.29343
cur_epoch==== 0 cur_batch---- 112 g_step**** 113 cost 25.635996
cur_epoch==== 0 cur_batch---- 113 g_step**** 114 cost 25.984848
cur_epoch==== 0 cur_batch---- 114 g_step**** 115 cost 25.945982
cur_epoch==== 0 cur_batch---- 115 g_step**** 116 cost 25.499159
cur_epoch==== 0 cur_batch---- 116 g_step**** 117 cost 25.724396
cur_epoch==== 0 cur_batch---- 117 g_step**** 118 cost 26.003601
cur_epoch==== 0 cur_batch---- 118 g_step**** 119 cost 25.221527
cur_epoch==== 0 cur_batch---- 119 g_step**** 120 cost 25.629595
cur_epoch==== 0 cur_batch---- 120 g_step**** 121 cost 25.733671
cur_epoch==== 0 cur_batch---- 121 g_step**** 122 cost 26.447378
cur_epoch==== 0 cur_batch---- 122 g_step**** 123 cost 26.119843
cur_epoch==== 0 cur_batch---- 123 g_step**** 124 cost 26.742542
cur_epoch==== 0 cur_batch---- 124 g_step**** 125 cost 26.55616
cur_epoch==== 0 cur_batch---- 125 g_step**** 126 cost 26.733358
cur_epoch==== 0 cur_batch---- 126 g_step**** 127 cost 25.340359
cur_epoch==== 0 cur_batch---- 127 g_step**** 128 cost 25.572664
cur_epoch==== 0 cur_batch---- 128 g_step**** 129 cost 26.548006
cur_epoch==== 0 cur_batch---- 129 g_step**** 130 cost 25.485062
cur_epoch==== 0 cur_batch---- 130 g_step**** 131 cost 25.595715
cur_epoch==== 0 cur_batch---- 131 g_step**** 132 cost 26.498766
cur_epoch==== 0 cur_batch---- 132 g_step**** 133 cost 26.756666
cur_epoch==== 0 cur_batch---- 133 g_step**** 134 cost 27.030117
cur_epoch==== 0 cur_batch---- 134 g_step**** 135 cost 26.23987
cur_epoch==== 0 cur_batch---- 135 g_step**** 136 cost 26.173193
cur_epoch==== 0 cur_batch---- 136 g_step**** 137 cost 25.078533
cur_epoch==== 0 cur_batch---- 137 g_step**** 138 cost 27.826935
cur_epoch==== 0 cur_batch---- 138 g_step**** 139 cost 26.719017
cur_epoch==== 0 cur_batch---- 139 g_step**** 140 cost 25.265533
cur_epoch==== 0 cur_batch---- 140 g_step**** 141 cost 25.391441
cur_epoch==== 0 cur_batch---- 141 g_step**** 142 cost 26.74394
cur_epoch==== 0 cur_batch---- 142 g_step**** 143 cost 27.599356
cur_epoch==== 0 cur_batch---- 143 g_step**** 144 cost 25.217073
cur_epoch==== 0 cur_batch---- 144 g_step**** 145 cost 25.459404
cur_epoch==== 0 cur_batch---- 145 g_step**** 146 cost 25.331982
cur_epoch==== 0 cur_batch---- 146 g_step**** 147 cost 25.73404
cur_epoch==== 0 cur_batch---- 147 g_step**** 148 cost 27.651747
cur_epoch==== 0 cur_batch---- 148 g_step**** 149 cost 26.59231
cur_epoch==== 0 cur_batch---- 149 g_step**** 150 cost 26.83244
cur_epoch==== 0 cur_batch---- 150 g_step**** 151 cost 26.064573
cur_epoch==== 0 cur_batch---- 151 g_step**** 152 cost 26.960804
cur_epoch==== 0 cur_batch---- 152 g_step**** 153 cost 25.256613
cur_epoch==== 0 cur_batch---- 153 g_step**** 154 cost 26.586958
cur_epoch==== 0 cur_batch---- 154 g_step**** 155 cost 26.799732
cur_epoch==== 0 cur_batch---- 155 g_step**** 156 cost 26.651243
cur_epoch==== 0 cur_batch---- 156 g_step**** 157 cost 25.240368
cur_epoch==== 0 cur_batch---- 157 g_step**** 158 cost 25.814575
cur_epoch==== 0 cur_batch---- 158 g_step**** 159 cost 26.08118
cur_epoch==== 0 cur_batch---- 159 g_step**** 160 cost 26.019768
cur_epoch==== 0 cur_batch---- 160 g_step**** 161 cost 25.618387
cur_epoch==== 0 cur_batch---- 161 g_step**** 162 cost 26.419628
cur_epoch==== 0 cur_batch---- 162 g_step**** 163 cost 26.310753
cur_epoch==== 0 cur_batch---- 163 g_step**** 164 cost 26.058916
cur_epoch==== 0 cur_batch---- 164 g_step**** 165 cost 24.880844
cur_epoch==== 0 cur_batch---- 165 g_step**** 166 cost 25.192257
cur_epoch==== 1 cur_batch---- 0 g_step**** 167 cost 26.04307
cur_epoch==== 1 cur_batch---- 1 g_step**** 168 cost 26.00672
cur_epoch==== 1 cur_batch---- 2 g_step**** 169 cost 26.705196
cur_epoch==== 1 cur_batch---- 3 g_step**** 170 cost 25.594917
cur_epoch==== 1 cur_batch---- 4 g_step**** 171 cost 27.51451
cur_epoch==== 1 cur_batch---- 5 g_step**** 172 cost 24.674011
cur_epoch==== 1 cur_batch---- 6 g_step**** 173 cost 25.699396
cur_epoch==== 1 cur_batch---- 7 g_step**** 174 cost 26.446064
cur_epoch==== 1 cur_batch---- 8 g_step**** 175 cost 25.508303
cur_epoch==== 1 cur_batch---- 9 g_step**** 176 cost 24.943428
cur_epoch==== 1 cur_batch---- 10 g_step**** 177 cost 26.130125
cur_epoch==== 1 cur_batch---- 11 g_step**** 178 cost 27.404348
cur_epoch==== 1 cur_batch---- 12 g_step**** 179 cost 25.355295
cur_epoch==== 1 cur_batch---- 13 g_step**** 180 cost 26.583504
cur_epoch==== 1 cur_batch---- 14 g_step**** 181 cost 25.14417
cur_epoch==== 1 cur_batch---- 15 g_step**** 182 cost 24.872253
cur_epoch==== 1 cur_batch---- 16 g_step**** 183 cost 25.637604
cur_epoch==== 1 cur_batch---- 17 g_step**** 184 cost 25.801867
cur_epoch==== 1 cur_batch---- 18 g_step**** 185 cost 24.837597
cur_epoch==== 1 cur_batch---- 19 g_step**** 186 cost 25.881884
cur_epoch==== 1 cur_batch---- 20 g_step**** 187 cost 25.965073
cur_epoch==== 1 cur_batch---- 21 g_step**** 188 cost 25.23656
cur_epoch==== 1 cur_batch---- 22 g_step**** 189 cost 26.701982
cur_epoch==== 1 cur_batch---- 23 g_step**** 190 cost 24.963432
cur_epoch==== 1 cur_batch---- 24 g_step**** 191 cost 25.190245
cur_epoch==== 1 cur_batch---- 25 g_step**** 192 cost 25.958681
cur_epoch==== 1 cur_batch---- 26 g_step**** 193 cost 25.320482
cur_epoch==== 1 cur_batch---- 27 g_step**** 194 cost 24.783161
cur_epoch==== 1 cur_batch---- 28 g_step**** 195 cost 25.408699
cur_epoch==== 1 cur_batch---- 29 g_step**** 196 cost 25.57011
cur_epoch==== 1 cur_batch---- 30 g_step**** 197 cost 25.82573
cur_epoch==== 1 cur_batch---- 31 g_step**** 198 cost 26.775272
cur_epoch==== 1 cur_batch---- 32 g_step**** 199 cost 26.463018
cur_epoch==== 1 cur_batch---- 33 g_step**** 200 cost 26.150114
save checkpoint 200
cur_epoch==== 1 cur_batch---- 34 g_step**** 201 cost 25.45964
cur_epoch==== 1 cur_batch---- 35 g_step**** 202 cost 26.409025
cur_epoch==== 1 cur_batch---- 36 g_step**** 203 cost 25.560797
cur_epoch==== 1 cur_batch---- 37 g_step**** 204 cost 25.872925
cur_epoch==== 1 cur_batch---- 38 g_step**** 205 cost 25.336712
cur_epoch==== 1 cur_batch---- 39 g_step**** 206 cost 26.401285
cur_epoch==== 1 cur_batch---- 40 g_step**** 207 cost 25.182734
cur_epoch==== 1 cur_batch---- 41 g_step**** 208 cost 26.025694
cur_epoch==== 1 cur_batch---- 42 g_step**** 209 cost 26.529354
cur_epoch==== 1 cur_batch---- 43 g_step**** 210 cost 25.744324
cur_epoch==== 1 cur_batch---- 44 g_step**** 211 cost 25.850737
cur_epoch==== 1 cur_batch---- 45 g_step**** 212 cost 26.196209
cur_epoch==== 1 cur_batch---- 46 g_step**** 213 cost 26.355238
cur_epoch==== 1 cur_batch---- 47 g_step**** 214 cost 25.719114
cur_epoch==== 1 cur_batch---- 48 g_step**** 215 cost 26.331009
cur_epoch==== 1 cur_batch---- 49 g_step**** 216 cost 26.03484
cur_epoch==== 1 cur_batch---- 50 g_step**** 217 cost 26.48748
cur_epoch==== 1 cur_batch---- 51 g_step**** 218 cost 26.72915
cur_epoch==== 1 cur_batch---- 52 g_step**** 219 cost 26.45459
cur_epoch==== 1 cur_batch---- 53 g_step**** 220 cost 26.405113
cur_epoch==== 1 cur_batch---- 54 g_step**** 221 cost 26.18948
cur_epoch==== 1 cur_batch---- 55 g_step**** 222 cost 25.369028
cur_epoch==== 1 cur_batch---- 56 g_step**** 223 cost 26.848442
cur_epoch==== 1 cur_batch---- 57 g_step**** 224 cost 26.017323
cur_epoch==== 1 cur_batch---- 58 g_step**** 225 cost 25.917706
cur_epoch==== 1 cur_batch---- 59 g_step**** 226 cost 25.98878
cur_epoch==== 1 cur_batch---- 60 g_step**** 227 cost 25.701588
cur_epoch==== 1 cur_batch---- 61 g_step**** 228 cost 26.88097
cur_epoch==== 1 cur_batch---- 62 g_step**** 229 cost 26.246338
cur_epoch==== 1 cur_batch---- 63 g_step**** 230 cost 25.967337
cur_epoch==== 1 cur_batch---- 64 g_step**** 231 cost 25.626905
cur_epoch==== 1 cur_batch---- 65 g_step**** 232 cost 25.447403
cur_epoch==== 1 cur_batch---- 66 g_step**** 233 cost 26.046879
cur_epoch==== 1 cur_batch---- 67 g_step**** 234 cost 26.45467
cur_epoch==== 1 cur_batch---- 68 g_step**** 235 cost 25.994255
cur_epoch==== 1 cur_batch---- 69 g_step**** 236 cost 25.48409
cur_epoch==== 1 cur_batch---- 70 g_step**** 237 cost 24.372332
cur_epoch==== 1 cur_batch---- 71 g_step**** 238 cost 26.41651
cur_epoch==== 1 cur_batch---- 72 g_step**** 239 cost 24.692917
cur_epoch==== 1 cur_batch---- 73 g_step**** 240 cost 27.231716
cur_epoch==== 1 cur_batch---- 74 g_step**** 241 cost 25.672302
cur_epoch==== 1 cur_batch---- 75 g_step**** 242 cost 25.01725
cur_epoch==== 1 cur_batch---- 76 g_step**** 243 cost 25.426186
cur_epoch==== 1 cur_batch---- 77 g_step**** 244 cost 26.884806
cur_epoch==== 1 cur_batch---- 78 g_step**** 245 cost 26.894688
cur_epoch==== 1 cur_batch---- 79 g_step**** 246 cost 25.064644
cur_epoch==== 1 cur_batch---- 80 g_step**** 247 cost 25.7685
cur_epoch==== 1 cur_batch---- 81 g_step**** 248 cost 26.261349
cur_epoch==== 1 cur_batch---- 82 g_step**** 249 cost 26.757084
cur_epoch==== 1 cur_batch---- 83 g_step**** 250 cost 25.989773
cur_epoch==== 1 cur_batch---- 84 g_step**** 251 cost 24.830109
cur_epoch==== 1 cur_batch---- 85 g_step**** 252 cost 26.544903
cur_epoch==== 1 cur_batch---- 86 g_step**** 253 cost 25.224808
cur_epoch==== 1 cur_batch---- 87 g_step**** 254 cost 27.316223
cur_epoch==== 1 cur_batch---- 88 g_step**** 255 cost 26.22708
cur_epoch==== 1 cur_batch---- 89 g_step**** 256 cost 25.84675
cur_epoch==== 1 cur_batch---- 90 g_step**** 257 cost 25.653692
cur_epoch==== 1 cur_batch---- 91 g_step**** 258 cost 25.675898
cur_epoch==== 1 cur_batch---- 92 g_step**** 259 cost 25.537855
cur_epoch==== 1 cur_batch---- 93 g_step**** 260 cost 25.452795
cur_epoch==== 1 cur_batch---- 94 g_step**** 261 cost 25.382277
cur_epoch==== 1 cur_batch---- 95 g_step**** 262 cost 25.16299
cur_epoch==== 1 cur_batch---- 96 g_step**** 263 cost 25.737583
cur_epoch==== 1 cur_batch---- 97 g_step**** 264 cost 25.846344
cur_epoch==== 1 cur_batch---- 98 g_step**** 265 cost 27.180756
batch 99 : time 1.5064952373504639
cur_epoch==== 1 cur_batch---- 99 g_step**** 266 cost 26.010454
cur_epoch==== 1 cur_batch---- 100 g_step**** 267 cost 26.271664
cur_epoch==== 1 cur_batch---- 101 g_step**** 268 cost 26.256912
cur_epoch==== 1 cur_batch---- 102 g_step**** 269 cost 26.046955
cur_epoch==== 1 cur_batch---- 103 g_step**** 270 cost 24.76696
cur_epoch==== 1 cur_batch---- 104 g_step**** 271 cost 25.295002
cur_epoch==== 1 cur_batch---- 105 g_step**** 272 cost 25.920265
cur_epoch==== 1 cur_batch---- 106 g_step**** 273 cost 26.004732
cur_epoch==== 1 cur_batch---- 107 g_step**** 274 cost 27.082584
cur_epoch==== 1 cur_batch---- 108 g_step**** 275 cost 26.551735
cur_epoch==== 1 cur_batch---- 109 g_step**** 276 cost 25.87453
cur_epoch==== 1 cur_batch---- 110 g_step**** 277 cost 25.931824
cur_epoch==== 1 cur_batch---- 111 g_step**** 278 cost 25.684029
cur_epoch==== 1 cur_batch---- 112 g_step**** 279 cost 26.25575
cur_epoch==== 1 cur_batch---- 113 g_step**** 280 cost 26.090883
cur_epoch==== 1 cur_batch---- 114 g_step**** 281 cost 25.433296
cur_epoch==== 1 cur_batch---- 115 g_step**** 282 cost 25.77665
cur_epoch==== 1 cur_batch---- 116 g_step**** 283 cost 25.011028
cur_epoch==== 1 cur_batch---- 117 g_step**** 284 cost 24.88761
cur_epoch==== 1 cur_batch---- 118 g_step**** 285 cost 25.011435
cur_epoch==== 1 cur_batch---- 119 g_step**** 286 cost 25.098125
cur_epoch==== 1 cur_batch---- 120 g_step**** 287 cost 25.287127
cur_epoch==== 1 cur_batch---- 121 g_step**** 288 cost 26.58049
cur_epoch==== 1 cur_batch---- 122 g_step**** 289 cost 25.935717
cur_epoch==== 1 cur_batch---- 123 g_step**** 290 cost 27.03432
cur_epoch==== 1 cur_batch---- 124 g_step**** 291 cost 25.54218
cur_epoch==== 1 cur_batch---- 125 g_step**** 292 cost 26.501877
cur_epoch==== 1 cur_batch---- 126 g_step**** 293 cost 25.09862
cur_epoch==== 1 cur_batch---- 127 g_step**** 294 cost 25.356783
cur_epoch==== 1 cur_batch---- 128 g_step**** 295 cost 26.255775
cur_epoch==== 1 cur_batch---- 129 g_step**** 296 cost 25.000803
cur_epoch==== 1 cur_batch---- 130 g_step**** 297 cost 25.933392
cur_epoch==== 1 cur_batch---- 131 g_step**** 298 cost 25.63906
cur_epoch==== 1 cur_batch---- 132 g_step**** 299 cost 26.7973
cur_epoch==== 1 cur_batch---- 133 g_step**** 300 cost 25.323061
save checkpoint 300
cur_epoch==== 1 cur_batch---- 134 g_step**** 301 cost 25.615583
cur_epoch==== 1 cur_batch---- 135 g_step**** 302 cost 24.150162
cur_epoch==== 1 cur_batch---- 136 g_step**** 303 cost 25.617197
cur_epoch==== 1 cur_batch---- 137 g_step**** 304 cost 27.048172
cur_epoch==== 1 cur_batch---- 138 g_step**** 305 cost 25.823187
cur_epoch==== 1 cur_batch---- 139 g_step**** 306 cost 25.770332
cur_epoch==== 1 cur_batch---- 140 g_step**** 307 cost 26.32546
cur_epoch==== 1 cur_batch---- 141 g_step**** 308 cost 25.885677
cur_epoch==== 1 cur_batch---- 142 g_step**** 309 cost 25.96558
cur_epoch==== 1 cur_batch---- 143 g_step**** 310 cost 25.535595
cur_epoch==== 1 cur_batch---- 144 g_step**** 311 cost 26.32024
cur_epoch==== 1 cur_batch---- 145 g_step**** 312 cost 25.991375
cur_epoch==== 1 cur_batch---- 146 g_step**** 313 cost 25.408493
cur_epoch==== 1 cur_batch---- 147 g_step**** 314 cost 24.808441
cur_epoch==== 1 cur_batch---- 148 g_step**** 315 cost 25.54629
cur_epoch==== 1 cur_batch---- 149 g_step**** 316 cost 27.287273
cur_epoch==== 1 cur_batch---- 150 g_step**** 317 cost 25.936525
cur_epoch==== 1 cur_batch---- 151 g_step**** 318 cost 25.821808
cur_epoch==== 1 cur_batch---- 152 g_step**** 319 cost 25.799408
cur_epoch==== 1 cur_batch---- 153 g_step**** 320 cost 26.143517
cur_epoch==== 1 cur_batch---- 154 g_step**** 321 cost 25.544403
cur_epoch==== 1 cur_batch---- 155 g_step**** 322 cost 26.894003
cur_epoch==== 1 cur_batch---- 156 g_step**** 323 cost 26.780224
cur_epoch==== 1 cur_batch---- 157 g_step**** 324 cost 26.12119
cur_epoch==== 1 cur_batch---- 158 g_step**** 325 cost 25.441084
cur_epoch==== 1 cur_batch---- 159 g_step**** 326 cost 26.023132
cur_epoch==== 1 cur_batch---- 160 g_step**** 327 cost 25.250029
cur_epoch==== 1 cur_batch---- 161 g_step**** 328 cost 25.219103
cur_epoch==== 1 cur_batch---- 162 g_step**** 329 cost 26.14024
cur_epoch==== 1 cur_batch---- 163 g_step**** 330 cost 26.65017
cur_epoch==== 1 cur_batch---- 164 g_step**** 331 cost 25.798796
cur_epoch==== 1 cur_batch---- 165 g_step**** 332 cost 26.19115
cur_epoch==== 2 cur_batch---- 0 g_step**** 333 cost 24.860626
cur_epoch==== 2 cur_batch---- 1 g_step**** 334 cost 24.780914
cur_epoch==== 2 cur_batch---- 2 g_step**** 335 cost 26.172287
cur_epoch==== 2 cur_batch---- 3 g_step**** 336 cost 25.403511
cur_epoch==== 2 cur_batch---- 4 g_step**** 337 cost 25.498516
cur_epoch==== 2 cur_batch---- 5 g_step**** 338 cost 25.605602
cur_epoch==== 2 cur_batch---- 6 g_step**** 339 cost 26.035162
cur_epoch==== 2 cur_batch---- 7 g_step**** 340 cost 25.242178
cur_epoch==== 2 cur_batch---- 8 g_step**** 341 cost 24.816093
cur_epoch==== 2 cur_batch---- 9 g_step**** 342 cost 27.025803
cur_epoch==== 2 cur_batch---- 10 g_step**** 343 cost 25.65831
cur_epoch==== 2 cur_batch---- 11 g_step**** 344 cost 26.00346
cur_epoch==== 2 cur_batch---- 12 g_step**** 345 cost 25.358414
cur_epoch==== 2 cur_batch---- 13 g_step**** 346 cost 26.557404
cur_epoch==== 2 cur_batch---- 14 g_step**** 347 cost 25.964615
cur_epoch==== 2 cur_batch---- 15 g_step**** 348 cost 25.695366
cur_epoch==== 2 cur_batch---- 16 g_step**** 349 cost 26.377476
cur_epoch==== 2 cur_batch---- 17 g_step**** 350 cost 25.075134
cur_epoch==== 2 cur_batch---- 18 g_step**** 351 cost 25.253801
cur_epoch==== 2 cur_batch---- 19 g_step**** 352 cost 27.296242
cur_epoch==== 2 cur_batch---- 20 g_step**** 353 cost 25.350498
cur_epoch==== 2 cur_batch---- 21 g_step**** 354 cost 25.485401
cur_epoch==== 2 cur_batch---- 22 g_step**** 355 cost 25.768608
cur_epoch==== 2 cur_batch---- 23 g_step**** 356 cost 26.23116
cur_epoch==== 2 cur_batch---- 24 g_step**** 357 cost 26.650888
cur_epoch==== 2 cur_batch---- 25 g_step**** 358 cost 25.415415
cur_epoch==== 2 cur_batch---- 26 g_step**** 359 cost 26.161722
cur_epoch==== 2 cur_batch---- 27 g_step**** 360 cost 25.756618
cur_epoch==== 2 cur_batch---- 28 g_step**** 361 cost 26.884243
cur_epoch==== 2 cur_batch---- 29 g_step**** 362 cost 25.31489
cur_epoch==== 2 cur_batch---- 30 g_step**** 363 cost 24.35647
cur_epoch==== 2 cur_batch---- 31 g_step**** 364 cost 25.362595
cur_epoch==== 2 cur_batch---- 32 g_step**** 365 cost 25.45428
cur_epoch==== 2 cur_batch---- 33 g_step**** 366 cost 25.441362
cur_epoch==== 2 cur_batch---- 34 g_step**** 367 cost 25.714184
cur_epoch==== 2 cur_batch---- 35 g_step**** 368 cost 25.140285
cur_epoch==== 2 cur_batch---- 36 g_step**** 369 cost 26.124754
cur_epoch==== 2 cur_batch---- 37 g_step**** 370 cost 25.748535
cur_epoch==== 2 cur_batch---- 38 g_step**** 371 cost 25.28597
cur_epoch==== 2 cur_batch---- 39 g_step**** 372 cost 25.480457
cur_epoch==== 2 cur_batch---- 40 g_step**** 373 cost 25.894663
cur_epoch==== 2 cur_batch---- 41 g_step**** 374 cost 27.179745
cur_epoch==== 2 cur_batch---- 42 g_step**** 375 cost 25.829147
cur_epoch==== 2 cur_batch---- 43 g_step**** 376 cost 26.788124
cur_epoch==== 2 cur_batch---- 44 g_step**** 377 cost 26.408546
cur_epoch==== 2 cur_batch---- 45 g_step**** 378 cost 24.819483
cur_epoch==== 2 cur_batch---- 46 g_step**** 379 cost 25.738773
cur_epoch==== 2 cur_batch---- 47 g_step**** 380 cost 26.519693
cur_epoch==== 2 cur_batch---- 48 g_step**** 381 cost 25.934788
cur_epoch==== 2 cur_batch---- 49 g_step**** 382 cost 25.56687
cur_epoch==== 2 cur_batch---- 50 g_step**** 383 cost 25.311094
cur_epoch==== 2 cur_batch---- 51 g_step**** 384 cost 25.898222
cur_epoch==== 2 cur_batch---- 52 g_step**** 385 cost 26.0127
cur_epoch==== 2 cur_batch---- 53 g_step**** 386 cost 26.162115
cur_epoch==== 2 cur_batch---- 54 g_step**** 387 cost 26.591461
cur_epoch==== 2 cur_batch---- 55 g_step**** 388 cost 25.506662
cur_epoch==== 2 cur_batch---- 56 g_step**** 389 cost 26.11959
cur_epoch==== 2 cur_batch---- 57 g_step**** 390 cost 26.255589
cur_epoch==== 2 cur_batch---- 58 g_step**** 391 cost 26.172031
cur_epoch==== 2 cur_batch---- 59 g_step**** 392 cost 26.354616
cur_epoch==== 2 cur_batch---- 60 g_step**** 393 cost 25.854494
cur_epoch==== 2 cur_batch---- 61 g_step**** 394 cost 25.321693
cur_epoch==== 2 cur_batch---- 62 g_step**** 395 cost 25.715801
cur_epoch==== 2 cur_batch---- 63 g_step**** 396 cost 25.272398
cur_epoch==== 2 cur_batch---- 64 g_step**** 397 cost 26.04868
cur_epoch==== 2 cur_batch---- 65 g_step**** 398 cost 26.939121
cur_epoch==== 2 cur_batch---- 66 g_step**** 399 cost 25.550076
cur_epoch==== 2 cur_batch---- 67 g_step**** 400 cost 25.784199
save checkpoint 400
cur_epoch==== 2 cur_batch---- 68 g_step**** 401 cost 25.706947
cur_epoch==== 2 cur_batch---- 69 g_step**** 402 cost 26.098408
cur_epoch==== 2 cur_batch---- 70 g_step**** 403 cost 25.785036
cur_epoch==== 2 cur_batch---- 71 g_step**** 404 cost 24.974756
cur_epoch==== 2 cur_batch---- 72 g_step**** 405 cost 26.193134
cur_epoch==== 2 cur_batch---- 73 g_step**** 406 cost 25.001146
cur_epoch==== 2 cur_batch---- 74 g_step**** 407 cost 24.952118
cur_epoch==== 2 cur_batch---- 75 g_step**** 408 cost 26.086412
cur_epoch==== 2 cur_batch---- 76 g_step**** 409 cost 25.650797
cur_epoch==== 2 cur_batch---- 77 g_step**** 410 cost 25.419672
cur_epoch==== 2 cur_batch---- 78 g_step**** 411 cost 24.723873
cur_epoch==== 2 cur_batch---- 79 g_step**** 412 cost 25.312529
cur_epoch==== 2 cur_batch---- 80 g_step**** 413 cost 25.948223
cur_epoch==== 2 cur_batch---- 81 g_step**** 414 cost 25.524006
cur_epoch==== 2 cur_batch---- 82 g_step**** 415 cost 26.369047
cur_epoch==== 2 cur_batch---- 83 g_step**** 416 cost 24.790361
cur_epoch==== 2 cur_batch---- 84 g_step**** 417 cost 26.753456
cur_epoch==== 2 cur_batch---- 85 g_step**** 418 cost 26.223038
cur_epoch==== 2 cur_batch---- 86 g_step**** 419 cost 26.428986
cur_epoch==== 2 cur_batch---- 87 g_step**** 420 cost 25.2947
cur_epoch==== 2 cur_batch---- 88 g_step**** 421 cost 25.67515
cur_epoch==== 2 cur_batch---- 89 g_step**** 422 cost 26.725838
cur_epoch==== 2 cur_batch---- 90 g_step**** 423 cost 25.440125
cur_epoch==== 2 cur_batch---- 91 g_step**** 424 cost 25.887806
cur_epoch==== 2 cur_batch---- 92 g_step**** 425 cost 25.74015
cur_epoch==== 2 cur_batch---- 93 g_step**** 426 cost 26.578064
cur_epoch==== 2 cur_batch---- 94 g_step**** 427 cost 25.365961
cur_epoch==== 2 cur_batch---- 95 g_step**** 428 cost 26.824984
cur_epoch==== 2 cur_batch---- 96 g_step**** 429 cost 24.260078
cur_epoch==== 2 cur_batch---- 97 g_step**** 430 cost 24.909702
cur_epoch==== 2 cur_batch---- 98 g_step**** 431 cost 25.890203
batch 99 : time 1.496711015701294
cur_epoch==== 2 cur_batch---- 99 g_step**** 432 cost 25.391037
cur_epoch==== 2 cur_batch---- 100 g_step**** 433 cost 26.27082
cur_epoch==== 2 cur_batch---- 101 g_step**** 434 cost 25.897661
cur_epoch==== 2 cur_batch---- 102 g_step**** 435 cost 25.396564
cur_epoch==== 2 cur_batch---- 103 g_step**** 436 cost 25.893112
cur_epoch==== 2 cur_batch---- 104 g_step**** 437 cost 25.595684
cur_epoch==== 2 cur_batch---- 105 g_step**** 438 cost 25.966183
cur_epoch==== 2 cur_batch---- 106 g_step**** 439 cost 25.341873
cur_epoch==== 2 cur_batch---- 107 g_step**** 440 cost 25.51553
cur_epoch==== 2 cur_batch---- 108 g_step**** 441 cost 25.516348
cur_epoch==== 2 cur_batch---- 109 g_step**** 442 cost 25.858456
cur_epoch==== 2 cur_batch---- 110 g_step**** 443 cost 24.48657
cur_epoch==== 2 cur_batch---- 111 g_step**** 444 cost 25.91629
cur_epoch==== 2 cur_batch---- 112 g_step**** 445 cost 25.143677
cur_epoch==== 2 cur_batch---- 113 g_step**** 446 cost 26.56702
cur_epoch==== 2 cur_batch---- 114 g_step**** 447 cost 26.485998
cur_epoch==== 2 cur_batch---- 115 g_step**** 448 cost 25.06021
cur_epoch==== 2 cur_batch---- 116 g_step**** 449 cost 25.60717
cur_epoch==== 2 cur_batch---- 117 g_step**** 450 cost 25.958084
cur_epoch==== 2 cur_batch---- 118 g_step**** 451 cost 25.073626
cur_epoch==== 2 cur_batch---- 119 g_step**** 452 cost 26.20805
cur_epoch==== 2 cur_batch---- 120 g_step**** 453 cost 26.84549
cur_epoch==== 2 cur_batch---- 121 g_step**** 454 cost 25.74748
cur_epoch==== 2 cur_batch---- 122 g_step**** 455 cost 27.00127
cur_epoch==== 2 cur_batch---- 123 g_step**** 456 cost 25.420567
cur_epoch==== 2 cur_batch---- 124 g_step**** 457 cost 25.860083
cur_epoch==== 2 cur_batch---- 125 g_step**** 458 cost 27.252712
cur_epoch==== 2 cur_batch---- 126 g_step**** 459 cost 25.182404
cur_epoch==== 2 cur_batch---- 127 g_step**** 460 cost 25.012865
cur_epoch==== 2 cur_batch---- 128 g_step**** 461 cost 26.729574
cur_epoch==== 2 cur_batch---- 129 g_step**** 462 cost 26.243492
cur_epoch==== 2 cur_batch---- 130 g_step**** 463 cost 27.157974
cur_epoch==== 2 cur_batch---- 131 g_step**** 464 cost 24.971264
cur_epoch==== 2 cur_batch---- 132 g_step**** 465 cost 25.419357
cur_epoch==== 2 cur_batch---- 133 g_step**** 466 cost 26.062225
cur_epoch==== 2 cur_batch---- 134 g_step**** 467 cost 25.012775
cur_epoch==== 2 cur_batch---- 135 g_step**** 468 cost 25.495766
cur_epoch==== 2 cur_batch---- 136 g_step**** 469 cost 25.27388
cur_epoch==== 2 cur_batch---- 137 g_step**** 470 cost 26.09464
cur_epoch==== 2 cur_batch---- 138 g_step**** 471 cost 24.734436
cur_epoch==== 2 cur_batch---- 139 g_step**** 472 cost 26.140087
cur_epoch==== 2 cur_batch---- 140 g_step**** 473 cost 26.82391
cur_epoch==== 2 cur_batch---- 141 g_step**** 474 cost 24.899813
cur_epoch==== 2 cur_batch---- 142 g_step**** 475 cost 25.509464
cur_epoch==== 2 cur_batch---- 143 g_step**** 476 cost 24.953773
cur_epoch==== 2 cur_batch---- 144 g_step**** 477 cost 27.757618
cur_epoch==== 2 cur_batch---- 145 g_step**** 478 cost 24.61438
cur_epoch==== 2 cur_batch---- 146 g_step**** 479 cost 24.762497
cur_epoch==== 2 cur_batch---- 147 g_step**** 480 cost 25.334682
cur_epoch==== 2 cur_batch---- 148 g_step**** 481 cost 26.389112
cur_epoch==== 2 cur_batch---- 149 g_step**** 482 cost 25.958092
cur_epoch==== 2 cur_batch---- 150 g_step**** 483 cost 26.515966
cur_epoch==== 2 cur_batch---- 151 g_step**** 484 cost 26.609842
cur_epoch==== 2 cur_batch---- 152 g_step**** 485 cost 27.045141
cur_epoch==== 2 cur_batch---- 153 g_step**** 486 cost 25.721226
cur_epoch==== 2 cur_batch---- 154 g_step**** 487 cost 25.127972
cur_epoch==== 2 cur_batch---- 155 g_step**** 488 cost 25.83578
cur_epoch==== 2 cur_batch---- 156 g_step**** 489 cost 25.633354
cur_epoch==== 2 cur_batch---- 157 g_step**** 490 cost 25.450947
cur_epoch==== 2 cur_batch---- 158 g_step**** 491 cost 25.518936
cur_epoch==== 2 cur_batch---- 159 g_step**** 492 cost 25.844667
cur_epoch==== 2 cur_batch---- 160 g_step**** 493 cost 25.659864
cur_epoch==== 2 cur_batch---- 161 g_step**** 494 cost 26.209827
cur_epoch==== 2 cur_batch---- 162 g_step**** 495 cost 26.15202
cur_epoch==== 2 cur_batch---- 163 g_step**** 496 cost 26.428635
cur_epoch==== 2 cur_batch---- 164 g_step**** 497 cost 26.371536
cur_epoch==== 2 cur_batch---- 165 g_step**** 498 cost 25.016495
cur_epoch==== 3 cur_batch---- 0 g_step**** 499 cost 26.014133
cur_epoch==== 3 cur_batch---- 1 g_step**** 500 cost 24.76495
save checkpoint 500
cur_epoch==== 3 cur_batch---- 2 g_step**** 501 cost 25.806522
cur_epoch==== 3 cur_batch---- 3 g_step**** 502 cost 26.325123
cur_epoch==== 3 cur_batch---- 4 g_step**** 503 cost 27.110939
cur_epoch==== 3 cur_batch---- 5 g_step**** 504 cost 26.134855
cur_epoch==== 3 cur_batch---- 6 g_step**** 505 cost 25.333715
cur_epoch==== 3 cur_batch---- 7 g_step**** 506 cost 25.008022
cur_epoch==== 3 cur_batch---- 8 g_step**** 507 cost 26.106178
cur_epoch==== 3 cur_batch---- 9 g_step**** 508 cost 26.1946
cur_epoch==== 3 cur_batch---- 10 g_step**** 509 cost 26.604832
cur_epoch==== 3 cur_batch---- 11 g_step**** 510 cost 26.306885
cur_epoch==== 3 cur_batch---- 12 g_step**** 511 cost 24.613323
cur_epoch==== 3 cur_batch---- 13 g_step**** 512 cost 25.44032
cur_epoch==== 3 cur_batch---- 14 g_step**** 513 cost 25.71624
cur_epoch==== 3 cur_batch---- 15 g_step**** 514 cost 25.952545
cur_epoch==== 3 cur_batch---- 16 g_step**** 515 cost 26.06687
cur_epoch==== 3 cur_batch---- 17 g_step**** 516 cost 26.09953
cur_epoch==== 3 cur_batch---- 18 g_step**** 517 cost 26.252361
cur_epoch==== 3 cur_batch---- 19 g_step**** 518 cost 26.204914
cur_epoch==== 3 cur_batch---- 20 g_step**** 519 cost 25.587639
cur_epoch==== 3 cur_batch---- 21 g_step**** 520 cost 24.996119
cur_epoch==== 3 cur_batch---- 22 g_step**** 521 cost 25.41469
cur_epoch==== 3 cur_batch---- 23 g_step**** 522 cost 24.395138
cur_epoch==== 3 cur_batch---- 24 g_step**** 523 cost 26.878166
cur_epoch==== 3 cur_batch---- 25 g_step**** 524 cost 26.246857
cur_epoch==== 3 cur_batch---- 26 g_step**** 525 cost 25.329176
cur_epoch==== 3 cur_batch---- 27 g_step**** 526 cost 25.090672
cur_epoch==== 3 cur_batch---- 28 g_step**** 527 cost 25.985909
cur_epoch==== 3 cur_batch---- 29 g_step**** 528 cost 26.773949
cur_epoch==== 3 cur_batch---- 30 g_step**** 529 cost 25.88478
cur_epoch==== 3 cur_batch---- 31 g_step**** 530 cost 26.84512
cur_epoch==== 3 cur_batch---- 32 g_step**** 531 cost 27.222195
cur_epoch==== 3 cur_batch---- 33 g_step**** 532 cost 24.982878
cur_epoch==== 3 cur_batch---- 34 g_step**** 533 cost 25.651157
cur_epoch==== 3 cur_batch---- 35 g_step**** 534 cost 24.53505
cur_epoch==== 3 cur_batch---- 36 g_step**** 535 cost 24.711403
cur_epoch==== 3 cur_batch---- 37 g_step**** 536 cost 25.009733
cur_epoch==== 3 cur_batch---- 38 g_step**** 537 cost 25.481743
cur_epoch==== 3 cur_batch---- 39 g_step**** 538 cost 26.316216
cur_epoch==== 3 cur_batch---- 40 g_step**** 539 cost 25.132416
cur_epoch==== 3 cur_batch---- 41 g_step**** 540 cost 26.070986
cur_epoch==== 3 cur_batch---- 42 g_step**** 541 cost 24.656715
cur_epoch==== 3 cur_batch---- 43 g_step**** 542 cost 26.018522
cur_epoch==== 3 cur_batch---- 44 g_step**** 543 cost 25.85048
cur_epoch==== 3 cur_batch---- 45 g_step**** 544 cost 26.91067
cur_epoch==== 3 cur_batch---- 46 g_step**** 545 cost 24.650179
cur_epoch==== 3 cur_batch---- 47 g_step**** 546 cost 25.39389
cur_epoch==== 3 cur_batch---- 48 g_step**** 547 cost 24.645073
cur_epoch==== 3 cur_batch---- 49 g_step**** 548 cost 25.506529
cur_epoch==== 3 cur_batch---- 50 g_step**** 549 cost 24.527729
cur_epoch==== 3 cur_batch---- 51 g_step**** 550 cost 25.647818
cur_epoch==== 3 cur_batch---- 52 g_step**** 551 cost 26.470676
cur_epoch==== 3 cur_batch---- 53 g_step**** 552 cost 25.919174
cur_epoch==== 3 cur_batch---- 54 g_step**** 553 cost 24.499233
cur_epoch==== 3 cur_batch---- 55 g_step**** 554 cost 24.11004
cur_epoch==== 3 cur_batch---- 56 g_step**** 555 cost 25.937696
cur_epoch==== 3 cur_batch---- 57 g_step**** 556 cost 24.477581
cur_epoch==== 3 cur_batch---- 58 g_step**** 557 cost 25.5241
cur_epoch==== 3 cur_batch---- 59 g_step**** 558 cost 25.44255
cur_epoch==== 3 cur_batch---- 60 g_step**** 559 cost 26.980747
cur_epoch==== 3 cur_batch---- 61 g_step**** 560 cost 25.45774
cur_epoch==== 3 cur_batch---- 62 g_step**** 561 cost 25.470451
cur_epoch==== 3 cur_batch---- 63 g_step**** 562 cost 25.94342
cur_epoch==== 3 cur_batch---- 64 g_step**** 563 cost 26.158974
cur_epoch==== 3 cur_batch---- 65 g_step**** 564 cost 25.362076
cur_epoch==== 3 cur_batch---- 66 g_step**** 565 cost 25.258686
cur_epoch==== 3 cur_batch---- 67 g_step**** 566 cost 25.258177
cur_epoch==== 3 cur_batch---- 68 g_step**** 567 cost 26.261868
cur_epoch==== 3 cur_batch---- 69 g_step**** 568 cost 25.525469
cur_epoch==== 3 cur_batch---- 70 g_step**** 569 cost 26.229254
cur_epoch==== 3 cur_batch---- 71 g_step**** 570 cost 26.411312
cur_epoch==== 3 cur_batch---- 72 g_step**** 571 cost 26.102034
cur_epoch==== 3 cur_batch---- 73 g_step**** 572 cost 25.285625
cur_epoch==== 3 cur_batch---- 74 g_step**** 573 cost 24.737984
cur_epoch==== 3 cur_batch---- 75 g_step**** 574 cost 26.176178
cur_epoch==== 3 cur_batch---- 76 g_step**** 575 cost 25.592577
cur_epoch==== 3 cur_batch---- 77 g_step**** 576 cost 25.39436
cur_epoch==== 3 cur_batch---- 78 g_step**** 577 cost 25.695852
cur_epoch==== 3 cur_batch---- 79 g_step**** 578 cost 25.807875
cur_epoch==== 3 cur_batch---- 80 g_step**** 579 cost 25.893223
cur_epoch==== 3 cur_batch---- 81 g_step**** 580 cost 25.521303
cur_epoch==== 3 cur_batch---- 82 g_step**** 581 cost 25.332966
cur_epoch==== 3 cur_batch---- 83 g_step**** 582 cost 25.061077
cur_epoch==== 3 cur_batch---- 84 g_step**** 583 cost 26.029915
cur_epoch==== 3 cur_batch---- 85 g_step**** 584 cost 26.486042
cur_epoch==== 3 cur_batch---- 86 g_step**** 585 cost 25.28205
cur_epoch==== 3 cur_batch---- 87 g_step**** 586 cost 25.940243
cur_epoch==== 3 cur_batch---- 88 g_step**** 587 cost 24.502136
cur_epoch==== 3 cur_batch---- 89 g_step**** 588 cost 24.950483
cur_epoch==== 3 cur_batch---- 90 g_step**** 589 cost 24.910566
cur_epoch==== 3 cur_batch---- 91 g_step**** 590 cost 25.5409
cur_epoch==== 3 cur_batch---- 92 g_step**** 591 cost 25.614643
cur_epoch==== 3 cur_batch---- 93 g_step**** 592 cost 25.828356
cur_epoch==== 3 cur_batch---- 94 g_step**** 593 cost 24.447895
cur_epoch==== 3 cur_batch---- 95 g_step**** 594 cost 25.066978
cur_epoch==== 3 cur_batch---- 96 g_step**** 595 cost 25.289398
cur_epoch==== 3 cur_batch---- 97 g_step**** 596 cost 25.77929
cur_epoch==== 3 cur_batch---- 98 g_step**** 597 cost 26.466793
batch 99 : time 1.49299955368042
cur_epoch==== 3 cur_batch---- 99 g_step**** 598 cost 26.42212
cur_epoch==== 3 cur_batch---- 100 g_step**** 599 cost 25.450903
cur_epoch==== 3 cur_batch---- 101 g_step**** 600 cost 26.371931
save checkpoint 600
cur_epoch==== 3 cur_batch---- 102 g_step**** 601 cost 26.099033
cur_epoch==== 3 cur_batch---- 103 g_step**** 602 cost 25.458397
cur_epoch==== 3 cur_batch---- 104 g_step**** 603 cost 25.13171
cur_epoch==== 3 cur_batch---- 105 g_step**** 604 cost 26.21151
cur_epoch==== 3 cur_batch---- 106 g_step**** 605 cost 25.529953
cur_epoch==== 3 cur_batch---- 107 g_step**** 606 cost 25.097372
cur_epoch==== 3 cur_batch---- 108 g_step**** 607 cost 25.483227
cur_epoch==== 3 cur_batch---- 109 g_step**** 608 cost 27.343239
cur_epoch==== 3 cur_batch---- 110 g_step**** 609 cost 25.473415
cur_epoch==== 3 cur_batch---- 111 g_step**** 610 cost 25.972597
cur_epoch==== 3 cur_batch---- 112 g_step**** 611 cost 25.19888
cur_epoch==== 3 cur_batch---- 113 g_step**** 612 cost 26.685965
cur_epoch==== 3 cur_batch---- 114 g_step**** 613 cost 24.955492
cur_epoch==== 3 cur_batch---- 115 g_step**** 614 cost 26.786945
cur_epoch==== 3 cur_batch---- 116 g_step**** 615 cost 25.673948
cur_epoch==== 3 cur_batch---- 117 g_step**** 616 cost 25.745918
cur_epoch==== 3 cur_batch---- 118 g_step**** 617 cost 26.020115
cur_epoch==== 3 cur_batch---- 119 g_step**** 618 cost 25.901947
cur_epoch==== 3 cur_batch---- 120 g_step**** 619 cost 25.554453
cur_epoch==== 3 cur_batch---- 121 g_step**** 620 cost 25.722296
cur_epoch==== 3 cur_batch---- 122 g_step**** 621 cost 25.544395
cur_epoch==== 3 cur_batch---- 123 g_step**** 622 cost 26.322239
cur_epoch==== 3 cur_batch---- 124 g_step**** 623 cost 25.254673
cur_epoch==== 3 cur_batch---- 125 g_step**** 624 cost 25.541512
cur_epoch==== 3 cur_batch---- 126 g_step**** 625 cost 24.969944
cur_epoch==== 3 cur_batch---- 127 g_step**** 626 cost 25.291328
cur_epoch==== 3 cur_batch---- 128 g_step**** 627 cost 25.062868
cur_epoch==== 3 cur_batch---- 129 g_step**** 628 cost 26.201979
cur_epoch==== 3 cur_batch---- 130 g_step**** 629 cost 26.93942
cur_epoch==== 3 cur_batch---- 131 g_step**** 630 cost 25.2218
cur_epoch==== 3 cur_batch---- 132 g_step**** 631 cost 24.837526
cur_epoch==== 3 cur_batch---- 133 g_step**** 632 cost 25.439089
cur_epoch==== 3 cur_batch---- 134 g_step**** 633 cost 25.12706
cur_epoch==== 3 cur_batch---- 135 g_step**** 634 cost 25.479532
cur_epoch==== 3 cur_batch---- 136 g_step**** 635 cost 26.081537
cur_epoch==== 3 cur_batch---- 137 g_step**** 636 cost 26.707676
cur_epoch==== 3 cur_batch---- 138 g_step**** 637 cost 25.60835
cur_epoch==== 3 cur_batch---- 139 g_step**** 638 cost 25.450397
cur_epoch==== 3 cur_batch---- 140 g_step**** 639 cost 26.342516
cur_epoch==== 3 cur_batch---- 141 g_step**** 640 cost 25.123981
cur_epoch==== 3 cur_batch---- 142 g_step**** 641 cost 27.678545
cur_epoch==== 3 cur_batch---- 143 g_step**** 642 cost 25.784819
cur_epoch==== 3 cur_batch---- 144 g_step**** 643 cost 26.117208
cur_epoch==== 3 cur_batch---- 145 g_step**** 644 cost 26.74757
cur_epoch==== 3 cur_batch---- 146 g_step**** 645 cost 25.960415
cur_epoch==== 3 cur_batch---- 147 g_step**** 646 cost 26.949404
cur_epoch==== 3 cur_batch---- 148 g_step**** 647 cost 25.168133
cur_epoch==== 3 cur_batch---- 149 g_step**** 648 cost 26.902815
cur_epoch==== 3 cur_batch---- 150 g_step**** 649 cost 24.925863
cur_epoch==== 3 cur_batch---- 151 g_step**** 650 cost 25.750072
cur_epoch==== 3 cur_batch---- 152 g_step**** 651 cost 26.010443
cur_epoch==== 3 cur_batch---- 153 g_step**** 652 cost 26.234432
cur_epoch==== 3 cur_batch---- 154 g_step**** 653 cost 25.151646
cur_epoch==== 3 cur_batch---- 155 g_step**** 654 cost 25.81844
cur_epoch==== 3 cur_batch---- 156 g_step**** 655 cost 25.754892
cur_epoch==== 3 cur_batch---- 157 g_step**** 656 cost 26.427038
cur_epoch==== 3 cur_batch---- 158 g_step**** 657 cost 25.912943
cur_epoch==== 3 cur_batch---- 159 g_step**** 658 cost 25.698357
cur_epoch==== 3 cur_batch---- 160 g_step**** 659 cost 26.739101
cur_epoch==== 3 cur_batch---- 161 g_step**** 660 cost 25.307337
cur_epoch==== 3 cur_batch---- 162 g_step**** 661 cost 24.813112
cur_epoch==== 3 cur_batch---- 163 g_step**** 662 cost 26.50035
cur_epoch==== 3 cur_batch---- 164 g_step**** 663 cost 25.272243
cur_epoch==== 3 cur_batch---- 165 g_step**** 664 cost 26.50288
cur_epoch==== 4 cur_batch---- 0 g_step**** 665 cost 25.197327
cur_epoch==== 4 cur_batch---- 1 g_step**** 666 cost 25.102425
cur_epoch==== 4 cur_batch---- 2 g_step**** 667 cost 25.784153
cur_epoch==== 4 cur_batch---- 3 g_step**** 668 cost 26.11544
cur_epoch==== 4 cur_batch---- 4 g_step**** 669 cost 26.458069
cur_epoch==== 4 cur_batch---- 5 g_step**** 670 cost 24.740292
cur_epoch==== 4 cur_batch---- 6 g_step**** 671 cost 25.611914
cur_epoch==== 4 cur_batch---- 7 g_step**** 672 cost 25.76025
cur_epoch==== 4 cur_batch---- 8 g_step**** 673 cost 26.142359
cur_epoch==== 4 cur_batch---- 9 g_step**** 674 cost 24.963829
cur_epoch==== 4 cur_batch---- 10 g_step**** 675 cost 25.711044
cur_epoch==== 4 cur_batch---- 11 g_step**** 676 cost 25.182827
cur_epoch==== 4 cur_batch---- 12 g_step**** 677 cost 24.992264
cur_epoch==== 4 cur_batch---- 13 g_step**** 678 cost 26.613512
cur_epoch==== 4 cur_batch---- 14 g_step**** 679 cost 24.98716
cur_epoch==== 4 cur_batch---- 15 g_step**** 680 cost 26.207985
cur_epoch==== 4 cur_batch---- 16 g_step**** 681 cost 25.483803
cur_epoch==== 4 cur_batch---- 17 g_step**** 682 cost 25.609312
cur_epoch==== 4 cur_batch---- 18 g_step**** 683 cost 25.511377
cur_epoch==== 4 cur_batch---- 19 g_step**** 684 cost 26.09334
cur_epoch==== 4 cur_batch---- 20 g_step**** 685 cost 25.732235
cur_epoch==== 4 cur_batch---- 21 g_step**** 686 cost 25.54843
cur_epoch==== 4 cur_batch---- 22 g_step**** 687 cost 25.114319
cur_epoch==== 4 cur_batch---- 23 g_step**** 688 cost 25.985254
cur_epoch==== 4 cur_batch---- 24 g_step**** 689 cost 26.380339
cur_epoch==== 4 cur_batch---- 25 g_step**** 690 cost 26.44205
cur_epoch==== 4 cur_batch---- 26 g_step**** 691 cost 25.710306
cur_epoch==== 4 cur_batch---- 27 g_step**** 692 cost 25.188862
cur_epoch==== 4 cur_batch---- 28 g_step**** 693 cost 24.933308
cur_epoch==== 4 cur_batch---- 29 g_step**** 694 cost 25.032427
cur_epoch==== 4 cur_batch---- 30 g_step**** 695 cost 25.629183
cur_epoch==== 4 cur_batch---- 31 g_step**** 696 cost 25.160152
cur_epoch==== 4 cur_batch---- 32 g_step**** 697 cost 25.813517
cur_epoch==== 4 cur_batch---- 33 g_step**** 698 cost 26.149157
cur_epoch==== 4 cur_batch---- 34 g_step**** 699 cost 25.649708
cur_epoch==== 4 cur_batch---- 35 g_step**** 700 cost 25.347765
save checkpoint 700
cur_epoch==== 4 cur_batch---- 36 g_step**** 701 cost 26.419184
cur_epoch==== 4 cur_batch---- 37 g_step**** 702 cost 25.63612
cur_epoch==== 4 cur_batch---- 38 g_step**** 703 cost 25.0946
cur_epoch==== 4 cur_batch---- 39 g_step**** 704 cost 24.879423
cur_epoch==== 4 cur_batch---- 40 g_step**** 705 cost 25.904127
cur_epoch==== 4 cur_batch---- 41 g_step**** 706 cost 26.499792
cur_epoch==== 4 cur_batch---- 42 g_step**** 707 cost 25.727467
cur_epoch==== 4 cur_batch---- 43 g_step**** 708 cost 25.328308
cur_epoch==== 4 cur_batch---- 44 g_step**** 709 cost 25.317184
cur_epoch==== 4 cur_batch---- 45 g_step**** 710 cost 25.899548
cur_epoch==== 4 cur_batch---- 46 g_step**** 711 cost 26.811155
cur_epoch==== 4 cur_batch---- 47 g_step**** 712 cost 25.317043
cur_epoch==== 4 cur_batch---- 48 g_step**** 713 cost 26.893831
cur_epoch==== 4 cur_batch---- 49 g_step**** 714 cost 25.851469
cur_epoch==== 4 cur_batch---- 50 g_step**** 715 cost 25.976791
cur_epoch==== 4 cur_batch---- 51 g_step**** 716 cost 25.713428
cur_epoch==== 4 cur_batch---- 52 g_step**** 717 cost 24.649994
cur_epoch==== 4 cur_batch---- 53 g_step**** 718 cost 24.775475
cur_epoch==== 4 cur_batch---- 54 g_step**** 719 cost 25.593567
cur_epoch==== 4 cur_batch---- 55 g_step**** 720 cost 25.846203
cur_epoch==== 4 cur_batch---- 56 g_step**** 721 cost 26.012806
cur_epoch==== 4 cur_batch---- 57 g_step**** 722 cost 26.26657
cur_epoch==== 4 cur_batch---- 58 g_step**** 723 cost 24.9164
cur_epoch==== 4 cur_batch---- 59 g_step**** 724 cost 25.055872
cur_epoch==== 4 cur_batch---- 60 g_step**** 725 cost 25.871975
cur_epoch==== 4 cur_batch---- 61 g_step**** 726 cost 26.435768
cur_epoch==== 4 cur_batch---- 62 g_step**** 727 cost 25.010807
cur_epoch==== 4 cur_batch---- 63 g_step**** 728 cost 26.038076
cur_epoch==== 4 cur_batch---- 64 g_step**** 729 cost 26.152382
cur_epoch==== 4 cur_batch---- 65 g_step**** 730 cost 25.555813
cur_epoch==== 4 cur_batch---- 66 g_step**** 731 cost 25.390297
cur_epoch==== 4 cur_batch---- 67 g_step**** 732 cost 25.354399
cur_epoch==== 4 cur_batch---- 68 g_step**** 733 cost 26.4603
cur_epoch==== 4 cur_batch---- 69 g_step**** 734 cost 26.085066
cur_epoch==== 4 cur_batch---- 70 g_step**** 735 cost 26.1969
cur_epoch==== 4 cur_batch---- 71 g_step**** 736 cost 25.176102
cur_epoch==== 4 cur_batch---- 72 g_step**** 737 cost 25.602167
cur_epoch==== 4 cur_batch---- 73 g_step**** 738 cost 24.779724
cur_epoch==== 4 cur_batch---- 74 g_step**** 739 cost 25.445381
cur_epoch==== 4 cur_batch---- 75 g_step**** 740 cost 25.836155
cur_epoch==== 4 cur_batch---- 76 g_step**** 741 cost 25.5152
cur_epoch==== 4 cur_batch---- 77 g_step**** 742 cost 26.822622
cur_epoch==== 4 cur_batch---- 78 g_step**** 743 cost 25.32618
cur_epoch==== 4 cur_batch---- 79 g_step**** 744 cost 25.601364
cur_epoch==== 4 cur_batch---- 80 g_step**** 745 cost 25.315498
cur_epoch==== 4 cur_batch---- 81 g_step**** 746 cost 25.393272
cur_epoch==== 4 cur_batch---- 82 g_step**** 747 cost 26.159054
cur_epoch==== 4 cur_batch---- 83 g_step**** 748 cost 26.630098
cur_epoch==== 4 cur_batch---- 84 g_step**** 749 cost 25.0472
cur_epoch==== 4 cur_batch---- 85 g_step**** 750 cost 24.552006
cur_epoch==== 4 cur_batch---- 86 g_step**** 751 cost 25.71688
cur_epoch==== 4 cur_batch---- 87 g_step**** 752 cost 25.973639
cur_epoch==== 4 cur_batch---- 88 g_step**** 753 cost 26.28751
cur_epoch==== 4 cur_batch---- 89 g_step**** 754 cost 24.850603
cur_epoch==== 4 cur_batch---- 90 g_step**** 755 cost 24.481937
cur_epoch==== 4 cur_batch---- 91 g_step**** 756 cost 25.245398
cur_epoch==== 4 cur_batch---- 92 g_step**** 757 cost 27.051718
cur_epoch==== 4 cur_batch---- 93 g_step**** 758 cost 25.859034
cur_epoch==== 4 cur_batch---- 94 g_step**** 759 cost 25.94991
cur_epoch==== 4 cur_batch---- 95 g_step**** 760 cost 25.500383
cur_epoch==== 4 cur_batch---- 96 g_step**** 761 cost 25.685976
cur_epoch==== 4 cur_batch---- 97 g_step**** 762 cost 25.769548
cur_epoch==== 4 cur_batch---- 98 g_step**** 763 cost 26.601532
batch 99 : time 1.4934356212615967
cur_epoch==== 4 cur_batch---- 99 g_step**** 764 cost 25.441145
cur_epoch==== 4 cur_batch---- 100 g_step**** 765 cost 25.603655
cur_epoch==== 4 cur_batch---- 101 g_step**** 766 cost 25.925508
cur_epoch==== 4 cur_batch---- 102 g_step**** 767 cost 25.683987
cur_epoch==== 4 cur_batch---- 103 g_step**** 768 cost 26.736021
cur_epoch==== 4 cur_batch---- 104 g_step**** 769 cost 25.409931
cur_epoch==== 4 cur_batch---- 105 g_step**** 770 cost 24.67048
cur_epoch==== 4 cur_batch---- 106 g_step**** 771 cost 25.776108
cur_epoch==== 4 cur_batch---- 107 g_step**** 772 cost 26.180683
cur_epoch==== 4 cur_batch---- 108 g_step**** 773 cost 25.728338
cur_epoch==== 4 cur_batch---- 109 g_step**** 774 cost 25.128185
cur_epoch==== 4 cur_batch---- 110 g_step**** 775 cost 26.461023
cur_epoch==== 4 cur_batch---- 111 g_step**** 776 cost 25.691229
cur_epoch==== 4 cur_batch---- 112 g_step**** 777 cost 25.78421
cur_epoch==== 4 cur_batch---- 113 g_step**** 778 cost 25.867842
cur_epoch==== 4 cur_batch---- 114 g_step**** 779 cost 25.790623
cur_epoch==== 4 cur_batch---- 115 g_step**** 780 cost 26.69951
cur_epoch==== 4 cur_batch---- 116 g_step**** 781 cost 25.62157
cur_epoch==== 4 cur_batch---- 117 g_step**** 782 cost 24.119091
cur_epoch==== 4 cur_batch---- 118 g_step**** 783 cost 25.130077
cur_epoch==== 4 cur_batch---- 119 g_step**** 784 cost 24.951548
cur_epoch==== 4 cur_batch---- 120 g_step**** 785 cost 26.58616
cur_epoch==== 4 cur_batch---- 121 g_step**** 786 cost 25.748419
cur_epoch==== 4 cur_batch---- 122 g_step**** 787 cost 25.04029
cur_epoch==== 4 cur_batch---- 123 g_step**** 788 cost 24.898243
cur_epoch==== 4 cur_batch---- 124 g_step**** 789 cost 25.653654
cur_epoch==== 4 cur_batch---- 125 g_step**** 790 cost 24.710325
cur_epoch==== 4 cur_batch---- 126 g_step**** 791 cost 25.86791
cur_epoch==== 4 cur_batch---- 127 g_step**** 792 cost 26.071331
cur_epoch==== 4 cur_batch---- 128 g_step**** 793 cost 25.40329
cur_epoch==== 4 cur_batch---- 129 g_step**** 794 cost 24.16946
cur_epoch==== 4 cur_batch---- 130 g_step**** 795 cost 25.350395
cur_epoch==== 4 cur_batch---- 131 g_step**** 796 cost 25.177057
cur_epoch==== 4 cur_batch---- 132 g_step**** 797 cost 24.752813
cur_epoch==== 4 cur_batch---- 133 g_step**** 798 cost 27.206837
cur_epoch==== 4 cur_batch---- 134 g_step**** 799 cost 25.958296
cur_epoch==== 4 cur_batch---- 135 g_step**** 800 cost 25.552916
save checkpoint 800
cur_epoch==== 4 cur_batch---- 136 g_step**** 801 cost 26.44785
cur_epoch==== 4 cur_batch---- 137 g_step**** 802 cost 25.606728
cur_epoch==== 4 cur_batch---- 138 g_step**** 803 cost 25.622387
cur_epoch==== 4 cur_batch---- 139 g_step**** 804 cost 25.8735
cur_epoch==== 4 cur_batch---- 140 g_step**** 805 cost 24.633656
cur_epoch==== 4 cur_batch---- 141 g_step**** 806 cost 27.24718
cur_epoch==== 4 cur_batch---- 142 g_step**** 807 cost 25.687002
cur_epoch==== 4 cur_batch---- 143 g_step**** 808 cost 25.583244
cur_epoch==== 4 cur_batch---- 144 g_step**** 809 cost 26.117195
cur_epoch==== 4 cur_batch---- 145 g_step**** 810 cost 25.991947
cur_epoch==== 4 cur_batch---- 146 g_step**** 811 cost 26.686586
cur_epoch==== 4 cur_batch---- 147 g_step**** 812 cost 24.401579
cur_epoch==== 4 cur_batch---- 148 g_step**** 813 cost 27.603767
cur_epoch==== 4 cur_batch---- 149 g_step**** 814 cost 26.35874
cur_epoch==== 4 cur_batch---- 150 g_step**** 815 cost 25.371408
cur_epoch==== 4 cur_batch---- 151 g_step**** 816 cost 24.733097
cur_epoch==== 4 cur_batch---- 152 g_step**** 817 cost 25.2985
cur_epoch==== 4 cur_batch---- 153 g_step**** 818 cost 25.808697
cur_epoch==== 4 cur_batch---- 154 g_step**** 819 cost 24.784153
cur_epoch==== 4 cur_batch---- 155 g_step**** 820 cost 24.979366
cur_epoch==== 4 cur_batch---- 156 g_step**** 821 cost 25.842123
cur_epoch==== 4 cur_batch---- 157 g_step**** 822 cost 25.078512
cur_epoch==== 4 cur_batch---- 158 g_step**** 823 cost 25.55977
cur_epoch==== 4 cur_batch---- 159 g_step**** 824 cost 25.595125
cur_epoch==== 4 cur_batch---- 160 g_step**** 825 cost 25.442022
cur_epoch==== 4 cur_batch---- 161 g_step**** 826 cost 25.178017
cur_epoch==== 4 cur_batch---- 162 g_step**** 827 cost 26.06089
cur_epoch==== 4 cur_batch---- 163 g_step**** 828 cost 26.49656
cur_epoch==== 4 cur_batch---- 164 g_step**** 829 cost 25.332638
cur_epoch==== 4 cur_batch---- 165 g_step**** 830 cost 25.496897
cur_epoch==== 5 cur_batch---- 0 g_step**** 831 cost 24.740314
cur_epoch==== 5 cur_batch---- 1 g_step**** 832 cost 25.585794
cur_epoch==== 5 cur_batch---- 2 g_step**** 833 cost 26.083397
cur_epoch==== 5 cur_batch---- 3 g_step**** 834 cost 24.60114
cur_epoch==== 5 cur_batch---- 4 g_step**** 835 cost 25.126125
cur_epoch==== 5 cur_batch---- 5 g_step**** 836 cost 25.915195
cur_epoch==== 5 cur_batch---- 6 g_step**** 837 cost 25.484608
cur_epoch==== 5 cur_batch---- 7 g_step**** 838 cost 25.108208
cur_epoch==== 5 cur_batch---- 8 g_step**** 839 cost 26.64216
cur_epoch==== 5 cur_batch---- 9 g_step**** 840 cost 25.477901
cur_epoch==== 5 cur_batch---- 10 g_step**** 841 cost 24.920902
cur_epoch==== 5 cur_batch---- 11 g_step**** 842 cost 25.039722
cur_epoch==== 5 cur_batch---- 12 g_step**** 843 cost 26.266527
cur_epoch==== 5 cur_batch---- 13 g_step**** 844 cost 25.174702
cur_epoch==== 5 cur_batch---- 14 g_step**** 845 cost 25.4664
cur_epoch==== 5 cur_batch---- 15 g_step**** 846 cost 25.762531
cur_epoch==== 5 cur_batch---- 16 g_step**** 847 cost 26.148214
cur_epoch==== 5 cur_batch---- 17 g_step**** 848 cost 25.410095
cur_epoch==== 5 cur_batch---- 18 g_step**** 849 cost 24.56842
cur_epoch==== 5 cur_batch---- 19 g_step**** 850 cost 25.916805
cur_epoch==== 5 cur_batch---- 20 g_step**** 851 cost 27.57669
cur_epoch==== 5 cur_batch---- 21 g_step**** 852 cost 25.350033
cur_epoch==== 5 cur_batch---- 22 g_step**** 853 cost 25.6533
cur_epoch==== 5 cur_batch---- 23 g_step**** 854 cost 26.818218
cur_epoch==== 5 cur_batch---- 24 g_step**** 855 cost 26.27248
cur_epoch==== 5 cur_batch---- 25 g_step**** 856 cost 26.512701
cur_epoch==== 5 cur_batch---- 26 g_step**** 857 cost 25.445341
cur_epoch==== 5 cur_batch---- 27 g_step**** 858 cost 26.185629
cur_epoch==== 5 cur_batch---- 28 g_step**** 859 cost 25.400845
cur_epoch==== 5 cur_batch---- 29 g_step**** 860 cost 26.213482
cur_epoch==== 5 cur_batch---- 30 g_step**** 861 cost 25.93927
cur_epoch==== 5 cur_batch---- 31 g_step**** 862 cost 27.012428
cur_epoch==== 5 cur_batch---- 32 g_step**** 863 cost 25.614273
cur_epoch==== 5 cur_batch---- 33 g_step**** 864 cost 24.824358
cur_epoch==== 5 cur_batch---- 34 g_step**** 865 cost 25.234043
cur_epoch==== 5 cur_batch---- 35 g_step**** 866 cost 25.99516
cur_epoch==== 5 cur_batch---- 36 g_step**** 867 cost 25.996584
cur_epoch==== 5 cur_batch---- 37 g_step**** 868 cost 24.84756
cur_epoch==== 5 cur_batch---- 38 g_step**** 869 cost 25.55981
cur_epoch==== 5 cur_batch---- 39 g_step**** 870 cost 25.081144
                                                                                                                            