nohup: ignoring input
/home/sjhbxs/anaconda3/lib/python3.6/site-packages/h5py/__init__.py:36: FutureWarning: Conversion of the second argument of issubdtype from `float` to `np.floating` is deprecated. In future, it will be treated as `np.float64 == np.dtype(float).type`.
  from ._conv import register_converters as _register_converters
###########################################################
SparseTensor(indices=Tensor("BLSTM/Placeholder_2:0", shape=(?, ?), dtype=int64), values=Tensor("BLSTM/Placeholder_1:0", shape=(?,), dtype=int32), dense_shape=Tensor("BLSTM/Placeholder:0", shape=(?,), dtype=int64))
Tensor("transpose:0", shape=(?, ?, 102), dtype=float32)
Tensor("BLSTM/Placeholder_3:0", shape=(?,), dtype=int32)
loading train data, please wait--------------------- end= 
get image:  544534
loading validation data, please wait--------------------- end= 
get image:  486
2018-04-27 05:42:54.350733: W tensorflow/core/platform/cpu_feature_guard.cc:45] The TensorFlow library wasn't compiled to use SSE4.1 instructions, but these are available on your machine and could speed up CPU computations.
2018-04-27 05:42:54.350782: W tensorflow/core/platform/cpu_feature_guard.cc:45] The TensorFlow library wasn't compiled to use SSE4.2 instructions, but these are available on your machine and could speed up CPU computations.
2018-04-27 05:42:54.350790: W tensorflow/core/platform/cpu_feature_guard.cc:45] The TensorFlow library wasn't compiled to use AVX instructions, but these are available on your machine and could speed up CPU computations.
2018-04-27 05:42:54.453659: I tensorflow/stream_executor/cuda/cuda_gpu_executor.cc:893] successful NUMA node read from SysFS had negative value (-1), but there must be at least one NUMA node, so returning NUMA node zero
2018-04-27 05:42:54.454019: I tensorflow/core/common_runtime/gpu/gpu_device.cc:940] Found device 0 with properties: 
name: Tesla K80
major: 3 minor: 7 memoryClockRate (GHz) 0.8235
pciBusID 0000:00:04.0
Total memory: 11.17GiB
Free memory: 11.09GiB
2018-04-27 05:42:54.454047: I tensorflow/core/common_runtime/gpu/gpu_device.cc:961] DMA: 0 
2018-04-27 05:42:54.454054: I tensorflow/core/common_runtime/gpu/gpu_device.cc:971] 0:   Y 
2018-04-27 05:42:54.454066: I tensorflow/core/common_runtime/gpu/gpu_device.cc:1030] Creating TensorFlow device (/gpu:0) -> (device: 0, name: Tesla K80, pci bus id: 0000:00:04.0)
restore is true
restore from the checkpoint../checkpoint/ocr-model-26500
=============================begin training=============================
2018-04-27 05:43:01.493691: I tensorflow/core/common_runtime/gpu/pool_allocator.cc:247] PoolAllocator: After 4561 get requests, put_count=3096 evicted_count=1000 eviction_rate=0.322997 and unsatisfied allocation rate=0.562377
2018-04-27 05:43:01.493782: I tensorflow/core/common_runtime/gpu/pool_allocator.cc:259] Raising pool_size_limit_ from 100 to 110
2018-04-27 05:43:11.913517: I tensorflow/core/common_runtime/gpu/pool_allocator.cc:247] PoolAllocator: After 643 get requests, put_count=1658 evicted_count=1000 eviction_rate=0.603136 and unsatisfied allocation rate=0.00155521
2018-04-27 05:43:17.616020: I tensorflow/core/common_runtime/gpu/pool_allocator.cc:247] PoolAllocator: After 650 get requests, put_count=1677 evicted_count=1000 eviction_rate=0.596303 and unsatisfied allocation rate=0.00153846
2018-04-27 05:43:24.617725: I tensorflow/core/common_runtime/gpu/pool_allocator.cc:247] PoolAllocator: After 5026 get requests, put_count=3986 evicted_count=1000 eviction_rate=0.250878 and unsatisfied allocation rate=0.414644
2018-04-27 05:43:24.617793: I tensorflow/core/common_runtime/gpu/pool_allocator.cc:259] Raising pool_size_limit_ from 493 to 542
2018-04-27 05:43:33.082189: I tensorflow/core/common_runtime/gpu/pool_allocator.cc:247] PoolAllocator: After 4804 get requests, put_count=4283 evicted_count=1000 eviction_rate=0.233481 and unsatisfied allocation rate=0.334721
2018-04-27 05:43:33.082271: I tensorflow/core/common_runtime/gpu/pool_allocator.cc:259] Raising pool_size_limit_ from 958 to 1053
2018-04-27 05:43:47.341112: I tensorflow/core/common_runtime/gpu/pool_allocator.cc:247] PoolAllocator: After 10652 get requests, put_count=10802 evicted_count=1000 eviction_rate=0.0925754 and unsatisfied allocation rate=0.0972587
2018-04-27 05:43:47.341235: I tensorflow/core/common_runtime/gpu/pool_allocator.cc:259] Raising pool_size_limit_ from 2049 to 2253
batch 99 : time 1.3991193771362305
save checkpoint 26600
batch 199 : time 1.412102460861206
save checkpoint 26700
batch 299 : time 1.398913860321045
save checkpoint 26800
batch 399 : time 1.4030404090881348
save checkpoint 26900
batch 499 : time 1.3990135192871094
save checkpoint 27000
seq   0: origin: [78, 85, 67, 76, 69, 73, 90, 69] decoded:[69]
seq   1: origin: [35, 79, 77, 75, 69] decoded:[83]
seq   2: origin: [44, 69, 76, 67, 89] decoded:[83]
seq   3: origin: [39, 34, 47, 39, 34, 47, 42] decoded:[65]
seq   4: origin: [85, 78, 69, 88, 84, 69, 82, 82, 73, 84, 79, 82, 73, 65, 76, 73, 84, 89] decoded:[83]
seq   5: origin: [57, 58, 45, 48, 53, 51, 58, 34] decoded:[83]
seq   6: origin: [52, 45, 34, 54, 47, 36, 41, 56, 34, 58, 52] decoded:[83]
seq   7: origin: [54, 47, 36, 34, 45, 45, 48, 56] decoded:[83]
seq   8: origin: [67, 79, 78, 86, 69, 78, 69, 68] decoded:[83]
seq   9: origin: [52, 49, 45, 34, 47, 36, 41, 47, 48, 45, 48, 40, 42, 52, 53] decoded:[83]
seq  10: origin: [68, 73, 83, 67, 73, 80, 76, 69, 83] decoded:[83]
seq  11: origin: [56, 65, 76, 76, 66, 65, 67, 75] decoded:[83]
seq  12: origin: [20, 22, 24, 22, 18, 18, 18, 20, 20] decoded:[83]
seq  13: origin: [72, 69, 77, 80, 72, 69, 82, 68, 83] decoded:[83]
seq  14: origin: [79, 82, 84, 72, 79, 80, 84, 73, 67, 83] decoded:[83]
seq  15: origin: [80, 69, 78, 84, 65, 80, 76, 79, 73, 68, 89] decoded:[83]
seq  16: origin: [78, 79, 78, 70, 79, 82, 69, 73, 71, 78] decoded:[69]
seq  17: origin: [65, 77, 69, 84, 82, 79, 77, 69, 84, 69, 82] decoded:[83]
4/27 5:55:6  step===27000, Epoch 1/1000, accuracy = 0.000,avg_train_cost = 30.713, lastbatch_err = 0.965, time = 729.700,lr=0.00762343

