nohup: ignoring input
/home/sjhbxs/anaconda3/lib/python3.6/site-packages/h5py/__init__.py:36: FutureWarning: Conversion of the second argument of issubdtype from `float` to `np.floating` is deprecated. In future, it will be treated as `np.float64 == np.dtype(float).type`.
  from ._conv import register_converters as _register_converters
###########################################################
SparseTensor(indices=Tensor("BLSTM/Placeholder_2:0", shape=(?, ?), dtype=int64), values=Tensor("BLSTM/Placeholder_1:0", shape=(?,), dtype=int32), dense_shape=Tensor("BLSTM/Placeholder:0", shape=(?,), dtype=int64))
Tensor("transpose:0", shape=(?, ?, 102), dtype=float32)
Tensor("BLSTM/Placeholder_3:0", shape=(?,), dtype=int32)
loading train data, please wait--------------------- end= 
len is 0 or too long 1101121
len is 0 or too long 1067138
len is 0 or too long 1085492
len is 0 or too long 1080026
len is 0 or too long 1148610
len is 0 or too long 1161134
len is 0 or too long 1091637
len is 0 or too long 1234345
len is 0 or too long 1157057
len is 0 or too long 1078701
len is 0 or too long 1199831
len is 0 or too long 1124130
***************get image:  42606
loading validation data, please wait--------------------- end= 
len is 0 or too long 1091637
***************get image:  301
2018-05-16 09:05:31.681732: W tensorflow/core/platform/cpu_feature_guard.cc:45] The TensorFlow library wasn't compiled to use SSE4.1 instructions, but these are available on your machine and could speed up CPU computations.
2018-05-16 09:05:31.681762: W tensorflow/core/platform/cpu_feature_guard.cc:45] The TensorFlow library wasn't compiled to use SSE4.2 instructions, but these are available on your machine and could speed up CPU computations.
2018-05-16 09:05:31.681770: W tensorflow/core/platform/cpu_feature_guard.cc:45] The TensorFlow library wasn't compiled to use AVX instructions, but these are available on your machine and could speed up CPU computations.
2018-05-16 09:05:31.681776: W tensorflow/core/platform/cpu_feature_guard.cc:45] The TensorFlow library wasn't compiled to use AVX2 instructions, but these are available on your machine and could speed up CPU computations.
2018-05-16 09:05:31.681782: W tensorflow/core/platform/cpu_feature_guard.cc:45] The TensorFlow library wasn't compiled to use FMA instructions, but these are available on your machine and could speed up CPU computations.
2018-05-16 09:05:32.226410: I tensorflow/stream_executor/cuda/cuda_gpu_executor.cc:893] successful NUMA node read from SysFS had negative value (-1), but there must be at least one NUMA node, so returning NUMA node zero
2018-05-16 09:05:32.226881: I tensorflow/core/common_runtime/gpu/gpu_device.cc:940] Found device 0 with properties: 
name: Tesla K80
major: 3 minor: 7 memoryClockRate (GHz) 0.8235
pciBusID 0000:00:04.0
Total memory: 11.17GiB
Free memory: 11.08GiB
2018-05-16 09:05:32.226902: I tensorflow/core/common_runtime/gpu/gpu_device.cc:961] DMA: 0 
2018-05-16 09:05:32.226910: I tensorflow/core/common_runtime/gpu/gpu_device.cc:971] 0:   Y 
2018-05-16 09:05:32.226923: I tensorflow/core/common_runtime/gpu/gpu_device.cc:1030] Creating TensorFlow device (/gpu:0) -> (device: 0, name: Tesla K80, pci bus id: 0000:00:04.0)
restore is true
restore from the checkpoint/home/sjhbxs/checkout/ICDAR_task2/ICDAR_TASK2_new6/checkpoint/ocr-model-70800
=============================begin training=============================
2018-05-16 09:05:49.079252: I tensorflow/core/common_runtime/gpu/pool_allocator.cc:247] PoolAllocator: After 4573 get requests, put_count=3082 evicted_count=1000 eviction_rate=0.324465 and unsatisfied allocation rate=0.566586
2018-05-16 09:05:49.079309: I tensorflow/core/common_runtime/gpu/pool_allocator.cc:259] Raising pool_size_limit_ from 100 to 110
2018-05-16 09:05:59.495015: I tensorflow/core/common_runtime/gpu/pool_allocator.cc:247] PoolAllocator: After 421 get requests, put_count=1434 evicted_count=1000 eviction_rate=0.69735 and unsatisfied allocation rate=0.0023753
2018-05-16 09:05:59.495072: I tensorflow/core/common_runtime/gpu/pool_allocator.cc:259] Raising pool_size_limit_ from 160 to 176
2018-05-16 09:06:05.388425: I tensorflow/core/common_runtime/gpu/pool_allocator.cc:247] PoolAllocator: After 649 get requests, put_count=1673 evicted_count=1000 eviction_rate=0.597729 and unsatisfied allocation rate=0.00154083
2018-05-16 09:06:12.633743: I tensorflow/core/common_runtime/gpu/pool_allocator.cc:247] PoolAllocator: After 5277 get requests, put_count=5133 evicted_count=2000 eviction_rate=0.389636 and unsatisfied allocation rate=0.413303
2018-05-16 09:06:12.633797: I tensorflow/core/common_runtime/gpu/pool_allocator.cc:259] Raising pool_size_limit_ from 409 to 449
2018-05-16 09:06:19.966574: I tensorflow/core/common_runtime/gpu/pool_allocator.cc:247] PoolAllocator: After 5356 get requests, put_count=5477 evicted_count=2000 eviction_rate=0.365163 and unsatisfied allocation rate=0.361837
2018-05-16 09:06:19.966634: I tensorflow/core/common_runtime/gpu/pool_allocator.cc:259] Raising pool_size_limit_ from 655 to 720
2018-05-16 09:06:28.816325: I tensorflow/core/common_runtime/gpu/pool_allocator.cc:247] PoolAllocator: After 4890 get requests, put_count=4555 evicted_count=1000 eviction_rate=0.219539 and unsatisfied allocation rate=0.294479
2018-05-16 09:06:28.816398: I tensorflow/core/common_runtime/gpu/pool_allocator.cc:259] Raising pool_size_limit_ from 1158 to 1273
cur_epoch==== 0 cur_batch---- 99 g_step**** 70899 cost 3.8714192
seq   0: origin: [21, 18, 25, 18] decoded:[21, 18, 25, 18]
seq   1: origin: [38, 45, 38, 36, 53, 51, 42, 36] decoded:[38, 45, 38, 36, 53, 51, 42, 36]
seq   2: origin: [38, 34, 40, 45, 38] decoded:[38, 34, 40, 45, 38]
seq   3: origin: [56, 34, 52, 41, 42, 47, 40, 53, 48, 47] decoded:[34, 41, 42, 47, 37, 47, 42, 48, 47]
seq   4: origin: [49, 82, 79, 74, 69, 67, 84] decoded:[49, 82, 82, 82, 79, 67, 67, 84]
seq   5: origin: [36, 48, 48, 44, 42, 38, 52] decoded:[36, 48, 48, 44, 53, 38, 52]
seq   6: origin: [37, 69, 82, 80, 69, 82] decoded:[37, 79, 82, 80, 69, 82]
seq   7: origin: [83, 87, 73, 78, 76, 76, 69] decoded:[83, 85, 73, 78, 76, 76, 69]
seq   8: origin: [56, 42, 45, 45] decoded:[56, 42, 45, 45]
seq   9: origin: [73, 78, 84, 69, 82, 70, 65, 67, 69, 83] decoded:[73, 78, 84, 69, 82, 70, 65, 67, 69, 83]
seq  10: origin: [48, 47, 38, 34, 45] decoded:[51, 51, 48, 55, 42, 36, 37]
seq  11: origin: [67, 79, 77, 80, 65, 78, 89] decoded:[67, 79, 77, 80, 65, 78, 89]
seq  12: origin: [37, 51, 42, 47, 44] decoded:[37, 51, 42, 47, 44]
seq  13: origin: [51, 38, 52, 53, 34, 54, 51, 34, 47, 53] decoded:[51, 38, 53, 34, 54, 51, 34, 47, 53]
seq  14: origin: [36, 48, 52, 36, 48] decoded:[36, 48, 52, 36, 48]
seq  15: origin: [43, 48, 51, 53, 48, 55, 48, 57] decoded:[46, 48, 51, 48, 55, 38, 57]
seq  16: origin: [39, 48, 42, 45] decoded:[39, 48, 42, 45]
seq  17: origin: [46, 69, 88, 73, 67, 79] decoded:[46, 69, 88, 73, 78, 79]
5/16 9:10:54  step===71000, Epoch 2/1000, accuracy = 0.458,avg_train_cost = 3.526, lastbatch_err = 0.217, time = 56.652,lr=0.00195956

cur_epoch==== 1 cur_batch---- 99 g_step**** 71065 cost 3.845613
